d:\fangai\fangai_v2\bwapi\snp_directip\release\udpsocket.obj
d:\fangai\fangai_v2\bwapi\snp_directip\release\criticalsection.obj
d:\fangai\fangai_v2\bwapi\snp_directip\release\localpc.obj
d:\fangai\fangai_v2\bwapi\snp_directip\release\directip.obj
d:\fangai\fangai_v2\bwapi\snp_directip\release\settingsdialog.obj
d:\fangai\fangai_v2\bwapi\snp_directip\release\snpmodule.obj
d:\fangai\fangai_v2\bwapi\snp_directip\release\output.obj
d:\fangai\fangai_v2\bwapi\snp_directip\release\dllmain.obj
d:\fangai\fangai_v2\bwapi\snp_directip\release\vc120.pdb
c:\users\dkfan\desktop\bwapi-4.1.2\bwapi\release\snp_directip.dll
c:\users\dkfan\desktop\bwapi-4.1.2\bwapi\release\snp_directip.pdb
d:\fangai\fangai_v2\bwapi\release\snp_directip.dll
d:\fangai\fangai_v2\bwapi\release\snp_directip.pdb
d:\fangai\fangai_v2\bwapi\snp_directip\release\ui.res
c:\users\dkfan\desktop\bwapi-4.1.2\bwapi\release\snp_directip.lib
c:\users\dkfan\desktop\bwapi-4.1.2\bwapi\release\snp_directip.exp
d:\fangai\fangai_v2\bwapi\release\snp_directip.lib
d:\fangai\fangai_v2\bwapi\release\snp_directip.exp
d:\fangai\fangai_v2\bwapi\snp_directip\release\snp_directip.tlog\cl.command.1.tlog
d:\fangai\fangai_v2\bwapi\snp_directip\release\snp_directip.tlog\cl.read.1.tlog
d:\fangai\fangai_v2\bwapi\snp_directip\release\snp_directip.tlog\cl.write.1.tlog
d:\fangai\fangai_v2\bwapi\snp_directip\release\snp_directip.tlog\link.command.1.tlog
d:\fangai\fangai_v2\bwapi\snp_directip\release\snp_directip.tlog\link.read.1.tlog
d:\fangai\fangai_v2\bwapi\snp_directip\release\snp_directip.tlog\link.write.1.tlog
d:\fangai\fangai_v2\bwapi\snp_directip\release\snp_directip.tlog\rc.command.1.tlog
d:\fangai\fangai_v2\bwapi\snp_directip\release\snp_directip.tlog\rc.read.1.tlog
d:\fangai\fangai_v2\bwapi\snp_directip\release\snp_directip.tlog\rc.write.1.tlog
d:\fangai\fangai_v2\bwapi\snp_directip\release\snp_directip.tlog\snp_directip.write.1u.tlog
