c:\users\dkfan\desktop\bwapi-4.1.2\bwapi\bwscriptemulator\release\bwscriptemulator.lib
c:\users\dkfan\desktop\bwapi-4.1.2\bwapi\bwscriptemulator\release\bwscriptemulator.exp
d:\fangai\fangai_v2\bwapi\bwscriptemulator\release\bwscriptemulator.lib
d:\fangai\fangai_v2\bwapi\bwscriptemulator\release\bwscriptemulator.exp
c:\users\dkfan\desktop\bwapi-4.1.2\bwapi\bwscriptemulator\release\allies_watch.obj
c:\users\dkfan\desktop\bwapi-4.1.2\bwapi\bwscriptemulator\release\check_transports.obj
c:\users\dkfan\desktop\bwapi-4.1.2\bwapi\bwscriptemulator\release\default_min.obj
c:\users\dkfan\desktop\bwapi-4.1.2\bwapi\bwscriptemulator\release\expand.obj
c:\users\dkfan\desktop\bwapi-4.1.2\bwapi\bwscriptemulator\release\guard.obj
c:\users\dkfan\desktop\bwapi-4.1.2\bwapi\bwscriptemulator\release\help_iftrouble.obj
c:\users\dkfan\desktop\bwapi-4.1.2\bwapi\bwscriptemulator\release\max_force.obj
c:\users\dkfan\desktop\bwapi-4.1.2\bwapi\bwscriptemulator\release\orderemulate.obj
c:\users\dkfan\desktop\bwapi-4.1.2\bwapi\bwscriptemulator\release\random_jump.obj
c:\users\dkfan\desktop\bwapi-4.1.2\bwapi\bwscriptemulator\release\scriptthread.obj
c:\users\dkfan\desktop\bwapi-4.1.2\bwapi\bwscriptemulator\release\stop.obj
c:\users\dkfan\desktop\bwapi-4.1.2\bwapi\bwscriptemulator\release\utype.obj
c:\users\dkfan\desktop\bwapi-4.1.2\bwapi\bwscriptemulator\release\wait_bunkers.obj
c:\users\dkfan\desktop\bwapi-4.1.2\bwapi\bwscriptemulator\release\attack_prepare.obj
c:\users\dkfan\desktop\bwapi-4.1.2\bwapi\bwscriptemulator\release\call.obj
c:\users\dkfan\desktop\bwapi-4.1.2\bwapi\bwscriptemulator\release\defensebuild.obj
c:\users\dkfan\desktop\bwapi-4.1.2\bwapi\bwscriptemulator\release\fake_nuke.obj
c:\users\dkfan\desktop\bwapi-4.1.2\bwapi\bwscriptemulator\release\guard_all.obj
c:\users\dkfan\desktop\bwapi-4.1.2\bwapi\bwscriptemulator\release\implode.obj
c:\users\dkfan\desktop\bwapi-4.1.2\bwapi\bwscriptemulator\release\notowns_jump.obj
c:\users\dkfan\desktop\bwapi-4.1.2\bwapi\bwscriptemulator\release\place_guard.obj
c:\users\dkfan\desktop\bwapi-4.1.2\bwapi\bwscriptemulator\release\return.obj
c:\users\dkfan\desktop\bwapi-4.1.2\bwapi\bwscriptemulator\release\set_gencmd.obj
c:\users\dkfan\desktop\bwapi-4.1.2\bwapi\bwscriptemulator\release\task.obj
c:\users\dkfan\desktop\bwapi-4.1.2\bwapi\bwscriptemulator\release\try_townpoint.obj
c:\users\dkfan\desktop\bwapi-4.1.2\bwapi\bwscriptemulator\release\wait_train.obj
c:\users\dkfan\desktop\bwapi-4.1.2\bwapi\bwscriptemulator\release\attack_add.obj
c:\users\dkfan\desktop\bwapi-4.1.2\bwapi\bwscriptemulator\release\computerreturn.obj
c:\users\dkfan\desktop\bwapi-4.1.2\bwapi\bwscriptemulator\release\create_unit.obj
c:\users\dkfan\desktop\bwapi-4.1.2\bwapi\bwscriptemulator\release\enter_transport.obj
c:\users\dkfan\desktop\bwapi-4.1.2\bwapi\bwscriptemulator\release\guard_resources.obj
c:\users\dkfan\desktop\bwapi-4.1.2\bwapi\bwscriptemulator\release\kill_thread.obj
c:\users\dkfan\desktop\bwapi-4.1.2\bwapi\bwscriptemulator\release\nuke_pos.obj
c:\users\dkfan\desktop\bwapi-4.1.2\bwapi\bwscriptemulator\release\player_need.obj
c:\users\dkfan\desktop\bwapi-4.1.2\bwapi\bwscriptemulator\release\scout_with.obj
c:\users\dkfan\desktop\bwapi-4.1.2\bwapi\bwscriptemulator\release\start_campaign.obj
c:\users\dkfan\desktop\bwapi-4.1.2\bwapi\bwscriptemulator\release\town.obj
c:\users\dkfan\desktop\bwapi-4.1.2\bwapi\bwscriptemulator\release\use_ability.obj
c:\users\dkfan\desktop\bwapi-4.1.2\bwapi\bwscriptemulator\release\worker.obj
c:\users\dkfan\desktop\bwapi-4.1.2\bwapi\bwscriptemulator\release\bwscriptemulator.obj
c:\users\dkfan\desktop\bwapi-4.1.2\bwapi\bwscriptemulator\release\controller.obj
c:\users\dkfan\desktop\bwapi-4.1.2\bwapi\bwscriptemulator\release\defenseclear.obj
c:\users\dkfan\desktop\bwapi-4.1.2\bwapi\bwscriptemulator\release\farms_timing.obj
c:\users\dkfan\desktop\bwapi-4.1.2\bwapi\bwscriptemulator\release\harass_factor.obj
c:\users\dkfan\desktop\bwapi-4.1.2\bwapi\bwscriptemulator\release\killable.obj
c:\users\dkfan\desktop\bwapi-4.1.2\bwapi\bwscriptemulator\release\nuke_rate.obj
c:\users\dkfan\desktop\bwapi-4.1.2\bwapi\bwscriptemulator\release\prep_down.obj
c:\users\dkfan\desktop\bwapi-4.1.2\bwapi\bwscriptemulator\release\scriptenum.obj
c:\users\dkfan\desktop\bwapi-4.1.2\bwapi\bwscriptemulator\release\set_randomseed.obj
c:\users\dkfan\desktop\bwapi-4.1.2\bwapi\bwscriptemulator\release\tech.obj
c:\users\dkfan\desktop\bwapi-4.1.2\bwapi\bwscriptemulator\release\value_area.obj
c:\users\dkfan\desktop\bwapi-4.1.2\bwapi\bwscriptemulator\release\build.obj
c:\users\dkfan\desktop\bwapi-4.1.2\bwapi\bwscriptemulator\release\computerai.obj
c:\users\dkfan\desktop\bwapi-4.1.2\bwapi\bwscriptemulator\release\defenseuse.obj
c:\users\dkfan\desktop\bwapi-4.1.2\bwapi\bwscriptemulator\release\get_oldpeons.obj
c:\users\dkfan\desktop\bwapi-4.1.2\bwapi\bwscriptemulator\release\harass_location.obj
c:\users\dkfan\desktop\bwapi-4.1.2\bwapi\bwscriptemulator\release\location.obj
c:\users\dkfan\desktop\bwapi-4.1.2\bwapi\bwscriptemulator\release\opcode.obj
c:\users\dkfan\desktop\bwapi-4.1.2\bwapi\bwscriptemulator\release\race_jump.obj
c:\users\dkfan\desktop\bwapi-4.1.2\bwapi\bwscriptemulator\release\scriptopcodes.obj
c:\users\dkfan\desktop\bwapi-4.1.2\bwapi\bwscriptemulator\release\start_town.obj
c:\users\dkfan\desktop\bwapi-4.1.2\bwapi\bwscriptemulator\release\train.obj
c:\users\dkfan\desktop\bwapi-4.1.2\bwapi\bwscriptemulator\release\wait_build.obj
c:\users\dkfan\desktop\bwapi-4.1.2\bwapi\bwscriptemulator\release\attack_do.obj
c:\users\dkfan\desktop\bwapi-4.1.2\bwapi\bwscriptemulator\release\capt_expand.obj
c:\users\dkfan\desktop\bwapi-4.1.2\bwapi\bwscriptemulator\release\debug.obj
c:\users\dkfan\desktop\bwapi-4.1.2\bwapi\bwscriptemulator\release\eval_harass.obj
c:\users\dkfan\desktop\bwapi-4.1.2\bwapi\bwscriptemulator\release\groundmap_jump.obj
c:\users\dkfan\desktop\bwapi-4.1.2\bwapi\bwscriptemulator\release\junkyarddog.obj
c:\users\dkfan\desktop\bwapi-4.1.2\bwapi\bwscriptemulator\release\military.obj
c:\users\dkfan\desktop\bwapi-4.1.2\bwapi\bwscriptemulator\release\player_ally.obj
c:\users\dkfan\desktop\bwapi-4.1.2\bwapi\bwscriptemulator\release\rush.obj
c:\users\dkfan\desktop\bwapi-4.1.2\bwapi\bwscriptemulator\release\sharedvision.obj
c:\users\dkfan\desktop\bwapi-4.1.2\bwapi\bwscriptemulator\release\time_jump.obj
c:\users\dkfan\desktop\bwapi-4.1.2\bwapi\bwscriptemulator\release\wait.obj
c:\users\dkfan\desktop\bwapi-4.1.2\bwapi\bwscriptemulator\release\attack_clear.obj
c:\users\dkfan\desktop\bwapi-4.1.2\bwapi\bwscriptemulator\release\clear_combatdata.obj
c:\users\dkfan\desktop\bwapi-4.1.2\bwapi\bwscriptemulator\release\default_build.obj
c:\users\dkfan\desktop\bwapi-4.1.2\bwapi\bwscriptemulator\release\define_max.obj
c:\users\dkfan\desktop\bwapi-4.1.2\bwapi\bwscriptemulator\release\goto.obj
c:\users\dkfan\desktop\bwapi-4.1.2\bwapi\bwscriptemulator\release\if_owned.obj
c:\users\dkfan\desktop\bwapi-4.1.2\bwapi\bwscriptemulator\release\multirun.obj
c:\users\dkfan\desktop\bwapi-4.1.2\bwapi\bwscriptemulator\release\order_region.obj
c:\users\dkfan\desktop\bwapi-4.1.2\bwapi\bwscriptemulator\release\resources_jump.obj
c:\users\dkfan\desktop\bwapi-4.1.2\bwapi\bwscriptemulator\release\set_attacks.obj
c:\users\dkfan\desktop\bwapi-4.1.2\bwapi\bwscriptemulator\release\target_expansion.obj
c:\users\dkfan\desktop\bwapi-4.1.2\bwapi\bwscriptemulator\release\unitinfo.obj
c:\users\dkfan\desktop\bwapi-4.1.2\bwapi\bwscriptemulator\release\wait_finishattack.obj
c:\users\dkfan\desktop\bwapi-4.1.2\bwapi\bwscriptemulator\release\aicontrol.obj
c:\users\dkfan\desktop\bwapi-4.1.2\bwapi\bwscriptemulator\release\build_bunkers.obj
c:\users\dkfan\desktop\bwapi-4.1.2\bwapi\bwscriptemulator\release\creep.obj
c:\users\dkfan\desktop\bwapi-4.1.2\bwapi\bwscriptemulator\release\dll.obj
c:\users\dkfan\desktop\bwapi-4.1.2\bwapi\bwscriptemulator\release\give_money.obj
c:\users\dkfan\desktop\bwapi-4.1.2\bwapi\bwscriptemulator\release\if_dif.obj
c:\users\dkfan\desktop\bwapi-4.1.2\bwapi\bwscriptemulator\release\move_dt.obj
c:\users\dkfan\desktop\bwapi-4.1.2\bwapi\bwscriptemulator\release\panic.obj
c:\users\dkfan\desktop\bwapi-4.1.2\bwapi\bwscriptemulator\release\region_size.obj
c:\users\dkfan\desktop\bwapi-4.1.2\bwapi\bwscriptemulator\release\send_suicide.obj
c:\users\dkfan\desktop\bwapi-4.1.2\bwapi\bwscriptemulator\release\switch_rescue.obj
c:\users\dkfan\desktop\bwapi-4.1.2\bwapi\bwscriptemulator\release\upgrade.obj
c:\users\dkfan\desktop\bwapi-4.1.2\bwapi\bwscriptemulator\release\wait_upgrades.obj
c:\users\dkfan\desktop\bwapi-4.1.2\bwapi\bwscriptemulator\release\vc120.pdb
d:\fangai\fangai_v2\bwapi\bwscriptemulator\release\attack_do.obj
d:\fangai\fangai_v2\bwapi\bwscriptemulator\release\call.obj
d:\fangai\fangai_v2\bwapi\bwscriptemulator\release\default_build.obj
d:\fangai\fangai_v2\bwapi\bwscriptemulator\release\dll.obj
d:\fangai\fangai_v2\bwapi\bwscriptemulator\release\goto.obj
d:\fangai\fangai_v2\bwapi\bwscriptemulator\release\if_owned.obj
d:\fangai\fangai_v2\bwapi\bwscriptemulator\release\military.obj
d:\fangai\fangai_v2\bwapi\bwscriptemulator\release\prep_down.obj
d:\fangai\fangai_v2\bwapi\bwscriptemulator\release\scout_with.obj
d:\fangai\fangai_v2\bwapi\bwscriptemulator\release\stop.obj
d:\fangai\fangai_v2\bwapi\bwscriptemulator\release\unitinfo.obj
d:\fangai\fangai_v2\bwapi\bwscriptemulator\release\wait_build.obj
d:\fangai\fangai_v2\bwapi\bwscriptemulator\release\scriptthread.obj
d:\fangai\fangai_v2\bwapi\bwscriptemulator\release\build_bunkers.obj
d:\fangai\fangai_v2\bwapi\bwscriptemulator\release\create_unit.obj
d:\fangai\fangai_v2\bwapi\bwscriptemulator\release\defenseuse.obj
d:\fangai\fangai_v2\bwapi\bwscriptemulator\release\get_oldpeons.obj
d:\fangai\fangai_v2\bwapi\bwscriptemulator\release\harass_location.obj
d:\fangai\fangai_v2\bwapi\bwscriptemulator\release\location.obj
d:\fangai\fangai_v2\bwapi\bwscriptemulator\release\multirun.obj
d:\fangai\fangai_v2\bwapi\bwscriptemulator\release\place_guard.obj
d:\fangai\fangai_v2\bwapi\bwscriptemulator\release\resources_jump.obj
d:\fangai\fangai_v2\bwapi\bwscriptemulator\release\sharedvision.obj
d:\fangai\fangai_v2\bwapi\bwscriptemulator\release\time_jump.obj
d:\fangai\fangai_v2\bwapi\bwscriptemulator\release\wait_bunkers.obj
d:\fangai\fangai_v2\bwapi\bwscriptemulator\release\utype.obj
d:\fangai\fangai_v2\bwapi\bwscriptemulator\release\attack_prepare.obj
d:\fangai\fangai_v2\bwapi\bwscriptemulator\release\computerai.obj
d:\fangai\fangai_v2\bwapi\bwscriptemulator\release\define_max.obj
d:\fangai\fangai_v2\bwapi\bwscriptemulator\release\give_money.obj
d:\fangai\fangai_v2\bwapi\bwscriptemulator\release\help_iftrouble.obj
d:\fangai\fangai_v2\bwapi\bwscriptemulator\release\nuke_pos.obj
d:\fangai\fangai_v2\bwapi\bwscriptemulator\release\opcode.obj
d:\fangai\fangai_v2\bwapi\bwscriptemulator\release\random_jump.obj
d:\fangai\fangai_v2\bwapi\bwscriptemulator\release\set_attacks.obj
d:\fangai\fangai_v2\bwapi\bwscriptemulator\release\target_expansion.obj
d:\fangai\fangai_v2\bwapi\bwscriptemulator\release\use_ability.obj
d:\fangai\fangai_v2\bwapi\bwscriptemulator\release\worker.obj
d:\fangai\fangai_v2\bwapi\bwscriptemulator\release\build.obj
d:\fangai\fangai_v2\bwapi\bwscriptemulator\release\controller.obj
d:\fangai\fangai_v2\bwapi\bwscriptemulator\release\defenseclear.obj
d:\fangai\fangai_v2\bwapi\bwscriptemulator\release\farms_timing.obj
d:\fangai\fangai_v2\bwapi\bwscriptemulator\release\guard_resources.obj
d:\fangai\fangai_v2\bwapi\bwscriptemulator\release\junkyarddog.obj
d:\fangai\fangai_v2\bwapi\bwscriptemulator\release\max_force.obj
d:\fangai\fangai_v2\bwapi\bwscriptemulator\release\orderemulate.obj
d:\fangai\fangai_v2\bwapi\bwscriptemulator\release\region_size.obj
d:\fangai\fangai_v2\bwapi\bwscriptemulator\release\set_randomseed.obj
d:\fangai\fangai_v2\bwapi\bwscriptemulator\release\tech.obj
d:\fangai\fangai_v2\bwapi\bwscriptemulator\release\value_area.obj
d:\fangai\fangai_v2\bwapi\bwscriptemulator\release\scriptenum.obj
d:\fangai\fangai_v2\bwapi\bwscriptemulator\release\attack_clear.obj
d:\fangai\fangai_v2\bwapi\bwscriptemulator\release\capt_expand.obj
d:\fangai\fangai_v2\bwapi\bwscriptemulator\release\creep.obj
d:\fangai\fangai_v2\bwapi\bwscriptemulator\release\eval_harass.obj
d:\fangai\fangai_v2\bwapi\bwscriptemulator\release\groundmap_jump.obj
d:\fangai\fangai_v2\bwapi\bwscriptemulator\release\killable.obj
d:\fangai\fangai_v2\bwapi\bwscriptemulator\release\notowns_jump.obj
d:\fangai\fangai_v2\bwapi\bwscriptemulator\release\player_ally.obj
d:\fangai\fangai_v2\bwapi\bwscriptemulator\release\rush.obj
d:\fangai\fangai_v2\bwapi\bwscriptemulator\release\start_town.obj
d:\fangai\fangai_v2\bwapi\bwscriptemulator\release\train.obj
d:\fangai\fangai_v2\bwapi\bwscriptemulator\release\wait_finishattack.obj
d:\fangai\fangai_v2\bwapi\bwscriptemulator\release\aicontrol.obj
d:\fangai\fangai_v2\bwapi\bwscriptemulator\release\bwscriptemulator.obj
d:\fangai\fangai_v2\bwapi\bwscriptemulator\release\default_min.obj
d:\fangai\fangai_v2\bwapi\bwscriptemulator\release\expand.obj
d:\fangai\fangai_v2\bwapi\bwscriptemulator\release\guard.obj
d:\fangai\fangai_v2\bwapi\bwscriptemulator\release\if_dif.obj
d:\fangai\fangai_v2\bwapi\bwscriptemulator\release\order_region.obj
d:\fangai\fangai_v2\bwapi\bwscriptemulator\release\panic.obj
d:\fangai\fangai_v2\bwapi\bwscriptemulator\release\computerreturn.obj
d:\fangai\fangai_v2\bwapi\bwscriptemulator\release\set_gencmd.obj
d:\fangai\fangai_v2\bwapi\bwscriptemulator\release\task.obj
d:\fangai\fangai_v2\bwapi\bwscriptemulator\release\upgrade.obj
d:\fangai\fangai_v2\bwapi\bwscriptemulator\release\wait_upgrades.obj
d:\fangai\fangai_v2\bwapi\bwscriptemulator\release\allies_watch.obj
d:\fangai\fangai_v2\bwapi\bwscriptemulator\release\check_transports.obj
d:\fangai\fangai_v2\bwapi\bwscriptemulator\release\debug.obj
d:\fangai\fangai_v2\bwapi\bwscriptemulator\release\enter_transport.obj
d:\fangai\fangai_v2\bwapi\bwscriptemulator\release\harass_factor.obj
d:\fangai\fangai_v2\bwapi\bwscriptemulator\release\kill_thread.obj
d:\fangai\fangai_v2\bwapi\bwscriptemulator\release\nuke_rate.obj
d:\fangai\fangai_v2\bwapi\bwscriptemulator\release\race_jump.obj
d:\fangai\fangai_v2\bwapi\bwscriptemulator\release\send_suicide.obj
d:\fangai\fangai_v2\bwapi\bwscriptemulator\release\switch_rescue.obj
d:\fangai\fangai_v2\bwapi\bwscriptemulator\release\try_townpoint.obj
d:\fangai\fangai_v2\bwapi\bwscriptemulator\release\wait_train.obj
d:\fangai\fangai_v2\bwapi\bwscriptemulator\release\attack_add.obj
d:\fangai\fangai_v2\bwapi\bwscriptemulator\release\clear_combatdata.obj
d:\fangai\fangai_v2\bwapi\bwscriptemulator\release\defensebuild.obj
d:\fangai\fangai_v2\bwapi\bwscriptemulator\release\fake_nuke.obj
d:\fangai\fangai_v2\bwapi\bwscriptemulator\release\guard_all.obj
d:\fangai\fangai_v2\bwapi\bwscriptemulator\release\implode.obj
d:\fangai\fangai_v2\bwapi\bwscriptemulator\release\move_dt.obj
d:\fangai\fangai_v2\bwapi\bwscriptemulator\release\player_need.obj
d:\fangai\fangai_v2\bwapi\bwscriptemulator\release\return.obj
d:\fangai\fangai_v2\bwapi\bwscriptemulator\release\start_campaign.obj
d:\fangai\fangai_v2\bwapi\bwscriptemulator\release\town.obj
d:\fangai\fangai_v2\bwapi\bwscriptemulator\release\wait.obj
d:\fangai\fangai_v2\bwapi\bwscriptemulator\release\scriptopcodes.obj
d:\fangai\fangai_v2\bwapi\bwscriptemulator\release\vc120.pdb
c:\users\dkfan\desktop\bwapi-4.1.2\bwapi\release\bwscriptemulator.dll
c:\users\dkfan\desktop\bwapi-4.1.2\bwapi\release\bwscriptemulator.pdb
d:\fangai\fangai_v2\bwapi\release\bwscriptemulator.dll
d:\fangai\fangai_v2\bwapi\release\bwscriptemulator.pdb
d:\fangai\fangai_v2\bwapi\bwscriptemulator\release\bwscriptemulator.tlog\bwscriptemulator.write.1u.tlog
d:\fangai\fangai_v2\bwapi\bwscriptemulator\release\bwscriptemulator.tlog\cl.command.1.tlog
d:\fangai\fangai_v2\bwapi\bwscriptemulator\release\bwscriptemulator.tlog\cl.read.1.tlog
d:\fangai\fangai_v2\bwapi\bwscriptemulator\release\bwscriptemulator.tlog\cl.write.1.tlog
d:\fangai\fangai_v2\bwapi\bwscriptemulator\release\bwscriptemulator.tlog\link.command.1.tlog
d:\fangai\fangai_v2\bwapi\bwscriptemulator\release\bwscriptemulator.tlog\link.read.1.tlog
d:\fangai\fangai_v2\bwapi\bwscriptemulator\release\bwscriptemulator.tlog\link.write.1.tlog
