Build started 12/20/2016 3:38:56 PM.
     1>Project "D:\FangAI\FangAI_v2\bwapi\BWScriptEmulator\BWScriptEmulator.vcxproj" on node 7 (Build target(s)).
     1>ClCompile:
         C:\Program Files (x86)\Microsoft Visual Studio 12.0\VC\bin\CL.exe /c /I../include /Zi /nologo /W3 /WX- /MP /O2 /Oi /Oy- /GL /D NOMINMAX /D WIN32 /D NDEBUG /D _WINDOWS /D _USRDLL /D BWSCRIPTEMULATOR /D _WINDLL /Gm- /EHsc /MD /GS /Gy /fp:precise /Zc:wchar_t /Zc:forScope /Fo"Release\\" /Fd"Release\vc120.pdb" /Gd /TP /analyze- /errorReport:prompt AIControl.cpp Allies_Watch.cpp Attack_Add.cpp Attack_Clear.cpp Attack_Do.cpp Attack_Prepare.cpp Build.cpp Build_Bunkers.cpp BWScriptEmulator.cpp Call.cpp Capt_Expand.cpp Check_Transports.cpp Clear_Combatdata.cpp ComputerAI.cpp Controller.cpp Create_Unit.cpp Creep.cpp Debug.cpp Default_Build.cpp Default_Min.cpp DefenseBuild.cpp DefenseClear.cpp DefenseUse.cpp Define_Max.cpp Dll.cpp Enter_Transport.cpp Eval_Harass.cpp Expand.cpp Fake_Nuke.cpp Farms_Timing.cpp Get_OldPeons.cpp Give_Money.cpp Goto.cpp Groundmap_Jump.cpp Guard.cpp Guard_All.cpp Guard_Resources.cpp Harass_Factor.cpp Harass_Location.cpp Help_IfTrouble.cpp If_Dif.cpp If_Owned.cpp Implode.cpp JunkYardDog.cpp Killable.cpp Kill_Thread.cpp Location.cpp Nuke_Pos.cpp Order_Region.cpp Max_Force.cpp Military.cpp Move_DT.cpp Multirun.cpp Notowns_Jump.cpp Nuke_Rate.cpp Opcode.cpp OrderEmulate.cpp Panic.cpp Place_Guard.cpp Player_Ally.cpp Player_Need.cpp Prep_Down.cpp Race_Jump.cpp Random_Jump.cpp Region_Size.cpp ComputerReturn.cpp Resources_Jump.cpp Return.cpp Rush.cpp Scout_With.cpp Send_Suicide.cpp Set_Attacks.cpp Set_Gencmd.cpp Set_RandomSeed.cpp Sharedvision.cpp Start_Campaign.cpp Start_Town.cpp Stop.cpp Switch_Rescue.cpp Target_Expansion.cpp Task.cpp Tech.cpp Time_Jump.cpp Town.cpp Train.cpp Try_Townpoint.cpp UnitInfo.cpp Upgrade.cpp Use_Ability.cpp Value_Area.cpp Wait.cpp Wait_Build.cpp Wait_Bunkers.cpp Wait_FinishAttack.cpp Wait_Train.cpp Wait_Upgrades.cpp Worker.cpp ScriptEnum.cpp ScriptOpcodes.cpp ScriptThread.cpp UType.cpp
         AIControl.cpp
         Allies_Watch.cpp
         Attack_Add.cpp
         Attack_Clear.cpp
         Attack_Do.cpp
         Attack_Prepare.cpp
         Build.cpp
         Build_Bunkers.cpp
         BWScriptEmulator.cpp
         Call.cpp
         Capt_Expand.cpp
         Check_Transports.cpp
         Clear_Combatdata.cpp
         ComputerAI.cpp
         Controller.cpp
         Create_Unit.cpp
         Creep.cpp
         Debug.cpp
         Default_Build.cpp
         Default_Min.cpp
         DefenseBuild.cpp
         DefenseClear.cpp
         DefenseUse.cpp
         Define_Max.cpp
         Dll.cpp
         Enter_Transport.cpp
         Eval_Harass.cpp
         Expand.cpp
         Fake_Nuke.cpp
         Farms_Timing.cpp
         Get_OldPeons.cpp
         Give_Money.cpp
         Goto.cpp
         Groundmap_Jump.cpp
         Guard.cpp
         Guard_All.cpp
         Guard_Resources.cpp
         Harass_Factor.cpp
         Harass_Location.cpp
         Help_IfTrouble.cpp
         If_Dif.cpp
         If_Owned.cpp
         Implode.cpp
         JunkYardDog.cpp
         Killable.cpp
         Kill_Thread.cpp
         Location.cpp
         Nuke_Pos.cpp
         Order_Region.cpp
         Max_Force.cpp
         Military.cpp
         Move_DT.cpp
         Multirun.cpp
         Notowns_Jump.cpp
         Nuke_Rate.cpp
         Opcode.cpp
         OrderEmulate.cpp
         Panic.cpp
         Place_Guard.cpp
         Player_Ally.cpp
         Player_Need.cpp
         Prep_Down.cpp
         Race_Jump.cpp
         Random_Jump.cpp
         Region_Size.cpp
         ComputerReturn.cpp
         Resources_Jump.cpp
         Return.cpp
         Rush.cpp
         Scout_With.cpp
         Send_Suicide.cpp
         Set_Attacks.cpp
         Set_Gencmd.cpp
         Set_RandomSeed.cpp
         Sharedvision.cpp
         Start_Campaign.cpp
         Start_Town.cpp
         Stop.cpp
         Switch_Rescue.cpp
         Target_Expansion.cpp
         Task.cpp
         Tech.cpp
         Time_Jump.cpp
         Town.cpp
         Train.cpp
         Try_Townpoint.cpp
         UnitInfo.cpp
         Upgrade.cpp
         Use_Ability.cpp
         Value_Area.cpp
         Wait.cpp
         Wait_Build.cpp
         Wait_Bunkers.cpp
         Wait_FinishAttack.cpp
         Wait_Train.cpp
         Wait_Upgrades.cpp
         Worker.cpp
         ScriptEnum.cpp
         ScriptOpcodes.cpp
         ScriptThread.cpp
         UType.cpp
       Link:
         C:\Program Files (x86)\Microsoft Visual Studio 12.0\VC\bin\link.exe /ERRORREPORT:PROMPT /OUT:"D:\FangAI\FangAI_v2\bwapi\Release\BWScriptEmulator.dll" /INCREMENTAL:NO /NOLOGO kernel32.lib user32.lib gdi32.lib winspool.lib comdlg32.lib advapi32.lib shell32.lib ole32.lib oleaut32.lib uuid.lib odbc32.lib odbccp32.lib /MANIFEST /MANIFESTUAC:"level='asInvoker' uiAccess='false'" /manifest:embed /DEBUG /PDB:"D:\FangAI\FangAI_v2\bwapi\Release\BWScriptEmulator.pdb" /SUBSYSTEM:WINDOWS /OPT:REF /OPT:ICF /LTCG /TLBID:1 /DYNAMICBASE /NXCOMPAT /IMPLIB:"Release\BWScriptEmulator.lib" /MACHINE:X86 /SAFESEH /DLL Release\AIControl.obj
         Release\Allies_Watch.obj
         Release\Attack_Add.obj
         Release\Attack_Clear.obj
         Release\Attack_Do.obj
         Release\Attack_Prepare.obj
         Release\Build.obj
         Release\Build_Bunkers.obj
         Release\BWScriptEmulator.obj
         Release\Call.obj
         Release\Capt_Expand.obj
         Release\Check_Transports.obj
         Release\Clear_Combatdata.obj
         Release\ComputerAI.obj
         Release\Controller.obj
         Release\Create_Unit.obj
         Release\Creep.obj
         Release\Debug.obj
         Release\Default_Build.obj
         Release\Default_Min.obj
         Release\DefenseBuild.obj
         Release\DefenseClear.obj
         Release\DefenseUse.obj
         Release\Define_Max.obj
         Release\Dll.obj
         Release\Enter_Transport.obj
         Release\Eval_Harass.obj
         Release\Expand.obj
         Release\Fake_Nuke.obj
         Release\Farms_Timing.obj
         Release\Get_OldPeons.obj
         Release\Give_Money.obj
         Release\Goto.obj
         Release\Groundmap_Jump.obj
         Release\Guard.obj
         Release\Guard_All.obj
         Release\Guard_Resources.obj
         Release\Harass_Factor.obj
         Release\Harass_Location.obj
         Release\Help_IfTrouble.obj
         Release\If_Dif.obj
         Release\If_Owned.obj
         Release\Implode.obj
         Release\JunkYardDog.obj
         Release\Killable.obj
         Release\Kill_Thread.obj
         Release\Location.obj
         Release\Nuke_Pos.obj
         Release\Order_Region.obj
         Release\Max_Force.obj
         Release\Military.obj
         Release\Move_DT.obj
         Release\Multirun.obj
         Release\Notowns_Jump.obj
         Release\Nuke_Rate.obj
         Release\Opcode.obj
         Release\OrderEmulate.obj
         Release\Panic.obj
         Release\Place_Guard.obj
         Release\Player_Ally.obj
         Release\Player_Need.obj
         Release\Prep_Down.obj
         Release\Race_Jump.obj
         Release\Random_Jump.obj
         Release\Region_Size.obj
         Release\ComputerReturn.obj
         Release\Resources_Jump.obj
         Release\Return.obj
         Release\Rush.obj
         Release\Scout_With.obj
         Release\Send_Suicide.obj
         Release\Set_Attacks.obj
         Release\Set_Gencmd.obj
         Release\Set_RandomSeed.obj
         Release\Sharedvision.obj
         Release\Start_Campaign.obj
         Release\Start_Town.obj
         Release\Stop.obj
         Release\Switch_Rescue.obj
         Release\Target_Expansion.obj
         Release\Task.obj
         Release\Tech.obj
         Release\Time_Jump.obj
         Release\Town.obj
         Release\Train.obj
         Release\Try_Townpoint.obj
         Release\UnitInfo.obj
         Release\Upgrade.obj
         Release\Use_Ability.obj
         Release\Value_Area.obj
         Release\Wait.obj
         Release\Wait_Build.obj
         Release\Wait_Bunkers.obj
         Release\Wait_FinishAttack.obj
         Release\Wait_Train.obj
         Release\Wait_Upgrades.obj
         Release\Worker.obj
         Release\ScriptEnum.obj
         Release\ScriptOpcodes.obj
         Release\ScriptThread.obj
         Release\UType.obj
         D:\FangAI\FangAI_v2\bwapi\Release\BWAPILIB.lib
            Creating library Release\BWScriptEmulator.lib and object Release\BWScriptEmulator.exp
         Generating code
         Finished generating code
         BWScriptEmulator.vcxproj -> D:\FangAI\FangAI_v2\bwapi\Release\BWScriptEmulator.dll
     1>Done Building Project "D:\FangAI\FangAI_v2\bwapi\BWScriptEmulator\BWScriptEmulator.vcxproj" (Build target(s)).

Build succeeded.

Time Elapsed 00:00:45.72
