c:\users\dkfan\desktop\bwapi-4.1.2\bwapi\documentationgen\release\gametypes.obj
c:\users\dkfan\desktop\bwapi-4.1.2\bwapi\documentationgen\release\unittypestestgen.obj
c:\users\dkfan\desktop\bwapi-4.1.2\bwapi\documentationgen\release\errors.obj
c:\users\dkfan\desktop\bwapi-4.1.2\bwapi\documentationgen\release\unitsizetypes.obj
c:\users\dkfan\desktop\bwapi-4.1.2\bwapi\documentationgen\release\colortypes.obj
c:\users\dkfan\desktop\bwapi-4.1.2\bwapi\documentationgen\release\races.obj
c:\users\dkfan\desktop\bwapi-4.1.2\bwapi\documentationgen\release\weapontypes.obj
c:\users\dkfan\desktop\bwapi-4.1.2\bwapi\documentationgen\release\explosiontypes.obj
c:\users\dkfan\desktop\bwapi-4.1.2\bwapi\documentationgen\release\unitcommandtypes.obj
c:\users\dkfan\desktop\bwapi-4.1.2\bwapi\documentationgen\release\main.obj
c:\users\dkfan\desktop\bwapi-4.1.2\bwapi\documentationgen\release\orders.obj
c:\users\dkfan\desktop\bwapi-4.1.2\bwapi\documentationgen\release\upgradetypes.obj
c:\users\dkfan\desktop\bwapi-4.1.2\bwapi\documentationgen\release\damagetypes.obj
c:\users\dkfan\desktop\bwapi-4.1.2\bwapi\documentationgen\release\unittypes.obj
c:\users\dkfan\desktop\bwapi-4.1.2\bwapi\documentationgen\release\bullettypes.obj
c:\users\dkfan\desktop\bwapi-4.1.2\bwapi\documentationgen\release\techtypes.obj
c:\users\dkfan\desktop\bwapi-4.1.2\bwapi\documentationgen\release\helpers.obj
c:\users\dkfan\desktop\bwapi-4.1.2\bwapi\documentationgen\release\playertypes.obj
c:\users\dkfan\desktop\bwapi-4.1.2\bwapi\documentationgen\release\vc120.pdb
d:\fangai\fangai_v2\bwapi\documentationgen\release\damagetypes.obj
d:\fangai\fangai_v2\bwapi\documentationgen\release\unitcommandtypes.obj
d:\fangai\fangai_v2\bwapi\documentationgen\release\colortypes.obj
d:\fangai\fangai_v2\bwapi\documentationgen\release\races.obj
d:\fangai\fangai_v2\bwapi\documentationgen\release\weapontypes.obj
d:\fangai\fangai_v2\bwapi\documentationgen\release\helpers.obj
d:\fangai\fangai_v2\bwapi\documentationgen\release\playertypes.obj
d:\fangai\fangai_v2\bwapi\documentationgen\release\bullettypes.obj
d:\fangai\fangai_v2\bwapi\documentationgen\release\unittypestestgen.obj
d:\fangai\fangai_v2\bwapi\documentationgen\release\main.obj
d:\fangai\fangai_v2\bwapi\documentationgen\release\orders.obj
d:\fangai\fangai_v2\bwapi\documentationgen\release\upgradetypes.obj
d:\fangai\fangai_v2\bwapi\documentationgen\release\explosiontypes.obj
d:\fangai\fangai_v2\bwapi\documentationgen\release\unitsizetypes.obj
d:\fangai\fangai_v2\bwapi\documentationgen\release\errors.obj
d:\fangai\fangai_v2\bwapi\documentationgen\release\techtypes.obj
d:\fangai\fangai_v2\bwapi\documentationgen\release\gametypes.obj
d:\fangai\fangai_v2\bwapi\documentationgen\release\unittypes.obj
d:\fangai\fangai_v2\bwapi\documentationgen\release\vc120.pdb
c:\users\dkfan\desktop\bwapi-4.1.2\bwapi\release\documentationgen.exe
c:\users\dkfan\desktop\bwapi-4.1.2\bwapi\release\documentationgen.pdb
d:\fangai\fangai_v2\bwapi\release\documentationgen.exe
d:\fangai\fangai_v2\bwapi\release\documentationgen.pdb
d:\fangai\fangai_v2\bwapi\documentationgen\release\documentationgen.tlog\cl.command.1.tlog
d:\fangai\fangai_v2\bwapi\documentationgen\release\documentationgen.tlog\cl.read.1.tlog
d:\fangai\fangai_v2\bwapi\documentationgen\release\documentationgen.tlog\cl.write.1.tlog
d:\fangai\fangai_v2\bwapi\documentationgen\release\documentationgen.tlog\link.command.1.tlog
d:\fangai\fangai_v2\bwapi\documentationgen\release\documentationgen.tlog\link.read.1.tlog
d:\fangai\fangai_v2\bwapi\documentationgen\release\documentationgen.tlog\link.write.1.tlog
