c:\users\dkfan\desktop\bwapi-4.1.2\bwapi\bwapiclient\release\forceshared.obj
c:\users\dkfan\desktop\bwapi-4.1.2\bwapi\bwapiclient\release\regionimpl.obj
c:\users\dkfan\desktop\bwapi-4.1.2\bwapi\bwapiclient\release\unitshared.obj
c:\users\dkfan\desktop\bwapi-4.1.2\bwapi\bwapiclient\release\client.obj
c:\users\dkfan\desktop\bwapi-4.1.2\bwapi\bwapiclient\release\bulletshared.obj
c:\users\dkfan\desktop\bwapi-4.1.2\bwapi\bwapiclient\release\gameimpl.obj
c:\users\dkfan\desktop\bwapi-4.1.2\bwapi\bwapiclient\release\regionshared.obj
c:\users\dkfan\desktop\bwapi-4.1.2\bwapi\bwapiclient\release\forceimpl.obj
c:\users\dkfan\desktop\bwapi-4.1.2\bwapi\bwapiclient\release\playershared.obj
c:\users\dkfan\desktop\bwapi-4.1.2\bwapi\bwapiclient\release\playerimpl.obj
c:\users\dkfan\desktop\bwapi-4.1.2\bwapi\bwapiclient\release\bulletimpl.obj
c:\users\dkfan\desktop\bwapi-4.1.2\bwapi\bwapiclient\release\unitimpl.obj
c:\users\dkfan\desktop\bwapi-4.1.2\bwapi\bwapiclient\release\gameshared.obj
c:\users\dkfan\desktop\bwapi-4.1.2\bwapi\release\bwapiclient.pdb
d:\fangai\fangai_v2\bwapi\bwapiclient\release\bulletshared.obj
d:\fangai\fangai_v2\bwapi\bwapiclient\release\playershared.obj
d:\fangai\fangai_v2\bwapi\bwapiclient\release\gameshared.obj
d:\fangai\fangai_v2\bwapi\bwapiclient\release\forceimpl.obj
d:\fangai\fangai_v2\bwapi\bwapiclient\release\unitshared.obj
d:\fangai\fangai_v2\bwapi\bwapiclient\release\client.obj
d:\fangai\fangai_v2\bwapi\bwapiclient\release\forceshared.obj
d:\fangai\fangai_v2\bwapi\bwapiclient\release\regionimpl.obj
d:\fangai\fangai_v2\bwapi\bwapiclient\release\bulletimpl.obj
d:\fangai\fangai_v2\bwapi\bwapiclient\release\regionshared.obj
d:\fangai\fangai_v2\bwapi\bwapiclient\release\playerimpl.obj
d:\fangai\fangai_v2\bwapi\bwapiclient\release\unitimpl.obj
d:\fangai\fangai_v2\bwapi\bwapiclient\release\gameimpl.obj
d:\fangai\fangai_v2\bwapi\release\bwapiclient.pdb
c:\users\dkfan\desktop\bwapi-4.1.2\bwapi\release\bwapiclient.lib
d:\fangai\fangai_v2\bwapi\release\bwapiclient.lib
d:\fangai\fangai_v2\bwapi\bwapiclient\release\bwapiclient.tlog\cl.command.1.tlog
d:\fangai\fangai_v2\bwapi\bwapiclient\release\bwapiclient.tlog\cl.read.1.tlog
d:\fangai\fangai_v2\bwapi\bwapiclient\release\bwapiclient.tlog\cl.write.1.tlog
d:\fangai\fangai_v2\bwapi\bwapiclient\release\bwapiclient.tlog\lib-link.read.1.tlog
d:\fangai\fangai_v2\bwapi\bwapiclient\release\bwapiclient.tlog\lib-link.write.1.tlog
d:\fangai\fangai_v2\bwapi\bwapiclient\release\bwapiclient.tlog\lib.command.1.tlog
