c:\users\dkfan\desktop\bwapi-4.1.2\bwapi\util\release\sha1.obj
c:\users\dkfan\desktop\bwapi-4.1.2\bwapi\util\release\sharedmemory.obj
c:\users\dkfan\desktop\bwapi-4.1.2\bwapi\util\release\remoteprocess.obj
c:\users\dkfan\desktop\bwapi-4.1.2\bwapi\util\release\mutex.obj
c:\users\dkfan\desktop\bwapi-4.1.2\bwapi\util\release\memoryframe.obj
c:\users\dkfan\desktop\bwapi-4.1.2\bwapi\util\release\exceptions.obj
d:\fangai\fangai_v2\bwapi\util\release\sharedmemory.obj
d:\fangai\fangai_v2\bwapi\util\release\sha1.obj
d:\fangai\fangai_v2\bwapi\util\release\remoteprocess.obj
d:\fangai\fangai_v2\bwapi\util\release\mutex.obj
d:\fangai\fangai_v2\bwapi\util\release\memoryframe.obj
d:\fangai\fangai_v2\bwapi\util\release\exceptions.obj
c:\users\dkfan\desktop\bwapi-4.1.2\bwapi\release\util.lib
d:\fangai\fangai_v2\bwapi\release\util.lib
d:\fangai\fangai_v2\bwapi\util\release\util.tlog\cl.command.1.tlog
d:\fangai\fangai_v2\bwapi\util\release\util.tlog\cl.read.1.tlog
d:\fangai\fangai_v2\bwapi\util\release\util.tlog\cl.write.1.tlog
d:\fangai\fangai_v2\bwapi\util\release\util.tlog\lib-link.read.1.tlog
d:\fangai\fangai_v2\bwapi\util\release\util.tlog\lib-link.write.1.tlog
d:\fangai\fangai_v2\bwapi\util\release\util.tlog\lib.command.1.tlog
