c:\users\dkfan\desktop\bwapi-4.1.2\bwapi\release\bwapi_plugininjector.lib
c:\users\dkfan\desktop\bwapi-4.1.2\bwapi\release\bwapi_plugininjector.exp
d:\fangai\fangai_v2\bwapi\release\bwapi_plugininjector.lib
d:\fangai\fangai_v2\bwapi\release\bwapi_plugininjector.exp
c:\users\dkfan\desktop\bwapi-4.1.2\bwapi\bwapi_plugininjector\release\main.obj
c:\users\dkfan\desktop\bwapi-4.1.2\bwapi\bwapi_plugininjector\release\config.obj
c:\users\dkfan\desktop\bwapi-4.1.2\bwapi\bwapi_plugininjector\release\chaoslauncher.obj
c:\users\dkfan\desktop\bwapi-4.1.2\bwapi\bwapi_plugininjector\release\common.obj
c:\users\dkfan\desktop\bwapi-4.1.2\bwapi\bwapi_plugininjector\release\mpqdraft.obj
c:\users\dkfan\desktop\bwapi-4.1.2\bwapi\bwapi_plugininjector\release\remotethread.obj
c:\users\dkfan\desktop\bwapi-4.1.2\bwapi\bwapi_plugininjector\release\valloc.obj
d:\fangai\fangai_v2\bwapi\bwapi_plugininjector\release\remotethread.obj
d:\fangai\fangai_v2\bwapi\bwapi_plugininjector\release\main.obj
d:\fangai\fangai_v2\bwapi\bwapi_plugininjector\release\common.obj
d:\fangai\fangai_v2\bwapi\bwapi_plugininjector\release\mpqdraft.obj
d:\fangai\fangai_v2\bwapi\bwapi_plugininjector\release\valloc.obj
d:\fangai\fangai_v2\bwapi\bwapi_plugininjector\release\chaoslauncher.obj
d:\fangai\fangai_v2\bwapi\bwapi_plugininjector\release\config.obj
c:\users\dkfan\desktop\bwapi-4.1.2\bwapi\release\bwapi_plugininjector.dll
d:\fangai\fangai_v2\bwapi\release\bwapi_plugininjector.dll
d:\fangai\fangai_v2\bwapi\bwapi_plugininjector\release\bwapi_pl.e872fa31.tlog\bwapi_plugininjector.write.1u.tlog
d:\fangai\fangai_v2\bwapi\bwapi_plugininjector\release\bwapi_pl.e872fa31.tlog\cl.command.1.tlog
d:\fangai\fangai_v2\bwapi\bwapi_plugininjector\release\bwapi_pl.e872fa31.tlog\cl.read.1.tlog
d:\fangai\fangai_v2\bwapi\bwapi_plugininjector\release\bwapi_pl.e872fa31.tlog\cl.write.1.tlog
d:\fangai\fangai_v2\bwapi\bwapi_plugininjector\release\bwapi_pl.e872fa31.tlog\link.command.1.tlog
d:\fangai\fangai_v2\bwapi\bwapi_plugininjector\release\bwapi_pl.e872fa31.tlog\link.read.1.tlog
d:\fangai\fangai_v2\bwapi\bwapi_plugininjector\release\bwapi_pl.e872fa31.tlog\link.write.1.tlog
