c:\users\dkfan\desktop\bwapi-4.1.2\bwapi\exampleaimodule\debug\dll.obj
c:\users\dkfan\desktop\bwapi-4.1.2\bwapi\exampleaimodule\debug\fangcontroller.obj
c:\users\dkfan\desktop\bwapi-4.1.2\bwapi\exampleaimodule\debug\base.obj
c:\users\dkfan\desktop\bwapi-4.1.2\bwapi\exampleaimodule\debug\fangbot.obj
c:\users\dkfan\desktop\bwapi-4.1.2\bwapi\exampleaimodule\debug\unitmanager.obj
c:\users\dkfan\desktop\bwapi-4.1.2\bwapi\exampleaimodule\debug\basemanager.obj
c:\users\dkfan\desktop\bwapi-4.1.2\bwapi\exampleaimodule\debug\vc140.pdb
c:\users\dkfan\desktop\bwapi-4.1.2\bwapi\exampleaimodule\debug\fangbot.res
c:\users\dkfan\desktop\bwapi-4.1.2\bwapi\exampleaimodule\debug\fangbot.exp
c:\users\dkfan\desktop\bwapi-4.1.2\bwapi\exampleaimodule\debug\fangbot.pdb
c:\users\dkfan\desktop\bwapi-4.1.2\bwapi\exampleaimodule\debug\fangbot.tlog\cl.command.1.tlog
c:\users\dkfan\desktop\bwapi-4.1.2\bwapi\exampleaimodule\debug\fangbot.tlog\cl.read.1.tlog
c:\users\dkfan\desktop\bwapi-4.1.2\bwapi\exampleaimodule\debug\fangbot.tlog\cl.write.1.tlog
c:\users\dkfan\desktop\bwapi-4.1.2\bwapi\exampleaimodule\debug\fangbot.tlog\link-cvtres.read.1.tlog
c:\users\dkfan\desktop\bwapi-4.1.2\bwapi\exampleaimodule\debug\fangbot.tlog\link-cvtres.write.1.tlog
c:\users\dkfan\desktop\bwapi-4.1.2\bwapi\exampleaimodule\debug\fangbot.tlog\link-rc.read.1.tlog
c:\users\dkfan\desktop\bwapi-4.1.2\bwapi\exampleaimodule\debug\fangbot.tlog\link-rc.write.1.tlog
c:\users\dkfan\desktop\bwapi-4.1.2\bwapi\exampleaimodule\debug\fangbot.tlog\link.command.1.tlog
c:\users\dkfan\desktop\bwapi-4.1.2\bwapi\exampleaimodule\debug\fangbot.tlog\link.read.1.tlog
c:\users\dkfan\desktop\bwapi-4.1.2\bwapi\exampleaimodule\debug\fangbot.tlog\link.write.1.tlog
c:\users\dkfan\desktop\bwapi-4.1.2\bwapi\exampleaimodule\debug\fangbot.tlog\rc.command.1.tlog
c:\users\dkfan\desktop\bwapi-4.1.2\bwapi\exampleaimodule\debug\fangbot.tlog\rc.read.1.tlog
c:\users\dkfan\desktop\bwapi-4.1.2\bwapi\exampleaimodule\debug\fangbot.tlog\rc.write.1.tlog
