c:\users\dkfan\desktop\bwapi-4.1.2\bwapi\bwapilib\release\error.obj
c:\users\dkfan\desktop\bwapi-4.1.2\bwapi\bwapilib\release\order.obj
c:\users\dkfan\desktop\bwapi-4.1.2\bwapi\bwapilib\release\positionunit.obj
c:\users\dkfan\desktop\bwapi-4.1.2\bwapi\bwapilib\release\unitcommandtype.obj
c:\users\dkfan\desktop\bwapi-4.1.2\bwapi\bwapilib\release\bwapi.obj
c:\users\dkfan\desktop\bwapi-4.1.2\bwapi\bwapilib\release\playerset.obj
c:\users\dkfan\desktop\bwapi-4.1.2\bwapi\bwapilib\release\weapontype.obj
c:\users\dkfan\desktop\bwapi-4.1.2\bwapi\bwapilib\release\damagetype.obj
c:\users\dkfan\desktop\bwapi-4.1.2\bwapi\bwapilib\release\forceset.obj
c:\users\dkfan\desktop\bwapi-4.1.2\bwapi\bwapilib\release\regionset.obj
c:\users\dkfan\desktop\bwapi-4.1.2\bwapi\bwapilib\release\upgradetype.obj
c:\users\dkfan\desktop\bwapi-4.1.2\bwapi\bwapilib\release\explosiontype.obj
c:\users\dkfan\desktop\bwapi-4.1.2\bwapi\bwapilib\release\gametype.obj
c:\users\dkfan\desktop\bwapi-4.1.2\bwapi\bwapilib\release\position.obj
c:\users\dkfan\desktop\bwapi-4.1.2\bwapi\bwapilib\release\unitsizetype.obj
c:\users\dkfan\desktop\bwapi-4.1.2\bwapi\bwapilib\release\event.obj
c:\users\dkfan\desktop\bwapi-4.1.2\bwapi\bwapilib\release\playertype.obj
c:\users\dkfan\desktop\bwapi-4.1.2\bwapi\bwapilib\release\region.obj
c:\users\dkfan\desktop\bwapi-4.1.2\bwapi\bwapilib\release\unitcommand.obj
c:\users\dkfan\desktop\bwapi-4.1.2\bwapi\bwapilib\release\aimodule.obj
c:\users\dkfan\desktop\bwapi-4.1.2\bwapi\bwapilib\release\player.obj
c:\users\dkfan\desktop\bwapi-4.1.2\bwapi\bwapilib\release\race.obj
c:\users\dkfan\desktop\bwapi-4.1.2\bwapi\bwapilib\release\unittype.obj
c:\users\dkfan\desktop\bwapi-4.1.2\bwapi\bwapilib\release\bullettype.obj
c:\users\dkfan\desktop\bwapi-4.1.2\bwapi\bwapilib\release\game.obj
c:\users\dkfan\desktop\bwapi-4.1.2\bwapi\bwapilib\release\unit.obj
c:\users\dkfan\desktop\bwapi-4.1.2\bwapi\bwapilib\release\color.obj
c:\users\dkfan\desktop\bwapi-4.1.2\bwapi\bwapilib\release\filters.obj
c:\users\dkfan\desktop\bwapi-4.1.2\bwapi\bwapilib\release\techtype.obj
c:\users\dkfan\desktop\bwapi-4.1.2\bwapi\bwapilib\release\unitset.obj
c:\users\dkfan\desktop\bwapi-4.1.2\bwapi\release\bwapilib.pdb
d:\fangai\fangai_v2\bwapi\bwapilib\release\event.obj
d:\fangai\fangai_v2\bwapi\bwapilib\release\playerset.obj
d:\fangai\fangai_v2\bwapi\bwapilib\release\techtype.obj
d:\fangai\fangai_v2\bwapi\bwapilib\release\weapontype.obj
d:\fangai\fangai_v2\bwapi\bwapilib\release\color.obj
d:\fangai\fangai_v2\bwapi\bwapilib\release\filters.obj
d:\fangai\fangai_v2\bwapi\bwapilib\release\region.obj
d:\fangai\fangai_v2\bwapi\bwapilib\release\upgradetype.obj
d:\fangai\fangai_v2\bwapi\bwapilib\release\bullettype.obj
d:\fangai\fangai_v2\bwapi\bwapilib\release\gametype.obj
d:\fangai\fangai_v2\bwapi\bwapilib\release\position.obj
d:\fangai\fangai_v2\bwapi\bwapilib\release\unitcommandtype.obj
d:\fangai\fangai_v2\bwapi\bwapilib\release\bwapi.obj
d:\fangai\fangai_v2\bwapi\bwapilib\release\playertype.obj
d:\fangai\fangai_v2\bwapi\bwapilib\release\unit.obj
d:\fangai\fangai_v2\bwapi\bwapilib\release\explosiontype.obj
d:\fangai\fangai_v2\bwapi\bwapilib\release\forceset.obj
d:\fangai\fangai_v2\bwapi\bwapilib\release\regionset.obj
d:\fangai\fangai_v2\bwapi\bwapilib\release\unittype.obj
d:\fangai\fangai_v2\bwapi\bwapilib\release\error.obj
d:\fangai\fangai_v2\bwapi\bwapilib\release\game.obj
d:\fangai\fangai_v2\bwapi\bwapilib\release\unitset.obj
d:\fangai\fangai_v2\bwapi\bwapilib\release\aimodule.obj
d:\fangai\fangai_v2\bwapi\bwapilib\release\player.obj
d:\fangai\fangai_v2\bwapi\bwapilib\release\race.obj
d:\fangai\fangai_v2\bwapi\bwapilib\release\unitsizetype.obj
d:\fangai\fangai_v2\bwapi\bwapilib\release\damagetype.obj
d:\fangai\fangai_v2\bwapi\bwapilib\release\order.obj
d:\fangai\fangai_v2\bwapi\bwapilib\release\positionunit.obj
d:\fangai\fangai_v2\bwapi\bwapilib\release\unitcommand.obj
d:\fangai\fangai_v2\bwapi\release\bwapilib.pdb
c:\users\dkfan\desktop\bwapi-4.1.2\bwapi\release\bwapilib.lib
d:\fangai\fangai_v2\bwapi\release\bwapilib.lib
d:\fangai\fangai_v2\bwapi\bwapilib\release\bwapilib.tlog\cl.command.1.tlog
d:\fangai\fangai_v2\bwapi\bwapilib\release\bwapilib.tlog\cl.read.1.tlog
d:\fangai\fangai_v2\bwapi\bwapilib\release\bwapilib.tlog\cl.write.1.tlog
d:\fangai\fangai_v2\bwapi\bwapilib\release\bwapilib.tlog\lib-link.1284.read.1.tlog
d:\fangai\fangai_v2\bwapi\bwapilib\release\bwapilib.tlog\lib-link.1284.write.1.tlog
d:\fangai\fangai_v2\bwapi\bwapilib\release\bwapilib.tlog\lib.command.1.tlog
