c:\users\dkfan\desktop\bwapi-4.1.2\bwapi\bwapi\release\playershared.obj
c:\users\dkfan\desktop\bwapi-4.1.2\bwapi\bwapi\release\bwtobwapi.obj
c:\users\dkfan\desktop\bwapi-4.1.2\bwapi\bwapi\release\commandoptimizer.obj
c:\users\dkfan\desktop\bwapi-4.1.2\bwapi\bwapi\release\gamemenu.obj
c:\users\dkfan\desktop\bwapi-4.1.2\bwapi\bwapi\release\cimage.obj
c:\users\dkfan\desktop\bwapi-4.1.2\bwapi\bwapi\release\font.obj
c:\users\dkfan\desktop\bwapi-4.1.2\bwapi\bwapi\release\positionunittarget.obj
c:\users\dkfan\desktop\bwapi-4.1.2\bwapi\bwapi\release\newhackutil.obj
c:\users\dkfan\desktop\bwapi-4.1.2\bwapi\bwapi\release\regionshared.obj
c:\users\dkfan\desktop\bwapi-4.1.2\bwapi\bwapi\release\automenumanager.obj
c:\users\dkfan\desktop\bwapi-4.1.2\bwapi\bwapi\release\gameimpl.obj
c:\users\dkfan\desktop\bwapi-4.1.2\bwapi\bwapi\release\unitupdate.obj
c:\users\dkfan\desktop\bwapi-4.1.2\bwapi\bwapi\release\triggerengine.obj
c:\users\dkfan\desktop\bwapi-4.1.2\bwapi\bwapi\release\gameupdate.obj
c:\users\dkfan\desktop\bwapi-4.1.2\bwapi\bwapi\release\apmcounter.obj
c:\users\dkfan\desktop\bwapi-4.1.2\bwapi\bwapi\release\gamebullets.obj
c:\users\dkfan\desktop\bwapi-4.1.2\bwapi\bwapi\release\map.obj
c:\users\dkfan\desktop\bwapi-4.1.2\bwapi\bwapi\release\cthingy.obj
c:\users\dkfan\desktop\bwapi-4.1.2\bwapi\bwapi\release\cunit.obj
c:\users\dkfan\desktop\bwapi-4.1.2\bwapi\bwapi\release\pathing.obj
c:\users\dkfan\desktop\bwapi-4.1.2\bwapi\bwapi\release\dllmain.obj
c:\users\dkfan\desktop\bwapi-4.1.2\bwapi\bwapi\release\gameshared.obj
c:\users\dkfan\desktop\bwapi-4.1.2\bwapi\bwapi\release\gamedrawing.obj
c:\users\dkfan\desktop\bwapi-4.1.2\bwapi\bwapi\release\regionimpl.obj
c:\users\dkfan\desktop\bwapi-4.1.2\bwapi\bwapi\release\unitimpl.obj
c:\users\dkfan\desktop\bwapi-4.1.2\bwapi\bwapi\release\codepatch.obj
c:\users\dkfan\desktop\bwapi-4.1.2\bwapi\bwapi\release\wmode.obj
c:\users\dkfan\desktop\bwapi-4.1.2\bwapi\bwapi\release\unitshared.obj
c:\users\dkfan\desktop\bwapi-4.1.2\bwapi\bwapi\release\fpscounter.obj
c:\users\dkfan\desktop\bwapi-4.1.2\bwapi\bwapi\release\gameevents.obj
c:\users\dkfan\desktop\bwapi-4.1.2\bwapi\bwapi\release\server.obj
c:\users\dkfan\desktop\bwapi-4.1.2\bwapi\bwapi\release\path.obj
c:\users\dkfan\desktop\bwapi-4.1.2\bwapi\bwapi\release\unittarget.obj
c:\users\dkfan\desktop\bwapi-4.1.2\bwapi\bwapi\release\resolution.obj
c:\users\dkfan\desktop\bwapi-4.1.2\bwapi\bwapi\release\assembly.obj
c:\users\dkfan\desktop\bwapi-4.1.2\bwapi\bwapi\release\gamecommands.obj
c:\users\dkfan\desktop\bwapi-4.1.2\bwapi\bwapi\release\playerimpl.obj
c:\users\dkfan\desktop\bwapi-4.1.2\bwapi\bwapi\release\cheattype.obj
c:\users\dkfan\desktop\bwapi-4.1.2\bwapi\bwapi\release\ordertypes.obj
c:\users\dkfan\desktop\bwapi-4.1.2\bwapi\bwapi\release\tileset.obj
c:\users\dkfan\desktop\bwapi-4.1.2\bwapi\bwapi\release\detours.obj
c:\users\dkfan\desktop\bwapi-4.1.2\bwapi\bwapi\release\bulletshared.obj
c:\users\dkfan\desktop\bwapi-4.1.2\bwapi\bwapi\release\bulletimpl.obj
c:\users\dkfan\desktop\bwapi-4.1.2\bwapi\bwapi\release\gameinternals.obj
c:\users\dkfan\desktop\bwapi-4.1.2\bwapi\bwapi\release\bitmap.obj
c:\users\dkfan\desktop\bwapi-4.1.2\bwapi\bwapi\release\internal.obj
c:\users\dkfan\desktop\bwapi-4.1.2\bwapi\bwapi\release\render.obj
c:\users\dkfan\desktop\bwapi-4.1.2\bwapi\bwapi\release\target.obj
c:\users\dkfan\desktop\bwapi-4.1.2\bwapi\bwapi\release\config.obj
c:\users\dkfan\desktop\bwapi-4.1.2\bwapi\bwapi\release\graphics.obj
c:\users\dkfan\desktop\bwapi-4.1.2\bwapi\bwapi\release\thread.obj
c:\users\dkfan\desktop\bwapi-4.1.2\bwapi\bwapi\release\forceshared.obj
c:\users\dkfan\desktop\bwapi-4.1.2\bwapi\bwapi\release\forceimpl.obj
c:\users\dkfan\desktop\bwapi-4.1.2\bwapi\bwapi\release\gameunits.obj
c:\users\dkfan\desktop\bwapi-4.1.2\bwapi\bwapi\release\csprite.obj
c:\users\dkfan\desktop\bwapi-4.1.2\bwapi\bwapi\release\dialog.obj
c:\users\dkfan\desktop\bwapi-4.1.2\bwapi\bwapi\release\exceptionfilter.obj
c:\users\dkfan\desktop\bwapi-4.1.2\bwapi\bwapi\release\vc120.pdb
d:\fangai\fangai_v2\bwapi\bwapi\release\gameshared.obj
d:\fangai\fangai_v2\bwapi\bwapi\release\gamedrawing.obj
d:\fangai\fangai_v2\bwapi\bwapi\release\regionimpl.obj
d:\fangai\fangai_v2\bwapi\bwapi\release\unitimpl.obj
d:\fangai\fangai_v2\bwapi\bwapi\release\unittarget.obj
d:\fangai\fangai_v2\bwapi\bwapi\release\resolution.obj
d:\fangai\fangai_v2\bwapi\bwapi\release\playershared.obj
d:\fangai\fangai_v2\bwapi\bwapi\release\bulletimpl.obj
d:\fangai\fangai_v2\bwapi\bwapi\release\gameimpl.obj
d:\fangai\fangai_v2\bwapi\bwapi\release\bitmap.obj
d:\fangai\fangai_v2\bwapi\bwapi\release\ordertypes.obj
d:\fangai\fangai_v2\bwapi\bwapi\release\render.obj
d:\fangai\fangai_v2\bwapi\bwapi\release\target.obj
d:\fangai\fangai_v2\bwapi\bwapi\release\codepatch.obj
d:\fangai\fangai_v2\bwapi\bwapi\release\unitshared.obj
d:\fangai\fangai_v2\bwapi\bwapi\release\commandoptimizer.obj
d:\fangai\fangai_v2\bwapi\bwapi\release\gameunits.obj
d:\fangai\fangai_v2\bwapi\bwapi\release\csprite.obj
d:\fangai\fangai_v2\bwapi\bwapi\release\internal.obj
d:\fangai\fangai_v2\bwapi\bwapi\release\positionunittarget.obj
d:\fangai\fangai_v2\bwapi\bwapi\release\graphics.obj
d:\fangai\fangai_v2\bwapi\bwapi\release\thread.obj
d:\fangai\fangai_v2\bwapi\bwapi\release\assembly.obj
d:\fangai\fangai_v2\bwapi\bwapi\release\gamecommands.obj
d:\fangai\fangai_v2\bwapi\bwapi\release\playerimpl.obj
d:\fangai\fangai_v2\bwapi\bwapi\release\cimage.obj
d:\fangai\fangai_v2\bwapi\bwapi\release\path.obj
d:\fangai\fangai_v2\bwapi\bwapi\release\cunit.obj
d:\fangai\fangai_v2\bwapi\bwapi\release\newhackutil.obj
d:\fangai\fangai_v2\bwapi\bwapi\release\wmode.obj
d:\fangai\fangai_v2\bwapi\bwapi\release\apmcounter.obj
d:\fangai\fangai_v2\bwapi\bwapi\release\gamebullets.obj
d:\fangai\fangai_v2\bwapi\bwapi\release\map.obj
d:\fangai\fangai_v2\bwapi\bwapi\release\cthingy.obj
d:\fangai\fangai_v2\bwapi\bwapi\release\dialog.obj
d:\fangai\fangai_v2\bwapi\bwapi\release\config.obj
d:\fangai\fangai_v2\bwapi\bwapi\release\gameupdate.obj
d:\fangai\fangai_v2\bwapi\bwapi\release\bulletshared.obj
d:\fangai\fangai_v2\bwapi\bwapi\release\bwtobwapi.obj
d:\fangai\fangai_v2\bwapi\bwapi\release\forceimpl.obj
d:\fangai\fangai_v2\bwapi\bwapi\release\gamemenu.obj
d:\fangai\fangai_v2\bwapi\bwapi\release\cheattype.obj
d:\fangai\fangai_v2\bwapi\bwapi\release\font.obj
d:\fangai\fangai_v2\bwapi\bwapi\release\pathing.obj
d:\fangai\fangai_v2\bwapi\bwapi\release\detours.obj
d:\fangai\fangai_v2\bwapi\bwapi\release\forceshared.obj
d:\fangai\fangai_v2\bwapi\bwapi\release\fpscounter.obj
d:\fangai\fangai_v2\bwapi\bwapi\release\gameevents.obj
d:\fangai\fangai_v2\bwapi\bwapi\release\server.obj
d:\fangai\fangai_v2\bwapi\bwapi\release\tileset.obj
d:\fangai\fangai_v2\bwapi\bwapi\release\dllmain.obj
d:\fangai\fangai_v2\bwapi\bwapi\release\regionshared.obj
d:\fangai\fangai_v2\bwapi\bwapi\release\automenumanager.obj
d:\fangai\fangai_v2\bwapi\bwapi\release\gameinternals.obj
d:\fangai\fangai_v2\bwapi\bwapi\release\unitupdate.obj
d:\fangai\fangai_v2\bwapi\bwapi\release\triggerengine.obj
d:\fangai\fangai_v2\bwapi\bwapi\release\exceptionfilter.obj
d:\fangai\fangai_v2\bwapi\bwapi\release\vc120.pdb
c:\users\dkfan\desktop\bwapi-4.1.2\bwapi\release\bwapi.dll
c:\users\dkfan\desktop\bwapi-4.1.2\bwapi\release\bwapi.pdb
d:\fangai\fangai_v2\bwapi\release\bwapi.dll
d:\fangai\fangai_v2\bwapi\release\bwapi.pdb
d:\fangai\fangai_v2\bwapi\bwapi\release\bwapi.tlog\cl.command.1.tlog
d:\fangai\fangai_v2\bwapi\bwapi\release\bwapi.tlog\cl.read.1.tlog
d:\fangai\fangai_v2\bwapi\bwapi\release\bwapi.tlog\cl.write.1.tlog
d:\fangai\fangai_v2\bwapi\bwapi\release\bwapi.tlog\link.command.1.tlog
d:\fangai\fangai_v2\bwapi\bwapi\release\bwapi.tlog\link.read.1.tlog
d:\fangai\fangai_v2\bwapi\bwapi\release\bwapi.tlog\link.write.1.tlog
