  AIControl.cpp
  Allies_Watch.cpp
  Attack_Add.cpp
  Attack_Clear.cpp
  Attack_Do.cpp
  Attack_Prepare.cpp
  Build.cpp
  Build_Bunkers.cpp
  BWScriptEmulator.cpp
  Call.cpp
  Capt_Expand.cpp
  Check_Transports.cpp
  Clear_Combatdata.cpp
  ComputerAI.cpp
  Controller.cpp
  Create_Unit.cpp
  Creep.cpp
  Debug.cpp
  Default_Build.cpp
  Default_Min.cpp
  DefenseBuild.cpp
  DefenseClear.cpp
  DefenseUse.cpp
  Define_Max.cpp
  Dll.cpp
  Enter_Transport.cpp
  Eval_Harass.cpp
  Expand.cpp
  Fake_Nuke.cpp
  Farms_Timing.cpp
  Get_OldPeons.cpp
  Give_Money.cpp
  Goto.cpp
  Groundmap_Jump.cpp
  Guard.cpp
  Guard_All.cpp
  Guard_Resources.cpp
  Harass_Factor.cpp
  Harass_Location.cpp
  Help_IfTrouble.cpp
  If_Dif.cpp
  If_Owned.cpp
  Implode.cpp
  JunkYardDog.cpp
  Killable.cpp
  Kill_Thread.cpp
  Location.cpp
  Nuke_Pos.cpp
  Order_Region.cpp
  Max_Force.cpp
  Military.cpp
  Move_DT.cpp
  Multirun.cpp
  Notowns_Jump.cpp
  Nuke_Rate.cpp
  Opcode.cpp
  OrderEmulate.cpp
  Panic.cpp
  Place_Guard.cpp
  Player_Ally.cpp
  Player_Need.cpp
  Prep_Down.cpp
  Race_Jump.cpp
  Random_Jump.cpp
  Region_Size.cpp
  ComputerReturn.cpp
  Resources_Jump.cpp
  Return.cpp
  Rush.cpp
  Scout_With.cpp
  Send_Suicide.cpp
  Set_Attacks.cpp
  Set_Gencmd.cpp
  Set_RandomSeed.cpp
  Sharedvision.cpp
  Start_Campaign.cpp
  Start_Town.cpp
  Stop.cpp
  Switch_Rescue.cpp
  Target_Expansion.cpp
  Task.cpp
  Tech.cpp
  Time_Jump.cpp
  Town.cpp
  Train.cpp
  Try_Townpoint.cpp
  UnitInfo.cpp
  Upgrade.cpp
  Use_Ability.cpp
  Value_Area.cpp
  Wait.cpp
  Wait_Build.cpp
  Wait_Bunkers.cpp
  Wait_FinishAttack.cpp
  Wait_Train.cpp
  Wait_Upgrades.cpp
  Worker.cpp
  ScriptEnum.cpp
  ScriptOpcodes.cpp
  ScriptThread.cpp
  UType.cpp
     Creating library Debug\BWScriptEmulator.lib and object Debug\BWScriptEmulator.exp
  BWScriptEmulator.vcxproj -> C:\Users\dkfan\Desktop\bwapi-4.1.2\bwapi\Debug\BWScriptEmulator.dll
  BWScriptEmulator.vcxproj -> C:\Users\dkfan\Desktop\bwapi-4.1.2\bwapi\Debug\BWScriptEmulator.pdb (Full PDB)
