#
# A fatal error has been detected by the Java Runtime Environment:
#
#  EXCEPTION_ACCESS_VIOLATION (0xc0000005) at pc=0x0fcbcca3, pid=15196, tid=10412
#
# JRE version: Java(TM) SE Runtime Environment (7.0_80-b15) (build 1.7.0_80-b15)
# Java VM: Java HotSpot(TM) Client VM (24.80-b11 mixed mode, sharing windows-x86 )
# Problematic frame:
# C  [bwapi_bridge2_5.dll+0x1cca3]
#
# Failed to write core dump. Minidumps are not enabled by default on client versions of Windows
#
# If you would like to submit a bug report, please visit:
#   http://bugreport.java.com/bugreport/crash.jsp
# The crash happened outside the Java Virtual Machine in native code.
# See problematic frame for where to report the bug.
#

---------------  T H R E A D  ---------------

Current thread (0x030ec000):  JavaThread "main" [_thread_in_native, id=10412, stack(0x02dd0000,0x02e20000)]

siginfo: ExceptionCode=0xc0000005, reading address 0x08074dcc

Registers:
EAX=0x030ec000, EBX=0x030ec000, ECX=0x08074dcc, EDX=0x02e1d9c8
ESP=0x02e1d9bc, EBP=0x02e1d9d8, ESI=0x08074dcc, EDI=0x030ec000
EIP=0x0fcbcca3, EFLAGS=0x00010202

Top of Stack: (sp=0x02e1d9bc)
0x02e1d9bc:   08074dcc 00000000 0000000c 00000eb0
0x02e1d9cc:   030ec000 0000000c 06a37125 02e1da08
0x02e1d9dc:   03194a61 030ec130 02e1d9f0 08074dcc
0x02e1d9ec:   030ec000 29d60108 0fcbb2ad 055f3028
0x02e1d9fc:   02f6f514 02f6ad04 02e1da20 02e1dbe0
0x02e1da0c:   0319011c 08074dcc 030ec000 02f6f514
0x02e1da1c:   02f6ad04 0fea9bd8 00000000 00746500
0x02e1da2c:   0fea9bd8 02e1da78 0fcd51ef 00000000 

Instructions: (pc=0x0fcbcca3)
0x0fcbcc83:   83 e4 f8 83 ec 18 a1 08 40 ea 0f 33 c4 89 44 24
0x0fcbcc93:   14 8b 4d 10 8d 54 24 08 8b 45 14 56 89 44 24 10
0x0fcbcca3:   8b 01 57 8b 7d 08 52 ff 50 18 83 ec 18 8b cc 6a
0x0fcbccb3:   0e c7 41 14 0f 00 00 00 c7 41 10 00 00 00 00 68 


Register to memory mapping:

EAX=0x030ec000 is a thread
EBX=0x030ec000 is a thread
ECX=0x08074dcc is an unknown value
EDX=0x02e1d9c8 is pointing into the stack for thread: 0x030ec000
ESP=0x02e1d9bc is pointing into the stack for thread: 0x030ec000
EBP=0x02e1d9d8 is pointing into the stack for thread: 0x030ec000
ESI=0x08074dcc is an unknown value
EDI=0x030ec000 is a thread


Stack: [0x02dd0000,0x02e20000],  sp=0x02e1d9bc,  free space=310k
Native frames: (J=compiled Java code, j=interpreted, Vv=VM code, C=native code)
C  [bwapi_bridge2_5.dll+0x1cca3]
J 75  bwapi.Unit.getPosition_native(J)Lbwapi/Position; (0 bytes) @ 0x03194a61 [0x031949d0+0x91]
J 58 C1 FangSM.mineClosest(Lbwapi/Unit;Lbwapi/Game;)V (145 bytes) @ 0x0319011c [0x03190040+0xdc]
J 124 C1 FangSM.Action(Lbwapi/Unit;Lbwapi/Game;)Z (102 bytes) @ 0x031a3c00 [0x031a3a00+0x200]
J 111 C1 FangBot.onFrame()V (124 bytes) @ 0x0319d794 [0x0319d4f0+0x2a4]
J 147 C1 bwapi.AIModule.onFrame()V (17 bytes) @ 0x031a8bc4 [0x031a8b90+0x34]
v  ~StubRoutines::call_stub
V  [jvm.dll+0x1429aa]
V  [jvm.dll+0x20743e]
V  [jvm.dll+0x142a2d]
V  [jvm.dll+0xcb7b2]
V  [jvm.dll+0xcf403]
C  [bwapi_bridge2_5.dll+0x1b20d]
C  [bwapi_bridge2_5.dll+0x75101]
j  bwapi.Mirror.startGame()V+0
j  FangBot.run()V+15
j  FangBot.main([Ljava/lang/String;)V+7
v  ~StubRoutines::call_stub
V  [jvm.dll+0x1429aa]
V  [jvm.dll+0x20743e]
V  [jvm.dll+0x142a2d]
V  [jvm.dll+0xcb535]
V  [jvm.dll+0xd61d7]
C  [javaw.exe+0x2070]
C  [javaw.exe+0xa6d1]
C  [javaw.exe+0xa75b]
C  [KERNEL32.DLL+0x16394]
C  [ntdll.dll+0x604bb]
C  [ntdll.dll+0x6048b]

Java frames: (J=compiled Java code, j=interpreted, Vv=VM code)
J 75  bwapi.Unit.getPosition_native(J)Lbwapi/Position; (0 bytes) @ 0x03194a1d [0x031949d0+0x4d]
J 58 C1 FangSM.mineClosest(Lbwapi/Unit;Lbwapi/Game;)V (145 bytes) @ 0x0319011c [0x03190040+0xdc]
J 124 C1 FangSM.Action(Lbwapi/Unit;Lbwapi/Game;)Z (102 bytes) @ 0x031a3c00 [0x031a3a00+0x200]
J 111 C1 FangBot.onFrame()V (124 bytes) @ 0x0319d794 [0x0319d4f0+0x2a4]
J 147 C1 bwapi.AIModule.onFrame()V (17 bytes) @ 0x031a8bc4 [0x031a8b90+0x34]
v  ~StubRoutines::call_stub
j  bwapi.Mirror.startGame()V+0
j  FangBot.run()V+15
j  FangBot.main([Ljava/lang/String;)V+7
v  ~StubRoutines::call_stub

---------------  P R O C E S S  ---------------

Java Threads: ( => current thread )
  0x02fe6000 JavaThread "Service Thread" daemon [_thread_blocked, id=4480, stack(0x05500000,0x05550000)]
  0x02fe2000 JavaThread "C1 CompilerThread0" daemon [_thread_blocked, id=17276, stack(0x05470000,0x054c0000)]
  0x02fe1000 JavaThread "Attach Listener" daemon [_thread_blocked, id=5292, stack(0x053e0000,0x05430000)]
  0x02fdfc00 JavaThread "Signal Dispatcher" daemon [_thread_blocked, id=10036, stack(0x05350000,0x053a0000)]
  0x02f71000 JavaThread "Finalizer" daemon [_thread_blocked, id=11496, stack(0x052c0000,0x05310000)]
  0x02f6f800 JavaThread "Reference Handler" daemon [_thread_blocked, id=1564, stack(0x05230000,0x05280000)]
=>0x030ec000 JavaThread "main" [_thread_in_native, id=10412, stack(0x02dd0000,0x02e20000)]

Other Threads:
  0x02f6d800 VMThread [stack: 0x051a0000,0x051f0000] [id=10320]
  0x02fefc00 WatcherThread [stack: 0x05590000,0x055e0000] [id=9828]

VM state:not at safepoint (normal execution)

VM Mutex/Monitor currently owned by a thread: None

Heap
 def new generation   total 4928K, used 712K [0x24800000, 0x24d50000, 0x29d50000)
  eden space 4416K,  16% used [0x24800000, 0x248b2008, 0x24c50000)
  from space 512K,   0% used [0x24cd0000, 0x24cd0348, 0x24d50000)
  to   space 512K,   0% used [0x24c50000, 0x24c50000, 0x24cd0000)
 tenured generation   total 10944K, used 248K [0x29d50000, 0x2a800000, 0x34800000)
   the space 10944K,   2% used [0x29d50000, 0x29d8e318, 0x29d8e400, 0x2a800000)
 compacting perm gen  total 12288K, used 601K [0x34800000, 0x35400000, 0x38800000)
   the space 12288K,   4% used [0x34800000, 0x34896400, 0x34896400, 0x35400000)
    ro space 10240K,  42% used [0x38800000, 0x38c37108, 0x38c37200, 0x39200000)
    rw space 12288K,  52% used [0x39200000, 0x39841738, 0x39841800, 0x39e00000)

Card table byte_map: [0x050f0000,0x051a0000] byte_map_base: 0x04fcc000

Polling page: 0x01690000

Code Cache  [0x030f0000, 0x031b0000, 0x050f0000)
 total_blobs=294 nmethods=156 adapters=75 free_code_cache=32021Kb largest_free_block=32789888

Compilation events (10 events):
Event: 25.551 Thread 0x02fe2000  149             FangSM::createUnit (14 bytes)
Event: 25.551 Thread 0x02fe2000 nmethod 149 0x031a9288 code [0x031a9390, 0x031a9468]
Event: 25.551 Thread 0x02fe2000  150             Base::drawLayout (39 bytes)
Event: 25.551 Thread 0x02fe2000 nmethod 150 0x031a9548 code [0x031a9670, 0x031a97b4]
Event: 25.551 Thread 0x02fe2000  151             bwapi.Game::drawBoxMap (12 bytes)
Event: 25.551 Thread 0x02fe2000 nmethod 151 0x031a9948 code [0x031a9a40, 0x031a9aec]
Event: 27.816 Thread 0x02fe2000  153             bwapi.Player::get (53 bytes)
Event: 27.817 Thread 0x02fe2000 nmethod 153 0x031a9b48 code [0x031a9c80, 0x031a9e30]
Event: 29.035 Thread 0x02fe2000  156             BuildingUtil::drawBox (96 bytes)
Event: 29.035 Thread 0x02fe2000 nmethod 156 0x031aa488 code [0x031aa5b0, 0x031aa804]

GC Heap History (6 events):
Event: 14.536 GC heap before
{Heap before GC invocations=0 (full 0):
 def new generation   total 4928K, used 4416K [0x24800000, 0x24d50000, 0x29d50000)
  eden space 4416K, 100% used [0x24800000, 0x24c50000, 0x24c50000)
  from space 512K,   0% used [0x24c50000, 0x24c50000, 0x24cd0000)
  to   space 512K,   0% used [0x24cd0000, 0x24cd0000, 0x24d50000)
 tenured generation   total 10944K, used 0K [0x29d50000, 0x2a800000, 0x34800000)
   the space 10944K,   0% used [0x29d50000, 0x29d50000, 0x29d50200, 0x2a800000)
 compacting perm gen  total 12288K, used 600K [0x34800000, 0x35400000, 0x38800000)
   the space 12288K,   4% used [0x34800000, 0x348963f0, 0x34896400, 0x35400000)
    ro space 10240K,  42% used [0x38800000, 0x38c37108, 0x38c37200, 0x39200000)
    rw space 12288K,  52% used [0x39200000, 0x39841738, 0x39841800, 0x39e00000)
Event: 14.536 GC heap after
Heap after GC invocations=1 (full 0):
 def new generation   total 4928K, used 435K [0x24800000, 0x24d50000, 0x29d50000)
  eden space 4416K,   0% used [0x24800000, 0x24800000, 0x24c50000)
  from space 512K,  85% used [0x24cd0000, 0x24d3cdd8, 0x24d50000)
  to   space 512K,   0% used [0x24c50000, 0x24c50000, 0x24cd0000)
 tenured generation   total 10944K, used 0K [0x29d50000, 0x2a800000, 0x34800000)
   the space 10944K,   0% used [0x29d50000, 0x29d50000, 0x29d50200, 0x2a800000)
 compacting perm gen  total 12288K, used 600K [0x34800000, 0x35400000, 0x38800000)
   the space 12288K,   4% used [0x34800000, 0x348963f0, 0x34896400, 0x35400000)
    ro space 10240K,  42% used [0x38800000, 0x38c37108, 0x38c37200, 0x39200000)
    rw space 12288K,  52% used [0x39200000, 0x39841738, 0x39841800, 0x39e00000)
}
Event: 26.677 GC heap before
{Heap before GC invocations=1 (full 0):
 def new generation   total 4928K, used 4851K [0x24800000, 0x24d50000, 0x29d50000)
  eden space 4416K, 100% used [0x24800000, 0x24c50000, 0x24c50000)
  from space 512K,  85% used [0x24cd0000, 0x24d3cdd8, 0x24d50000)
  to   space 512K,   0% used [0x24c50000, 0x24c50000, 0x24cd0000)
 tenured generation   total 10944K, used 0K [0x29d50000, 0x2a800000, 0x34800000)
   the space 10944K,   0% used [0x29d50000, 0x29d50000, 0x29d50200, 0x2a800000)
 compacting perm gen  total 12288K, used 600K [0x34800000, 0x35400000, 0x38800000)
   the space 12288K,   4% used [0x34800000, 0x348963f0, 0x34896400, 0x35400000)
    ro space 10240K,  42% used [0x38800000, 0x38c37108, 0x38c37200, 0x39200000)
    rw space 12288K,  52% used [0x39200000, 0x39841738, 0x39841800, 0x39e00000)
Event: 26.677 GC heap after
Heap after GC invocations=2 (full 0):
 def new generation   total 4928K, used 0K [0x24800000, 0x24d50000, 0x29d50000)
  eden space 4416K,   0% used [0x24800000, 0x24800000, 0x24c50000)
  from space 512K,   0% used [0x24c50000, 0x24c502c8, 0x24cd0000)
  to   space 512K,   0% used [0x24cd0000, 0x24cd0000, 0x24d50000)
 tenured generation   total 10944K, used 248K [0x29d50000, 0x2a800000, 0x34800000)
   the space 10944K,   2% used [0x29d50000, 0x29d8e318, 0x29d8e400, 0x2a800000)
 compacting perm gen  total 12288K, used 600K [0x34800000, 0x35400000, 0x38800000)
   the space 12288K,   4% used [0x34800000, 0x348963f0, 0x34896400, 0x35400000)
    ro space 10240K,  42% used [0x38800000, 0x38c37108, 0x38c37200, 0x39200000)
    rw space 12288K,  52% used [0x39200000, 0x39841738, 0x39841800, 0x39e00000)
}
Event: 36.411 GC heap before
{Heap before GC invocations=2 (full 0):
 def new generation   total 4928K, used 4416K [0x24800000, 0x24d50000, 0x29d50000)
  eden space 4416K, 100% used [0x24800000, 0x24c50000, 0x24c50000)
  from space 512K,   0% used [0x24c50000, 0x24c502c8, 0x24cd0000)
  to   space 512K,   0% used [0x24cd0000, 0x24cd0000, 0x24d50000)
 tenured generation   total 10944K, used 248K [0x29d50000, 0x2a800000, 0x34800000)
   the space 10944K,   2% used [0x29d50000, 0x29d8e318, 0x29d8e400, 0x2a800000)
 compacting perm gen  total 12288K, used 600K [0x34800000, 0x35400000, 0x38800000)
   the space 12288K,   4% used [0x34800000, 0x348963f0, 0x34896400, 0x35400000)
    ro space 10240K,  42% used [0x38800000, 0x38c37108, 0x38c37200, 0x39200000)
    rw space 12288K,  52% used [0x39200000, 0x39841738, 0x39841800, 0x39e00000)
Event: 36.411 GC heap after
Heap after GC invocations=3 (full 0):
 def new generation   total 4928K, used 0K [0x24800000, 0x24d50000, 0x29d50000)
  eden space 4416K,   0% used [0x24800000, 0x24800000, 0x24c50000)
  from space 512K,   0% used [0x24cd0000, 0x24cd0348, 0x24d50000)
  to   space 512K,   0% used [0x24c50000, 0x24c50000, 0x24cd0000)
 tenured generation   total 10944K, used 248K [0x29d50000, 0x2a800000, 0x34800000)
   the space 10944K,   2% used [0x29d50000, 0x29d8e318, 0x29d8e400, 0x2a800000)
 compacting perm gen  total 12288K, used 600K [0x34800000, 0x35400000, 0x38800000)
   the space 12288K,   4% used [0x34800000, 0x348963f0, 0x34896400, 0x35400000)
    ro space 10240K,  42% used [0x38800000, 0x38c37108, 0x38c37200, 0x39200000)
    rw space 12288K,  52% used [0x39200000, 0x39841738, 0x39841800, 0x39e00000)
}

Deoptimization events (0 events):
No events

Internal exceptions (10 events):
Event: 0.037 Thread 0x030ec000 Threw 0x248f00e8 at C:\re\jdk7u80\2329\hotspot\src\share\vm\prims\jvm.cpp:1319
Event: 0.037 Thread 0x030ec000 Threw 0x248f6d08 at C:\re\jdk7u80\2329\hotspot\src\share\vm\prims\jvm.cpp:1319
Event: 2.145 Thread 0x030ec000 Threw 0x24902930 at C:\re\jdk7u80\2329\hotspot\src\share\vm\prims\jvm.cpp:1319
Event: 2.147 Thread 0x030ec000 Threw 0x24911d30 at C:\re\jdk7u80\2329\hotspot\src\share\vm\prims\jvm.cpp:1319
Event: 2.148 Thread 0x030ec000 Threw 0x24914d38 at C:\re\jdk7u80\2329\hotspot\src\share\vm\prims\jvm.cpp:1319
Event: 2.614 Thread 0x030ec000 Threw 0x249249b0 at C:\re\jdk7u80\2329\hotspot\src\share\vm\prims\jvm.cpp:1319
Event: 2.967 Thread 0x030ec000 Threw 0x24928320 at C:\re\jdk7u80\2329\hotspot\src\share\vm\prims\jvm.cpp:1319
Event: 2.968 Thread 0x030ec000 Threw 0x2492a7d0 at C:\re\jdk7u80\2329\hotspot\src\share\vm\prims\jvm.cpp:1319
Event: 2.969 Thread 0x030ec000 Threw 0x24931308 at C:\re\jdk7u80\2329\hotspot\src\share\vm\prims\jvm.cpp:1319
Event: 2.969 Thread 0x030ec000 Threw 0x24934520 at C:\re\jdk7u80\2329\hotspot\src\share\vm\prims\jvm.cpp:1319

Events (10 events):
Event: 2.969 loading class 0x0300a710
Event: 2.969 loading class 0x0300a710 done
Event: 4.031 Executing VM operation: EnableBiasedLocking
Event: 4.031 Executing VM operation: EnableBiasedLocking done
Event: 14.535 Executing VM operation: GenCollectForAllocation
Event: 14.536 Executing VM operation: GenCollectForAllocation done
Event: 26.677 Executing VM operation: GenCollectForAllocation
Event: 26.677 Executing VM operation: GenCollectForAllocation done
Event: 36.411 Executing VM operation: GenCollectForAllocation
Event: 36.411 Executing VM operation: GenCollectForAllocation done


Dynamic libraries:
0x00e20000 - 0x00e4f000 	C:\Program Files (x86)\Java\jre7\bin\javaw.exe
0x77b50000 - 0x77ccf000 	C:\WINDOWS\SYSTEM32\ntdll.dll
0x770a0000 - 0x77180000 	C:\WINDOWS\System32\KERNEL32.DLL
0x775f0000 - 0x7779e000 	C:\WINDOWS\System32\KERNELBASE.dll
0x77990000 - 0x77a06000 	C:\WINDOWS\System32\ADVAPI32.dll
0x77180000 - 0x7723d000 	C:\WINDOWS\System32\msvcrt.dll
0x76370000 - 0x763b1000 	C:\WINDOWS\System32\sechost.dll
0x76c00000 - 0x76cbc000 	C:\WINDOWS\System32\RPCRT4.dll
0x74740000 - 0x7475e000 	C:\WINDOWS\System32\SspiCli.dll
0x74730000 - 0x7473a000 	C:\WINDOWS\System32\CRYPTBASE.dll
0x777f0000 - 0x77848000 	C:\WINDOWS\System32\bcryptPrimitives.dll
0x76cc0000 - 0x76e0d000 	C:\WINDOWS\System32\USER32.dll
0x774c0000 - 0x774d6000 	C:\WINDOWS\System32\win32u.dll
0x77400000 - 0x7742a000 	C:\WINDOWS\System32\GDI32.dll
0x74d10000 - 0x74e67000 	C:\WINDOWS\System32\gdi32full.dll
0x74290000 - 0x74490000 	C:\WINDOWS\WinSxS\x86_microsoft.windows.common-controls_6595b64144ccf1df_6.0.14946.1000_none_d33ee90ed06d81a5\COMCTL32.dll
0x763d0000 - 0x765df000 	C:\WINDOWS\System32\combase.dll
0x74f20000 - 0x74ffa000 	C:\WINDOWS\System32\ucrtbase.dll
0x774e0000 - 0x77505000 	C:\WINDOWS\System32\IMM32.DLL
0x77f50000 - 0x7800f000 	C:\Program Files (x86)\Java\jre7\bin\msvcr100.dll
0x6e3c0000 - 0x6e74b000 	C:\Program Files (x86)\Java\jre7\bin\client\jvm.dll
0x76660000 - 0x76666000 	C:\WINDOWS\System32\PSAPI.DLL
0x73f40000 - 0x73f48000 	C:\WINDOWS\SYSTEM32\WSOCK32.dll
0x77580000 - 0x775e2000 	C:\WINDOWS\System32\WS2_32.dll
0x73f80000 - 0x73fa4000 	C:\WINDOWS\SYSTEM32\WINMM.dll
0x73f50000 - 0x73f73000 	C:\WINDOWS\SYSTEM32\WINMMBASE.dll
0x74cc0000 - 0x74cf5000 	C:\WINDOWS\System32\cfgmgr32.dll
0x601b0000 - 0x601bc000 	C:\Program Files (x86)\Java\jre7\bin\verify.dll
0x58830000 - 0x58851000 	C:\Program Files (x86)\Java\jre7\bin\java.dll
0x58810000 - 0x58823000 	C:\Program Files (x86)\Java\jre7\bin\zip.dll
0x0fca0000 - 0x0ff26000 	C:\Users\dkfan\Desktop\ExampleBot\bwapi_bridge2_5.dll
0x6fea0000 - 0x6ff11000 	C:\WINDOWS\SYSTEM32\MSVCP120.dll
0x6ff20000 - 0x7000e000 	C:\WINDOWS\SYSTEM32\MSVCR120.dll
0x6acc0000 - 0x6ad27000 	C:\Users\dkfan\Desktop\ExampleBot\libgmp-10.dll
0x6f540000 - 0x6f59e000 	C:\Users\dkfan\Desktop\ExampleBot\libmpfr-4.dll
0x70d70000 - 0x70ebb000 	C:\WINDOWS\SYSTEM32\dbghelp.dll

VM Arguments:
jvm_args: -Dfile.encoding=Cp1252 
java_command: FangBot
Launcher Type: SUN_STANDARD

Environment Variables:
PATH=C:/Program Files (x86)/Java/jre1.8.0_111/bin/client;C:/Program Files (x86)/Java/jre1.8.0_111/bin;C:/Program Files (x86)/Java/jre1.8.0_111/lib/i386;C:\ProgramData\Oracle\Java\javapath;C:\Program Files\Haskell\bin;C:\Program Files\Haskell Platform\8.0.1\lib\extralibs\bin;C:\Program Files\Haskell Platform\8.0.1\bin;C:\Windows\system32;C:\Windows;C:\Windows\System32\Wbem;C:\Windows\System32\WindowsPowerShell\v1.0\;C:\Program Files (x86)\NVIDIA Corporation\PhysX\Common;C:\Program Files\Haskell Platform\8.0.1\mingw\bin;C:\Program Files (x86)\Brackets\command;C:\Program Files (x86)\GtkSharp\2.12\bin;C:\WINDOWS\system32;C:\WINDOWS;C:\WINDOWS\System32\Wbem;C:\WINDOWS\System32\WindowsPowerShell\v1.0\;C:\Program Files (x86)\Windows Live\Shared;C:\Program Files (x86)\Windows Kits\8.1\Windows Performance Toolkit\;C:\Users\dkfan\AppData\Roaming\cabal\bin;C:\Users\dkfan\AppData\Roaming\local\bin;C:\Users\dkfan\AppData\Local\Microsoft\WindowsApps;
USERNAME=dkfan
OS=Windows_NT
PROCESSOR_IDENTIFIER=Intel64 Family 6 Model 94 Stepping 3, GenuineIntel



---------------  S Y S T E M  ---------------

OS: Windows 8.1 , 64 bit Build 9600 

CPU:total 8 (4 cores per cpu, 2 threads per core) family 6 model 94 stepping 3, cmov, cx8, fxsr, mmx, sse, sse2, sse3, ssse3, sse4.1, sse4.2, popcnt, avx, avx2, aes, erms, ht, tsc, tscinvbit

Memory: 4k page, physical 16694876k(9780636k free), swap 19185244k(9657036k free)

vm_info: Java HotSpot(TM) Client VM (24.80-b11) for windows-x86 JRE (1.7.0_80-b15), built on Apr 10 2015 13:33:35 by "java_re" with unknown MS VC++:1600

time: Tue Nov 15 11:15:54 2016
elapsed time: 56 seconds

