#
# A fatal error has been detected by the Java Runtime Environment:
#
#  EXCEPTION_ACCESS_VIOLATION (0xc0000005) at pc=0x6e3154bb, pid=3028, tid=17104
#
# JRE version: Java(TM) SE Runtime Environment (7.0_79-b15) (build 1.7.0_79-b15)
# Java VM: Java HotSpot(TM) Client VM (24.79-b02 mixed mode, sharing windows-x86 )
# Problematic frame:
# V  [jvm.dll+0xc54bb]
#
# Failed to write core dump. Minidumps are not enabled by default on client versions of Windows
#
# If you would like to submit a bug report, please visit:
#   http://bugreport.java.com/bugreport/crash.jsp
#

---------------  T H R E A D  ---------------

Current thread (0x0097d400):  JavaThread "main" [_thread_in_vm, id=17104, stack(0x00f00000,0x00f50000)]

siginfo: ExceptionCode=0xc0000005, reading address 0x00000000

Registers:
EAX=0x00000000, EBX=0x04b67398, ECX=0x00000000, EDX=0x00000007
ESP=0x00f4d984, EBP=0x00f4d9a0, ESI=0x0097d530, EDI=0x0097d400
EIP=0x6e3154bb, EFLAGS=0x00010246

Top of Stack: (sp=0x00f4d984)
0x00f4d984:   00f4da98 00000000 04b67398 0097d400
0x00f4d994:   00000000 00000000 04b67398 00f4da24
0x00f4d9a4:   0f4ec65a 0097d530 00000000 6e696f70
0x00f4d9b4:   00726574 00f4da24 0f4ec61e 00000007
0x00f4d9c4:   0000000f 624c004a 69706177 696e552f
0x00f4d9d4:   00003b74 00000001 0000000f 09184124
0x00f4d9e4:   0097d400 075d2204 0097d400 0097d400
0x00f4d9f4:   0f519212 0097d530 009f0e48 00f4d9c8 

Instructions: (pc=0x6e3154bb)
0x6e31549b:   f3 ff 83 c4 08 83 7f 04 00 89 7d f0 c7 45 f4 00
0x6e3154ab:   00 00 00 74 08 8d 4d f0 e8 a8 a6 0c 00 8b 45 0c
0x6e3154bb:   8b 08 8b 51 04 8b 42 40 50 56 e8 26 df 07 00 83
0x6e3154cb:   c4 08 83 7d f4 00 89 45 08 74 08 8d 4d f0 e8 c2 


Register to memory mapping:

EAX=0x00000000 is an unknown value
EBX=0x04b67398 is a global jni handle
ECX=0x00000000 is an unknown value
EDX=0x00000007 is an unknown value
ESP=0x00f4d984 is pointing into the stack for thread: 0x0097d400
EBP=0x00f4d9a0 is pointing into the stack for thread: 0x0097d400
ESI=0x0097d530 is an unknown value
EDI=0x0097d400 is a thread


Stack: [0x00f00000,0x00f50000],  sp=0x00f4d984,  free space=310k
Native frames: (J=compiled Java code, j=interpreted, Vv=VM code, C=native code)
V  [jvm.dll+0xc54bb]
C  [bwapi_bridge2_5.dll+0x1c65a]
C  [bwapi_bridge2_5.dll+0x387be]
J 173  bwapi.Unit.issueCommand_native(JLbwapi/UnitCommand;)Z (0 bytes) @ 0x027cb2f8 [0x027cb250+0xa8]
J 180 C1 FangSM.Kite(Lbwapi/Unit;Lbwapi/Unit;)V (129 bytes) @ 0x027cdeb0 [0x027cdc40+0x270]
J 179 C1 FangSM.Action(Lbwapi/Unit;Lbwapi/Game;LFangSM$Role;Lbwapi/Unit;)Z (75 bytes) @ 0x027cd7fc [0x027cd740+0xbc]
J 75 C1 FangBot.onFrame()V (952 bytes) @ 0x027b3550 [0x027b2520+0x1030]
J 114 C1 bwapi.AIModule.onFrame()V (17 bytes) @ 0x027bfd04 [0x027bfcd0+0x34]
v  ~StubRoutines::call_stub
V  [jvm.dll+0x14234a]
V  [jvm.dll+0x206ebe]
V  [jvm.dll+0x1423cd]
V  [jvm.dll+0xcb5c2]
V  [jvm.dll+0xcf213]
C  [bwapi_bridge2_5.dll+0x1b20d]
C  [bwapi_bridge2_5.dll+0x75101]
j  bwapi.Mirror.startGame()V+0
j  FangBot.run()V+15
j  FangBot.main([Ljava/lang/String;)V+7
v  ~StubRoutines::call_stub
V  [jvm.dll+0x14234a]
V  [jvm.dll+0x206ebe]
V  [jvm.dll+0x1423cd]
V  [jvm.dll+0xcb345]
V  [jvm.dll+0xd5ff7]
C  [javaw.exe+0x2070]
C  [javaw.exe+0xa601]
C  [javaw.exe+0xa68b]
C  [KERNEL32.DLL+0x162c4]
C  [ntdll.dll+0x60719]
C  [ntdll.dll+0x606e4]

Java frames: (J=compiled Java code, j=interpreted, Vv=VM code)
J 173  bwapi.Unit.issueCommand_native(JLbwapi/UnitCommand;)Z (0 bytes) @ 0x027cb2b4 [0x027cb250+0x64]
J 180 C1 FangSM.Kite(Lbwapi/Unit;Lbwapi/Unit;)V (129 bytes) @ 0x027cdeb0 [0x027cdc40+0x270]
J 179 C1 FangSM.Action(Lbwapi/Unit;Lbwapi/Game;LFangSM$Role;Lbwapi/Unit;)Z (75 bytes) @ 0x027cd7fc [0x027cd740+0xbc]
J 75 C1 FangBot.onFrame()V (952 bytes) @ 0x027b3550 [0x027b2520+0x1030]
J 114 C1 bwapi.AIModule.onFrame()V (17 bytes) @ 0x027bfd04 [0x027bfcd0+0x34]
v  ~StubRoutines::call_stub
j  bwapi.Mirror.startGame()V+0
j  FangBot.run()V+15
j  FangBot.main([Ljava/lang/String;)V+7
v  ~StubRoutines::call_stub

---------------  P R O C E S S  ---------------

Java Threads: ( => current thread )
  0x0108d000 JavaThread "Service Thread" daemon [_thread_blocked, id=16128, stack(0x04a70000,0x04ac0000)]
  0x01087400 JavaThread "C1 CompilerThread0" daemon [_thread_blocked, id=3396, stack(0x049e0000,0x04a30000)]
  0x01086400 JavaThread "Attach Listener" daemon [_thread_blocked, id=11476, stack(0x04950000,0x049a0000)]
  0x01084000 JavaThread "Signal Dispatcher" daemon [_thread_blocked, id=17504, stack(0x048c0000,0x04910000)]
  0x01013800 JavaThread "Finalizer" daemon [_thread_blocked, id=18276, stack(0x04830000,0x04880000)]
  0x01011800 JavaThread "Reference Handler" daemon [_thread_blocked, id=204, stack(0x047a0000,0x047f0000)]
=>0x0097d400 JavaThread "main" [_thread_in_vm, id=17104, stack(0x00f00000,0x00f50000)]

Other Threads:
  0x01010400 VMThread [stack: 0x04710000,0x04760000] [id=1212]
  0x010a6000 WatcherThread [stack: 0x04b00000,0x04b50000] [id=15220]

VM state:not at safepoint (normal execution)

VM Mutex/Monitor currently owned by a thread: None

Heap
 def new generation   total 4928K, used 3047K [0x27200000, 0x27750000, 0x2c750000)
  eden space 4416K,  68% used [0x27200000, 0x274f22c8, 0x27650000)
  from space 512K,   5% used [0x276d0000, 0x276d79c8, 0x27750000)
  to   space 512K,   0% used [0x27650000, 0x27650000, 0x276d0000)
 tenured generation   total 10944K, used 273K [0x2c750000, 0x2d200000, 0x37200000)
   the space 10944K,   2% used [0x2c750000, 0x2c794748, 0x2c794800, 0x2d200000)
 compacting perm gen  total 12288K, used 638K [0x37200000, 0x37e00000, 0x3b200000)
   the space 12288K,   5% used [0x37200000, 0x3729f8f8, 0x3729fa00, 0x37e00000)
    ro space 10240K,  44% used [0x3b200000, 0x3b67c1d8, 0x3b67c200, 0x3bc00000)
    rw space 12288K,  52% used [0x3bc00000, 0x3c2440c0, 0x3c244200, 0x3c800000)

Card table byte_map: [0x01170000,0x01220000] byte_map_base: 0x01037000

Polling page: 0x00f50000

Code Cache  [0x02710000, 0x027d0000, 0x04710000)
 total_blobs=326 nmethods=188 adapters=75 free_code_cache=32001Kb largest_free_block=32769600

Compilation events (10 events):
Event: 73.103 Thread 0x01087400  184             java.lang.Math::round (19 bytes)
Event: 73.103 Thread 0x01087400 nmethod 184 0x027cedc8 code [0x027ceef0, 0x027cefec]
Event: 73.103 Thread 0x01087400  185             java.lang.Math::floor (5 bytes)
Event: 73.103 Thread 0x01087400 nmethod 185 0x027cf088 code [0x027cf1a0, 0x027cf24c]
Event: 73.103 Thread 0x01087400  186             java.lang.Math::getExponent (5 bytes)
Event: 73.104 Thread 0x01087400 nmethod 186 0x027cf2c8 code [0x027cf3c0, 0x027cf470]
Event: 73.104 Thread 0x01087400  187             sun.misc.FpUtils::getExponent (17 bytes)
Event: 73.104 Thread 0x01087400 nmethod 187 0x027cf4c8 code [0x027cf5c0, 0x027cf670]
Event: 73.324 Thread 0x01087400  188             java.lang.StrictMath::floorOrCeil (128 bytes)
Event: 73.324 Thread 0x01087400 nmethod 188 0x027cf6c8 code [0x027cf7c0, 0x027cf980]

GC Heap History (10 events):
Event: 75.746 GC heap before
{Heap before GC invocations=68 (full 0):
 def new generation   total 4928K, used 4437K [0x27200000, 0x27750000, 0x2c750000)
  eden space 4416K, 100% used [0x27200000, 0x27650000, 0x27650000)
  from space 512K,   4% used [0x27650000, 0x27655468, 0x276d0000)
  to   space 512K,   0% used [0x276d0000, 0x276d0000, 0x27750000)
 tenured generation   total 10944K, used 269K [0x2c750000, 0x2d200000, 0x37200000)
   the space 10944K,   2% used [0x2c750000, 0x2c7934c0, 0x2c793600, 0x2d200000)
 compacting perm gen  total 12288K, used 638K [0x37200000, 0x37e00000, 0x3b200000)
   the space 12288K,   5% used [0x37200000, 0x3729f8f8, 0x3729fa00, 0x37e00000)
    ro space 10240K,  44% used [0x3b200000, 0x3b67c1d8, 0x3b67c200, 0x3bc00000)
    rw space 12288K,  52% used [0x3bc00000, 0x3c2440c0, 0x3c244200, 0x3c800000)
Event: 75.747 GC heap after
Heap after GC invocations=69 (full 0):
 def new generation   total 4928K, used 21K [0x27200000, 0x27750000, 0x2c750000)
  eden space 4416K,   0% used [0x27200000, 0x27200000, 0x27650000)
  from space 512K,   4% used [0x276d0000, 0x276d5768, 0x27750000)
  to   space 512K,   0% used [0x27650000, 0x27650000, 0x276d0000)
 tenured generation   total 10944K, used 269K [0x2c750000, 0x2d200000, 0x37200000)
   the space 10944K,   2% used [0x2c750000, 0x2c7934c0, 0x2c793600, 0x2d200000)
 compacting perm gen  total 12288K, used 638K [0x37200000, 0x37e00000, 0x3b200000)
   the space 12288K,   5% used [0x37200000, 0x3729f8f8, 0x3729fa00, 0x37e00000)
    ro space 10240K,  44% used [0x3b200000, 0x3b67c1d8, 0x3b67c200, 0x3bc00000)
    rw space 12288K,  52% used [0x3bc00000, 0x3c2440c0, 0x3c244200, 0x3c800000)
}
Event: 76.659 GC heap before
{Heap before GC invocations=69 (full 0):
 def new generation   total 4928K, used 4437K [0x27200000, 0x27750000, 0x2c750000)
  eden space 4416K, 100% used [0x27200000, 0x27650000, 0x27650000)
  from space 512K,   4% used [0x276d0000, 0x276d5768, 0x27750000)
  to   space 512K,   0% used [0x27650000, 0x27650000, 0x276d0000)
 tenured generation   total 10944K, used 269K [0x2c750000, 0x2d200000, 0x37200000)
   the space 10944K,   2% used [0x2c750000, 0x2c7934c0, 0x2c793600, 0x2d200000)
 compacting perm gen  total 12288K, used 638K [0x37200000, 0x37e00000, 0x3b200000)
   the space 12288K,   5% used [0x37200000, 0x3729f8f8, 0x3729fa00, 0x37e00000)
    ro space 10240K,  44% used [0x3b200000, 0x3b67c1d8, 0x3b67c200, 0x3bc00000)
    rw space 12288K,  52% used [0x3bc00000, 0x3c2440c0, 0x3c244200, 0x3c800000)
Event: 76.659 GC heap after
Heap after GC invocations=70 (full 0):
 def new generation   total 4928K, used 18K [0x27200000, 0x27750000, 0x2c750000)
  eden space 4416K,   0% used [0x27200000, 0x27200000, 0x27650000)
  from space 512K,   3% used [0x27650000, 0x27654980, 0x276d0000)
  to   space 512K,   0% used [0x276d0000, 0x276d0000, 0x27750000)
 tenured generation   total 10944K, used 272K [0x2c750000, 0x2d200000, 0x37200000)
   the space 10944K,   2% used [0x2c750000, 0x2c7940b0, 0x2c794200, 0x2d200000)
 compacting perm gen  total 12288K, used 638K [0x37200000, 0x37e00000, 0x3b200000)
   the space 12288K,   5% used [0x37200000, 0x3729f8f8, 0x3729fa00, 0x37e00000)
    ro space 10240K,  44% used [0x3b200000, 0x3b67c1d8, 0x3b67c200, 0x3bc00000)
    rw space 12288K,  52% used [0x3bc00000, 0x3c2440c0, 0x3c244200, 0x3c800000)
}
Event: 77.585 GC heap before
{Heap before GC invocations=70 (full 0):
 def new generation   total 4928K, used 4434K [0x27200000, 0x27750000, 0x2c750000)
  eden space 4416K, 100% used [0x27200000, 0x27650000, 0x27650000)
  from space 512K,   3% used [0x27650000, 0x27654980, 0x276d0000)
  to   space 512K,   0% used [0x276d0000, 0x276d0000, 0x27750000)
 tenured generation   total 10944K, used 272K [0x2c750000, 0x2d200000, 0x37200000)
   the space 10944K,   2% used [0x2c750000, 0x2c7940b0, 0x2c794200, 0x2d200000)
 compacting perm gen  total 12288K, used 638K [0x37200000, 0x37e00000, 0x3b200000)
   the space 12288K,   5% used [0x37200000, 0x3729f8f8, 0x3729fa00, 0x37e00000)
    ro space 10240K,  44% used [0x3b200000, 0x3b67c1d8, 0x3b67c200, 0x3bc00000)
    rw space 12288K,  52% used [0x3bc00000, 0x3c2440c0, 0x3c244200, 0x3c800000)
Event: 77.585 GC heap after
Heap after GC invocations=71 (full 0):
 def new generation   total 4928K, used 31K [0x27200000, 0x27750000, 0x2c750000)
  eden space 4416K,   0% used [0x27200000, 0x27200000, 0x27650000)
  from space 512K,   6% used [0x276d0000, 0x276d7d48, 0x27750000)
  to   space 512K,   0% used [0x27650000, 0x27650000, 0x276d0000)
 tenured generation   total 10944K, used 272K [0x2c750000, 0x2d200000, 0x37200000)
   the space 10944K,   2% used [0x2c750000, 0x2c794160, 0x2c794200, 0x2d200000)
 compacting perm gen  total 12288K, used 638K [0x37200000, 0x37e00000, 0x3b200000)
   the space 12288K,   5% used [0x37200000, 0x3729f8f8, 0x3729fa00, 0x37e00000)
    ro space 10240K,  44% used [0x3b200000, 0x3b67c1d8, 0x3b67c200, 0x3bc00000)
    rw space 12288K,  52% used [0x3bc00000, 0x3c2440c0, 0x3c244200, 0x3c800000)
}
Event: 78.541 GC heap before
{Heap before GC invocations=71 (full 0):
 def new generation   total 4928K, used 4447K [0x27200000, 0x27750000, 0x2c750000)
  eden space 4416K, 100% used [0x27200000, 0x27650000, 0x27650000)
  from space 512K,   6% used [0x276d0000, 0x276d7d48, 0x27750000)
  to   space 512K,   0% used [0x27650000, 0x27650000, 0x276d0000)
 tenured generation   total 10944K, used 272K [0x2c750000, 0x2d200000, 0x37200000)
   the space 10944K,   2% used [0x2c750000, 0x2c794160, 0x2c794200, 0x2d200000)
 compacting perm gen  total 12288K, used 638K [0x37200000, 0x37e00000, 0x3b200000)
   the space 12288K,   5% used [0x37200000, 0x3729f8f8, 0x3729fa00, 0x37e00000)
    ro space 10240K,  44% used [0x3b200000, 0x3b67c1d8, 0x3b67c200, 0x3bc00000)
    rw space 12288K,  52% used [0x3bc00000, 0x3c2440c0, 0x3c244200, 0x3c800000)
Event: 78.542 GC heap after
Heap after GC invocations=72 (full 0):
 def new generation   total 4928K, used 30K [0x27200000, 0x27750000, 0x2c750000)
  eden space 4416K,   0% used [0x27200000, 0x27200000, 0x27650000)
  from space 512K,   6% used [0x27650000, 0x27657be0, 0x276d0000)
  to   space 512K,   0% used [0x276d0000, 0x276d0000, 0x27750000)
 tenured generation   total 10944K, used 272K [0x2c750000, 0x2d200000, 0x37200000)
   the space 10944K,   2% used [0x2c750000, 0x2c794358, 0x2c794400, 0x2d200000)
 compacting perm gen  total 12288K, used 638K [0x37200000, 0x37e00000, 0x3b200000)
   the space 12288K,   5% used [0x37200000, 0x3729f8f8, 0x3729fa00, 0x37e00000)
    ro space 10240K,  44% used [0x3b200000, 0x3b67c1d8, 0x3b67c200, 0x3bc00000)
    rw space 12288K,  52% used [0x3bc00000, 0x3c2440c0, 0x3c244200, 0x3c800000)
}
Event: 79.558 GC heap before
{Heap before GC invocations=72 (full 0):
 def new generation   total 4928K, used 4446K [0x27200000, 0x27750000, 0x2c750000)
  eden space 4416K, 100% used [0x27200000, 0x27650000, 0x27650000)
  from space 512K,   6% used [0x27650000, 0x27657be0, 0x276d0000)
  to   space 512K,   0% used [0x276d0000, 0x276d0000, 0x27750000)
 tenured generation   total 10944K, used 272K [0x2c750000, 0x2d200000, 0x37200000)
   the space 10944K,   2% used [0x2c750000, 0x2c794358, 0x2c794400, 0x2d200000)
 compacting perm gen  total 12288K, used 638K [0x37200000, 0x37e00000, 0x3b200000)
   the space 12288K,   5% used [0x37200000, 0x3729f8f8, 0x3729fa00, 0x37e00000)
    ro space 10240K,  44% used [0x3b200000, 0x3b67c1d8, 0x3b67c200, 0x3bc00000)
    rw space 12288K,  52% used [0x3bc00000, 0x3c2440c0, 0x3c244200, 0x3c800000)
Event: 79.559 GC heap after
Heap after GC invocations=73 (full 0):
 def new generation   total 4928K, used 30K [0x27200000, 0x27750000, 0x2c750000)
  eden space 4416K,   0% used [0x27200000, 0x27200000, 0x27650000)
  from space 512K,   5% used [0x276d0000, 0x276d79c8, 0x27750000)
  to   space 512K,   0% used [0x27650000, 0x27650000, 0x276d0000)
 tenured generation   total 10944K, used 273K [0x2c750000, 0x2d200000, 0x37200000)
   the space 10944K,   2% used [0x2c750000, 0x2c794748, 0x2c794800, 0x2d200000)
 compacting perm gen  total 12288K, used 638K [0x37200000, 0x37e00000, 0x3b200000)
   the space 12288K,   5% used [0x37200000, 0x3729f8f8, 0x3729fa00, 0x37e00000)
    ro space 10240K,  44% used [0x3b200000, 0x3b67c1d8, 0x3b67c200, 0x3bc00000)
    rw space 12288K,  52% used [0x3bc00000, 0x3c2440c0, 0x3c244200, 0x3c800000)
}

Deoptimization events (0 events):
No events

Internal exceptions (10 events):
Event: 66.178 Thread 0x0097d400 Implicit null exception at 0x027c7f9c to 0x027c804b
Event: 66.178 Thread 0x0097d400 Threw 0x27434920 at C:\re\jdk7u79\2331\hotspot\src\share\vm\runtime\sharedRuntime.cpp:591
Event: 66.191 Thread 0x0097d400 Implicit null exception at 0x027c7f9c to 0x027c804b
Event: 66.191 Thread 0x0097d400 Threw 0x27435ff8 at C:\re\jdk7u79\2331\hotspot\src\share\vm\runtime\sharedRuntime.cpp:591
Event: 66.192 Thread 0x0097d400 Implicit null exception at 0x027c7f9c to 0x027c804b
Event: 66.192 Thread 0x0097d400 Threw 0x274376d0 at C:\re\jdk7u79\2331\hotspot\src\share\vm\runtime\sharedRuntime.cpp:591
Event: 66.194 Thread 0x0097d400 Implicit null exception at 0x027c7f9c to 0x027c804b
Event: 66.194 Thread 0x0097d400 Threw 0x27438dc8 at C:\re\jdk7u79\2331\hotspot\src\share\vm\runtime\sharedRuntime.cpp:591
Event: 66.205 Thread 0x0097d400 Threw 0x2743b938 at C:\re\jdk7u79\2331\hotspot\src\share\vm\prims\jvm.cpp:1304
Event: 66.206 Thread 0x0097d400 Threw 0x2743e5a0 at C:\re\jdk7u79\2331\hotspot\src\share\vm\prims\jvm.cpp:1304

Events (10 events):
Event: 75.746 Executing VM operation: GenCollectForAllocation
Event: 75.747 Executing VM operation: GenCollectForAllocation done
Event: 76.658 Executing VM operation: GenCollectForAllocation
Event: 76.659 Executing VM operation: GenCollectForAllocation done
Event: 77.585 Executing VM operation: GenCollectForAllocation
Event: 77.585 Executing VM operation: GenCollectForAllocation done
Event: 78.541 Executing VM operation: GenCollectForAllocation
Event: 78.542 Executing VM operation: GenCollectForAllocation done
Event: 79.558 Executing VM operation: GenCollectForAllocation
Event: 79.559 Executing VM operation: GenCollectForAllocation done


Dynamic libraries:
0x012e0000 - 0x0130f000 	C:\Program Files (x86)\Java\jdk1.7.0_79\bin\javaw.exe
0x77360000 - 0x774e2000 	C:\WINDOWS\SYSTEM32\ntdll.dll
0x76f00000 - 0x76fe0000 	C:\WINDOWS\System32\KERNEL32.DLL
0x76890000 - 0x76a31000 	C:\WINDOWS\System32\KERNELBASE.dll
0x5fec0000 - 0x5ff0e000 	C:\Program Files (x86)\AVG\Av\avghookx.dll
0x74fb0000 - 0x75027000 	C:\WINDOWS\System32\ADVAPI32.dll
0x770e0000 - 0x7719e000 	C:\WINDOWS\System32\msvcrt.dll
0x74ca0000 - 0x74ce1000 	C:\WINDOWS\System32\sechost.dll
0x745e0000 - 0x746a1000 	C:\WINDOWS\System32\RPCRT4.dll
0x73e00000 - 0x73e1e000 	C:\WINDOWS\System32\SspiCli.dll
0x73df0000 - 0x73dfa000 	C:\WINDOWS\System32\CRYPTBASE.dll
0x77080000 - 0x770da000 	C:\WINDOWS\System32\bcryptPrimitives.dll
0x750d0000 - 0x7522f000 	C:\WINDOWS\System32\USER32.dll
0x77040000 - 0x77055000 	C:\WINDOWS\System32\win32u.dll
0x74c70000 - 0x74c9b000 	C:\WINDOWS\System32\GDI32.dll
0x74d50000 - 0x74eab000 	C:\WINDOWS\System32\gdi32full.dll
0x72740000 - 0x7294a000 	C:\WINDOWS\WinSxS\x86_microsoft.windows.common-controls_6595b64144ccf1df_6.0.14393.447_none_89c64d28dafea4b9\COMCTL32.dll
0x74160000 - 0x74371000 	C:\WINDOWS\System32\combase.dll
0x73ec0000 - 0x73fa0000 	C:\WINDOWS\System32\ucrtbase.dll
0x77330000 - 0x77355000 	C:\WINDOWS\System32\IMM32.DLL
0x77c90000 - 0x77d4f000 	C:\Program Files (x86)\Java\jdk1.7.0_79\jre\bin\msvcr100.dll
0x6e250000 - 0x6e5d9000 	C:\Program Files (x86)\Java\jdk1.7.0_79\jre\bin\client\jvm.dll
0x74150000 - 0x74156000 	C:\WINDOWS\System32\PSAPI.DLL
0x6f320000 - 0x6f328000 	C:\WINDOWS\SYSTEM32\WSOCK32.dll
0x76e60000 - 0x76ec3000 	C:\WINDOWS\System32\WS2_32.dll
0x6f260000 - 0x6f284000 	C:\WINDOWS\SYSTEM32\WINMM.dll
0x6f230000 - 0x6f253000 	C:\WINDOWS\SYSTEM32\WINMMBASE.dll
0x74110000 - 0x74146000 	C:\WINDOWS\System32\cfgmgr32.dll
0x60e70000 - 0x60e7c000 	C:\Program Files (x86)\Java\jdk1.7.0_79\jre\bin\verify.dll
0x5fe40000 - 0x5fe60000 	C:\Program Files (x86)\Java\jdk1.7.0_79\jre\bin\java.dll
0x5fc90000 - 0x5fca3000 	C:\Program Files (x86)\Java\jdk1.7.0_79\jre\bin\zip.dll
0x0f4d0000 - 0x0f756000 	C:\Users\fangt\workspace\FangAI\bwapi_bridge2_5.dll
0x6acc0000 - 0x6ad27000 	C:\Users\fangt\workspace\FangAI\libgmp-10.dll
0x6f540000 - 0x6f59e000 	C:\Users\fangt\workspace\FangAI\libmpfr-4.dll
0x5fc10000 - 0x5fc81000 	C:\WINDOWS\SYSTEM32\MSVCP120.dll
0x0f280000 - 0x0f36e000 	C:\WINDOWS\SYSTEM32\MSVCR120.dll
0x73410000 - 0x73555000 	C:\WINDOWS\SYSTEM32\dbghelp.dll

VM Arguments:
jvm_args: -Dfile.encoding=Cp1252 
java_command: FangBot
Launcher Type: SUN_STANDARD

Environment Variables:
USERNAME=fangt
OS=Windows_NT
PROCESSOR_IDENTIFIER=Intel64 Family 6 Model 58 Stepping 9, GenuineIntel



---------------  S Y S T E M  ---------------

OS: Windows 8.1 , 64 bit Build 9600 

CPU:total 4 (2 cores per cpu, 2 threads per core) family 6 model 58 stepping 9, cmov, cx8, fxsr, mmx, sse, sse2, sse3, ssse3, sse4.1, sse4.2, popcnt, avx, aes, erms, ht, tsc, tscinvbit, tscinv

Memory: 4k page, physical 8078124k(2896364k free), swap 16204588k(9727216k free)

vm_info: Java HotSpot(TM) Client VM (24.79-b02) for windows-x86 JRE (1.7.0_79-b15), built on Apr 10 2015 16:49:13 by "java_re" with unknown MS VC++:1600

time: Thu Nov 24 15:01:59 2016
elapsed time: 80 seconds

