#
# A fatal error has been detected by the Java Runtime Environment:
#
#  EXCEPTION_ACCESS_VIOLATION (0xc0000005) at pc=0x6e5a54bb, pid=748, tid=1808
#
# JRE version: Java(TM) SE Runtime Environment (7.0_79-b15) (build 1.7.0_79-b15)
# Java VM: Java HotSpot(TM) Client VM (24.79-b02 mixed mode, sharing windows-x86 )
# Problematic frame:
# V  [jvm.dll+0xc54bb]
#
# Failed to write core dump. Minidumps are not enabled by default on client versions of Windows
#
# If you would like to submit a bug report, please visit:
#   http://bugreport.java.com/bugreport/crash.jsp
#

---------------  T H R E A D  ---------------

Current thread (0x030cd400):  JavaThread "main" [_thread_in_vm, id=1808, stack(0x02db0000,0x02e00000)]

siginfo: ExceptionCode=0xc0000005, reading address 0x00000000

Registers:
EAX=0x00000000, EBX=0x02ff7fb8, ECX=0x00000000, EDX=0x00000007
ESP=0x02dfde04, EBP=0x02dfde20, ESI=0x030cd530, EDI=0x030cd400
EIP=0x6e5a54bb, EFLAGS=0x00010246

Top of Stack: (sp=0x02dfde04)
0x02dfde04:   02dfdf18 00000000 02ff7fb8 030cd400
0x02dfde14:   00000000 00000000 02ff7fb8 02dfdea4
0x02dfde24:   0f65c65a 030cd530 00000000 6e696f70
0x02dfde34:   00726574 02dfdea4 0f65c61e 00000007
0x02dfde44:   0000000f 624c004a 69706177 696e552f
0x02dfde54:   03003b74 00000001 0000000f ad86ba65
0x02dfde64:   030cd400 0800d110 030cd400 030cd400
0x02dfde74:   0f689212 030cd530 013812c8 02dfde48 

Instructions: (pc=0x6e5a54bb)
0x6e5a549b:   f3 ff 83 c4 08 83 7f 04 00 89 7d f0 c7 45 f4 00
0x6e5a54ab:   00 00 00 74 08 8d 4d f0 e8 a8 a6 0c 00 8b 45 0c
0x6e5a54bb:   8b 08 8b 51 04 8b 42 40 50 56 e8 26 df 07 00 83
0x6e5a54cb:   c4 08 83 7d f4 00 89 45 08 74 08 8d 4d f0 e8 c2 


Register to memory mapping:

EAX=0x00000000 is an unknown value
EBX=0x02ff7fb8 is a global jni handle
ECX=0x00000000 is an unknown value
EDX=0x00000007 is an unknown value
ESP=0x02dfde04 is pointing into the stack for thread: 0x030cd400
EBP=0x02dfde20 is pointing into the stack for thread: 0x030cd400
ESI=0x030cd530 is an unknown value
EDI=0x030cd400 is a thread


Stack: [0x02db0000,0x02e00000],  sp=0x02dfde04,  free space=311k
Native frames: (J=compiled Java code, j=interpreted, Vv=VM code, C=native code)
V  [jvm.dll+0xc54bb]
C  [bwapi_bridge2_5.dll+0x1c65a]
C  [bwapi_bridge2_5.dll+0x387be]
J 171  bwapi.Unit.issueCommand_native(JLbwapi/UnitCommand;)Z (0 bytes) @ 0x0318df38 [0x0318de90+0xa8]
J 166 C1 FangSM.Kite(Lbwapi/Unit;Lbwapi/Unit;)V (129 bytes) @ 0x0318cfb0 [0x0318cd40+0x270]
J 165 C1 FangSM.Action(Lbwapi/Unit;Lbwapi/Game;LFangSM$Role;Lbwapi/Unit;)Z (75 bytes) @ 0x0318c68c [0x0318c5d0+0xbc]
J 75 C1 FangBot.onFrame()V (1015 bytes) @ 0x03173b18 [0x031725e0+0x1538]
J 115 C1 bwapi.AIModule.onFrame()V (17 bytes) @ 0x03181544 [0x03181510+0x34]
v  ~StubRoutines::call_stub
V  [jvm.dll+0x14234a]
V  [jvm.dll+0x206ebe]
V  [jvm.dll+0x1423cd]
V  [jvm.dll+0xcb5c2]
V  [jvm.dll+0xcf213]
C  [bwapi_bridge2_5.dll+0x1b20d]
C  [bwapi_bridge2_5.dll+0x75101]
j  bwapi.Mirror.startGame()V+0
j  FangBot.run()V+15
j  FangBot.main([Ljava/lang/String;)V+7
v  ~StubRoutines::call_stub
V  [jvm.dll+0x14234a]
V  [jvm.dll+0x206ebe]
V  [jvm.dll+0x1423cd]
V  [jvm.dll+0xcb345]
V  [jvm.dll+0xd5ff7]
C  [javaw.exe+0x2070]
C  [javaw.exe+0xa601]
C  [javaw.exe+0xa68b]
C  [KERNEL32.DLL+0x162c4]
C  [ntdll.dll+0x60719]
C  [ntdll.dll+0x606e4]

Java frames: (J=compiled Java code, j=interpreted, Vv=VM code)
J 171  bwapi.Unit.issueCommand_native(JLbwapi/UnitCommand;)Z (0 bytes) @ 0x0318def4 [0x0318de90+0x64]
J 166 C1 FangSM.Kite(Lbwapi/Unit;Lbwapi/Unit;)V (129 bytes) @ 0x0318cfb0 [0x0318cd40+0x270]
J 165 C1 FangSM.Action(Lbwapi/Unit;Lbwapi/Game;LFangSM$Role;Lbwapi/Unit;)Z (75 bytes) @ 0x0318c68c [0x0318c5d0+0xbc]
J 75 C1 FangBot.onFrame()V (1015 bytes) @ 0x03173b18 [0x031725e0+0x1538]
J 115 C1 bwapi.AIModule.onFrame()V (17 bytes) @ 0x03181544 [0x03181510+0x34]
v  ~StubRoutines::call_stub
j  bwapi.Mirror.startGame()V+0
j  FangBot.run()V+15
j  FangBot.main([Ljava/lang/String;)V+7
v  ~StubRoutines::call_stub

---------------  P R O C E S S  ---------------

Java Threads: ( => current thread )
  0x02f9e400 JavaThread "Service Thread" daemon [_thread_blocked, id=11308, stack(0x054a0000,0x054f0000)]
  0x02f97800 JavaThread "C1 CompilerThread0" daemon [_thread_blocked, id=5976, stack(0x05410000,0x05460000)]
  0x02f96400 JavaThread "Attach Listener" daemon [_thread_blocked, id=18676, stack(0x05380000,0x053d0000)]
  0x02f94000 JavaThread "Signal Dispatcher" daemon [_thread_blocked, id=16576, stack(0x052f0000,0x05340000)]
  0x02f27000 JavaThread "Finalizer" daemon [_thread_blocked, id=18540, stack(0x05260000,0x052b0000)]
  0x02f21800 JavaThread "Reference Handler" daemon [_thread_blocked, id=16180, stack(0x051d0000,0x05220000)]
=>0x030cd400 JavaThread "main" [_thread_in_vm, id=1808, stack(0x02db0000,0x02e00000)]

Other Threads:
  0x02f20400 VMThread [stack: 0x05140000,0x05190000] [id=15592]
  0x02fb7c00 WatcherThread [stack: 0x05530000,0x05580000] [id=20836]

VM state:not at safepoint (normal execution)

VM Mutex/Monitor currently owned by a thread: None

Heap
 def new generation   total 4928K, used 4435K [0x27200000, 0x27750000, 0x2c750000)
  eden space 4416K, 100% used [0x27200000, 0x27650000, 0x27650000)
  from space 512K,   3% used [0x276d0000, 0x276d4ef8, 0x27750000)
  to   space 512K,   0% used [0x27650000, 0x27650000, 0x276d0000)
 tenured generation   total 10944K, used 263K [0x2c750000, 0x2d200000, 0x37200000)
   the space 10944K,   2% used [0x2c750000, 0x2c791fa0, 0x2c792000, 0x2d200000)
 compacting perm gen  total 12288K, used 638K [0x37200000, 0x37e00000, 0x3b200000)
   the space 12288K,   5% used [0x37200000, 0x3729f9b0, 0x3729fa00, 0x37e00000)
    ro space 10240K,  44% used [0x3b200000, 0x3b67c1d8, 0x3b67c200, 0x3bc00000)
    rw space 12288K,  52% used [0x3bc00000, 0x3c2440c0, 0x3c244200, 0x3c800000)

Card table byte_map: [0x03000000,0x030b0000] byte_map_base: 0x02ec7000

Polling page: 0x01420000

Code Cache  [0x030d0000, 0x03190000, 0x050d0000)
 total_blobs=322 nmethods=184 adapters=75 free_code_cache=32000Kb largest_free_block=32768128

Compilation events (10 events):
Event: 63.668 Thread 0x02f97800  180             java.lang.Math::floor (5 bytes)
Event: 63.668 Thread 0x02f97800 nmethod 180 0x0318f408 code [0x0318f520, 0x0318f5cc]
Event: 63.668 Thread 0x02f97800  181             java.lang.StrictMath::floor (12 bytes)
Event: 63.668 Thread 0x02f97800 nmethod 181 0x0318f648 code [0x0318f760, 0x0318f80c]
Event: 63.668 Thread 0x02f97800  182             java.lang.StrictMath::floorOrCeil (128 bytes)
Event: 63.668 Thread 0x02f97800 nmethod 182 0x0318f888 code [0x0318f980, 0x0318fb40]
Event: 63.668 Thread 0x02f97800  183             java.lang.Math::getExponent (5 bytes)
Event: 63.668 Thread 0x02f97800 nmethod 183 0x0318fb88 code [0x0318fc80, 0x0318fd30]
Event: 63.668 Thread 0x02f97800  184             sun.misc.FpUtils::getExponent (17 bytes)
Event: 63.668 Thread 0x02f97800 nmethod 184 0x0318fd88 code [0x0318fe80, 0x0318ff30]

GC Heap History (10 events):
Event: 61.512 GC heap before
{Heap before GC invocations=74 (full 0):
 def new generation   total 4928K, used 4432K [0x27200000, 0x27750000, 0x2c750000)
  eden space 4416K, 100% used [0x27200000, 0x27650000, 0x27650000)
  from space 512K,   3% used [0x27650000, 0x27654320, 0x276d0000)
  to   space 512K,   0% used [0x276d0000, 0x276d0000, 0x27750000)
 tenured generation   total 10944K, used 263K [0x2c750000, 0x2d200000, 0x37200000)
   the space 10944K,   2% used [0x2c750000, 0x2c791e50, 0x2c792000, 0x2d200000)
 compacting perm gen  total 12288K, used 638K [0x37200000, 0x37e00000, 0x3b200000)
   the space 12288K,   5% used [0x37200000, 0x3729f9b0, 0x3729fa00, 0x37e00000)
    ro space 10240K,  44% used [0x3b200000, 0x3b67c1d8, 0x3b67c200, 0x3bc00000)
    rw space 12288K,  52% used [0x3bc00000, 0x3c2440c0, 0x3c244200, 0x3c800000)
Event: 61.513 GC heap after
Heap after GC invocations=75 (full 0):
 def new generation   total 4928K, used 15K [0x27200000, 0x27750000, 0x2c750000)
  eden space 4416K,   0% used [0x27200000, 0x27200000, 0x27650000)
  from space 512K,   3% used [0x276d0000, 0x276d3f00, 0x27750000)
  to   space 512K,   0% used [0x27650000, 0x27650000, 0x276d0000)
 tenured generation   total 10944K, used 263K [0x2c750000, 0x2d200000, 0x37200000)
   the space 10944K,   2% used [0x2c750000, 0x2c791e50, 0x2c792000, 0x2d200000)
 compacting perm gen  total 12288K, used 638K [0x37200000, 0x37e00000, 0x3b200000)
   the space 12288K,   5% used [0x37200000, 0x3729f9b0, 0x3729fa00, 0x37e00000)
    ro space 10240K,  44% used [0x3b200000, 0x3b67c1d8, 0x3b67c200, 0x3bc00000)
    rw space 12288K,  52% used [0x3bc00000, 0x3c2440c0, 0x3c244200, 0x3c800000)
}
Event: 61.994 GC heap before
{Heap before GC invocations=75 (full 0):
 def new generation   total 4928K, used 4431K [0x27200000, 0x27750000, 0x2c750000)
  eden space 4416K, 100% used [0x27200000, 0x27650000, 0x27650000)
  from space 512K,   3% used [0x276d0000, 0x276d3f00, 0x27750000)
  to   space 512K,   0% used [0x27650000, 0x27650000, 0x276d0000)
 tenured generation   total 10944K, used 263K [0x2c750000, 0x2d200000, 0x37200000)
   the space 10944K,   2% used [0x2c750000, 0x2c791e50, 0x2c792000, 0x2d200000)
 compacting perm gen  total 12288K, used 638K [0x37200000, 0x37e00000, 0x3b200000)
   the space 12288K,   5% used [0x37200000, 0x3729f9b0, 0x3729fa00, 0x37e00000)
    ro space 10240K,  44% used [0x3b200000, 0x3b67c1d8, 0x3b67c200, 0x3bc00000)
    rw space 12288K,  52% used [0x3bc00000, 0x3c2440c0, 0x3c244200, 0x3c800000)
Event: 61.994 GC heap after
Heap after GC invocations=76 (full 0):
 def new generation   total 4928K, used 16K [0x27200000, 0x27750000, 0x2c750000)
  eden space 4416K,   0% used [0x27200000, 0x27200000, 0x27650000)
  from space 512K,   3% used [0x27650000, 0x27654110, 0x276d0000)
  to   space 512K,   0% used [0x276d0000, 0x276d0000, 0x27750000)
 tenured generation   total 10944K, used 263K [0x2c750000, 0x2d200000, 0x37200000)
   the space 10944K,   2% used [0x2c750000, 0x2c791fa0, 0x2c792000, 0x2d200000)
 compacting perm gen  total 12288K, used 638K [0x37200000, 0x37e00000, 0x3b200000)
   the space 12288K,   5% used [0x37200000, 0x3729f9b0, 0x3729fa00, 0x37e00000)
    ro space 10240K,  44% used [0x3b200000, 0x3b67c1d8, 0x3b67c200, 0x3bc00000)
    rw space 12288K,  52% used [0x3bc00000, 0x3c2440c0, 0x3c244200, 0x3c800000)
}
Event: 62.496 GC heap before
{Heap before GC invocations=76 (full 0):
 def new generation   total 4928K, used 4432K [0x27200000, 0x27750000, 0x2c750000)
  eden space 4416K, 100% used [0x27200000, 0x27650000, 0x27650000)
  from space 512K,   3% used [0x27650000, 0x27654110, 0x276d0000)
  to   space 512K,   0% used [0x276d0000, 0x276d0000, 0x27750000)
 tenured generation   total 10944K, used 263K [0x2c750000, 0x2d200000, 0x37200000)
   the space 10944K,   2% used [0x2c750000, 0x2c791fa0, 0x2c792000, 0x2d200000)
 compacting perm gen  total 12288K, used 638K [0x37200000, 0x37e00000, 0x3b200000)
   the space 12288K,   5% used [0x37200000, 0x3729f9b0, 0x3729fa00, 0x37e00000)
    ro space 10240K,  44% used [0x3b200000, 0x3b67c1d8, 0x3b67c200, 0x3bc00000)
    rw space 12288K,  52% used [0x3bc00000, 0x3c2440c0, 0x3c244200, 0x3c800000)
Event: 62.496 GC heap after
Heap after GC invocations=77 (full 0):
 def new generation   total 4928K, used 15K [0x27200000, 0x27750000, 0x2c750000)
  eden space 4416K,   0% used [0x27200000, 0x27200000, 0x27650000)
  from space 512K,   2% used [0x276d0000, 0x276d3c40, 0x27750000)
  to   space 512K,   0% used [0x27650000, 0x27650000, 0x276d0000)
 tenured generation   total 10944K, used 263K [0x2c750000, 0x2d200000, 0x37200000)
   the space 10944K,   2% used [0x2c750000, 0x2c791fa0, 0x2c792000, 0x2d200000)
 compacting perm gen  total 12288K, used 638K [0x37200000, 0x37e00000, 0x3b200000)
   the space 12288K,   5% used [0x37200000, 0x3729f9b0, 0x3729fa00, 0x37e00000)
    ro space 10240K,  44% used [0x3b200000, 0x3b67c1d8, 0x3b67c200, 0x3bc00000)
    rw space 12288K,  52% used [0x3bc00000, 0x3c2440c0, 0x3c244200, 0x3c800000)
}
Event: 62.975 GC heap before
{Heap before GC invocations=77 (full 0):
 def new generation   total 4928K, used 4431K [0x27200000, 0x27750000, 0x2c750000)
  eden space 4416K, 100% used [0x27200000, 0x27650000, 0x27650000)
  from space 512K,   2% used [0x276d0000, 0x276d3c40, 0x27750000)
  to   space 512K,   0% used [0x27650000, 0x27650000, 0x276d0000)
 tenured generation   total 10944K, used 263K [0x2c750000, 0x2d200000, 0x37200000)
   the space 10944K,   2% used [0x2c750000, 0x2c791fa0, 0x2c792000, 0x2d200000)
 compacting perm gen  total 12288K, used 638K [0x37200000, 0x37e00000, 0x3b200000)
   the space 12288K,   5% used [0x37200000, 0x3729f9b0, 0x3729fa00, 0x37e00000)
    ro space 10240K,  44% used [0x3b200000, 0x3b67c1d8, 0x3b67c200, 0x3bc00000)
    rw space 12288K,  52% used [0x3bc00000, 0x3c2440c0, 0x3c244200, 0x3c800000)
Event: 62.975 GC heap after
Heap after GC invocations=78 (full 0):
 def new generation   total 4928K, used 17K [0x27200000, 0x27750000, 0x2c750000)
  eden space 4416K,   0% used [0x27200000, 0x27200000, 0x27650000)
  from space 512K,   3% used [0x27650000, 0x27654660, 0x276d0000)
  to   space 512K,   0% used [0x276d0000, 0x276d0000, 0x27750000)
 tenured generation   total 10944K, used 263K [0x2c750000, 0x2d200000, 0x37200000)
   the space 10944K,   2% used [0x2c750000, 0x2c791fa0, 0x2c792000, 0x2d200000)
 compacting perm gen  total 12288K, used 638K [0x37200000, 0x37e00000, 0x3b200000)
   the space 12288K,   5% used [0x37200000, 0x3729f9b0, 0x3729fa00, 0x37e00000)
    ro space 10240K,  44% used [0x3b200000, 0x3b67c1d8, 0x3b67c200, 0x3bc00000)
    rw space 12288K,  52% used [0x3bc00000, 0x3c2440c0, 0x3c244200, 0x3c800000)
}
Event: 63.460 GC heap before
{Heap before GC invocations=78 (full 0):
 def new generation   total 4928K, used 4433K [0x27200000, 0x27750000, 0x2c750000)
  eden space 4416K, 100% used [0x27200000, 0x27650000, 0x27650000)
  from space 512K,   3% used [0x27650000, 0x27654660, 0x276d0000)
  to   space 512K,   0% used [0x276d0000, 0x276d0000, 0x27750000)
 tenured generation   total 10944K, used 263K [0x2c750000, 0x2d200000, 0x37200000)
   the space 10944K,   2% used [0x2c750000, 0x2c791fa0, 0x2c792000, 0x2d200000)
 compacting perm gen  total 12288K, used 638K [0x37200000, 0x37e00000, 0x3b200000)
   the space 12288K,   5% used [0x37200000, 0x3729f9b0, 0x3729fa00, 0x37e00000)
    ro space 10240K,  44% used [0x3b200000, 0x3b67c1d8, 0x3b67c200, 0x3bc00000)
    rw space 12288K,  52% used [0x3bc00000, 0x3c2440c0, 0x3c244200, 0x3c800000)
Event: 63.460 GC heap after
Heap after GC invocations=79 (full 0):
 def new generation   total 4928K, used 19K [0x27200000, 0x27750000, 0x2c750000)
  eden space 4416K,   0% used [0x27200000, 0x27200000, 0x27650000)
  from space 512K,   3% used [0x276d0000, 0x276d4ef8, 0x27750000)
  to   space 512K,   0% used [0x27650000, 0x27650000, 0x276d0000)
 tenured generation   total 10944K, used 263K [0x2c750000, 0x2d200000, 0x37200000)
   the space 10944K,   2% used [0x2c750000, 0x2c791fa0, 0x2c792000, 0x2d200000)
 compacting perm gen  total 12288K, used 638K [0x37200000, 0x37e00000, 0x3b200000)
   the space 12288K,   5% used [0x37200000, 0x3729f9b0, 0x3729fa00, 0x37e00000)
    ro space 10240K,  44% used [0x3b200000, 0x3b67c1d8, 0x3b67c200, 0x3bc00000)
    rw space 12288K,  52% used [0x3bc00000, 0x3c2440c0, 0x3c244200, 0x3c800000)
}

Deoptimization events (0 events):
No events

Internal exceptions (10 events):
Event: 60.505 Thread 0x030cd400 Implicit null exception at 0x03187adc to 0x03187b8b
Event: 60.505 Thread 0x030cd400 Threw 0x275bf1d0 at C:\re\jdk7u79\2331\hotspot\src\share\vm\runtime\sharedRuntime.cpp:591
Event: 60.506 Thread 0x030cd400 Implicit null exception at 0x03187adc to 0x03187b8b
Event: 60.506 Thread 0x030cd400 Threw 0x275c1870 at C:\re\jdk7u79\2331\hotspot\src\share\vm\runtime\sharedRuntime.cpp:591
Event: 60.508 Thread 0x030cd400 Implicit null exception at 0x03187adc to 0x03187b8b
Event: 60.508 Thread 0x030cd400 Threw 0x275c3f10 at C:\re\jdk7u79\2331\hotspot\src\share\vm\runtime\sharedRuntime.cpp:591
Event: 60.520 Thread 0x030cd400 Implicit null exception at 0x03187adc to 0x03187b8b
Event: 60.520 Thread 0x030cd400 Threw 0x275c6680 at C:\re\jdk7u79\2331\hotspot\src\share\vm\runtime\sharedRuntime.cpp:591
Event: 60.522 Thread 0x030cd400 Implicit null exception at 0x03187adc to 0x03187b8b
Event: 60.522 Thread 0x030cd400 Threw 0x275c8d50 at C:\re\jdk7u79\2331\hotspot\src\share\vm\runtime\sharedRuntime.cpp:591

Events (10 events):
Event: 61.512 Executing VM operation: GenCollectForAllocation
Event: 61.513 Executing VM operation: GenCollectForAllocation done
Event: 61.994 Executing VM operation: GenCollectForAllocation
Event: 61.994 Executing VM operation: GenCollectForAllocation done
Event: 62.496 Executing VM operation: GenCollectForAllocation
Event: 62.496 Executing VM operation: GenCollectForAllocation done
Event: 62.975 Executing VM operation: GenCollectForAllocation
Event: 62.975 Executing VM operation: GenCollectForAllocation done
Event: 63.460 Executing VM operation: GenCollectForAllocation
Event: 63.460 Executing VM operation: GenCollectForAllocation done


Dynamic libraries:
0x00f80000 - 0x00faf000 	C:\Program Files (x86)\Java\jdk1.7.0_79\bin\javaw.exe
0x77360000 - 0x774e2000 	C:\WINDOWS\SYSTEM32\ntdll.dll
0x76f00000 - 0x76fe0000 	C:\WINDOWS\System32\KERNEL32.DLL
0x76890000 - 0x76a31000 	C:\WINDOWS\System32\KERNELBASE.dll
0x5fec0000 - 0x5ff0e000 	C:\Program Files (x86)\AVG\Av\avghookx.dll
0x74fb0000 - 0x75027000 	C:\WINDOWS\System32\ADVAPI32.dll
0x770e0000 - 0x7719e000 	C:\WINDOWS\System32\msvcrt.dll
0x74ca0000 - 0x74ce1000 	C:\WINDOWS\System32\sechost.dll
0x745e0000 - 0x746a1000 	C:\WINDOWS\System32\RPCRT4.dll
0x73e00000 - 0x73e1e000 	C:\WINDOWS\System32\SspiCli.dll
0x73df0000 - 0x73dfa000 	C:\WINDOWS\System32\CRYPTBASE.dll
0x77080000 - 0x770da000 	C:\WINDOWS\System32\bcryptPrimitives.dll
0x750d0000 - 0x7522f000 	C:\WINDOWS\System32\USER32.dll
0x77040000 - 0x77055000 	C:\WINDOWS\System32\win32u.dll
0x74c70000 - 0x74c9b000 	C:\WINDOWS\System32\GDI32.dll
0x74d50000 - 0x74eab000 	C:\WINDOWS\System32\gdi32full.dll
0x72740000 - 0x7294a000 	C:\WINDOWS\WinSxS\x86_microsoft.windows.common-controls_6595b64144ccf1df_6.0.14393.447_none_89c64d28dafea4b9\COMCTL32.dll
0x74160000 - 0x74371000 	C:\WINDOWS\System32\combase.dll
0x73ec0000 - 0x73fa0000 	C:\WINDOWS\System32\ucrtbase.dll
0x77330000 - 0x77355000 	C:\WINDOWS\System32\IMM32.DLL
0x77ef0000 - 0x77faf000 	C:\Program Files (x86)\Java\jdk1.7.0_79\jre\bin\msvcr100.dll
0x6e4e0000 - 0x6e869000 	C:\Program Files (x86)\Java\jdk1.7.0_79\jre\bin\client\jvm.dll
0x74150000 - 0x74156000 	C:\WINDOWS\System32\PSAPI.DLL
0x6f320000 - 0x6f328000 	C:\WINDOWS\SYSTEM32\WSOCK32.dll
0x76e60000 - 0x76ec3000 	C:\WINDOWS\System32\WS2_32.dll
0x6f260000 - 0x6f284000 	C:\WINDOWS\SYSTEM32\WINMM.dll
0x6f230000 - 0x6f253000 	C:\WINDOWS\SYSTEM32\WINMMBASE.dll
0x74110000 - 0x74146000 	C:\WINDOWS\System32\cfgmgr32.dll
0x66660000 - 0x6666c000 	C:\Program Files (x86)\Java\jdk1.7.0_79\jre\bin\verify.dll
0x665a0000 - 0x665c0000 	C:\Program Files (x86)\Java\jdk1.7.0_79\jre\bin\java.dll
0x66580000 - 0x66593000 	C:\Program Files (x86)\Java\jdk1.7.0_79\jre\bin\zip.dll
0x0f640000 - 0x0f8c6000 	C:\Users\fangt\workspace\FangAI\bwapi_bridge2_5.dll
0x6acc0000 - 0x6ad27000 	C:\Users\fangt\workspace\FangAI\libgmp-10.dll
0x6f540000 - 0x6f59e000 	C:\Users\fangt\workspace\FangAI\libmpfr-4.dll
0x0ff10000 - 0x0ff81000 	C:\WINDOWS\SYSTEM32\MSVCP120.dll
0x0fcf0000 - 0x0fdde000 	C:\WINDOWS\SYSTEM32\MSVCR120.dll
0x73410000 - 0x73555000 	C:\WINDOWS\SYSTEM32\dbghelp.dll

VM Arguments:
jvm_args: -Dfile.encoding=Cp1252 
java_command: FangBot
Launcher Type: SUN_STANDARD

Environment Variables:
USERNAME=fangt
OS=Windows_NT
PROCESSOR_IDENTIFIER=Intel64 Family 6 Model 58 Stepping 9, GenuineIntel



---------------  S Y S T E M  ---------------

OS: Windows 8.1 , 64 bit Build 9600 

CPU:total 4 (2 cores per cpu, 2 threads per core) family 6 model 58 stepping 9, cmov, cx8, fxsr, mmx, sse, sse2, sse3, ssse3, sse4.1, sse4.2, popcnt, avx, aes, erms, ht, tsc, tscinvbit, tscinv

Memory: 4k page, physical 8078124k(2610872k free), swap 16204588k(8414876k free)

vm_info: Java HotSpot(TM) Client VM (24.79-b02) for windows-x86 JRE (1.7.0_79-b15), built on Apr 10 2015 16:49:13 by "java_re" with unknown MS VC++:1600

time: Fri Nov 25 17:35:05 2016
elapsed time: 63 seconds

