#
# A fatal error has been detected by the Java Runtime Environment:
#
#  EXCEPTION_ACCESS_VIOLATION (0xc0000005) at pc=0x6e16569b, pid=19260, tid=10100
#
# JRE version: Java(TM) SE Runtime Environment (7.0_80-b15) (build 1.7.0_80-b15)
# Java VM: Java HotSpot(TM) Client VM (24.80-b11 mixed mode, sharing windows-x86 )
# Problematic frame:
# V  [jvm.dll+0xc569b]
#
# Failed to write core dump. Minidumps are not enabled by default on client versions of Windows
#
# If you would like to submit a bug report, please visit:
#   http://bugreport.java.com/bugreport/crash.jsp
#

---------------  T H R E A D  ---------------

Current thread (0x02efc000):  JavaThread "main" [_thread_in_vm, id=10100, stack(0x02c20000,0x02c70000)]

siginfo: ExceptionCode=0xc0000005, reading address 0x00000000

Registers:
EAX=0x00000000, EBX=0x05435804, ECX=0x00000000, EDX=0x00000007
ESP=0x02c6da24, EBP=0x02c6da40, ESI=0x02efc130, EDI=0x02efc000
EIP=0x6e16569b, EFLAGS=0x00010246

Top of Stack: (sp=0x02c6da24)
0x02c6da24:   02c6db38 00000000 05435804 02efc000
0x02c6da34:   00000000 00000000 05435804 02c6dac4
0x02c6da44:   0f06c65a 02efc130 00000000 6e696f70
0x02c6da54:   00726574 02c6dac4 0f06c61e 00000007
0x02c6da64:   0000000f 624c004a 69706177 696e552f
0x02c6da74:   02003b74 00000001 0000000f decbd2b0
0x02c6da84:   02efc000 07acb7e4 02efc000 02efc000
0x02c6da94:   0f099212 02efc130 0145e350 02c6da68 

Instructions: (pc=0x6e16569b)
0x6e16567b:   f3 ff 83 c4 08 83 7f 04 00 89 7d f0 c7 45 f4 00
0x6e16568b:   00 00 00 74 08 8d 4d f0 e8 78 aa 0c 00 8b 45 0c
0x6e16569b:   8b 08 8b 51 04 8b 42 40 50 56 e8 a6 e3 07 00 83
0x6e1656ab:   c4 08 83 7d f4 00 89 45 08 74 08 8d 4d f0 e8 92 


Register to memory mapping:

EAX=0x00000000 is an unknown value
EBX=0x05435804 is a global jni handle
ECX=0x00000000 is an unknown value
EDX=0x00000007 is an unknown value
ESP=0x02c6da24 is pointing into the stack for thread: 0x02efc000
EBP=0x02c6da40 is pointing into the stack for thread: 0x02efc000
ESI=0x02efc130 is an unknown value
EDI=0x02efc000 is a thread


Stack: [0x02c20000,0x02c70000],  sp=0x02c6da24,  free space=310k
Native frames: (J=compiled Java code, j=interpreted, Vv=VM code, C=native code)
V  [jvm.dll+0xc569b]
C  [bwapi_bridge2_5.dll+0x1c65a]
C  [bwapi_bridge2_5.dll+0x387be]
J 168  bwapi.Unit.issueCommand_native(JLbwapi/UnitCommand;)Z (0 bytes) @ 0x02fc02b8 [0x02fc0210+0xa8]
J 218 C1 FangSM.Kite(Lbwapi/Unit;Lbwapi/Unit;)V (163 bytes) @ 0x02fcd834 [0x02fcd530+0x304]
J 217 C1 FangSM.Action(Lbwapi/Unit;Lbwapi/Game;LFangSM$Role;Lbwapi/Unit;)Z (75 bytes) @ 0x02fcce4c [0x02fccd90+0xbc]
J 177 C1 Formation.FSM(Lbwapi/Unit;LFormation;LFormation$State;LFangSM;LFangAi;Lbwapi/Game;Ljava/util/HashSet;)V (460 bytes) @ 0x02fc3018 [0x02fc2860+0x7b8]
J 88 C1 FangBot.onFrame()V (578 bytes) @ 0x02fa5054 [0x02fa4310+0xd44]
J 121 C1 bwapi.AIModule.onFrame()V (17 bytes) @ 0x02fb4c44 [0x02fb4c10+0x34]
v  ~StubRoutines::call_stub
V  [jvm.dll+0x1429aa]
V  [jvm.dll+0x20743e]
V  [jvm.dll+0x142a2d]
V  [jvm.dll+0xcb7b2]
V  [jvm.dll+0xcf403]
C  [bwapi_bridge2_5.dll+0x1b20d]
C  [bwapi_bridge2_5.dll+0x75101]
j  bwapi.Mirror.startGame()V+0
j  FangBot.run()V+15
j  FangBot.main([Ljava/lang/String;)V+7
v  ~StubRoutines::call_stub
V  [jvm.dll+0x1429aa]
V  [jvm.dll+0x20743e]
V  [jvm.dll+0x142a2d]
V  [jvm.dll+0xcb535]
V  [jvm.dll+0xd61d7]
C  [javaw.exe+0x2070]
C  [javaw.exe+0xa6d1]
C  [javaw.exe+0xa75b]
C  [KERNEL32.DLL+0x16394]
C  [ntdll.dll+0x604bb]
C  [ntdll.dll+0x6048b]

Java frames: (J=compiled Java code, j=interpreted, Vv=VM code)
J 168  bwapi.Unit.issueCommand_native(JLbwapi/UnitCommand;)Z (0 bytes) @ 0x02fc0274 [0x02fc0210+0x64]
J 218 C1 FangSM.Kite(Lbwapi/Unit;Lbwapi/Unit;)V (163 bytes) @ 0x02fcd834 [0x02fcd530+0x304]
J 217 C1 FangSM.Action(Lbwapi/Unit;Lbwapi/Game;LFangSM$Role;Lbwapi/Unit;)Z (75 bytes) @ 0x02fcce4c [0x02fccd90+0xbc]
J 177 C1 Formation.FSM(Lbwapi/Unit;LFormation;LFormation$State;LFangSM;LFangAi;Lbwapi/Game;Ljava/util/HashSet;)V (460 bytes) @ 0x02fc3018 [0x02fc2860+0x7b8]
J 88 C1 FangBot.onFrame()V (578 bytes) @ 0x02fa5054 [0x02fa4310+0xd44]
J 121 C1 bwapi.AIModule.onFrame()V (17 bytes) @ 0x02fb4c44 [0x02fb4c10+0x34]
v  ~StubRoutines::call_stub
j  bwapi.Mirror.startGame()V+0
j  FangBot.run()V+15
j  FangBot.main([Ljava/lang/String;)V+7
v  ~StubRoutines::call_stub

---------------  P R O C E S S  ---------------

Java Threads: ( => current thread )
  0x02dc9400 JavaThread "Service Thread" daemon [_thread_blocked, id=11068, stack(0x05340000,0x05390000)]
  0x02dc2c00 JavaThread "C1 CompilerThread0" daemon [_thread_blocked, id=3052, stack(0x052b0000,0x05300000)]
  0x02dc0000 JavaThread "Attach Listener" daemon [_thread_blocked, id=13236, stack(0x05220000,0x05270000)]
  0x02dbdc00 JavaThread "Signal Dispatcher" daemon [_thread_blocked, id=16772, stack(0x05190000,0x051e0000)]
  0x02d50800 JavaThread "Finalizer" daemon [_thread_blocked, id=3972, stack(0x05100000,0x05150000)]
  0x02d4f000 JavaThread "Reference Handler" daemon [_thread_blocked, id=19124, stack(0x05070000,0x050c0000)]
=>0x02efc000 JavaThread "main" [_thread_in_vm, id=10100, stack(0x02c20000,0x02c70000)]

Other Threads:
  0x02d4dc00 VMThread [stack: 0x04fe0000,0x05030000] [id=15848]
  0x02dd9800 WatcherThread [stack: 0x053d0000,0x05420000] [id=17216]

VM state:not at safepoint (normal execution)

VM Mutex/Monitor currently owned by a thread: None

Heap
 def new generation   total 4928K, used 2529K [0x24800000, 0x24d50000, 0x29d50000)
  eden space 4416K,  57% used [0x24800000, 0x24a77b68, 0x24c50000)
  from space 512K,   0% used [0x24cd0000, 0x24cd0c28, 0x24d50000)
  to   space 512K,   0% used [0x24c50000, 0x24c50000, 0x24cd0000)
 tenured generation   total 10944K, used 386K [0x29d50000, 0x2a800000, 0x34800000)
   the space 10944K,   3% used [0x29d50000, 0x29db0a28, 0x29db0c00, 0x2a800000)
 compacting perm gen  total 12288K, used 653K [0x34800000, 0x35400000, 0x38800000)
   the space 12288K,   5% used [0x34800000, 0x348a3630, 0x348a3800, 0x35400000)
    ro space 10240K,  42% used [0x38800000, 0x38c37108, 0x38c37200, 0x39200000)
    rw space 12288K,  52% used [0x39200000, 0x39841738, 0x39841800, 0x39e00000)

Card table byte_map: [0x02e30000,0x02ee0000] byte_map_base: 0x02d0c000

Polling page: 0x02c70000

Code Cache  [0x02f00000, 0x02fd0000, 0x04f00000)
 total_blobs=358 nmethods=220 adapters=75 free_code_cache=31942Kb largest_free_block=32709248

Compilation events (10 events):
Event: 70.019 Thread 0x02dc2c00  215             bwapi.Unit::getGroundWeaponCooldown (9 bytes)
Event: 70.019 Thread 0x02dc2c00 nmethod 215 0x02fcca48 code [0x02fccb40, 0x02fccbdc]
Event: 82.439 Thread 0x02dc2c00  217             FangSM::Action (75 bytes)
Event: 82.439 Thread 0x02dc2c00 nmethod 217 0x02fccc48 code [0x02fccd90, 0x02fcd0ac]
Event: 82.439 Thread 0x02dc2c00  218             FangSM::Kite (163 bytes)
Event: 82.439 Thread 0x02dc2c00 nmethod 218 0x02fcd348 code [0x02fcd530, 0x02fcda6c]
Event: 82.439 Thread 0x02dc2c00  219             bwapi.PositionOrUnit::<init> (24 bytes)
Event: 82.439 Thread 0x02dc2c00 nmethod 219 0x02fce148 code [0x02fce250, 0x02fce34c]
Event: 82.439 Thread 0x02dc2c00  220             bwapi.PositionOrUnit::getUnit (5 bytes)
Event: 82.439 Thread 0x02dc2c00 nmethod 220 0x02fce3c8 code [0x02fce4c0, 0x02fce540]

GC Heap History (10 events):
Event: 96.134 GC heap before
{Heap before GC invocations=438 (full 0):
 def new generation   total 4928K, used 4418K [0x24800000, 0x24d50000, 0x29d50000)
  eden space 4416K, 100% used [0x24800000, 0x24c50000, 0x24c50000)
  from space 512K,   0% used [0x24c50000, 0x24c50be0, 0x24cd0000)
  to   space 512K,   0% used [0x24cd0000, 0x24cd0000, 0x24d50000)
 tenured generation   total 10944K, used 386K [0x29d50000, 0x2a800000, 0x34800000)
   the space 10944K,   3% used [0x29d50000, 0x29db0868, 0x29db0a00, 0x2a800000)
 compacting perm gen  total 12288K, used 653K [0x34800000, 0x35400000, 0x38800000)
   the space 12288K,   5% used [0x34800000, 0x348a3630, 0x348a3800, 0x35400000)
    ro space 10240K,  42% used [0x38800000, 0x38c37108, 0x38c37200, 0x39200000)
    rw space 12288K,  52% used [0x39200000, 0x39841738, 0x39841800, 0x39e00000)
Event: 96.134 GC heap after
Heap after GC invocations=439 (full 0):
 def new generation   total 4928K, used 3K [0x24800000, 0x24d50000, 0x29d50000)
  eden space 4416K,   0% used [0x24800000, 0x24800000, 0x24c50000)
  from space 512K,   0% used [0x24cd0000, 0x24cd0ee0, 0x24d50000)
  to   space 512K,   0% used [0x24c50000, 0x24c50000, 0x24cd0000)
 tenured generation   total 10944K, used 386K [0x29d50000, 0x2a800000, 0x34800000)
   the space 10944K,   3% used [0x29d50000, 0x29db08a0, 0x29db0a00, 0x2a800000)
 compacting perm gen  total 12288K, used 653K [0x34800000, 0x35400000, 0x38800000)
   the space 12288K,   5% used [0x34800000, 0x348a3630, 0x348a3800, 0x35400000)
    ro space 10240K,  42% used [0x38800000, 0x38c37108, 0x38c37200, 0x39200000)
    rw space 12288K,  52% used [0x39200000, 0x39841738, 0x39841800, 0x39e00000)
}
Event: 96.246 GC heap before
{Heap before GC invocations=439 (full 0):
 def new generation   total 4928K, used 4419K [0x24800000, 0x24d50000, 0x29d50000)
  eden space 4416K, 100% used [0x24800000, 0x24c50000, 0x24c50000)
  from space 512K,   0% used [0x24cd0000, 0x24cd0ee0, 0x24d50000)
  to   space 512K,   0% used [0x24c50000, 0x24c50000, 0x24cd0000)
 tenured generation   total 10944K, used 386K [0x29d50000, 0x2a800000, 0x34800000)
   the space 10944K,   3% used [0x29d50000, 0x29db08a0, 0x29db0a00, 0x2a800000)
 compacting perm gen  total 12288K, used 653K [0x34800000, 0x35400000, 0x38800000)
   the space 12288K,   5% used [0x34800000, 0x348a3630, 0x348a3800, 0x35400000)
    ro space 10240K,  42% used [0x38800000, 0x38c37108, 0x38c37200, 0x39200000)
    rw space 12288K,  52% used [0x39200000, 0x39841738, 0x39841800, 0x39e00000)
Event: 96.247 GC heap after
Heap after GC invocations=440 (full 0):
 def new generation   total 4928K, used 3K [0x24800000, 0x24d50000, 0x29d50000)
  eden space 4416K,   0% used [0x24800000, 0x24800000, 0x24c50000)
  from space 512K,   0% used [0x24c50000, 0x24c50cf0, 0x24cd0000)
  to   space 512K,   0% used [0x24cd0000, 0x24cd0000, 0x24d50000)
 tenured generation   total 10944K, used 386K [0x29d50000, 0x2a800000, 0x34800000)
   the space 10944K,   3% used [0x29d50000, 0x29db0948, 0x29db0a00, 0x2a800000)
 compacting perm gen  total 12288K, used 653K [0x34800000, 0x35400000, 0x38800000)
   the space 12288K,   5% used [0x34800000, 0x348a3630, 0x348a3800, 0x35400000)
    ro space 10240K,  42% used [0x38800000, 0x38c37108, 0x38c37200, 0x39200000)
    rw space 12288K,  52% used [0x39200000, 0x39841738, 0x39841800, 0x39e00000)
}
Event: 96.379 GC heap before
{Heap before GC invocations=440 (full 0):
 def new generation   total 4928K, used 4419K [0x24800000, 0x24d50000, 0x29d50000)
  eden space 4416K, 100% used [0x24800000, 0x24c50000, 0x24c50000)
  from space 512K,   0% used [0x24c50000, 0x24c50cf0, 0x24cd0000)
  to   space 512K,   0% used [0x24cd0000, 0x24cd0000, 0x24d50000)
 tenured generation   total 10944K, used 386K [0x29d50000, 0x2a800000, 0x34800000)
   the space 10944K,   3% used [0x29d50000, 0x29db0948, 0x29db0a00, 0x2a800000)
 compacting perm gen  total 12288K, used 653K [0x34800000, 0x35400000, 0x38800000)
   the space 12288K,   5% used [0x34800000, 0x348a3630, 0x348a3800, 0x35400000)
    ro space 10240K,  42% used [0x38800000, 0x38c37108, 0x38c37200, 0x39200000)
    rw space 12288K,  52% used [0x39200000, 0x39841738, 0x39841800, 0x39e00000)
Event: 96.379 GC heap after
Heap after GC invocations=441 (full 0):
 def new generation   total 4928K, used 3K [0x24800000, 0x24d50000, 0x29d50000)
  eden space 4416K,   0% used [0x24800000, 0x24800000, 0x24c50000)
  from space 512K,   0% used [0x24cd0000, 0x24cd0ea8, 0x24d50000)
  to   space 512K,   0% used [0x24c50000, 0x24c50000, 0x24cd0000)
 tenured generation   total 10944K, used 386K [0x29d50000, 0x2a800000, 0x34800000)
   the space 10944K,   3% used [0x29d50000, 0x29db0980, 0x29db0a00, 0x2a800000)
 compacting perm gen  total 12288K, used 653K [0x34800000, 0x35400000, 0x38800000)
   the space 12288K,   5% used [0x34800000, 0x348a3630, 0x348a3800, 0x35400000)
    ro space 10240K,  42% used [0x38800000, 0x38c37108, 0x38c37200, 0x39200000)
    rw space 12288K,  52% used [0x39200000, 0x39841738, 0x39841800, 0x39e00000)
}
Event: 96.498 GC heap before
{Heap before GC invocations=441 (full 0):
 def new generation   total 4928K, used 4419K [0x24800000, 0x24d50000, 0x29d50000)
  eden space 4416K, 100% used [0x24800000, 0x24c50000, 0x24c50000)
  from space 512K,   0% used [0x24cd0000, 0x24cd0ea8, 0x24d50000)
  to   space 512K,   0% used [0x24c50000, 0x24c50000, 0x24cd0000)
 tenured generation   total 10944K, used 386K [0x29d50000, 0x2a800000, 0x34800000)
   the space 10944K,   3% used [0x29d50000, 0x29db0980, 0x29db0a00, 0x2a800000)
 compacting perm gen  total 12288K, used 653K [0x34800000, 0x35400000, 0x38800000)
   the space 12288K,   5% used [0x34800000, 0x348a3630, 0x348a3800, 0x35400000)
    ro space 10240K,  42% used [0x38800000, 0x38c37108, 0x38c37200, 0x39200000)
    rw space 12288K,  52% used [0x39200000, 0x39841738, 0x39841800, 0x39e00000)
Event: 96.498 GC heap after
Heap after GC invocations=442 (full 0):
 def new generation   total 4928K, used 3K [0x24800000, 0x24d50000, 0x29d50000)
  eden space 4416K,   0% used [0x24800000, 0x24800000, 0x24c50000)
  from space 512K,   0% used [0x24c50000, 0x24c50f18, 0x24cd0000)
  to   space 512K,   0% used [0x24cd0000, 0x24cd0000, 0x24d50000)
 tenured generation   total 10944K, used 386K [0x29d50000, 0x2a800000, 0x34800000)
   the space 10944K,   3% used [0x29d50000, 0x29db0980, 0x29db0a00, 0x2a800000)
 compacting perm gen  total 12288K, used 653K [0x34800000, 0x35400000, 0x38800000)
   the space 12288K,   5% used [0x34800000, 0x348a3630, 0x348a3800, 0x35400000)
    ro space 10240K,  42% used [0x38800000, 0x38c37108, 0x38c37200, 0x39200000)
    rw space 12288K,  52% used [0x39200000, 0x39841738, 0x39841800, 0x39e00000)
}
Event: 96.610 GC heap before
{Heap before GC invocations=442 (full 0):
 def new generation   total 4928K, used 4419K [0x24800000, 0x24d50000, 0x29d50000)
  eden space 4416K, 100% used [0x24800000, 0x24c50000, 0x24c50000)
  from space 512K,   0% used [0x24c50000, 0x24c50f18, 0x24cd0000)
  to   space 512K,   0% used [0x24cd0000, 0x24cd0000, 0x24d50000)
 tenured generation   total 10944K, used 386K [0x29d50000, 0x2a800000, 0x34800000)
   the space 10944K,   3% used [0x29d50000, 0x29db0980, 0x29db0a00, 0x2a800000)
 compacting perm gen  total 12288K, used 653K [0x34800000, 0x35400000, 0x38800000)
   the space 12288K,   5% used [0x34800000, 0x348a3630, 0x348a3800, 0x35400000)
    ro space 10240K,  42% used [0x38800000, 0x38c37108, 0x38c37200, 0x39200000)
    rw space 12288K,  52% used [0x39200000, 0x39841738, 0x39841800, 0x39e00000)
Event: 96.610 GC heap after
Heap after GC invocations=443 (full 0):
 def new generation   total 4928K, used 3K [0x24800000, 0x24d50000, 0x29d50000)
  eden space 4416K,   0% used [0x24800000, 0x24800000, 0x24c50000)
  from space 512K,   0% used [0x24cd0000, 0x24cd0c28, 0x24d50000)
  to   space 512K,   0% used [0x24c50000, 0x24c50000, 0x24cd0000)
 tenured generation   total 10944K, used 386K [0x29d50000, 0x2a800000, 0x34800000)
   the space 10944K,   3% used [0x29d50000, 0x29db0a28, 0x29db0c00, 0x2a800000)
 compacting perm gen  total 12288K, used 653K [0x34800000, 0x35400000, 0x38800000)
   the space 12288K,   5% used [0x34800000, 0x348a3630, 0x348a3800, 0x35400000)
    ro space 10240K,  42% used [0x38800000, 0x38c37108, 0x38c37200, 0x39200000)
    rw space 12288K,  52% used [0x39200000, 0x39841738, 0x39841800, 0x39e00000)
}

Deoptimization events (0 events):
No events

Internal exceptions (10 events):
Event: 86.586 Thread 0x02efc000 Implicit null exception at 0x02fa13a8 to 0x02fa1445
Event: 86.587 Thread 0x02efc000 Threw 0x2494c570 at C:\re\jdk7u80\2329\hotspot\src\share\vm\runtime\sharedRuntime.cpp:591
Event: 86.588 Thread 0x02efc000 Implicit null exception at 0x02fa13a8 to 0x02fa1445
Event: 86.588 Thread 0x02efc000 Threw 0x2494f788 at C:\re\jdk7u80\2329\hotspot\src\share\vm\runtime\sharedRuntime.cpp:591
Event: 86.589 Thread 0x02efc000 Implicit null exception at 0x02fa13a8 to 0x02fa1445
Event: 86.589 Thread 0x02efc000 Threw 0x249529a0 at C:\re\jdk7u80\2329\hotspot\src\share\vm\runtime\sharedRuntime.cpp:591
Event: 86.590 Thread 0x02efc000 Implicit null exception at 0x02fa13a8 to 0x02fa1445
Event: 86.590 Thread 0x02efc000 Threw 0x24955bb8 at C:\re\jdk7u80\2329\hotspot\src\share\vm\runtime\sharedRuntime.cpp:591
Event: 86.602 Thread 0x02efc000 Implicit null exception at 0x02fa13a8 to 0x02fa1445
Event: 86.602 Thread 0x02efc000 Threw 0x24958e08 at C:\re\jdk7u80\2329\hotspot\src\share\vm\runtime\sharedRuntime.cpp:591

Events (10 events):
Event: 96.134 Executing VM operation: GenCollectForAllocation
Event: 96.134 Executing VM operation: GenCollectForAllocation done
Event: 96.246 Executing VM operation: GenCollectForAllocation
Event: 96.247 Executing VM operation: GenCollectForAllocation done
Event: 96.379 Executing VM operation: GenCollectForAllocation
Event: 96.379 Executing VM operation: GenCollectForAllocation done
Event: 96.498 Executing VM operation: GenCollectForAllocation
Event: 96.498 Executing VM operation: GenCollectForAllocation done
Event: 96.610 Executing VM operation: GenCollectForAllocation
Event: 96.610 Executing VM operation: GenCollectForAllocation done


Dynamic libraries:
0x01170000 - 0x0119f000 	C:\Program Files (x86)\Java\jre7\bin\javaw.exe
0x77a40000 - 0x77bbf000 	C:\WINDOWS\SYSTEM32\ntdll.dll
0x77040000 - 0x77120000 	C:\WINDOWS\System32\KERNEL32.DLL
0x75e10000 - 0x75fbe000 	C:\WINDOWS\System32\KERNELBASE.dll
0x763d0000 - 0x76446000 	C:\WINDOWS\System32\ADVAPI32.dll
0x74a30000 - 0x74aed000 	C:\WINDOWS\System32\msvcrt.dll
0x76740000 - 0x76781000 	C:\WINDOWS\System32\sechost.dll
0x77440000 - 0x774fc000 	C:\WINDOWS\System32\RPCRT4.dll
0x74630000 - 0x7464e000 	C:\WINDOWS\System32\SspiCli.dll
0x74620000 - 0x7462a000 	C:\WINDOWS\System32\CRYPTBASE.dll
0x746c0000 - 0x74718000 	C:\WINDOWS\System32\bcryptPrimitives.dll
0x772f0000 - 0x7743d000 	C:\WINDOWS\System32\USER32.dll
0x747b0000 - 0x747c6000 	C:\WINDOWS\System32\win32u.dll
0x74650000 - 0x7467a000 	C:\WINDOWS\System32\GDI32.dll
0x77510000 - 0x77667000 	C:\WINDOWS\System32\gdi32full.dll
0x73f60000 - 0x74160000 	C:\WINDOWS\WinSxS\x86_microsoft.windows.common-controls_6595b64144ccf1df_6.0.14946.1000_none_d33ee90ed06d81a5\COMCTL32.dll
0x764a0000 - 0x766af000 	C:\WINDOWS\System32\combase.dll
0x77120000 - 0x771fa000 	C:\WINDOWS\System32\ucrtbase.dll
0x766b0000 - 0x766d5000 	C:\WINDOWS\System32\IMM32.DLL
0x70020000 - 0x700df000 	C:\Program Files (x86)\Java\jre7\bin\msvcr100.dll
0x6e0a0000 - 0x6e42b000 	C:\Program Files (x86)\Java\jre7\bin\client\jvm.dll
0x76790000 - 0x76796000 	C:\WINDOWS\System32\PSAPI.DLL
0x73ed0000 - 0x73ef4000 	C:\WINDOWS\SYSTEM32\WINMM.dll
0x73f00000 - 0x73f08000 	C:\WINDOWS\SYSTEM32\WSOCK32.dll
0x76830000 - 0x76892000 	C:\WINDOWS\System32\WS2_32.dll
0x73b70000 - 0x73b93000 	C:\WINDOWS\SYSTEM32\WINMMBASE.dll
0x74680000 - 0x746b5000 	C:\WINDOWS\System32\cfgmgr32.dll
0x70010000 - 0x7001c000 	C:\Program Files (x86)\Java\jre7\bin\verify.dll
0x6ffe0000 - 0x70001000 	C:\Program Files (x86)\Java\jre7\bin\java.dll
0x6ffc0000 - 0x6ffd3000 	C:\Program Files (x86)\Java\jre7\bin\zip.dll
0x0f050000 - 0x0f2d6000 	D:\FangAI\FangAI\bwapi_bridge2_5.dll
0x725c0000 - 0x72631000 	C:\WINDOWS\SYSTEM32\MSVCP120.dll
0x724d0000 - 0x725be000 	C:\WINDOWS\SYSTEM32\MSVCR120.dll
0x6f540000 - 0x6f59e000 	D:\FangAI\FangAI\libmpfr-4.dll
0x6acc0000 - 0x6ad27000 	D:\FangAI\FangAI\libgmp-10.dll
0x6e540000 - 0x6e68b000 	C:\WINDOWS\SYSTEM32\dbghelp.dll

VM Arguments:
jvm_args: -Dfile.encoding=Cp1252 
java_command: FangBot
Launcher Type: SUN_STANDARD

Environment Variables:
PATH=C:/Program Files (x86)/Java/jre1.8.0_111/bin/client;C:/Program Files (x86)/Java/jre1.8.0_111/bin;C:/Program Files (x86)/Java/jre1.8.0_111/lib/i386;C:\ProgramData\Oracle\Java\javapath;C:\Program Files\Haskell\bin;C:\Program Files\Haskell Platform\8.0.1\lib\extralibs\bin;C:\Program Files\Haskell Platform\8.0.1\bin;C:\Windows\system32;C:\Windows;C:\Windows\System32\Wbem;C:\Windows\System32\WindowsPowerShell\v1.0\;C:\Program Files (x86)\NVIDIA Corporation\PhysX\Common;C:\Program Files\Haskell Platform\8.0.1\mingw\bin;C:\Program Files (x86)\Brackets\command;C:\Program Files (x86)\GtkSharp\2.12\bin;C:\WINDOWS\system32;C:\WINDOWS;C:\WINDOWS\System32\Wbem;C:\WINDOWS\System32\WindowsPowerShell\v1.0\;C:\Program Files (x86)\Windows Live\Shared;C:\Program Files (x86)\Windows Kits\8.1\Windows Performance Toolkit\;C:\Program Files (x86)\Skype\Phone\;C:\Users\dkfan\AppData\Roaming\cabal\bin;C:\Users\dkfan\AppData\Roaming\local\bin;C:\Users\dkfan\AppData\Local\Microsoft\WindowsApps;
USERNAME=dkfan
OS=Windows_NT
PROCESSOR_IDENTIFIER=Intel64 Family 6 Model 94 Stepping 3, GenuineIntel



---------------  S Y S T E M  ---------------

OS: Windows 8.1 , 64 bit Build 9600 

CPU:total 8 (4 cores per cpu, 2 threads per core) family 6 model 94 stepping 3, cmov, cx8, fxsr, mmx, sse, sse2, sse3, ssse3, sse4.1, sse4.2, popcnt, avx, avx2, aes, erms, ht, tsc, tscinvbit

Memory: 4k page, physical 16694876k(9038096k free), swap 19185244k(6184416k free)

vm_info: Java HotSpot(TM) Client VM (24.80-b11) for windows-x86 JRE (1.7.0_80-b15), built on Apr 10 2015 13:33:35 by "java_re" with unknown MS VC++:1600

time: Sat Dec 10 17:54:42 2016
elapsed time: 96 seconds

