#
# A fatal error has been detected by the Java Runtime Environment:
#
#  EXCEPTION_ACCESS_VIOLATION (0xc0000005) at pc=0x6dc1569b, pid=12244, tid=10312
#
# JRE version: Java(TM) SE Runtime Environment (7.0_80-b15) (build 1.7.0_80-b15)
# Java VM: Java HotSpot(TM) Client VM (24.80-b11 mixed mode, sharing windows-x86 )
# Problematic frame:
# V  [jvm.dll+0xc569b]
#
# Failed to write core dump. Minidumps are not enabled by default on client versions of Windows
#
# If you would like to submit a bug report, please visit:
#   http://bugreport.java.com/bugreport/crash.jsp
#

---------------  T H R E A D  ---------------

Current thread (0x02e5c000):  JavaThread "main" [_thread_in_vm, id=10312, stack(0x02d90000,0x02de0000)]

siginfo: ExceptionCode=0xc0000005, reading address 0x00000000

Registers:
EAX=0x00000000, EBX=0x055a7720, ECX=0x00000000, EDX=0x00000007
ESP=0x02dddb04, EBP=0x02dddb20, ESI=0x02e5c130, EDI=0x02e5c000
EIP=0x6dc1569b, EFLAGS=0x00010246

Top of Stack: (sp=0x02dddb04)
0x02dddb04:   02dddc18 00000000 055a7720 02e5c000
0x02dddb14:   00000000 00000000 055a7720 02dddba4
0x02dddb24:   0ff2c65a 02e5c130 00000000 6e696f70
0x02dddb34:   00726574 02dddba4 0ff2c61e 00000007
0x02dddb44:   0000000f 624c004a 69706177 696e552f
0x02dddb54:   02003b74 00000001 0000000f 81818bc5
0x02dddb64:   02e5c000 07c374dc 02e5c000 055a7720
0x02dddb74:   055a78bc 0561f648 0561f644 02dddb48 

Instructions: (pc=0x6dc1569b)
0x6dc1567b:   f3 ff 83 c4 08 83 7f 04 00 89 7d f0 c7 45 f4 00
0x6dc1568b:   00 00 00 74 08 8d 4d f0 e8 78 aa 0c 00 8b 45 0c
0x6dc1569b:   8b 08 8b 51 04 8b 42 40 50 56 e8 a6 e3 07 00 83
0x6dc156ab:   c4 08 83 7d f4 00 89 45 08 74 08 8d 4d f0 e8 92 


Register to memory mapping:

EAX=0x00000000 is an unknown value
EBX=0x055a7720 is a global jni handle
ECX=0x00000000 is an unknown value
EDX=0x00000007 is an unknown value
ESP=0x02dddb04 is pointing into the stack for thread: 0x02e5c000
EBP=0x02dddb20 is pointing into the stack for thread: 0x02e5c000
ESI=0x02e5c130 is an unknown value
EDI=0x02e5c000 is a thread


Stack: [0x02d90000,0x02de0000],  sp=0x02dddb04,  free space=310k
Native frames: (J=compiled Java code, j=interpreted, Vv=VM code, C=native code)
V  [jvm.dll+0xc569b]
C  [bwapi_bridge2_5.dll+0x1c65a]
C  [bwapi_bridge2_5.dll+0x387be]
J 166  bwapi.Unit.issueCommand_native(JLbwapi/UnitCommand;)Z (0 bytes) @ 0x03041078 [0x03040fd0+0xa8]
J 218 C1 FangSM.Kite(Lbwapi/Unit;Lbwapi/Unit;)V (163 bytes) @ 0x0304e134 [0x0304de30+0x304]
J 217 C1 FangSM.Action(Lbwapi/Unit;Lbwapi/Game;LFangSM$Role;Lbwapi/Unit;)Z (75 bytes) @ 0x0304d74c [0x0304d690+0xbc]
J 176 C1 Formation.FSM(Lbwapi/Unit;LFormation;LFormation$State;LFangSM;LFangAi;Lbwapi/Game;Ljava/util/HashSet;)V (537 bytes) @ 0x030438d4 [0x030431b0+0x724]
J 89 C1 FangBot.onFrame()V (716 bytes) @ 0x03026aa4 [0x030257f0+0x12b4]
J 122 C1 bwapi.AIModule.onFrame()V (17 bytes) @ 0x03035cc4 [0x03035c90+0x34]
v  ~StubRoutines::call_stub
V  [jvm.dll+0x1429aa]
V  [jvm.dll+0x20743e]
V  [jvm.dll+0x142a2d]
V  [jvm.dll+0xcb7b2]
V  [jvm.dll+0xcf403]
C  [bwapi_bridge2_5.dll+0x1b20d]
C  [bwapi_bridge2_5.dll+0x75101]
j  bwapi.Mirror.startGame()V+0
j  FangBot.run()V+15
j  FangBot.main([Ljava/lang/String;)V+7
v  ~StubRoutines::call_stub
V  [jvm.dll+0x1429aa]
V  [jvm.dll+0x20743e]
V  [jvm.dll+0x142a2d]
V  [jvm.dll+0xcb535]
V  [jvm.dll+0xd61d7]
C  [javaw.exe+0x2070]
C  [javaw.exe+0xa6d1]
C  [javaw.exe+0xa75b]
C  [KERNEL32.DLL+0x16394]
C  [ntdll.dll+0x604bb]
C  [ntdll.dll+0x6048b]

Java frames: (J=compiled Java code, j=interpreted, Vv=VM code)
J 166  bwapi.Unit.issueCommand_native(JLbwapi/UnitCommand;)Z (0 bytes) @ 0x03041034 [0x03040fd0+0x64]
J 218 C1 FangSM.Kite(Lbwapi/Unit;Lbwapi/Unit;)V (163 bytes) @ 0x0304e134 [0x0304de30+0x304]
J 217 C1 FangSM.Action(Lbwapi/Unit;Lbwapi/Game;LFangSM$Role;Lbwapi/Unit;)Z (75 bytes) @ 0x0304d74c [0x0304d690+0xbc]
J 176 C1 Formation.FSM(Lbwapi/Unit;LFormation;LFormation$State;LFangSM;LFangAi;Lbwapi/Game;Ljava/util/HashSet;)V (537 bytes) @ 0x030438d4 [0x030431b0+0x724]
J 89 C1 FangBot.onFrame()V (716 bytes) @ 0x03026aa4 [0x030257f0+0x12b4]
J 122 C1 bwapi.AIModule.onFrame()V (17 bytes) @ 0x03035cc4 [0x03035c90+0x34]
v  ~StubRoutines::call_stub
j  bwapi.Mirror.startGame()V+0
j  FangBot.run()V+15
j  FangBot.main([Ljava/lang/String;)V+7
v  ~StubRoutines::call_stub

---------------  P R O C E S S  ---------------

Java Threads: ( => current thread )
  0x02ef4400 JavaThread "Service Thread" daemon [_thread_blocked, id=3724, stack(0x054b0000,0x05500000)]
  0x02ef3000 JavaThread "C1 CompilerThread0" daemon [_thread_blocked, id=16916, stack(0x05420000,0x05470000)]
  0x02ef0400 JavaThread "Attach Listener" daemon [_thread_blocked, id=912, stack(0x05390000,0x053e0000)]
  0x02eee000 JavaThread "Signal Dispatcher" daemon [_thread_blocked, id=16432, stack(0x05300000,0x05350000)]
  0x02e80800 JavaThread "Finalizer" daemon [_thread_blocked, id=17392, stack(0x05270000,0x052c0000)]
  0x02e7f000 JavaThread "Reference Handler" daemon [_thread_blocked, id=16600, stack(0x051e0000,0x05230000)]
=>0x02e5c000 JavaThread "main" [_thread_in_vm, id=10312, stack(0x02d90000,0x02de0000)]

Other Threads:
  0x02e7dc00 VMThread [stack: 0x05150000,0x051a0000] [id=4288]
  0x02f02000 WatcherThread [stack: 0x05540000,0x05590000] [id=10852]

VM state:not at safepoint (normal execution)

VM Mutex/Monitor currently owned by a thread: None

Heap
 def new generation   total 4928K, used 3826K [0x24800000, 0x24d50000, 0x29d50000)
  eden space 4416K,  86% used [0x24800000, 0x24bbb520, 0x24c50000)
  from space 512K,   1% used [0x24c50000, 0x24c51560, 0x24cd0000)
  to   space 512K,   0% used [0x24cd0000, 0x24cd0000, 0x24d50000)
 tenured generation   total 10944K, used 559K [0x29d50000, 0x2a800000, 0x34800000)
   the space 10944K,   5% used [0x29d50000, 0x29ddbef0, 0x29ddc000, 0x2a800000)
 compacting perm gen  total 12288K, used 656K [0x34800000, 0x35400000, 0x38800000)
   the space 12288K,   5% used [0x34800000, 0x348a40c0, 0x348a4200, 0x35400000)
    ro space 10240K,  42% used [0x38800000, 0x38c37108, 0x38c37200, 0x39200000)
    rw space 12288K,  52% used [0x39200000, 0x39841738, 0x39841800, 0x39e00000)

Card table byte_map: [0x05000000,0x050b0000] byte_map_base: 0x04edc000

Polling page: 0x02de0000

Code Cache  [0x02f80000, 0x03058000, 0x04f80000)
 total_blobs=374 nmethods=236 adapters=75 free_code_cache=31927Kb largest_free_block=32693504

Compilation events (10 events):
Event: 75.009 Thread 0x02ef3000  227             java.lang.StrictMath::floorOrCeil (128 bytes)
Event: 75.009 Thread 0x02ef3000 nmethod 227 0x03050088 code [0x03050180, 0x03050340]
Event: 75.009 Thread 0x02ef3000  228             java.lang.Math::getExponent (5 bytes)
Event: 75.009 Thread 0x02ef3000 nmethod 228 0x03050388 code [0x03050480, 0x03050530]
Event: 76.741 Thread 0x02ef3000  229             java.util.HashMap$Entry::recordRemoval (1 bytes)
Event: 76.741 Thread 0x02ef3000 nmethod 229 0x03050588 code [0x03050680, 0x03050700]
Event: 77.195 Thread 0x02ef3000  230             java.util.HashMap::removeEntryForKey (159 bytes)
Event: 77.195 Thread 0x02ef3000 nmethod 230 0x03050748 code [0x03050880, 0x03050b04]
Event: 84.538 Thread 0x02ef3000  234             BuildingUtil::normalize (57 bytes)
Event: 84.538 Thread 0x02ef3000 nmethod 234 0x03051548 code [0x030516d0, 0x03051c78]

GC Heap History (10 events):
Event: 134.779 GC heap before
{Heap before GC invocations=707 (full 0):
 def new generation   total 4928K, used 4428K [0x24800000, 0x24d50000, 0x29d50000)
  eden space 4416K, 100% used [0x24800000, 0x24c50000, 0x24c50000)
  from space 512K,   2% used [0x24cd0000, 0x24cd3358, 0x24d50000)
  to   space 512K,   0% used [0x24c50000, 0x24c50000, 0x24cd0000)
 tenured generation   total 10944K, used 557K [0x29d50000, 0x2a800000, 0x34800000)
   the space 10944K,   5% used [0x29d50000, 0x29ddb5c0, 0x29ddb600, 0x2a800000)
 compacting perm gen  total 12288K, used 656K [0x34800000, 0x35400000, 0x38800000)
   the space 12288K,   5% used [0x34800000, 0x348a40c0, 0x348a4200, 0x35400000)
    ro space 10240K,  42% used [0x38800000, 0x38c37108, 0x38c37200, 0x39200000)
    rw space 12288K,  52% used [0x39200000, 0x39841738, 0x39841800, 0x39e00000)
Event: 134.779 GC heap after
Heap after GC invocations=708 (full 0):
 def new generation   total 4928K, used 5K [0x24800000, 0x24d50000, 0x29d50000)
  eden space 4416K,   0% used [0x24800000, 0x24800000, 0x24c50000)
  from space 512K,   1% used [0x24c50000, 0x24c51698, 0x24cd0000)
  to   space 512K,   0% used [0x24cd0000, 0x24cd0000, 0x24d50000)
 tenured generation   total 10944K, used 558K [0x29d50000, 0x2a800000, 0x34800000)
   the space 10944K,   5% used [0x29d50000, 0x29ddb9e8, 0x29ddba00, 0x2a800000)
 compacting perm gen  total 12288K, used 656K [0x34800000, 0x35400000, 0x38800000)
   the space 12288K,   5% used [0x34800000, 0x348a40c0, 0x348a4200, 0x35400000)
    ro space 10240K,  42% used [0x38800000, 0x38c37108, 0x38c37200, 0x39200000)
    rw space 12288K,  52% used [0x39200000, 0x39841738, 0x39841800, 0x39e00000)
}
Event: 134.885 GC heap before
{Heap before GC invocations=708 (full 0):
 def new generation   total 4928K, used 4421K [0x24800000, 0x24d50000, 0x29d50000)
  eden space 4416K, 100% used [0x24800000, 0x24c50000, 0x24c50000)
  from space 512K,   1% used [0x24c50000, 0x24c51698, 0x24cd0000)
  to   space 512K,   0% used [0x24cd0000, 0x24cd0000, 0x24d50000)
 tenured generation   total 10944K, used 558K [0x29d50000, 0x2a800000, 0x34800000)
   the space 10944K,   5% used [0x29d50000, 0x29ddb9e8, 0x29ddba00, 0x2a800000)
 compacting perm gen  total 12288K, used 656K [0x34800000, 0x35400000, 0x38800000)
   the space 12288K,   5% used [0x34800000, 0x348a40c0, 0x348a4200, 0x35400000)
    ro space 10240K,  42% used [0x38800000, 0x38c37108, 0x38c37200, 0x39200000)
    rw space 12288K,  52% used [0x39200000, 0x39841738, 0x39841800, 0x39e00000)
Event: 134.886 GC heap after
Heap after GC invocations=709 (full 0):
 def new generation   total 4928K, used 11K [0x24800000, 0x24d50000, 0x29d50000)
  eden space 4416K,   0% used [0x24800000, 0x24800000, 0x24c50000)
  from space 512K,   2% used [0x24cd0000, 0x24cd2f30, 0x24d50000)
  to   space 512K,   0% used [0x24c50000, 0x24c50000, 0x24cd0000)
 tenured generation   total 10944K, used 558K [0x29d50000, 0x2a800000, 0x34800000)
   the space 10944K,   5% used [0x29d50000, 0x29ddb9e8, 0x29ddba00, 0x2a800000)
 compacting perm gen  total 12288K, used 656K [0x34800000, 0x35400000, 0x38800000)
   the space 12288K,   5% used [0x34800000, 0x348a40c0, 0x348a4200, 0x35400000)
    ro space 10240K,  42% used [0x38800000, 0x38c37108, 0x38c37200, 0x39200000)
    rw space 12288K,  52% used [0x39200000, 0x39841738, 0x39841800, 0x39e00000)
}
Event: 134.992 GC heap before
{Heap before GC invocations=709 (full 0):
 def new generation   total 4928K, used 4427K [0x24800000, 0x24d50000, 0x29d50000)
  eden space 4416K, 100% used [0x24800000, 0x24c50000, 0x24c50000)
  from space 512K,   2% used [0x24cd0000, 0x24cd2f30, 0x24d50000)
  to   space 512K,   0% used [0x24c50000, 0x24c50000, 0x24cd0000)
 tenured generation   total 10944K, used 558K [0x29d50000, 0x2a800000, 0x34800000)
   the space 10944K,   5% used [0x29d50000, 0x29ddb9e8, 0x29ddba00, 0x2a800000)
 compacting perm gen  total 12288K, used 656K [0x34800000, 0x35400000, 0x38800000)
   the space 12288K,   5% used [0x34800000, 0x348a40c0, 0x348a4200, 0x35400000)
    ro space 10240K,  42% used [0x38800000, 0x38c37108, 0x38c37200, 0x39200000)
    rw space 12288K,  52% used [0x39200000, 0x39841738, 0x39841800, 0x39e00000)
Event: 134.992 GC heap after
Heap after GC invocations=710 (full 0):
 def new generation   total 4928K, used 5K [0x24800000, 0x24d50000, 0x29d50000)
  eden space 4416K,   0% used [0x24800000, 0x24800000, 0x24c50000)
  from space 512K,   0% used [0x24c50000, 0x24c51430, 0x24cd0000)
  to   space 512K,   0% used [0x24cd0000, 0x24cd0000, 0x24d50000)
 tenured generation   total 10944K, used 558K [0x29d50000, 0x2a800000, 0x34800000)
   the space 10944K,   5% used [0x29d50000, 0x29ddba90, 0x29ddbc00, 0x2a800000)
 compacting perm gen  total 12288K, used 656K [0x34800000, 0x35400000, 0x38800000)
   the space 12288K,   5% used [0x34800000, 0x348a40c0, 0x348a4200, 0x35400000)
    ro space 10240K,  42% used [0x38800000, 0x38c37108, 0x38c37200, 0x39200000)
    rw space 12288K,  52% used [0x39200000, 0x39841738, 0x39841800, 0x39e00000)
}
Event: 135.111 GC heap before
{Heap before GC invocations=710 (full 0):
 def new generation   total 4928K, used 4421K [0x24800000, 0x24d50000, 0x29d50000)
  eden space 4416K, 100% used [0x24800000, 0x24c50000, 0x24c50000)
  from space 512K,   0% used [0x24c50000, 0x24c51430, 0x24cd0000)
  to   space 512K,   0% used [0x24cd0000, 0x24cd0000, 0x24d50000)
 tenured generation   total 10944K, used 558K [0x29d50000, 0x2a800000, 0x34800000)
   the space 10944K,   5% used [0x29d50000, 0x29ddba90, 0x29ddbc00, 0x2a800000)
 compacting perm gen  total 12288K, used 656K [0x34800000, 0x35400000, 0x38800000)
   the space 12288K,   5% used [0x34800000, 0x348a40c0, 0x348a4200, 0x35400000)
    ro space 10240K,  42% used [0x38800000, 0x38c37108, 0x38c37200, 0x39200000)
    rw space 12288K,  52% used [0x39200000, 0x39841738, 0x39841800, 0x39e00000)
Event: 135.111 GC heap after
Heap after GC invocations=711 (full 0):
 def new generation   total 4928K, used 12K [0x24800000, 0x24d50000, 0x29d50000)
  eden space 4416K,   0% used [0x24800000, 0x24800000, 0x24c50000)
  from space 512K,   2% used [0x24cd0000, 0x24cd3260, 0x24d50000)
  to   space 512K,   0% used [0x24c50000, 0x24c50000, 0x24cd0000)
 tenured generation   total 10944K, used 558K [0x29d50000, 0x2a800000, 0x34800000)
   the space 10944K,   5% used [0x29d50000, 0x29ddbb38, 0x29ddbc00, 0x2a800000)
 compacting perm gen  total 12288K, used 656K [0x34800000, 0x35400000, 0x38800000)
   the space 12288K,   5% used [0x34800000, 0x348a40c0, 0x348a4200, 0x35400000)
    ro space 10240K,  42% used [0x38800000, 0x38c37108, 0x38c37200, 0x39200000)
    rw space 12288K,  52% used [0x39200000, 0x39841738, 0x39841800, 0x39e00000)
}
Event: 135.216 GC heap before
{Heap before GC invocations=711 (full 0):
 def new generation   total 4928K, used 4428K [0x24800000, 0x24d50000, 0x29d50000)
  eden space 4416K, 100% used [0x24800000, 0x24c50000, 0x24c50000)
  from space 512K,   2% used [0x24cd0000, 0x24cd3260, 0x24d50000)
  to   space 512K,   0% used [0x24c50000, 0x24c50000, 0x24cd0000)
 tenured generation   total 10944K, used 558K [0x29d50000, 0x2a800000, 0x34800000)
   the space 10944K,   5% used [0x29d50000, 0x29ddbb38, 0x29ddbc00, 0x2a800000)
 compacting perm gen  total 12288K, used 656K [0x34800000, 0x35400000, 0x38800000)
   the space 12288K,   5% used [0x34800000, 0x348a40c0, 0x348a4200, 0x35400000)
    ro space 10240K,  42% used [0x38800000, 0x38c37108, 0x38c37200, 0x39200000)
    rw space 12288K,  52% used [0x39200000, 0x39841738, 0x39841800, 0x39e00000)
Event: 135.216 GC heap after
Heap after GC invocations=712 (full 0):
 def new generation   total 4928K, used 5K [0x24800000, 0x24d50000, 0x29d50000)
  eden space 4416K,   0% used [0x24800000, 0x24800000, 0x24c50000)
  from space 512K,   1% used [0x24c50000, 0x24c51560, 0x24cd0000)
  to   space 512K,   0% used [0x24cd0000, 0x24cd0000, 0x24d50000)
 tenured generation   total 10944K, used 559K [0x29d50000, 0x2a800000, 0x34800000)
   the space 10944K,   5% used [0x29d50000, 0x29ddbef0, 0x29ddc000, 0x2a800000)
 compacting perm gen  total 12288K, used 656K [0x34800000, 0x35400000, 0x38800000)
   the space 12288K,   5% used [0x34800000, 0x348a40c0, 0x348a4200, 0x35400000)
    ro space 10240K,  42% used [0x38800000, 0x38c37108, 0x38c37200, 0x39200000)
    rw space 12288K,  52% used [0x39200000, 0x39841738, 0x39841800, 0x39e00000)
}

Deoptimization events (0 events):
No events

Internal exceptions (10 events):
Event: 113.601 Thread 0x02e5c000 Implicit null exception at 0x03022728 to 0x030227c5
Event: 113.601 Thread 0x02e5c000 Threw 0x248da9b8 at C:\re\jdk7u80\2329\hotspot\src\share\vm\runtime\sharedRuntime.cpp:591
Event: 113.602 Thread 0x02e5c000 Implicit null exception at 0x03022728 to 0x030227c5
Event: 113.602 Thread 0x02e5c000 Threw 0x248dd580 at C:\re\jdk7u80\2329\hotspot\src\share\vm\runtime\sharedRuntime.cpp:591
Event: 113.603 Thread 0x02e5c000 Implicit null exception at 0x03022728 to 0x030227c5
Event: 113.603 Thread 0x02e5c000 Threw 0x248dfff0 at C:\re\jdk7u80\2329\hotspot\src\share\vm\runtime\sharedRuntime.cpp:591
Event: 113.616 Thread 0x02e5c000 Implicit null exception at 0x03022728 to 0x030227c5
Event: 113.616 Thread 0x02e5c000 Threw 0x248e2a60 at C:\re\jdk7u80\2329\hotspot\src\share\vm\runtime\sharedRuntime.cpp:591
Event: 113.618 Thread 0x02e5c000 Implicit null exception at 0x03022728 to 0x030227c5
Event: 113.618 Thread 0x02e5c000 Threw 0x248e54f0 at C:\re\jdk7u80\2329\hotspot\src\share\vm\runtime\sharedRuntime.cpp:591

Events (10 events):
Event: 134.779 Executing VM operation: GenCollectForAllocation
Event: 134.780 Executing VM operation: GenCollectForAllocation done
Event: 134.885 Executing VM operation: GenCollectForAllocation
Event: 134.886 Executing VM operation: GenCollectForAllocation done
Event: 134.992 Executing VM operation: GenCollectForAllocation
Event: 134.992 Executing VM operation: GenCollectForAllocation done
Event: 135.111 Executing VM operation: GenCollectForAllocation
Event: 135.111 Executing VM operation: GenCollectForAllocation done
Event: 135.216 Executing VM operation: GenCollectForAllocation
Event: 135.216 Executing VM operation: GenCollectForAllocation done


Dynamic libraries:
0x00d10000 - 0x00d3f000 	C:\Program Files (x86)\Java\jre7\bin\javaw.exe
0x76e90000 - 0x7700f000 	C:\WINDOWS\SYSTEM32\ntdll.dll
0x73cb0000 - 0x73d90000 	C:\WINDOWS\System32\KERNEL32.DLL
0x75870000 - 0x75a1e000 	C:\WINDOWS\System32\KERNELBASE.dll
0x73d90000 - 0x73e06000 	C:\WINDOWS\System32\ADVAPI32.dll
0x76590000 - 0x7664d000 	C:\WINDOWS\System32\msvcrt.dll
0x75420000 - 0x75461000 	C:\WINDOWS\System32\sechost.dll
0x76710000 - 0x767cc000 	C:\WINDOWS\System32\RPCRT4.dll
0x73a80000 - 0x73a9e000 	C:\WINDOWS\System32\SspiCli.dll
0x73a70000 - 0x73a7a000 	C:\WINDOWS\System32\CRYPTBASE.dll
0x73ef0000 - 0x73f48000 	C:\WINDOWS\System32\bcryptPrimitives.dll
0x75d50000 - 0x75e9d000 	C:\WINDOWS\System32\USER32.dll
0x76650000 - 0x76666000 	C:\WINDOWS\System32\win32u.dll
0x75300000 - 0x7532a000 	C:\WINDOWS\System32\GDI32.dll
0x75470000 - 0x755c7000 	C:\WINDOWS\System32\gdi32full.dll
0x73420000 - 0x73620000 	C:\WINDOWS\WinSxS\x86_microsoft.windows.common-controls_6595b64144ccf1df_6.0.14946.1000_none_d33ee90ed06d81a5\COMCTL32.dll
0x73aa0000 - 0x73caf000 	C:\WINDOWS\System32\combase.dll
0x75340000 - 0x7541a000 	C:\WINDOWS\System32\ucrtbase.dll
0x755d0000 - 0x755f5000 	C:\WINDOWS\System32\IMM32.DLL
0x78a00000 - 0x78abf000 	C:\Program Files (x86)\Java\jre7\bin\msvcr100.dll
0x6db50000 - 0x6dedb000 	C:\Program Files (x86)\Java\jre7\bin\client\jvm.dll
0x75780000 - 0x75786000 	C:\WINDOWS\System32\PSAPI.DLL
0x73a10000 - 0x73a18000 	C:\WINDOWS\SYSTEM32\WSOCK32.dll
0x73040000 - 0x73064000 	C:\WINDOWS\SYSTEM32\WINMM.dll
0x75790000 - 0x757f2000 	C:\WINDOWS\System32\WS2_32.dll
0x72ff0000 - 0x73013000 	C:\WINDOWS\SYSTEM32\WINMMBASE.dll
0x76db0000 - 0x76de5000 	C:\WINDOWS\System32\cfgmgr32.dll
0x57f40000 - 0x57f4c000 	C:\Program Files (x86)\Java\jre7\bin\verify.dll
0x57f10000 - 0x57f31000 	C:\Program Files (x86)\Java\jre7\bin\java.dll
0x57ef0000 - 0x57f03000 	C:\Program Files (x86)\Java\jre7\bin\zip.dll
0x0ff10000 - 0x10196000 	D:\FangAI\FangAI\bwapi_bridge2_5.dll
0x71b20000 - 0x71b91000 	C:\WINDOWS\SYSTEM32\MSVCP120.dll
0x71a30000 - 0x71b1e000 	C:\WINDOWS\SYSTEM32\MSVCR120.dll
0x6acc0000 - 0x6ad27000 	D:\FangAI\FangAI\libgmp-10.dll
0x6f540000 - 0x6f59e000 	D:\FangAI\FangAI\libmpfr-4.dll
0x6f100000 - 0x6f24b000 	C:\WINDOWS\SYSTEM32\dbghelp.dll

VM Arguments:
jvm_args: -Dfile.encoding=Cp1252 
java_command: FangBot
Launcher Type: SUN_STANDARD

Environment Variables:
PATH=C:/Program Files (x86)/Java/jre1.8.0_111/bin/client;C:/Program Files (x86)/Java/jre1.8.0_111/bin;C:/Program Files (x86)/Java/jre1.8.0_111/lib/i386;C:\ProgramData\Oracle\Java\javapath;C:\Program Files\Haskell\bin;C:\Program Files\Haskell Platform\8.0.1\lib\extralibs\bin;C:\Program Files\Haskell Platform\8.0.1\bin;C:\Windows\system32;C:\Windows;C:\Windows\System32\Wbem;C:\Windows\System32\WindowsPowerShell\v1.0\;C:\Program Files (x86)\NVIDIA Corporation\PhysX\Common;C:\Program Files\Haskell Platform\8.0.1\mingw\bin;C:\Program Files (x86)\Brackets\command;C:\Program Files (x86)\GtkSharp\2.12\bin;C:\WINDOWS\system32;C:\WINDOWS;C:\WINDOWS\System32\Wbem;C:\WINDOWS\System32\WindowsPowerShell\v1.0\;C:\Program Files (x86)\Windows Live\Shared;C:\Program Files (x86)\Windows Kits\8.1\Windows Performance Toolkit\;C:\Program Files (x86)\Skype\Phone\;C:\Users\dkfan\AppData\Roaming\cabal\bin;C:\Users\dkfan\AppData\Roaming\local\bin;C:\Users\dkfan\AppData\Local\Microsoft\WindowsApps;
USERNAME=dkfan
OS=Windows_NT
PROCESSOR_IDENTIFIER=Intel64 Family 6 Model 94 Stepping 3, GenuineIntel



---------------  S Y S T E M  ---------------

OS: Windows 8.1 , 64 bit Build 9600 

CPU:total 8 (4 cores per cpu, 2 threads per core) family 6 model 94 stepping 3, cmov, cx8, fxsr, mmx, sse, sse2, sse3, ssse3, sse4.1, sse4.2, popcnt, avx, avx2, aes, erms, ht, tsc, tscinvbit

Memory: 4k page, physical 16694876k(11218540k free), swap 19185244k(10703592k free)

vm_info: Java HotSpot(TM) Client VM (24.80-b11) for windows-x86 JRE (1.7.0_80-b15), built on Apr 10 2015 13:33:35 by "java_re" with unknown MS VC++:1600

time: Wed Dec 14 16:17:59 2016
elapsed time: 135 seconds

