#
# A fatal error has been detected by the Java Runtime Environment:
#
#  EXCEPTION_ACCESS_VIOLATION (0xc0000005) at pc=0x0f8dcca3, pid=9160, tid=9440
#
# JRE version: Java(TM) SE Runtime Environment (7.0_80-b15) (build 1.7.0_80-b15)
# Java VM: Java HotSpot(TM) Client VM (24.80-b11 mixed mode, sharing windows-x86 )
# Problematic frame:
# C  [bwapi_bridge2_5.dll+0x1cca3]
#
# Failed to write core dump. Minidumps are not enabled by default on client versions of Windows
#
# If you would like to submit a bug report, please visit:
#   http://bugreport.java.com/bugreport/crash.jsp
# The crash happened outside the Java Virtual Machine in native code.
# See problematic frame for where to report the bug.
#

---------------  T H R E A D  ---------------

Current thread (0x0177c000):  JavaThread "main" [_thread_in_native, id=9440, stack(0x01780000,0x017d0000)]

siginfo: ExceptionCode=0xc0000005, reading address 0x07d010ac

Registers:
EAX=0x00000000, EBX=0x00000000, ECX=0x07d010ac, EDX=0x017cde78
ESP=0x017cde6c, EBP=0x017cde88, ESI=0x07d010ac, EDI=0x0177c000
EIP=0x0f8dcca3, EFLAGS=0x00010202

Top of Stack: (sp=0x017cde6c)
0x017cde6c:   07d010ac 00000000 fff80000 00000eb0
0x017cde7c:   00000000 41000000 0c749c54 017cdeb8
0x017cde8c:   031b1921 0177c130 017cdea0 07d010ac
0x017cde9c:   00000000 29d547b0 00000000 00000000
0x017cdeac:   00000000 00000000 00000000 017ce1f0
0x017cdebc:   031ae1ac 07d010ac 00000000 00000000
0x017cdecc:   00000000 00000000 00000000 00000000
0x017cdedc:   00000000 458b04c4 6c87c7fc 00000000 

Instructions: (pc=0x0f8dcca3)
0x0f8dcc83:   83 e4 f8 83 ec 18 a1 08 40 ac 0f 33 c4 89 44 24
0x0f8dcc93:   14 8b 4d 10 8d 54 24 08 8b 45 14 56 89 44 24 10
0x0f8dcca3:   8b 01 57 8b 7d 08 52 ff 50 18 83 ec 18 8b cc 6a
0x0f8dccb3:   0e c7 41 14 0f 00 00 00 c7 41 10 00 00 00 00 68 


Register to memory mapping:

EAX=0x00000000 is an unknown value
EBX=0x00000000 is an unknown value
ECX=0x07d010ac is an unknown value
EDX=0x017cde78 is pointing into the stack for thread: 0x0177c000
ESP=0x017cde6c is pointing into the stack for thread: 0x0177c000
EBP=0x017cde88 is pointing into the stack for thread: 0x0177c000
ESI=0x07d010ac is an unknown value
EDI=0x0177c000 is a thread


Stack: [0x01780000,0x017d0000],  sp=0x017cde6c,  free space=311k
Native frames: (J=compiled Java code, j=interpreted, Vv=VM code, C=native code)
C  [bwapi_bridge2_5.dll+0x1cca3]
J 71  bwapi.Unit.getPosition_native(J)Lbwapi/Position; (0 bytes) @ 0x031b1921 [0x031b1890+0x91]
J 58 C1 FangSM.mineClosest(Lbwapi/Unit;Lbwapi/Game;)V (135 bytes) @ 0x031ae1ac [0x031ae0d0+0xdc]
J 103 C1 FangSM.Action(Lbwapi/Unit;Lbwapi/Game;LFangSM$Role;)Z (82 bytes) @ 0x031bef60 [0x031beeb0+0xb0]
J 96 C1 FangBot.SCV(Lbwapi/Unit;Lbwapi/UnitType;Ljava/lang/Integer;)V (744 bytes) @ 0x031ba5fc [0x031b94a0+0x115c]
J 88 C1 FangBot.onFrame()V (442 bytes) @ 0x031b4b60 [0x031b4850+0x310]
J 123 C1 bwapi.AIModule.onFrame()V (17 bytes) @ 0x031c48c4 [0x031c4890+0x34]
v  ~StubRoutines::call_stub
V  [jvm.dll+0x1429aa]
V  [jvm.dll+0x20743e]
V  [jvm.dll+0x142a2d]
V  [jvm.dll+0xcb7b2]
V  [jvm.dll+0xcf403]
C  [bwapi_bridge2_5.dll+0x1b20d]
C  [bwapi_bridge2_5.dll+0x75101]
j  bwapi.Mirror.startGame()V+0
j  FangBot.run()V+15
j  FangBot.main([Ljava/lang/String;)V+7
v  ~StubRoutines::call_stub
V  [jvm.dll+0x1429aa]
V  [jvm.dll+0x20743e]
V  [jvm.dll+0x142a2d]
V  [jvm.dll+0xcb535]
V  [jvm.dll+0xd61d7]
C  [javaw.exe+0x2070]
C  [javaw.exe+0xa6d1]
C  [javaw.exe+0xa75b]
C  [KERNEL32.DLL+0x16394]
C  [ntdll.dll+0x604bb]
C  [ntdll.dll+0x6048b]

Java frames: (J=compiled Java code, j=interpreted, Vv=VM code)
J 71  bwapi.Unit.getPosition_native(J)Lbwapi/Position; (0 bytes) @ 0x031b18dd [0x031b1890+0x4d]
J 58 C1 FangSM.mineClosest(Lbwapi/Unit;Lbwapi/Game;)V (135 bytes) @ 0x031ae1ac [0x031ae0d0+0xdc]
J 103 C1 FangSM.Action(Lbwapi/Unit;Lbwapi/Game;LFangSM$Role;)Z (82 bytes) @ 0x031bef60 [0x031beeb0+0xb0]
J 96 C1 FangBot.SCV(Lbwapi/Unit;Lbwapi/UnitType;Ljava/lang/Integer;)V (744 bytes) @ 0x031ba5fc [0x031b94a0+0x115c]
J 88 C1 FangBot.onFrame()V (442 bytes) @ 0x031b4b60 [0x031b4850+0x310]
J 123 C1 bwapi.AIModule.onFrame()V (17 bytes) @ 0x031c48c4 [0x031c4890+0x34]
v  ~StubRoutines::call_stub
j  bwapi.Mirror.startGame()V+0
j  FangBot.run()V+15
j  FangBot.main([Ljava/lang/String;)V+7
v  ~StubRoutines::call_stub

---------------  P R O C E S S  ---------------

Java Threads: ( => current thread )
  0x02fde000 JavaThread "Service Thread" daemon [_thread_blocked, id=10264, stack(0x055c0000,0x05610000)]
  0x02fe6400 JavaThread "C1 CompilerThread0" daemon [_thread_blocked, id=16312, stack(0x05530000,0x05580000)]
  0x02fdf400 JavaThread "Attach Listener" daemon [_thread_blocked, id=7748, stack(0x054a0000,0x054f0000)]
  0x02fe1800 JavaThread "Signal Dispatcher" daemon [_thread_blocked, id=15508, stack(0x05410000,0x05460000)]
  0x02f74000 JavaThread "Finalizer" daemon [_thread_blocked, id=12324, stack(0x05380000,0x053d0000)]
  0x02f6f000 JavaThread "Reference Handler" daemon [_thread_blocked, id=5732, stack(0x052f0000,0x05340000)]
=>0x0177c000 JavaThread "main" [_thread_in_native, id=9440, stack(0x01780000,0x017d0000)]

Other Threads:
  0x02f6dc00 VMThread [stack: 0x05260000,0x052b0000] [id=13932]
  0x02ff3800 WatcherThread [stack: 0x05650000,0x056a0000] [id=8088]

VM state:not at safepoint (normal execution)

VM Mutex/Monitor currently owned by a thread: None

Heap
 def new generation   total 4928K, used 3509K [0x24800000, 0x24d50000, 0x29d50000)
  eden space 4416K,  79% used [0x24800000, 0x24b6b598, 0x24c50000)
  from space 512K,   1% used [0x24cd0000, 0x24cd2108, 0x24d50000)
  to   space 512K,   0% used [0x24c50000, 0x24c50000, 0x24cd0000)
 tenured generation   total 10944K, used 259K [0x29d50000, 0x2a800000, 0x34800000)
   the space 10944K,   2% used [0x29d50000, 0x29d90ec0, 0x29d91000, 0x2a800000)
 compacting perm gen  total 12288K, used 646K [0x34800000, 0x35400000, 0x38800000)
   the space 12288K,   5% used [0x34800000, 0x348a1b58, 0x348a1c00, 0x35400000)
    ro space 10240K,  42% used [0x38800000, 0x38c37108, 0x38c37200, 0x39200000)
    rw space 12288K,  52% used [0x39200000, 0x39841738, 0x39841800, 0x39e00000)

Card table byte_map: [0x05110000,0x051c0000] byte_map_base: 0x04fec000

Polling page: 0x014d0000

Code Cache  [0x03110000, 0x031d0000, 0x05110000)
 total_blobs=291 nmethods=153 adapters=75 free_code_cache=32016Kb largest_free_block=32784512

Compilation events (10 events):
Event: 24.828 Thread 0x02fe6400  149             FangBot::getClosestEnemy (74 bytes)
Event: 24.828 Thread 0x02fe6400 nmethod 149 0x031cab08 code [0x031cac70, 0x031cae94]
Event: 24.844 Thread 0x02fe6400  150             bwapi.Unit::isCompleted (9 bytes)
Event: 24.844 Thread 0x02fe6400 nmethod 150 0x031cb108 code [0x031cb200, 0x031cb29c]
Event: 25.080 Thread 0x02fe6400  151             java.util.HashMap$HashIterator::nextEntry (99 bytes)
Event: 25.080 Thread 0x02fe6400 nmethod 151 0x031cb308 code [0x031cb430, 0x031cb648]
Event: 25.546 Thread 0x02fe6400  152             java.util.HashMap::put (142 bytes)
Event: 25.547 Thread 0x02fe6400 nmethod 152 0x031cb808 code [0x031cb960, 0x031cbb88]
Event: 689.136 Thread 0x02fe6400  153             java.util.HashMap$Entry::<init> (26 bytes)
Event: 689.136 Thread 0x02fe6400 nmethod 153 0x031cbd88 code [0x031cbe80, 0x031cbf40]

GC Heap History (10 events):
Event: 23.625 GC heap before
{Heap before GC invocations=10 (full 0):
 def new generation   total 4928K, used 4419K [0x24800000, 0x24d50000, 0x29d50000)
  eden space 4416K, 100% used [0x24800000, 0x24c50000, 0x24c50000)
  from space 512K,   0% used [0x24c50000, 0x24c50d00, 0x24cd0000)
  to   space 512K,   0% used [0x24cd0000, 0x24cd0000, 0x24d50000)
 tenured generation   total 10944K, used 259K [0x29d50000, 0x2a800000, 0x34800000)
   the space 10944K,   2% used [0x29d50000, 0x29d90ec0, 0x29d91000, 0x2a800000)
 compacting perm gen  total 12288K, used 646K [0x34800000, 0x35400000, 0x38800000)
   the space 12288K,   5% used [0x34800000, 0x348a1b18, 0x348a1c00, 0x35400000)
    ro space 10240K,  42% used [0x38800000, 0x38c37108, 0x38c37200, 0x39200000)
    rw space 12288K,  52% used [0x39200000, 0x39841738, 0x39841800, 0x39e00000)
Event: 23.625 GC heap after
Heap after GC invocations=11 (full 0):
 def new generation   total 4928K, used 10K [0x24800000, 0x24d50000, 0x29d50000)
  eden space 4416K,   0% used [0x24800000, 0x24800000, 0x24c50000)
  from space 512K,   2% used [0x24cd0000, 0x24cd2ad8, 0x24d50000)
  to   space 512K,   0% used [0x24c50000, 0x24c50000, 0x24cd0000)
 tenured generation   total 10944K, used 259K [0x29d50000, 0x2a800000, 0x34800000)
   the space 10944K,   2% used [0x29d50000, 0x29d90ec0, 0x29d91000, 0x2a800000)
 compacting perm gen  total 12288K, used 646K [0x34800000, 0x35400000, 0x38800000)
   the space 12288K,   5% used [0x34800000, 0x348a1b18, 0x348a1c00, 0x35400000)
    ro space 10240K,  42% used [0x38800000, 0x38c37108, 0x38c37200, 0x39200000)
    rw space 12288K,  52% used [0x39200000, 0x39841738, 0x39841800, 0x39e00000)
}
Event: 24.404 GC heap before
{Heap before GC invocations=11 (full 0):
 def new generation   total 4928K, used 4426K [0x24800000, 0x24d50000, 0x29d50000)
  eden space 4416K, 100% used [0x24800000, 0x24c50000, 0x24c50000)
  from space 512K,   2% used [0x24cd0000, 0x24cd2ad8, 0x24d50000)
  to   space 512K,   0% used [0x24c50000, 0x24c50000, 0x24cd0000)
 tenured generation   total 10944K, used 259K [0x29d50000, 0x2a800000, 0x34800000)
   the space 10944K,   2% used [0x29d50000, 0x29d90ec0, 0x29d91000, 0x2a800000)
 compacting perm gen  total 12288K, used 646K [0x34800000, 0x35400000, 0x38800000)
   the space 12288K,   5% used [0x34800000, 0x348a1b28, 0x348a1c00, 0x35400000)
    ro space 10240K,  42% used [0x38800000, 0x38c37108, 0x38c37200, 0x39200000)
    rw space 12288K,  52% used [0x39200000, 0x39841738, 0x39841800, 0x39e00000)
Event: 24.405 GC heap after
Heap after GC invocations=12 (full 0):
 def new generation   total 4928K, used 5K [0x24800000, 0x24d50000, 0x29d50000)
  eden space 4416K,   0% used [0x24800000, 0x24800000, 0x24c50000)
  from space 512K,   1% used [0x24c50000, 0x24c517d8, 0x24cd0000)
  to   space 512K,   0% used [0x24cd0000, 0x24cd0000, 0x24d50000)
 tenured generation   total 10944K, used 259K [0x29d50000, 0x2a800000, 0x34800000)
   the space 10944K,   2% used [0x29d50000, 0x29d90ec0, 0x29d91000, 0x2a800000)
 compacting perm gen  total 12288K, used 646K [0x34800000, 0x35400000, 0x38800000)
   the space 12288K,   5% used [0x34800000, 0x348a1b28, 0x348a1c00, 0x35400000)
    ro space 10240K,  42% used [0x38800000, 0x38c37108, 0x38c37200, 0x39200000)
    rw space 12288K,  52% used [0x39200000, 0x39841738, 0x39841800, 0x39e00000)
}
Event: 25.078 GC heap before
{Heap before GC invocations=12 (full 0):
 def new generation   total 4928K, used 4421K [0x24800000, 0x24d50000, 0x29d50000)
  eden space 4416K, 100% used [0x24800000, 0x24c50000, 0x24c50000)
  from space 512K,   1% used [0x24c50000, 0x24c517d8, 0x24cd0000)
  to   space 512K,   0% used [0x24cd0000, 0x24cd0000, 0x24d50000)
 tenured generation   total 10944K, used 259K [0x29d50000, 0x2a800000, 0x34800000)
   the space 10944K,   2% used [0x29d50000, 0x29d90ec0, 0x29d91000, 0x2a800000)
 compacting perm gen  total 12288K, used 646K [0x34800000, 0x35400000, 0x38800000)
   the space 12288K,   5% used [0x34800000, 0x348a1b38, 0x348a1c00, 0x35400000)
    ro space 10240K,  42% used [0x38800000, 0x38c37108, 0x38c37200, 0x39200000)
    rw space 12288K,  52% used [0x39200000, 0x39841738, 0x39841800, 0x39e00000)
Event: 25.078 GC heap after
Heap after GC invocations=13 (full 0):
 def new generation   total 4928K, used 7K [0x24800000, 0x24d50000, 0x29d50000)
  eden space 4416K,   0% used [0x24800000, 0x24800000, 0x24c50000)
  from space 512K,   1% used [0x24cd0000, 0x24cd1e58, 0x24d50000)
  to   space 512K,   0% used [0x24c50000, 0x24c50000, 0x24cd0000)
 tenured generation   total 10944K, used 259K [0x29d50000, 0x2a800000, 0x34800000)
   the space 10944K,   2% used [0x29d50000, 0x29d90ec0, 0x29d91000, 0x2a800000)
 compacting perm gen  total 12288K, used 646K [0x34800000, 0x35400000, 0x38800000)
   the space 12288K,   5% used [0x34800000, 0x348a1b38, 0x348a1c00, 0x35400000)
    ro space 10240K,  42% used [0x38800000, 0x38c37108, 0x38c37200, 0x39200000)
    rw space 12288K,  52% used [0x39200000, 0x39841738, 0x39841800, 0x39e00000)
}
Event: 25.734 GC heap before
{Heap before GC invocations=13 (full 0):
 def new generation   total 4928K, used 4423K [0x24800000, 0x24d50000, 0x29d50000)
  eden space 4416K, 100% used [0x24800000, 0x24c50000, 0x24c50000)
  from space 512K,   1% used [0x24cd0000, 0x24cd1e58, 0x24d50000)
  to   space 512K,   0% used [0x24c50000, 0x24c50000, 0x24cd0000)
 tenured generation   total 10944K, used 259K [0x29d50000, 0x2a800000, 0x34800000)
   the space 10944K,   2% used [0x29d50000, 0x29d90ec0, 0x29d91000, 0x2a800000)
 compacting perm gen  total 12288K, used 646K [0x34800000, 0x35400000, 0x38800000)
   the space 12288K,   5% used [0x34800000, 0x348a1b48, 0x348a1c00, 0x35400000)
    ro space 10240K,  42% used [0x38800000, 0x38c37108, 0x38c37200, 0x39200000)
    rw space 12288K,  52% used [0x39200000, 0x39841738, 0x39841800, 0x39e00000)
Event: 25.734 GC heap after
Heap after GC invocations=14 (full 0):
 def new generation   total 4928K, used 7K [0x24800000, 0x24d50000, 0x29d50000)
  eden space 4416K,   0% used [0x24800000, 0x24800000, 0x24c50000)
  from space 512K,   1% used [0x24c50000, 0x24c51fa8, 0x24cd0000)
  to   space 512K,   0% used [0x24cd0000, 0x24cd0000, 0x24d50000)
 tenured generation   total 10944K, used 259K [0x29d50000, 0x2a800000, 0x34800000)
   the space 10944K,   2% used [0x29d50000, 0x29d90ec0, 0x29d91000, 0x2a800000)
 compacting perm gen  total 12288K, used 646K [0x34800000, 0x35400000, 0x38800000)
   the space 12288K,   5% used [0x34800000, 0x348a1b48, 0x348a1c00, 0x35400000)
    ro space 10240K,  42% used [0x38800000, 0x38c37108, 0x38c37200, 0x39200000)
    rw space 12288K,  52% used [0x39200000, 0x39841738, 0x39841800, 0x39e00000)
}
Event: 26.451 GC heap before
{Heap before GC invocations=14 (full 0):
 def new generation   total 4928K, used 4423K [0x24800000, 0x24d50000, 0x29d50000)
  eden space 4416K, 100% used [0x24800000, 0x24c50000, 0x24c50000)
  from space 512K,   1% used [0x24c50000, 0x24c51fa8, 0x24cd0000)
  to   space 512K,   0% used [0x24cd0000, 0x24cd0000, 0x24d50000)
 tenured generation   total 10944K, used 259K [0x29d50000, 0x2a800000, 0x34800000)
   the space 10944K,   2% used [0x29d50000, 0x29d90ec0, 0x29d91000, 0x2a800000)
 compacting perm gen  total 12288K, used 646K [0x34800000, 0x35400000, 0x38800000)
   the space 12288K,   5% used [0x34800000, 0x348a1b58, 0x348a1c00, 0x35400000)
    ro space 10240K,  42% used [0x38800000, 0x38c37108, 0x38c37200, 0x39200000)
    rw space 12288K,  52% used [0x39200000, 0x39841738, 0x39841800, 0x39e00000)
Event: 26.452 GC heap after
Heap after GC invocations=15 (full 0):
 def new generation   total 4928K, used 8K [0x24800000, 0x24d50000, 0x29d50000)
  eden space 4416K,   0% used [0x24800000, 0x24800000, 0x24c50000)
  from space 512K,   1% used [0x24cd0000, 0x24cd2108, 0x24d50000)
  to   space 512K,   0% used [0x24c50000, 0x24c50000, 0x24cd0000)
 tenured generation   total 10944K, used 259K [0x29d50000, 0x2a800000, 0x34800000)
   the space 10944K,   2% used [0x29d50000, 0x29d90ec0, 0x29d91000, 0x2a800000)
 compacting perm gen  total 12288K, used 646K [0x34800000, 0x35400000, 0x38800000)
   the space 12288K,   5% used [0x34800000, 0x348a1b58, 0x348a1c00, 0x35400000)
    ro space 10240K,  42% used [0x38800000, 0x38c37108, 0x38c37200, 0x39200000)
    rw space 12288K,  52% used [0x39200000, 0x39841738, 0x39841800, 0x39e00000)
}

Deoptimization events (0 events):
No events

Internal exceptions (10 events):
Event: 22.890 Thread 0x0177c000 Threw 0x2482c2e0 at C:\re\jdk7u80\2329\hotspot\src\share\vm\runtime\sharedRuntime.cpp:591
Event: 22.890 Thread 0x0177c000 Implicit null exception at 0x031ac7a8 to 0x031ac845
Event: 22.890 Thread 0x0177c000 Threw 0x2482d0b8 at C:\re\jdk7u80\2329\hotspot\src\share\vm\runtime\sharedRuntime.cpp:591
Event: 22.904 Thread 0x0177c000 Implicit null exception at 0x031ac7a8 to 0x031ac845
Event: 22.904 Thread 0x0177c000 Threw 0x2482de90 at C:\re\jdk7u80\2329\hotspot\src\share\vm\runtime\sharedRuntime.cpp:591
Event: 22.905 Thread 0x0177c000 Implicit null exception at 0x031ac7a8 to 0x031ac845
Event: 22.905 Thread 0x0177c000 Threw 0x2482ec78 at C:\re\jdk7u80\2329\hotspot\src\share\vm\runtime\sharedRuntime.cpp:591
Event: 22.905 Thread 0x0177c000 Implicit null exception at 0x031ac7a8 to 0x031ac845
Event: 22.905 Thread 0x0177c000 Threw 0x2482fa50 at C:\re\jdk7u80\2329\hotspot\src\share\vm\runtime\sharedRuntime.cpp:591
Event: 22.921 Thread 0x0177c000 Threw 0x24837640 at C:\re\jdk7u80\2329\hotspot\src\share\vm\prims\jvm.cpp:1319

Events (10 events):
Event: 23.625 Executing VM operation: RevokeBias
Event: 23.625 Executing VM operation: RevokeBias done
Event: 24.404 Executing VM operation: GenCollectForAllocation
Event: 24.405 Executing VM operation: GenCollectForAllocation done
Event: 25.078 Executing VM operation: GenCollectForAllocation
Event: 25.078 Executing VM operation: GenCollectForAllocation done
Event: 25.734 Executing VM operation: GenCollectForAllocation
Event: 25.734 Executing VM operation: GenCollectForAllocation done
Event: 26.451 Executing VM operation: GenCollectForAllocation
Event: 26.452 Executing VM operation: GenCollectForAllocation done


Dynamic libraries:
0x01060000 - 0x0108f000 	C:\Program Files (x86)\Java\jre7\bin\javaw.exe
0x77d50000 - 0x77ecf000 	C:\WINDOWS\SYSTEM32\ntdll.dll
0x75f30000 - 0x76010000 	C:\WINDOWS\System32\KERNEL32.DLL
0x75cf0000 - 0x75e9e000 	C:\WINDOWS\System32\KERNELBASE.dll
0x77990000 - 0x77a06000 	C:\WINDOWS\System32\ADVAPI32.dll
0x77450000 - 0x7750d000 	C:\WINDOWS\System32\msvcrt.dll
0x75c40000 - 0x75c81000 	C:\WINDOWS\System32\sechost.dll
0x778d0000 - 0x7798c000 	C:\WINDOWS\System32\RPCRT4.dll
0x74940000 - 0x7495e000 	C:\WINDOWS\System32\SspiCli.dll
0x74930000 - 0x7493a000 	C:\WINDOWS\System32\CRYPTBASE.dll
0x76070000 - 0x760c8000 	C:\WINDOWS\System32\bcryptPrimitives.dll
0x74b00000 - 0x74c4d000 	C:\WINDOWS\System32\USER32.dll
0x753e0000 - 0x753f6000 	C:\WINDOWS\System32\win32u.dll
0x760d0000 - 0x760fa000 	C:\WINDOWS\System32\GDI32.dll
0x74c50000 - 0x74da7000 	C:\WINDOWS\System32\gdi32full.dll
0x74700000 - 0x74900000 	C:\WINDOWS\WinSxS\x86_microsoft.windows.common-controls_6595b64144ccf1df_6.0.14946.1000_none_d33ee90ed06d81a5\COMCTL32.dll
0x75820000 - 0x75a2f000 	C:\WINDOWS\System32\combase.dll
0x75300000 - 0x753da000 	C:\WINDOWS\System32\ucrtbase.dll
0x77410000 - 0x77435000 	C:\WINDOWS\System32\IMM32.DLL
0x71d20000 - 0x71ddf000 	C:\Program Files (x86)\Java\jre7\bin\msvcr100.dll
0x6e000000 - 0x6e38b000 	C:\Program Files (x86)\Java\jre7\bin\client\jvm.dll
0x75c30000 - 0x75c36000 	C:\WINDOWS\System32\PSAPI.DLL
0x73f00000 - 0x73f24000 	C:\WINDOWS\SYSTEM32\WINMM.dll
0x73ea0000 - 0x73ea8000 	C:\WINDOWS\SYSTEM32\WSOCK32.dll
0x77ce0000 - 0x77d42000 	C:\WINDOWS\System32\WS2_32.dll
0x73eb0000 - 0x73ed3000 	C:\WINDOWS\SYSTEM32\WINMMBASE.dll
0x75ef0000 - 0x75f25000 	C:\WINDOWS\System32\cfgmgr32.dll
0x71d10000 - 0x71d1c000 	C:\Program Files (x86)\Java\jre7\bin\verify.dll
0x6a1a0000 - 0x6a1c1000 	C:\Program Files (x86)\Java\jre7\bin\java.dll
0x6a290000 - 0x6a2a3000 	C:\Program Files (x86)\Java\jre7\bin\zip.dll
0x0f8c0000 - 0x0fb46000 	D:\FangAI\FangAI\bwapi_bridge2_5.dll
0x72760000 - 0x727d1000 	C:\WINDOWS\SYSTEM32\MSVCP120.dll
0x727e0000 - 0x728ce000 	C:\WINDOWS\SYSTEM32\MSVCR120.dll
0x6acc0000 - 0x6ad27000 	D:\FangAI\FangAI\libgmp-10.dll
0x6f540000 - 0x6f59e000 	D:\FangAI\FangAI\libmpfr-4.dll
0x6fd10000 - 0x6fe5b000 	C:\WINDOWS\SYSTEM32\dbghelp.dll

VM Arguments:
jvm_args: -Dfile.encoding=Cp1252 
java_command: FangBot
Launcher Type: SUN_STANDARD

Environment Variables:
PATH=C:/Program Files (x86)/Java/jre1.8.0_111/bin/client;C:/Program Files (x86)/Java/jre1.8.0_111/bin;C:/Program Files (x86)/Java/jre1.8.0_111/lib/i386;C:\ProgramData\Oracle\Java\javapath;C:\Program Files\Haskell\bin;C:\Program Files\Haskell Platform\8.0.1\lib\extralibs\bin;C:\Program Files\Haskell Platform\8.0.1\bin;C:\Windows\system32;C:\Windows;C:\Windows\System32\Wbem;C:\Windows\System32\WindowsPowerShell\v1.0\;C:\Program Files (x86)\NVIDIA Corporation\PhysX\Common;C:\Program Files\Haskell Platform\8.0.1\mingw\bin;C:\Program Files (x86)\Brackets\command;C:\Program Files (x86)\GtkSharp\2.12\bin;C:\WINDOWS\system32;C:\WINDOWS;C:\WINDOWS\System32\Wbem;C:\WINDOWS\System32\WindowsPowerShell\v1.0\;C:\Program Files (x86)\Windows Live\Shared;C:\Program Files (x86)\Windows Kits\8.1\Windows Performance Toolkit\;C:\Program Files (x86)\Skype\Phone\;C:\Users\dkfan\AppData\Roaming\cabal\bin;C:\Users\dkfan\AppData\Roaming\local\bin;C:\Users\dkfan\AppData\Local\Microsoft\WindowsApps;
USERNAME=dkfan
OS=Windows_NT
PROCESSOR_IDENTIFIER=Intel64 Family 6 Model 94 Stepping 3, GenuineIntel



---------------  S Y S T E M  ---------------

OS: Windows 8.1 , 64 bit Build 9600 

CPU:total 8 (4 cores per cpu, 2 threads per core) family 6 model 94 stepping 3, cmov, cx8, fxsr, mmx, sse, sse2, sse3, ssse3, sse4.1, sse4.2, popcnt, avx, avx2, aes, erms, ht, tsc, tscinvbit

Memory: 4k page, physical 16694876k(10311400k free), swap 19185244k(11110156k free)

vm_info: Java HotSpot(TM) Client VM (24.80-b11) for windows-x86 JRE (1.7.0_80-b15), built on Apr 10 2015 13:33:35 by "java_re" with unknown MS VC++:1600

time: Thu Dec 08 09:17:42 2016
elapsed time: 689 seconds

