#
# A fatal error has been detected by the Java Runtime Environment:
#
#  EXCEPTION_ACCESS_VIOLATION (0xc0000005) at pc=0x6e66569b, pid=9836, tid=12952
#
# JRE version: Java(TM) SE Runtime Environment (7.0_80-b15) (build 1.7.0_80-b15)
# Java VM: Java HotSpot(TM) Client VM (24.80-b11 mixed mode, sharing windows-x86 )
# Problematic frame:
# V  [jvm.dll+0xc569b]
#
# Failed to write core dump. Minidumps are not enabled by default on client versions of Windows
#
# If you would like to submit a bug report, please visit:
#   http://bugreport.java.com/bugreport/crash.jsp
#

---------------  T H R E A D  ---------------

Current thread (0x00fcc000):  JavaThread "main" [_thread_in_vm, id=12952, stack(0x00ee0000,0x00f30000)]

siginfo: ExceptionCode=0xc0000005, reading address 0x00000000

Registers:
EAX=0x00000000, EBX=0x00fcc130, ECX=0x00fcc000, EDX=0x00000546
ESP=0x00f2de4c, EBP=0x00f2de68, ESI=0x00fcc130, EDI=0x00fcc000
EIP=0x6e66569b, EFLAGS=0x00010246

Top of Stack: (sp=0x00f2de4c)
0x00f2de4c:   00000000 04acd2f4 00fcc130 00fcc000
0x00f2de5c:   00fcc790 00000546 6e85a360 00f2ded4
0x00f2de6c:   0f55c375 00fcc130 00000000 04ac0079
0x00f2de7c:   00fcc130 00f2ded4 0f55c33c 00000001
0x00f2de8c:   0000000f 06c90049 00fcc378 0254c838
0x00f2de9c:   00f2decc 00000001 0000000f e3893154
0x00f2deac:   00fcc000 07172084 34849778 00000000
0x00f2debc:   00f2de90 00f2de78 00f2df10 00f2e1d8 

Instructions: (pc=0x6e66569b)
0x6e66567b:   f3 ff 83 c4 08 83 7f 04 00 89 7d f0 c7 45 f4 00
0x6e66568b:   00 00 00 74 08 8d 4d f0 e8 78 aa 0c 00 8b 45 0c
0x6e66569b:   8b 08 8b 51 04 8b 42 40 50 56 e8 a6 e3 07 00 83
0x6e6656ab:   c4 08 83 7d f4 00 89 45 08 74 08 8d 4d f0 e8 92 


Register to memory mapping:

EAX=0x00000000 is an unknown value
EBX=0x00fcc130 is an unknown value
ECX=0x00fcc000 is a thread
EDX=0x00000546 is an unknown value
ESP=0x00f2de4c is pointing into the stack for thread: 0x00fcc000
EBP=0x00f2de68 is pointing into the stack for thread: 0x00fcc000
ESI=0x00fcc130 is an unknown value
EDI=0x00fcc000 is a thread


Stack: [0x00ee0000,0x00f30000],  sp=0x00f2de4c,  free space=311k
Native frames: (J=compiled Java code, j=interpreted, Vv=VM code, C=native code)
V  [jvm.dll+0xc569b]
C  [bwapi_bridge2_5.dll+0x1c375]
C  [bwapi_bridge2_5.dll+0x38a9f]
j  bwapi.Unit.attack_native(JLbwapi/PositionOrUnit;)Z+0
j  bwapi.Unit.attack(Lbwapi/PositionOrUnit;)Z+6
j  FangBot.FSM(Lbwapi/Unit;)V+166
J 84 C1 FangBot.onFrame()V (379 bytes) @ 0x026345f0 [0x02633cd0+0x920]
J 112 C1 bwapi.AIModule.onFrame()V (17 bytes) @ 0x02640a44 [0x02640a10+0x34]
v  ~StubRoutines::call_stub
V  [jvm.dll+0x1429aa]
V  [jvm.dll+0x20743e]
V  [jvm.dll+0x142a2d]
V  [jvm.dll+0xcb7b2]
V  [jvm.dll+0xcf403]
C  [bwapi_bridge2_5.dll+0x1b20d]
C  [bwapi_bridge2_5.dll+0x75101]
j  bwapi.Mirror.startGame()V+0
j  FangBot.run()V+15
j  FangBot.main([Ljava/lang/String;)V+7
v  ~StubRoutines::call_stub
V  [jvm.dll+0x1429aa]
V  [jvm.dll+0x20743e]
V  [jvm.dll+0x142a2d]
V  [jvm.dll+0xcb535]
V  [jvm.dll+0xd61d7]
C  [javaw.exe+0x2070]
C  [javaw.exe+0xa6d1]
C  [javaw.exe+0xa75b]
C  [KERNEL32.DLL+0x16394]
C  [ntdll.dll+0x604bb]
C  [ntdll.dll+0x6048b]

Java frames: (J=compiled Java code, j=interpreted, Vv=VM code)
j  bwapi.Unit.attack_native(JLbwapi/PositionOrUnit;)Z+0
j  bwapi.Unit.attack(Lbwapi/PositionOrUnit;)Z+6
j  FangBot.FSM(Lbwapi/Unit;)V+166
J 84 C1 FangBot.onFrame()V (379 bytes) @ 0x026345f0 [0x02633cd0+0x920]
J 112 C1 bwapi.AIModule.onFrame()V (17 bytes) @ 0x02640a44 [0x02640a10+0x34]
v  ~StubRoutines::call_stub
j  bwapi.Mirror.startGame()V+0
j  FangBot.run()V+15
j  FangBot.main([Ljava/lang/String;)V+7
v  ~StubRoutines::call_stub

---------------  P R O C E S S  ---------------

Java Threads: ( => current thread )
  0x02529800 JavaThread "Service Thread" daemon [_thread_blocked, id=6012, stack(0x049e0000,0x04a30000)]
  0x02523000 JavaThread "C1 CompilerThread0" daemon [_thread_blocked, id=2312, stack(0x04950000,0x049a0000)]
  0x02520400 JavaThread "Attach Listener" daemon [_thread_blocked, id=92, stack(0x048c0000,0x04910000)]
  0x0251e000 JavaThread "Signal Dispatcher" daemon [_thread_blocked, id=9040, stack(0x04830000,0x04880000)]
  0x024b0800 JavaThread "Finalizer" daemon [_thread_blocked, id=15192, stack(0x047a0000,0x047f0000)]
  0x024af000 JavaThread "Reference Handler" daemon [_thread_blocked, id=11888, stack(0x04710000,0x04760000)]
=>0x00fcc000 JavaThread "main" [_thread_in_vm, id=12952, stack(0x00ee0000,0x00f30000)]

Other Threads:
  0x024adc00 VMThread [stack: 0x04680000,0x046d0000] [id=10156]
  0x02539c00 WatcherThread [stack: 0x04a70000,0x04ac0000] [id=12904]

VM state:not at safepoint (normal execution)

VM Mutex/Monitor currently owned by a thread: None

Heap
 def new generation   total 4928K, used 3835K [0x24800000, 0x24d50000, 0x29d50000)
  eden space 4416K,  86% used [0x24800000, 0x24bbd6a0, 0x24c50000)
  from space 512K,   1% used [0x24c50000, 0x24c51698, 0x24cd0000)
  to   space 512K,   0% used [0x24cd0000, 0x24cd0000, 0x24d50000)
 tenured generation   total 10944K, used 258K [0x29d50000, 0x2a800000, 0x34800000)
   the space 10944K,   2% used [0x29d50000, 0x29d90870, 0x29d90a00, 0x2a800000)
 compacting perm gen  total 12288K, used 632K [0x34800000, 0x35400000, 0x38800000)
   the space 12288K,   5% used [0x34800000, 0x3489e0c8, 0x3489e200, 0x35400000)
    ro space 10240K,  42% used [0x38800000, 0x38c37108, 0x38c37200, 0x39200000)
    rw space 12288K,  52% used [0x39200000, 0x39841738, 0x39841800, 0x39e00000)

Card table byte_map: [0x04590000,0x04640000] byte_map_base: 0x0446c000

Polling page: 0x00cb0000

Code Cache  [0x02590000, 0x02648000, 0x04590000)
 total_blobs=275 nmethods=137 adapters=75 free_code_cache=32035Kb largest_free_block=32804800

Compilation events (10 events):
Event: 19.305 Thread 0x02523000  133             bwapi.TilePosition::getX (5 bytes)
Event: 19.305 Thread 0x02523000 nmethod 133 0x026449c8 code [0x02644ac0, 0x02644b40]
Event: 19.305 Thread 0x02523000  134             BuildingUtil::getBuildTile (416 bytes)
Event: 19.306 Thread 0x02523000 nmethod 134 0x02644b88 code [0x02644e40, 0x026457d0]
Event: 19.868 Thread 0x02523000  135             bwapi.Position::hashCode (17 bytes)
Event: 19.868 Thread 0x02523000 nmethod 135 0x02646788 code [0x02646880, 0x02646910]
Event: 19.962 Thread 0x02523000  136             java.util.HashMap$Entry::<init> (26 bytes)
Event: 19.962 Thread 0x02523000 nmethod 136 0x02646948 code [0x02646a40, 0x02646b00]
Event: 20.336 Thread 0x02523000  137             java.util.HashMap$HashIterator::nextEntry (99 bytes)
Event: 20.336 Thread 0x02523000 nmethod 137 0x02646b48 code [0x02646c70, 0x02646e88]

GC Heap History (10 events):
Event: 13.868 GC heap before
{Heap before GC invocations=3 (full 0):
 def new generation   total 4928K, used 4418K [0x24800000, 0x24d50000, 0x29d50000)
  eden space 4416K, 100% used [0x24800000, 0x24c50000, 0x24c50000)
  from space 512K,   0% used [0x24cd0000, 0x24cd0860, 0x24d50000)
  to   space 512K,   0% used [0x24c50000, 0x24c50000, 0x24cd0000)
 tenured generation   total 10944K, used 258K [0x29d50000, 0x2a800000, 0x34800000)
   the space 10944K,   2% used [0x29d50000, 0x29d90870, 0x29d90a00, 0x2a800000)
 compacting perm gen  total 12288K, used 630K [0x34800000, 0x35400000, 0x38800000)
   the space 12288K,   5% used [0x34800000, 0x3489d8a0, 0x3489da00, 0x35400000)
    ro space 10240K,  42% used [0x38800000, 0x38c37108, 0x38c37200, 0x39200000)
    rw space 12288K,  52% used [0x39200000, 0x39841738, 0x39841800, 0x39e00000)
Event: 13.868 GC heap after
Heap after GC invocations=4 (full 0):
 def new generation   total 4928K, used 1K [0x24800000, 0x24d50000, 0x29d50000)
  eden space 4416K,   0% used [0x24800000, 0x24800000, 0x24c50000)
  from space 512K,   0% used [0x24c50000, 0x24c507d8, 0x24cd0000)
  to   space 512K,   0% used [0x24cd0000, 0x24cd0000, 0x24d50000)
 tenured generation   total 10944K, used 258K [0x29d50000, 0x2a800000, 0x34800000)
   the space 10944K,   2% used [0x29d50000, 0x29d90870, 0x29d90a00, 0x2a800000)
 compacting perm gen  total 12288K, used 630K [0x34800000, 0x35400000, 0x38800000)
   the space 12288K,   5% used [0x34800000, 0x3489d8a0, 0x3489da00, 0x35400000)
    ro space 10240K,  42% used [0x38800000, 0x38c37108, 0x38c37200, 0x39200000)
    rw space 12288K,  52% used [0x39200000, 0x39841738, 0x39841800, 0x39e00000)
}
Event: 15.868 GC heap before
{Heap before GC invocations=4 (full 0):
 def new generation   total 4928K, used 4417K [0x24800000, 0x24d50000, 0x29d50000)
  eden space 4416K, 100% used [0x24800000, 0x24c50000, 0x24c50000)
  from space 512K,   0% used [0x24c50000, 0x24c507d8, 0x24cd0000)
  to   space 512K,   0% used [0x24cd0000, 0x24cd0000, 0x24d50000)
 tenured generation   total 10944K, used 258K [0x29d50000, 0x2a800000, 0x34800000)
   the space 10944K,   2% used [0x29d50000, 0x29d90870, 0x29d90a00, 0x2a800000)
 compacting perm gen  total 12288K, used 630K [0x34800000, 0x35400000, 0x38800000)
   the space 12288K,   5% used [0x34800000, 0x3489d8a0, 0x3489da00, 0x35400000)
    ro space 10240K,  42% used [0x38800000, 0x38c37108, 0x38c37200, 0x39200000)
    rw space 12288K,  52% used [0x39200000, 0x39841738, 0x39841800, 0x39e00000)
Event: 15.868 GC heap after
Heap after GC invocations=5 (full 0):
 def new generation   total 4928K, used 2K [0x24800000, 0x24d50000, 0x29d50000)
  eden space 4416K,   0% used [0x24800000, 0x24800000, 0x24c50000)
  from space 512K,   0% used [0x24cd0000, 0x24cd0bf8, 0x24d50000)
  to   space 512K,   0% used [0x24c50000, 0x24c50000, 0x24cd0000)
 tenured generation   total 10944K, used 258K [0x29d50000, 0x2a800000, 0x34800000)
   the space 10944K,   2% used [0x29d50000, 0x29d90870, 0x29d90a00, 0x2a800000)
 compacting perm gen  total 12288K, used 630K [0x34800000, 0x35400000, 0x38800000)
   the space 12288K,   5% used [0x34800000, 0x3489d8a0, 0x3489da00, 0x35400000)
    ro space 10240K,  42% used [0x38800000, 0x38c37108, 0x38c37200, 0x39200000)
    rw space 12288K,  52% used [0x39200000, 0x39841738, 0x39841800, 0x39e00000)
}
Event: 17.288 GC heap before
{Heap before GC invocations=5 (full 0):
 def new generation   total 4928K, used 4418K [0x24800000, 0x24d50000, 0x29d50000)
  eden space 4416K, 100% used [0x24800000, 0x24c50000, 0x24c50000)
  from space 512K,   0% used [0x24cd0000, 0x24cd0bf8, 0x24d50000)
  to   space 512K,   0% used [0x24c50000, 0x24c50000, 0x24cd0000)
 tenured generation   total 10944K, used 258K [0x29d50000, 0x2a800000, 0x34800000)
   the space 10944K,   2% used [0x29d50000, 0x29d90870, 0x29d90a00, 0x2a800000)
 compacting perm gen  total 12288K, used 630K [0x34800000, 0x35400000, 0x38800000)
   the space 12288K,   5% used [0x34800000, 0x3489d8a0, 0x3489da00, 0x35400000)
    ro space 10240K,  42% used [0x38800000, 0x38c37108, 0x38c37200, 0x39200000)
    rw space 12288K,  52% used [0x39200000, 0x39841738, 0x39841800, 0x39e00000)
Event: 17.288 GC heap after
Heap after GC invocations=6 (full 0):
 def new generation   total 4928K, used 2K [0x24800000, 0x24d50000, 0x29d50000)
  eden space 4416K,   0% used [0x24800000, 0x24800000, 0x24c50000)
  from space 512K,   0% used [0x24c50000, 0x24c50908, 0x24cd0000)
  to   space 512K,   0% used [0x24cd0000, 0x24cd0000, 0x24d50000)
 tenured generation   total 10944K, used 258K [0x29d50000, 0x2a800000, 0x34800000)
   the space 10944K,   2% used [0x29d50000, 0x29d90870, 0x29d90a00, 0x2a800000)
 compacting perm gen  total 12288K, used 630K [0x34800000, 0x35400000, 0x38800000)
   the space 12288K,   5% used [0x34800000, 0x3489d8a0, 0x3489da00, 0x35400000)
    ro space 10240K,  42% used [0x38800000, 0x38c37108, 0x38c37200, 0x39200000)
    rw space 12288K,  52% used [0x39200000, 0x39841738, 0x39841800, 0x39e00000)
}
Event: 18.523 GC heap before
{Heap before GC invocations=6 (full 0):
 def new generation   total 4928K, used 4418K [0x24800000, 0x24d50000, 0x29d50000)
  eden space 4416K, 100% used [0x24800000, 0x24c50000, 0x24c50000)
  from space 512K,   0% used [0x24c50000, 0x24c50908, 0x24cd0000)
  to   space 512K,   0% used [0x24cd0000, 0x24cd0000, 0x24d50000)
 tenured generation   total 10944K, used 258K [0x29d50000, 0x2a800000, 0x34800000)
   the space 10944K,   2% used [0x29d50000, 0x29d90870, 0x29d90a00, 0x2a800000)
 compacting perm gen  total 12288K, used 630K [0x34800000, 0x35400000, 0x38800000)
   the space 12288K,   5% used [0x34800000, 0x3489d8b0, 0x3489da00, 0x35400000)
    ro space 10240K,  42% used [0x38800000, 0x38c37108, 0x38c37200, 0x39200000)
    rw space 12288K,  52% used [0x39200000, 0x39841738, 0x39841800, 0x39e00000)
Event: 18.523 GC heap after
Heap after GC invocations=7 (full 0):
 def new generation   total 4928K, used 5K [0x24800000, 0x24d50000, 0x29d50000)
  eden space 4416K,   0% used [0x24800000, 0x24800000, 0x24c50000)
  from space 512K,   1% used [0x24cd0000, 0x24cd1498, 0x24d50000)
  to   space 512K,   0% used [0x24c50000, 0x24c50000, 0x24cd0000)
 tenured generation   total 10944K, used 258K [0x29d50000, 0x2a800000, 0x34800000)
   the space 10944K,   2% used [0x29d50000, 0x29d90870, 0x29d90a00, 0x2a800000)
 compacting perm gen  total 12288K, used 630K [0x34800000, 0x35400000, 0x38800000)
   the space 12288K,   5% used [0x34800000, 0x3489d8b0, 0x3489da00, 0x35400000)
    ro space 10240K,  42% used [0x38800000, 0x38c37108, 0x38c37200, 0x39200000)
    rw space 12288K,  52% used [0x39200000, 0x39841738, 0x39841800, 0x39e00000)
}
Event: 19.868 GC heap before
{Heap before GC invocations=7 (full 0):
 def new generation   total 4928K, used 4421K [0x24800000, 0x24d50000, 0x29d50000)
  eden space 4416K, 100% used [0x24800000, 0x24c50000, 0x24c50000)
  from space 512K,   1% used [0x24cd0000, 0x24cd1498, 0x24d50000)
  to   space 512K,   0% used [0x24c50000, 0x24c50000, 0x24cd0000)
 tenured generation   total 10944K, used 258K [0x29d50000, 0x2a800000, 0x34800000)
   the space 10944K,   2% used [0x29d50000, 0x29d90870, 0x29d90a00, 0x2a800000)
 compacting perm gen  total 12288K, used 630K [0x34800000, 0x35400000, 0x38800000)
   the space 12288K,   5% used [0x34800000, 0x3489d8b0, 0x3489da00, 0x35400000)
    ro space 10240K,  42% used [0x38800000, 0x38c37108, 0x38c37200, 0x39200000)
    rw space 12288K,  52% used [0x39200000, 0x39841738, 0x39841800, 0x39e00000)
Event: 19.869 GC heap after
Heap after GC invocations=8 (full 0):
 def new generation   total 4928K, used 5K [0x24800000, 0x24d50000, 0x29d50000)
  eden space 4416K,   0% used [0x24800000, 0x24800000, 0x24c50000)
  from space 512K,   1% used [0x24c50000, 0x24c51698, 0x24cd0000)
  to   space 512K,   0% used [0x24cd0000, 0x24cd0000, 0x24d50000)
 tenured generation   total 10944K, used 258K [0x29d50000, 0x2a800000, 0x34800000)
   the space 10944K,   2% used [0x29d50000, 0x29d90870, 0x29d90a00, 0x2a800000)
 compacting perm gen  total 12288K, used 630K [0x34800000, 0x35400000, 0x38800000)
   the space 12288K,   5% used [0x34800000, 0x3489d8b0, 0x3489da00, 0x35400000)
    ro space 10240K,  42% used [0x38800000, 0x38c37108, 0x38c37200, 0x39200000)
    rw space 12288K,  52% used [0x39200000, 0x39841738, 0x39841800, 0x39e00000)
}

Deoptimization events (0 events):
No events

Internal exceptions (10 events):
Event: 21.117 Thread 0x00fcc000 Threw 0x24b92270 at C:\re\jdk7u80\2329\hotspot\src\share\vm\runtime\sharedRuntime.cpp:591
Event: 21.118 Thread 0x00fcc000 Implicit null exception at 0x02630368 to 0x02630405
Event: 21.118 Thread 0x00fcc000 Threw 0x24b93478 at C:\re\jdk7u80\2329\hotspot\src\share\vm\runtime\sharedRuntime.cpp:591
Event: 21.132 Thread 0x00fcc000 Implicit null exception at 0x02630368 to 0x02630405
Event: 21.132 Thread 0x00fcc000 Threw 0x24b94680 at C:\re\jdk7u80\2329\hotspot\src\share\vm\runtime\sharedRuntime.cpp:591
Event: 21.133 Thread 0x00fcc000 Implicit null exception at 0x02630368 to 0x02630405
Event: 21.133 Thread 0x00fcc000 Threw 0x24b95888 at C:\re\jdk7u80\2329\hotspot\src\share\vm\runtime\sharedRuntime.cpp:591
Event: 21.151 Thread 0x00fcc000 Threw 0x24badfc0 at C:\re\jdk7u80\2329\hotspot\src\share\vm\prims\jvm.cpp:1319
Event: 21.151 Thread 0x00fcc000 Threw 0x24bb0548 at C:\re\jdk7u80\2329\hotspot\src\share\vm\prims\jni.cpp:1350
Event: 21.151 Thread 0x00fcc000 Threw 0x24bb0660 at C:\re\jdk7u80\2329\hotspot\src\share\vm\prims\jni.cpp:1350

Events (10 events):
Event: 15.868 Executing VM operation: GenCollectForAllocation
Event: 15.868 Executing VM operation: GenCollectForAllocation done
Event: 17.288 Executing VM operation: GenCollectForAllocation
Event: 17.288 Executing VM operation: GenCollectForAllocation done
Event: 18.523 Executing VM operation: GenCollectForAllocation
Event: 18.523 Executing VM operation: GenCollectForAllocation done
Event: 19.868 Executing VM operation: GenCollectForAllocation
Event: 19.869 Executing VM operation: GenCollectForAllocation done
Event: 21.151 loading class 0x02559048
Event: 21.151 loading class 0x02559048 done


Dynamic libraries:
0x01060000 - 0x0108f000 	C:\Program Files (x86)\Java\jre7\bin\javaw.exe
0x77d50000 - 0x77ecf000 	C:\WINDOWS\SYSTEM32\ntdll.dll
0x75f30000 - 0x76010000 	C:\WINDOWS\System32\KERNEL32.DLL
0x75cf0000 - 0x75e9e000 	C:\WINDOWS\System32\KERNELBASE.dll
0x77990000 - 0x77a06000 	C:\WINDOWS\System32\ADVAPI32.dll
0x77450000 - 0x7750d000 	C:\WINDOWS\System32\msvcrt.dll
0x75c40000 - 0x75c81000 	C:\WINDOWS\System32\sechost.dll
0x778d0000 - 0x7798c000 	C:\WINDOWS\System32\RPCRT4.dll
0x74940000 - 0x7495e000 	C:\WINDOWS\System32\SspiCli.dll
0x74930000 - 0x7493a000 	C:\WINDOWS\System32\CRYPTBASE.dll
0x76070000 - 0x760c8000 	C:\WINDOWS\System32\bcryptPrimitives.dll
0x74b00000 - 0x74c4d000 	C:\WINDOWS\System32\USER32.dll
0x753e0000 - 0x753f6000 	C:\WINDOWS\System32\win32u.dll
0x760d0000 - 0x760fa000 	C:\WINDOWS\System32\GDI32.dll
0x74c50000 - 0x74da7000 	C:\WINDOWS\System32\gdi32full.dll
0x74700000 - 0x74900000 	C:\WINDOWS\WinSxS\x86_microsoft.windows.common-controls_6595b64144ccf1df_6.0.14946.1000_none_d33ee90ed06d81a5\COMCTL32.dll
0x75820000 - 0x75a2f000 	C:\WINDOWS\System32\combase.dll
0x75300000 - 0x753da000 	C:\WINDOWS\System32\ucrtbase.dll
0x77410000 - 0x77435000 	C:\WINDOWS\System32\IMM32.DLL
0x71d60000 - 0x71e1f000 	C:\Program Files (x86)\Java\jre7\bin\msvcr100.dll
0x6e5a0000 - 0x6e92b000 	C:\Program Files (x86)\Java\jre7\bin\client\jvm.dll
0x75c30000 - 0x75c36000 	C:\WINDOWS\System32\PSAPI.DLL
0x73ea0000 - 0x73ea8000 	C:\WINDOWS\SYSTEM32\WSOCK32.dll
0x73f00000 - 0x73f24000 	C:\WINDOWS\SYSTEM32\WINMM.dll
0x77ce0000 - 0x77d42000 	C:\WINDOWS\System32\WS2_32.dll
0x73eb0000 - 0x73ed3000 	C:\WINDOWS\SYSTEM32\WINMMBASE.dll
0x75ef0000 - 0x75f25000 	C:\WINDOWS\System32\cfgmgr32.dll
0x71d50000 - 0x71d5c000 	C:\Program Files (x86)\Java\jre7\bin\verify.dll
0x71d20000 - 0x71d41000 	C:\Program Files (x86)\Java\jre7\bin\java.dll
0x71d00000 - 0x71d13000 	C:\Program Files (x86)\Java\jre7\bin\zip.dll
0x0f540000 - 0x0f7c6000 	D:\FangAI\FangAI\bwapi_bridge2_5.dll
0x727e0000 - 0x728ce000 	C:\WINDOWS\SYSTEM32\MSVCR120.dll
0x72760000 - 0x727d1000 	C:\WINDOWS\SYSTEM32\MSVCP120.dll
0x6f540000 - 0x6f59e000 	D:\FangAI\FangAI\libmpfr-4.dll
0x6acc0000 - 0x6ad27000 	D:\FangAI\FangAI\libgmp-10.dll
0x6fd10000 - 0x6fe5b000 	C:\WINDOWS\SYSTEM32\dbghelp.dll

VM Arguments:
jvm_args: -Dfile.encoding=Cp1252 
java_command: FangBot
Launcher Type: SUN_STANDARD

Environment Variables:
PATH=C:/Program Files (x86)/Java/jre1.8.0_111/bin/client;C:/Program Files (x86)/Java/jre1.8.0_111/bin;C:/Program Files (x86)/Java/jre1.8.0_111/lib/i386;C:\ProgramData\Oracle\Java\javapath;C:\Program Files\Haskell\bin;C:\Program Files\Haskell Platform\8.0.1\lib\extralibs\bin;C:\Program Files\Haskell Platform\8.0.1\bin;C:\Windows\system32;C:\Windows;C:\Windows\System32\Wbem;C:\Windows\System32\WindowsPowerShell\v1.0\;C:\Program Files (x86)\NVIDIA Corporation\PhysX\Common;C:\Program Files\Haskell Platform\8.0.1\mingw\bin;C:\Program Files (x86)\Brackets\command;C:\Program Files (x86)\GtkSharp\2.12\bin;C:\WINDOWS\system32;C:\WINDOWS;C:\WINDOWS\System32\Wbem;C:\WINDOWS\System32\WindowsPowerShell\v1.0\;C:\Program Files (x86)\Windows Live\Shared;C:\Program Files (x86)\Windows Kits\8.1\Windows Performance Toolkit\;C:\Program Files (x86)\Skype\Phone\;C:\Users\dkfan\AppData\Roaming\cabal\bin;C:\Users\dkfan\AppData\Roaming\local\bin;C:\Users\dkfan\AppData\Local\Microsoft\WindowsApps;
USERNAME=dkfan
OS=Windows_NT
PROCESSOR_IDENTIFIER=Intel64 Family 6 Model 94 Stepping 3, GenuineIntel



---------------  S Y S T E M  ---------------

OS: Windows 8.1 , 64 bit Build 9600 

CPU:total 8 (4 cores per cpu, 2 threads per core) family 6 model 94 stepping 3, cmov, cx8, fxsr, mmx, sse, sse2, sse3, ssse3, sse4.1, sse4.2, popcnt, avx, avx2, aes, erms, ht, tsc, tscinvbit

Memory: 4k page, physical 16694876k(11221888k free), swap 19185244k(12319292k free)

vm_info: Java HotSpot(TM) Client VM (24.80-b11) for windows-x86 JRE (1.7.0_80-b15), built on Apr 10 2015 13:33:35 by "java_re" with unknown MS VC++:1600

time: Wed Dec 07 23:25:13 2016
elapsed time: 21 seconds

