#
# A fatal error has been detected by the Java Runtime Environment:
#
#  EXCEPTION_ACCESS_VIOLATION (0xc0000005) at pc=0x00050054, pid=17628, tid=6252
#
# JRE version: Java(TM) SE Runtime Environment (7.0_80-b15) (build 1.7.0_80-b15)
# Java VM: Java HotSpot(TM) Client VM (24.80-b11 mixed mode, sharing windows-x86 )
# Problematic frame:
# C  0x00050054
#
# Failed to write core dump. Minidumps are not enabled by default on client versions of Windows
#
# If you would like to submit a bug report, please visit:
#   http://bugreport.java.com/bugreport/crash.jsp
# The crash happened outside the Java Virtual Machine in native code.
# See problematic frame for where to report the bug.
#

---------------  T H R E A D  ---------------

Current thread (0x0308c000):  JavaThread "main" [_thread_in_native, id=6252, stack(0x01700000,0x01750000)]

siginfo: ExceptionCode=0xc0000005, ExceptionInformation=0x00000008 0x00050054

Registers:
EAX=0x01553eb8, EBX=0x34881ea0, ECX=0x0153f878, EDX=0x348866b8
ESP=0x0174e150, EBP=0x0174e158, ESI=0x34881ea0, EDI=0x0308c000
EIP=0x00050054, EFLAGS=0x00010287

Top of Stack: (sp=0x0174e150)
0x0174e150:   0ff239b1 0000000f 0174e1a0 0309aabd
0x0174e160:   0308c130 0174e1bc 0153f878 0308c000
0x0174e170:   0000000f 77ba3b79 00000000 00000201
0x0174e180:   0174e180 00000000 0174e1bc 348866b8
0x0174e190:   00000000 34881ea0 00000000 0174e1b0
0x0174e1a0:   0174e1e0 03093207 00000000 030988c9
0x0174e1b0:   0000000f 0153f878 0308c000 2490e430
0x0174e1c0:   0174e1c0 3487a65e 0174e1ec 348866b8 

Instructions: (pc=0x00050054)
0x00050034:   
[error occurred during error reporting (printing registers, top of stack, instructions near pc), id 0xc0000005]

Register to memory mapping:

EAX=0x01553eb8 is an unknown value
EBX=0x34881ea0 is an oop
{method} 
 - klass: {other class}
ECX=0x0153f878 is an unknown value
EDX=0x348866b8 is an oop
{constant pool cache} 
 - klass: {other class}
                 -------------
  0  (0x348866c8)  [b5|b4|    1]
                 [   0x248fbc78]
                 [   0x00000008]
                 [   0x44000001]
                 -------------
  1  (0x348866d8)  [00|00|    2]
                 [   0x00000000]
                 [   0x00000000]
                 [   0x00000000]
                 -------------
  2  (0x348866e8)  [00|00|    3]
                 [   0x00000000]
                 [   0x00000000]
                 [   0x00000000]
                 -------------
  3  (0x348866f8)  [00|00|    4]
                 [   0x00000000]
                 [   0x00000000]
                 [   0x00000000]
                 -------------
  4  (0x34886708)  [00|00|    5]
                 [   0x00000000]
                 [   0x00000000]
                 [   0x00000000]
                 -------------
  5  (0x34886718)  [00|00|    6]
                 [   0x00000000]
                 [   0x00000000]
                 [   0x00000000]
                 -------------
  6  (0x34886728)  [00|00|    7]
                 [   0x00000000]
                 [   0x00000000]
                 [   0x00000000]
                 -------------
  7  (0x34886738)  [00|00|    8]
                 [   0x00000000]
                 [   0x00000000]
                 [   0x00000000]
                 -------------
  8  (0x34886748)  [00|00|    9]
                 [   0x00000000]
                 [   0x00000000]
                 [   0x00000000]
                 -------------
  9  (0x34886758)  [00|00|   10]
                 [   0x00000000]
                 [   0x00000000]
                 [   0x00000000]
                 -------------
 10  (0x34886768)  [00|00|   11]
                 [   0x00000000]
                 [   0x00000000]
                 [   0x00000000]
                 -------------
 11  (0x34886778)  [00|00|   12]
                 [   0x00000000]
                 [   0x00000000]
                 [   0x00000000]
                 -------------
 12  (0x34886788)  [00|00|   13]
                 [   0x00000000]
                 [   0x00000000]
                 [   0x00000000]
                 -------------
 13  (0x34886798)  [00|00|   14]
                 [   0x00000000]
                 [   0x00000000]
                 [   0x00000000]
                 -------------
 14  (0x348867a8)  [00|00|   15]
                 [   0x00000000]
                 [   0x00000000]
                 [   0x00000000]
                 -------------
 15  (0x348867b8)  [00|00|   16]
                 [   0x00000000]
                 [   0x00000000]
                 [   0x00000000]
                 -------------
 16  (0x348867c8)  [00|00|   17]
                 [   0x00000000]
                 [   0x00000000]
                 [   0x00000000]
                 -------------
 17  (0x348867d8)  [00|00|   18]
                 [   0x00000000]
                 [   0x00000000]
                 [   0x00000000]
                 -------------
 18  (0x348867e8)  [00|00|   19]
                 [   0x00000000]
                 [   0x00000000]
                 [   0x00000000]
                 -------------
 19  (0x348867f8)  [00|00|   20]
                 [   0x00000000]
                 [   0x00000000]
                 [   0x00000000]
                 -------------
 20  (0x34886808)  [00|00|   21]
                 [   0x00000000]
                 [   0x00000000]
                 [   0x00000000]
                 -------------
 21  (0x34886818)  [00|00|   22]
                 [   0x00000000]
                 [   0x00000000]
                 [   0x00000000]
                 -------------
 22  (0x34886828)  [00|00|   23]
                 [   0x00000000]
                 [   0x00000000]
                 [   0x00000000]
                 -------------
 23  (0x34886838)  [00|00|   24]
                 [   0x00000000]
                 [   0x00000000]
                 [   0x00000000]
                 -------------
 24  (0x34886848)  [00|00|   25]
                 [   0x00000000]
                 [   0x00000000]
                 [   0x00000000]
                 -------------
 25  (0x34886858)  [00|00|   26]
                 [   0x00000000]
                 [   0x00000000]
                 [   0x00000000]
                 -------------
 26  (0x34886868)  [00|00|   27]
                 [   0x00000000]
                 [   0x00000000]
                 [   0x00000000]
                 -------------
 27  (0x34886878)  [00|00|   28]
                 [   0x00000000]
                 [   0x00000000]
                 [   0x00000000]
                 -------------
 28  (0x34886888)  [00|00|   29]
                 [   0x00000000]
                 [   0x00000000]
                 [   0x00000000]
                 -------------
 29  (0x34886898)  [00|00|   30]
                 [   0x00000000]
                 [   0x00000000]
                 [   0x00000000]
                 -------------
 30  (0x348868a8)  [00|00|   31]
                 [   0x00000000]
                 [   0x00000000]
                 [   0x00000000]
                 -------------
 31  (0x348868b8)  [00|00|   32]
                 [   0x00000000]
                 [   0x00000000]
                 [   0x00000000]
                 -------------
 32  (0x348868c8)  [00|00|   33]
                 [   0x00000000]
                 [   0x00000000]
                 [   0x00000000]
                 -------------
 33  (0x348868d8)  [00|00|   34]
                 [   0x00000000]
                 [   0x00000000]
                 [   0x00000000]
                 -------------
 34  (0x348868e8)  [00|00|   35]
                 [   0x00000000]
                 [   0x00000000]
                 [   0x00000000]
                 -------------
 35  (0x348868f8)  [00|00|   36]
                 [   0x00000000]
                 [   0x00000000]
                 [   0x00000000]
                 -------------
 36  (0x34886908)  [00|00|   37]
                 [   0x00000000]
                 [   0x00000000]
                 [   0x00000000]
                 -------------
 37  (0x34886918)  [00|00|   38]
                 [   0x00000000]
                 [   0x00000000]
                 [   0x00000000]
                 -------------
 38  (0x34886928)  [00|00|   39]
                 [   0x00000000]
                 [   0x00000000]
                 [   0x00000000]
                 -------------
 39  (0x34886938)  [00|00|   40]
                 [   0x00000000]
                 [   0x00000000]
                 [   0x00000000]
                 -------------
 40  (0x34886948)  [00|00|   41]
                 [   0x00000000]
                 [   0x00000000]
                 [   0x00000000]
                 -------------
 41  (0x34886958)  [00|00|   42]
                 [   0x00000000]
                 [   0x00000000]
                 [   0x00000000]
                 -------------
 42  (0x34886968)  [00|00|   43]
                 [   0x00000000]
                 [   0x00000000]
                 [   0x00000000]
                 -------------
 43  (0x34886978)  [00|00|   44]
                 [   0x00000000]
                 [   0x00000000]
                 [   0x00000000]
                 -------------
 44  (0x34886988)  [00|00|   45]
                 [   0x00000000]
                 [   0x00000000]
                 [   0x00000000]
                 -------------
 45  (0x34886998)  [00|00|   46]
                 [   0x00000000]
                 [   0x00000000]
                 [   0x00000000]
                 -------------
 46  (0x348869a8)  [00|00|   47]
                 [   0x00000000]
                 [   0x00000000]
                 [   0x00000000]
                 -------------
 47  (0x348869b8)  [00|00|   48]
                 [   0x00000000]
                 [   0x00000000]
                 [   0x00000000]
                 -------------
 48  (0x348869c8)  [00|00|   49]
                 [   0x00000000]
                 [   0x00000000]
                 [   0x00000000]
                 -------------
 49  (0x348869d8)  [00|00|   50]
                 [   0x00000000]
                 [   0x00000000]
                 [   0x00000000]
                 -------------
 50  (0x348869e8)  [00|00|   51]
                 [   0x00000000]
                 [   0x00000000]
                 [   0x00000000]
                 -------------
 51  (0x348869f8)  [00|00|   52]
                 [   0x00000000]
                 [   0x00000000]
                 [   0x00000000]
                 -------------
 52  (0x34886a08)  [00|00|   53]
                 [   0x00000000]
                 [   0x00000000]
                 [   0x00000000]
                 -------------
 53  (0x34886a18)  [00|00|   54]
                 [   0x00000000]
                 [   0x00000000]
                 [   0x00000000]
                 -------------
 54  (0x34886a28)  [00|00|   55]
                 [   0x00000000]
                 [   0x00000000]
                 [   0x00000000]
                 -------------
 55  (0x34886a38)  [00|00|   56]
                 [   0x00000000]
                 [   0x00000000]
                 [   0x00000000]
                 -------------
 56  (0x34886a48)  [00|00|   57]
                 [   0x00000000]
                 [   0x00000000]
                 [   0x00000000]
                 -------------
 57  (0x34886a58)  [00|00|   58]
                 [   0x00000000]
                 [   0x00000000]
                 [   0x00000000]
                 -------------
 58  (0x34886a68)  [00|00|   59]
                 [   0x00000000]
                 [   0x00000000]
                 [   0x00000000]
                 -------------
 59  (0x34886a78)  [00|00|   60]
                 [   0x00000000]
                 [   0x00000000]
                 [   0x00000000]
                 -------------
 60  (0x34886a88)  [00|00|   61]
                 [   0x00000000]
                 [   0x00000000]
                 [   0x00000000]
                 -------------
 61  (0x34886a98)  [00|00|   62]
                 [   0x00000000]
                 [   0x00000000]
                 [   0x00000000]
                 -------------
 62  (0x34886aa8)  [00|00|   63]
                 [   0x00000000]
                 [   0x00000000]
                 [   0x00000000]
                 -------------
 63  (0x34886ab8)  [00|00|   64]
                 [   0x00000000]
                 [   0x00000000]
                 [   0x00000000]
                 -------------
 64  (0x34886ac8)  [00|00|   65]
                 [   0x00000000]
                 [   0x00000000]
                 [   0x00000000]
                 -------------
 65  (0x34886ad8)  [00|00|   66]
                 [   0x00000000]
                 [   0x00000000]
                 [   0x00000000]
                 -------------
 66  (0x34886ae8)  [00|00|   67]
                 [   0x00000000]
                 [   0x00000000]
                 [   0x00000000]
                 -------------
 67  (0x34886af8)  [00|00|   68]
                 [   0x00000000]
                 [   0x00000000]
                 [   0x00000000]
                 -------------
 68  (0x34886b08)  [00|00|   69]
                 [   0x00000000]
                 [   0x00000000]
                 [   0x00000000]
                 -------------
 69  (0x34886b18)  [00|00|   70]
                 [   0x00000000]
                 [   0x00000000]
                 [   0x00000000]
                 -------------
 70  (0x34886b28)  [00|00|   71]
                 [   0x00000000]
                 [   0x00000000]
                 [   0x00000000]
                 -------------
 71  (0x34886b38)  [00|00|   72]
                 [   0x00000000]
                 [   0x00000000]
                 [   0x00000000]
                 -------------
 72  (0x34886b48)  [00|00|   73]
                 [   0x00000000]
                 [   0x00000000]
                 [   0x00000000]
                 -------------
 73  (0x34886b58)  [00|00|   74]
                 [   0x00000000]
                 [   0x00000000]
                 [   0x00000000]
                 -------------
 74  (0x34886b68)  [00|00|   75]
                 [   0x00000000]
                 [   0x00000000]
                 [   0x00000000]
                 -------------
 75  (0x34886b78)  [00|00|   76]
                 [   0x00000000]
                 [   0x00000000]
                 [   0x00000000]
                 -------------
 76  (0x34886b88)  [00|00|   77]
                 [   0x00000000]
                 [   0x00000000]
                 [   0x00000000]
                 -------------
 77  (0x34886b98)  [00|00|   78]
                 [   0x00000000]
                 [   0x00000000]
                 [   0x00000000]
                 -------------
 78  (0x34886ba8)  [00|00|   79]
                 [   0x00000000]
                 [   0x00000000]
                 [   0x00000000]
                 -------------
 79  (0x34886bb8)  [00|00|   80]
                 [   0x00000000]
                 [   0x00000000]
                 [   0x00000000]
                 -------------
 80  (0x34886bc8)  [00|00|   81]
                 [   0x00000000]
                 [   0x00000000]
                 [   0x00000000]
                 -------------
 81  (0x34886bd8)  [00|00|   82]
                 [   0x00000000]
                 [   0x00000000]
                 [   0x00000000]
                 -------------
 82  (0x34886be8)  [00|00|   83]
                 [   0x00000000]
                 [   0x00000000]
                 [   0x00000000]
                 -------------
 83  (0x34886bf8)  [00|00|   84]
                 [   0x00000000]
                 [   0x00000000]
                 [   0x00000000]
                 -------------
 84  (0x34886c08)  [00|00|   85]
                 [   0x00000000]
                 [   0x00000000]
                 [   0x00000000]
                 -------------
 85  (0x34886c18)  [00|00|   86]
                 [   0x00000000]
                 [   0x00000000]
                 [   0x00000000]
                 -------------
 86  (0x34886c28)  [00|00|   87]
                 [   0x00000000]
                 [   0x00000000]
                 [   0x00000000]
                 -------------
 87  (0x34886c38)  [00|00|   88]
                 [   0x00000000]
                 [   0x00000000]
                 [   0x00000000]
                 -------------
 88  (0x34886c48)  [00|00|   89]
                 [   0x00000000]
                 [   0x00000000]
                 [   0x00000000]
                 -------------
 89  (0x34886c58)  [00|00|   90]
                 [   0x00000000]
                 [   0x00000000]
                 [   0x00000000]
                 -------------
 90  (0x34886c68)  [00|00|   91]
                 [   0x00000000]
                 [   0x00000000]
                 [   0x00000000]
                 -------------
 91  (0x34886c78)  [00|00|   92]
                 [   0x00000000]
                 [   0x00000000]
                 [   0x00000000]
                 -------------
 92  (0x34886c88)  [00|00|   93]
                 [   0x00000000]
                 [   0x00000000]
                 [   0x00000000]
                 -------------
 93  (0x34886c98)  [00|00|   94]
                 [   0x00000000]
                 [   0x00000000]
                 [   0x00000000]
                 -------------
 94  (0x34886ca8)  [00|00|   95]
                 [   0x00000000]
                 [   0x00000000]
                 [   0x00000000]
                 -------------
 95  (0x34886cb8)  [00|00|   96]
                 [   0x00000000]
                 [   0x00000000]
                 [   0x00000000]
                 -------------
 96  (0x34886cc8)  [00|00|   97]
                 [   0x00000000]
                 [   0x00000000]
                 [   0x00000000]
                 -------------
 97  (0x34886cd8)  [00|00|   98]
                 [   0x00000000]
                 [   0x00000000]
                 [   0x00000000]
                 -------------
 98  (0x34886ce8)  [00|b7|   99]
                 [   0x34881ea0]
                 [   0x00000000]
                 [   0x80000004]
                 -------------
 99  (0x34886cf8)  [00|00|  100]
                 [   0x00000000]
                 [   0x00000000]
                 [   0x00000000]
                 -------------
100  (0x34886d08)  [00|00|  101]
                 [   0x00000000]
                 [   0x00000000]
                 [   0x00000000]
                 -------------
101  (0x34886d18)  [00|b7|  102]
                 [   0x34882020]
                 [   0x00000000]
                 [   0x70000003]
                 -------------
102  (0x34886d28)  [00|00|  103]
                 [   0x00000000]
                 [   0x00000000]
                 [   0x00000000]
                 -------------
103  (0x34886d38)  [00|00|  104]
                 [   0x00000000]
                 [   0x00000000]
                 [   0x00000000]
                 -------------
104  (0x34886d48)  [00|00|  105]
                 [   0x00000000]
                 [   0x00000000]
                 [   0x00000000]
                 -------------
105  (0x34886d58)  [00|00|  106]
                 [   0x00000000]
                 [   0x00000000]
                 [   0x00000000]
                 -------------
106  (0x34886d68)  [00|00|  107]
                 [   0x00000000]
                 [   0x00000000]
                 [   0x00000000]
                 -------------
107  (0x34886d78)  [00|00|  108]
                 [   0x00000000]
                 [   0x00000000]
                 [   0x00000000]
                 -------------
108  (0x34886d88)  [00|00|  109]
                 [   0x00000000]
                 [   0x00000000]
                 [   0x00000000]
                 -------------
109  (0x34886d98)  [00|00|  110]
                 [   0x00000000]
                 [   0x00000000]
                 [   0x00000000]
                 -------------
110  (0x34886da8)  [00|00|  111]
                 [   0x00000000]
                 [   0x00000000]
                 [   0x00000000]
                 -------------
111  (0x34886db8)  [00|00|  112]
                 [   0x00000000]
                 [   0x00000000]
                 [   0x00000000]
                 -------------
112  (0x34886dc8)  [00|00|  113]
                 [   0x00000000]
                 [   0x00000000]
                 [   0x00000000]
                 -------------
113  (0x34886dd8)  [00|00|  114]
                 [   0x00000000]
                 [   0x00000000]
                 [   0x00000000]
                 -------------
114  (0x34886de8)  [00|00|  115]
                 [   0x00000000]
                 [   0x00000000]
                 [   0x00000000]
                 -------------
115  (0x34886df8)  [00|00|  116]
                 [   0x00000000]
                 [   0x00000000]
                 [   0x00000000]
                 -------------
116  (0x34886e08)  [00|00|  117]
                 [   0x00000000]
                 [   0x00000000]
                 [   0x00000000]
                 -------------
117  (0x34886e18)  [00|00|  118]
                 [   0x00000000]
                 [   0x00000000]
                 [   0x00000000]
                 -------------
118  (0x34886e28)  [00|00|  119]
                 [   0x00000000]
                 [   0x00000000]
                 [   0x00000000]
                 -------------
119  (0x34886e38)  [00|00|  120]
                 [   0x00000000]
                 [   0x00000000]
                 [   0x00000000]
                 -------------
120  (0x34886e48)  [00|00|  121]
                 [   0x00000000]
                 [   0x00000000]
                 [   0x00000000]
                 -------------
121  (0x34886e58)  [00|00|  122]
                 [   0x00000000]
                 [   0x00000000]
                 [   0x00000000]
                 -------------
122  (0x34886e68)  [00|00|  123]
                 [   0x00000000]
                 [   0x00000000]
                 [   0x00000000]
                 -------------
123  (0x34886e78)  [00|00|  124]
                 [   0x00000000]
                 [   0x00000000]
                 [   0x00000000]
                 -------------
124  (0x34886e88)  [00|00|  125]
                 [   0x00000000]
                 [   0x00000000]
                 [   0x00000000]
                 -------------
125  (0x34886e98)  [00|00|  126]
                 [   0x00000000]
                 [   0x00000000]
                 [   0x00000000]
                 -------------
126  (0x34886ea8)  [00|00|  127]
                 [   0x00000000]
                 [   0x00000000]
                 [   0x00000000]
                 -------------
127  (0x34886eb8)  [00|00|  128]
                 [   0x00000000]
                 [   0x00000000]
                 [   0x00000000]
                 -------------
128  (0x34886ec8)  [00|00|  129]
                 [   0x00000000]
                 [   0x00000000]
                 [   0x00000000]
                 -------------
129  (0x34886ed8)  [00|00|  130]
                 [   0x00000000]
                 [   0x00000000]
                 [   0x00000000]
                 -------------
130  (0x34886ee8)  [00|00|  131]
                 [   0x00000000]
                 [   0x00000000]
                 [   0x00000000]
                 -------------
131  (0x34886ef8)  [00|00|  132]
                 [   0x00000000]
                 [   0x00000000]
                 [   0x00000000]
                 -------------
132  (0x34886f08)  [00|00|  133]
                 [   0x00000000]
                 [   0x00000000]
                 [   0x00000000]
                 -------------
133  (0x34886f18)  [00|00|  134]
                 [   0x00000000]
                 [   0x00000000]
                 [   0x00000000]
                 -------------
134  (0x34886f28)  [00|00|  135]
                 [   0x00000000]
                 [   0x00000000]
                 [   0x00000000]
                 -------------
135  (0x34886f38)  [00|00|  136]
                 [   0x00000000]
                 [   0x00000000]
                 [   0x00000000]
                 -------------
136  (0x34886f48)  [00|00|  137]
                 [   0x00000000]
                 [   0x00000000]
                 [   0x00000000]
                 -------------
137  (0x34886f58)  [00|00|  138]
                 [   0x00000000]
                 [   0x00000000]
                 [   0x00000000]
                 -------------
138  (0x34886f68)  [00|00|  139]
                 [   0x00000000]
                 [   0x00000000]
                 [   0x00000000]
                 -------------
139  (0x34886f78)  [00|00|  140]
                 [   0x00000000]
                 [   0x00000000]
                 [   0x00000000]
                 -------------
140  (0x34886f88)  [00|00|  141]
                 [   0x00000000]
                 [   0x00000000]
                 [   0x00000000]
                 -------------
141  (0x34886f98)  [00|00|  142]
                 [   0x00000000]
                 [   0x00000000]
                 [   0x00000000]
                 -------------
142  (0x34886fa8)  [00|00|  143]
                 [   0x00000000]
                 [   0x00000000]
                 [   0x00000000]
                 -------------
143  (0x34886fb8)  [00|00|  144]
                 [   0x00000000]
                 [   0x00000000]
                 [   0x00000000]
                 -------------
144  (0x34886fc8)  [00|00|  145]
                 [   0x00000000]
                 [   0x00000000]
                 [   0x00000000]
                 -------------
145  (0x34886fd8)  [00|00|  146]
                 [   0x00000000]
                 [   0x00000000]
                 [   0x00000000]
                 -------------
146  (0x34886fe8)  [00|00|  147]
                 [   0x00000000]
                 [   0x00000000]
                 [   0x00000000]
                 -------------
147  (0x34886ff8)  [00|00|  148]
                 [   0x00000000]
                 [   0x00000000]
                 [   0x00000000]
                 -------------
148  (0x34887008)  [00|00|  149]
                 [   0x00000000]
                 [   0x00000000]
                 [   0x00000000]
                 -------------
149  (0x34887018)  [00|00|  150]
                 [   0x00000000]
                 [   0x00000000]
                 [   0x00000000]
                 -------------
150  (0x34887028)  [00|00|  151]
                 [   0x00000000]
                 [   0x00000000]
                 [   0x00000000]
                 -------------
151  (0x34887038)  [00|00|  152]
                 [   0x00000000]
                 [   0x00000000]
                 [   0x00000000]
                 -------------
152  (0x34887048)  [00|00|  153]
                 [   0x00000000]
                 [   0x00000000]
                 [   0x00000000]
                 -------------
153  (0x34887058)  [00|00|  154]
                 [   0x00000000]
                 [   0x00000000]
                 [   0x00000000]
                 -------------
154  (0x34887068)  [00|00|  155]
                 [   0x00000000]
                 [   0x00000000]
                 [   0x00000000]
                 -------------
155  (0x34887078)  [00|00|  156]
                 [   0x00000000]
                 [   0x00000000]
                 [   0x00000000]
                 -------------
156  (0x34887088)  [00|00|  157]
                 [   0x00000000]
                 [   0x00000000]
                 [   0x00000000]
                 -------------
157  (0x34887098)  [00|00|  158]
                 [   0x00000000]
                 [   0x00000000]
                 [   0x00000000]
                 -------------
158  (0x348870a8)  [00|00|  159]
                 [   0x00000000]
                 [   0x00000000]
                 [   0x00000000]
                 -------------
159  (0x348870b8)  [00|00|  160]
                 [   0x00000000]
                 [   0x00000000]
                 [   0x00000000]
                 -------------
160  (0x348870c8)  [00|00|  161]
                 [   0x00000000]
                 [   0x00000000]
                 [   0x00000000]
                 -------------
161  (0x348870d8)  [00|00|  162]
                 [   0x00000000]
                 [   0x00000000]
                 [   0x00000000]
                 -------------
162  (0x348870e8)  [00|00|  163]
                 [   0x00000000]
                 [   0x00000000]
                 [   0x00000000]
                 -------------
163  (0x348870f8)  [00|00|  164]
                 [   0x00000000]
                 [   0x00000000]
                 [   0x00000000]
                 -------------
164  (0x34887108)  [00|00|  165]
                 [   0x00000000]
                 [   0x00000000]
                 [   0x00000000]
                 -------------
165  (0x34887118)  [00|00|  166]
                 [   0x00000000]
                 [   0x00000000]
                 [   0x00000000]
                 -------------
166  (0x34887128)  [00|00|  167]
                 [   0x00000000]
                 [   0x00000000]
                 [   0x00000000]
                 -------------
167  (0x34887138)  [00|00|  168]
                 [   0x00000000]
                 [   0x00000000]
                 [   0x00000000]
                 -------------
168  (0x34887148)  [00|00|  169]
                 [   0x00000000]
                 [   0x00000000]
                 [   0x00000000]
                 -------------
169  (0x34887158)  [00|00|  170]
                 [   0x00000000]
                 [   0x00000000]
                 [   0x00000000]
                 -------------
170  (0x34887168)  [00|00|  171]
                 [   0x00000000]
                 [   0x00000000]
                 [   0x00000000]
                 -------------
171  (0x34887178)  [00|00|  172]
                 [   0x00000000]
                 [   0x00000000]
                 [   0x00000000]
                 -------------
172  (0x34887188)  [00|00|  173]
                 [   0x00000000]
                 [   0x00000000]
                 [   0x00000000]
                 -------------
173  (0x34887198)  [00|00|  174]
                 [   0x00000000]
                 [   0x00000000]
                 [   0x00000000]
                 -------------
174  (0x348871a8)  [00|00|  175]
                 [   0x00000000]
                 [   0x00000000]
                 [   0x00000000]
                 -------------
175  (0x348871b8)  [00|00|  176]
                 [   0x00000000]
                 [   0x00000000]
                 [   0x00000000]
                 -------------
176  (0x348871c8)  [00|00|  177]
                 [   0x00000000]
                 [   0x00000000]
                 [   0x00000000]
                 -------------
177  (0x348871d8)  [00|00|  178]
                 [   0x00000000]
                 [   0x00000000]
                 [   0x00000000]
                 -------------
178  (0x348871e8)  [00|00|  179]
                 [   0x00000000]
                 [   0x00000000]
                 [   0x00000000]
                 -------------
179  (0x348871f8)  [00|00|  180]
                 [   0x00000000]
                 [   0x00000000]
                 [   0x00000000]
                 -------------
180  (0x34887208)  [00|00|  181]
                 [   0x00000000]
                 [   0x00000000]
                 [   0x00000000]
                 -------------
181  (0x34887218)  [00|00|  182]
                 [   0x00000000]
                 [   0x00000000]
                 [   0x00000000]
                 -------------
182  (0x34887228)  [00|00|  183]
                 [   0x00000000]
                 [   0x00000000]
                 [   0x00000000]
                 -------------
183  (0x34887238)  [00|00|  184]
                 [   0x00000000]
                 [   0x00000000]
                 [   0x00000000]
                 -------------
184  (0x34887248)  [00|00|  185]
                 [   0x00000000]
                 [   0x00000000]
                 [   0x00000000]
                 -------------
185  (0x34887258)  [00|00|  186]
                 [   0x00000000]
                 [   0x00000000]
                 [   0x00000000]
                 -------------
186  (0x34887268)  [00|00|  187]
                 [   0x00000000]
                 [   0x00000000]
                 [   0x00000000]
                 -------------
187  (0x34887278)  [00|00|  188]
                 [   0x00000000]
                 [   0x00000000]
                 [   0x00000000]
                 -------------
188  (0x34887288)  [00|00|  189]
                 [   0x00000000]
                 [   0x00000000]
                 [   0x00000000]
                 -------------
189  (0x34887298)  [00|00|  190]
                 [   0x00000000]
                 [   0x00000000]
                 [   0x00000000]
                 -------------
190  (0x348872a8)  [00|00|  191]
                 [   0x00000000]
                 [   0x00000000]
                 [   0x00000000]
                 -------------
191  (0x348872b8)  [00|00|  192]
                 [   0x00000000]
                 [   0x00000000]
                 [   0x00000000]
                 -------------
192  (0x348872c8)  [00|00|  193]
                 [   0x00000000]
                 [   0x00000000]
                 [   0x00000000]
                 -------------
193  (0x348872d8)  [00|00|  194]
                 [   0x00000000]
                 [   0x00000000]
                 [   0x00000000]
                 -------------
194  (0x348872e8)  [00|00|  195]
                 [   0x00000000]
                 [   0x00000000]
                 [   0x00000000]
                 -------------
195  (0x348872f8)  [00|00|  196]
                 [   0x00000000]
                 [   0x00000000]
                 [   0x00000000]
                 -------------
196  (0x34887308)  [00|00|  197]
                 [   0x00000000]
                 [   0x00000000]
                 [   0x00000000]
                 -------------
197  (0x34887318)  [00|00|  198]
                 [   0x00000000]
                 [   0x00000000]
                 [   0x00000000]
                 -------------
198  (0x34887328)  [00|00|  199]
                 [   0x00000000]
                 [   0x00000000]
                 [   0x00000000]
                 -------------
199  (0x34887338)  [00|00|  200]
                 [   0x00000000]
                 [   0x00000000]
                 [   0x00000000]
                 -------------
200  (0x34887348)  [00|00|  201]
                 [   0x00000000]
                 [   0x00000000]
                 [   0x00000000]
                 -------------
201  (0x34887358)  [00|00|  202]
                 [   0x00000000]
                 [   0x00000000]
                 [   0x00000000]
                 -------------
202  (0x34887368)  [00|00|  203]
                 [   0x00000000]
                 [   0x00000000]
                 [   0x00000000]
                 -------------
203  (0x34887378)  [00|00|  204]
                 [   0x00000000]
                 [   0x00000000]
                 [   0x00000000]
                 -------------
204  (0x34887388)  [00|00|  205]
                 [   0x00000000]
                 [   0x00000000]
                 [   0x00000000]
                 -------------
205  (0x34887398)  [00|00|  206]
                 [   0x00000000]
                 [   0x00000000]
                 [   0x00000000]
                 -------------
206  (0x348873a8)  [00|00|  207]
                 [   0x00000000]
                 [   0x00000000]
                 [   0x00000000]
                 -------------
207  (0x348873b8)  [00|00|  208]
                 [   0x00000000]
                 [   0x00000000]
                 [   0x00000000]
                 -------------
208  (0x348873c8)  [00|00|  209]
                 [   0x00000000]
                 [   0x00000000]
                 [   0x00000000]
                 -------------
209  (0x348873d8)  [00|00|  210]
                 [   0x00000000]
                 [   0x00000000]
                 [   0x00000000]
                 -------------
210  (0x348873e8)  [00|00|  211]
                 [   0x00000000]
                 [   0x00000000]
                 [   0x00000000]
                 -------------
211  (0x348873f8)  [00|00|  212]
                 [   0x00000000]
                 [   0x00000000]
                 [   0x00000000]
                 -------------
212  (0x34887408)  [00|00|  213]
                 [   0x00000000]
                 [   0x00000000]
                 [   0x00000000]
                 -------------
213  (0x34887418)  [00|00|  214]
                 [   0x00000000]
                 [   0x00000000]
                 [   0x00000000]
                 -------------
214  (0x34887428)  [00|00|  215]
                 [   0x00000000]
                 [   0x00000000]
                 [   0x00000000]
                 -------------
215  (0x34887438)  [00|00|  216]
                 [   0x00000000]
                 [   0x00000000]
                 [   0x00000000]
                 -------------
216  (0x34887448)  [00|00|  217]
                 [   0x00000000]
                 [   0x00000000]
                 [   0x00000000]
                 -------------
217  (0x34887458)  [00|00|  218]
                 [   0x00000000]
                 [   0x00000000]
                 [   0x00000000]
                 -------------
218  (0x34887468)  [00|00|  219]
                 [   0x00000000]
                 [   0x00000000]
                 [   0x00000000]
                 -------------
219  (0x34887478)  [00|00|  220]
                 [   0x00000000]
                 [   0x00000000]
                 [   0x00000000]
                 -------------
220  (0x34887488)  [00|00|  221]
                 [   0x00000000]
                 [   0x00000000]
                 [   0x00000000]
                 -------------
221  (0x34887498)  [00|00|  222]
                 [   0x00000000]
                 [   0x00000000]
                 [   0x00000000]
                 -------------
222  (0x348874a8)  [00|00|  223]
                 [   0x00000000]
                 [   0x00000000]
                 [   0x00000000]
                 -------------
223  (0x348874b8)  [00|00|  224]
                 [   0x00000000]
                 [   0x00000000]
                 [   0x00000000]
                 -------------
224  (0x348874c8)  [00|00|  225]
                 [   0x00000000]
                 [   0x00000000]
                 [   0x00000000]
                 -------------
225  (0x348874d8)  [00|b7|  226]
                 [   0x39200528]
                 [   0x00000000]
                 [   0x80000001]
                 -------------
226  (0x348874e8)  [b3|b2|  227]
                 [   0x248fbc78]
                 [   0x00000058]
                 [   0x74000000]
                 -------------
227  (0x348874f8)  [00|b8|  228]
                 [   0x3923b338]
                 [   0x00000000]
                 [   0x70400002]
                 -------------
228  (0x34887508)  [00|b9|  229]
                 [   0x3921aa40]
                 [   0x00000002]
                 [   0x70000002]
                 -------------
229  (0x34887518)  [00|b7|  231]
                 [   0x3487ecd8]
                 [   0x00000000]
                 [   0x80000003]
                 -------------
230  (0x34887528)  [00|b9|  232]
                 [   0x3921aa40]
                 [   0x00000006]
                 [   0x70000003]
                 -------------
231  (0x34887538)  [00|b7|  234]
                 [   0x39241b88]
                 [   0x00000000]
                 [   0x80000001]
                 -------------
ESP=0x0174e150 is pointing into the stack for thread: 0x0308c000
EBP=0x0174e158 is pointing into the stack for thread: 0x0308c000
ESI=0x34881ea0 is an oop
{method} 
 - klass: {other class}
EDI=0x0308c000 is a thread


Stack: [0x01700000,0x01750000],  sp=0x0174e150,  free space=312k
Native frames: (J=compiled Java code, j=interpreted, Vv=VM code, C=native code)
C  0x00050054
j  bwapi.Game.setLocalSpeed_native(JI)V+0
j  bwapi.Game.setLocalSpeed(I)V+6
j  FangBot.onStart()V+17
j  bwapi.AIModule.onStart()V+11
v  ~StubRoutines::call_stub
V  [jvm.dll+0x1429aa]
V  [jvm.dll+0x20743e]
V  [jvm.dll+0x142a2d]
V  [jvm.dll+0xcb7b2]
V  [jvm.dll+0xcf403]
C  [bwapi_bridge2_5.dll+0x1b20d]
C  [bwapi_bridge2_5.dll+0x750d3]
j  bwapi.Mirror.startGame()V+0
j  FangBot.run()V+15
j  FangBot.main([Ljava/lang/String;)V+7
v  ~StubRoutines::call_stub
V  [jvm.dll+0x1429aa]
V  [jvm.dll+0x20743e]
V  [jvm.dll+0x142a2d]
V  [jvm.dll+0xcb535]
V  [jvm.dll+0xd61d7]
C  [javaw.exe+0x2070]
C  [javaw.exe+0xa6d1]
C  [javaw.exe+0xa75b]
C  [KERNEL32.DLL+0x16394]
C  [ntdll.dll+0x604bb]
C  [ntdll.dll+0x6048b]

Java frames: (J=compiled Java code, j=interpreted, Vv=VM code)
j  bwapi.Game.setLocalSpeed_native(JI)V+0
j  bwapi.Game.setLocalSpeed(I)V+6
j  FangBot.onStart()V+17
j  bwapi.AIModule.onStart()V+11
v  ~StubRoutines::call_stub
j  bwapi.Mirror.startGame()V+0
j  FangBot.run()V+15
j  FangBot.main([Ljava/lang/String;)V+7
v  ~StubRoutines::call_stub

---------------  P R O C E S S  ---------------

Java Threads: ( => current thread )
  0x02fce800 JavaThread "Service Thread" daemon [_thread_blocked, id=12152, stack(0x05580000,0x055d0000)]
  0x02fc2000 JavaThread "C1 CompilerThread0" daemon [_thread_blocked, id=16716, stack(0x054f0000,0x05540000)]
  0x02fc1000 JavaThread "Attach Listener" daemon [_thread_blocked, id=17708, stack(0x05460000,0x054b0000)]
  0x02fbf000 JavaThread "Signal Dispatcher" daemon [_thread_blocked, id=2240, stack(0x053d0000,0x05420000)]
  0x02f51000 JavaThread "Finalizer" daemon [_thread_blocked, id=5768, stack(0x05340000,0x05390000)]
  0x02f4f800 JavaThread "Reference Handler" daemon [_thread_blocked, id=14332, stack(0x052b0000,0x05300000)]
=>0x0308c000 JavaThread "main" [_thread_in_native, id=6252, stack(0x01700000,0x01750000)]

Other Threads:
  0x02f4d800 VMThread [stack: 0x05220000,0x05270000] [id=4496]
  0x02fd9000 WatcherThread [stack: 0x05610000,0x05660000] [id=4472]

VM state:not at safepoint (normal execution)

VM Mutex/Monitor currently owned by a thread: None

Heap
 def new generation   total 4928K, used 1419K [0x24800000, 0x24d50000, 0x29d50000)
  eden space 4416K,  32% used [0x24800000, 0x24962d70, 0x24c50000)
  from space 512K,   0% used [0x24c50000, 0x24c50000, 0x24cd0000)
  to   space 512K,   0% used [0x24cd0000, 0x24cd0000, 0x24d50000)
 tenured generation   total 10944K, used 0K [0x29d50000, 0x2a800000, 0x34800000)
   the space 10944K,   0% used [0x29d50000, 0x29d50000, 0x29d50200, 0x2a800000)
 compacting perm gen  total 12288K, used 593K [0x34800000, 0x35400000, 0x38800000)
   the space 12288K,   4% used [0x34800000, 0x34894650, 0x34894800, 0x35400000)
    ro space 10240K,  42% used [0x38800000, 0x38c37108, 0x38c37200, 0x39200000)
    rw space 12288K,  52% used [0x39200000, 0x39841738, 0x39841800, 0x39e00000)

Card table byte_map: [0x05110000,0x051c0000] byte_map_base: 0x04fec000

Polling page: 0x01770000

Code Cache  [0x03090000, 0x03130000, 0x05090000)
 total_blobs=170 nmethods=33 adapters=74 free_code_cache=32154Kb largest_free_block=32926272

Compilation events (10 events):
Event: 4.271 Thread 0x02fc2000   29             java.lang.String::getChars (62 bytes)
Event: 4.271 Thread 0x02fc2000 nmethod 29 0x03128648 code [0x03128780, 0x03128a10]
Event: 4.505 Thread 0x02fc2000   30             java.lang.AbstractStringBuilder::append (48 bytes)
Event: 4.505 Thread 0x02fc2000 nmethod 30 0x03128c08 code [0x03128d20, 0x03128e48]
Event: 4.755 Thread 0x02fc2000   31             java.lang.StringBuilder::append (8 bytes)
Event: 4.756 Thread 0x02fc2000 nmethod 31 0x03128f88 code [0x03129080, 0x0312911c]
Event: 4.959 Thread 0x02fc2000   32             java.lang.Long::equals (30 bytes)
Event: 4.959 Thread 0x02fc2000 nmethod 32 0x03129188 code [0x03129280, 0x03129390]
Event: 4.959 Thread 0x02fc2000   33             java.lang.Long::longValue (5 bytes)
Event: 4.959 Thread 0x02fc2000 nmethod 33 0x03129408 code [0x03129500, 0x03129580]

GC Heap History (0 events):
No events

Deoptimization events (0 events):
No events

Internal exceptions (10 events):
Event: 5.380 Thread 0x0308c000 Threw 0x24958f20 at C:\re\jdk7u80\2329\hotspot\src\share\vm\interpreter\linkResolver.cpp:892
Event: 5.396 Thread 0x0308c000 Threw 0x249592c0 at C:\re\jdk7u80\2329\hotspot\src\share\vm\interpreter\linkResolver.cpp:892
Event: 5.412 Thread 0x0308c000 Threw 0x24959660 at C:\re\jdk7u80\2329\hotspot\src\share\vm\interpreter\linkResolver.cpp:892
Event: 5.428 Thread 0x0308c000 Threw 0x24959a00 at C:\re\jdk7u80\2329\hotspot\src\share\vm\interpreter\linkResolver.cpp:892
Event: 5.443 Thread 0x0308c000 Threw 0x24959da0 at C:\re\jdk7u80\2329\hotspot\src\share\vm\interpreter\linkResolver.cpp:892
Event: 5.458 Thread 0x0308c000 Threw 0x2495a140 at C:\re\jdk7u80\2329\hotspot\src\share\vm\interpreter\linkResolver.cpp:892
Event: 5.474 Thread 0x0308c000 Threw 0x2495a4e0 at C:\re\jdk7u80\2329\hotspot\src\share\vm\interpreter\linkResolver.cpp:892
Event: 5.489 Thread 0x0308c000 Threw 0x2495a880 at C:\re\jdk7u80\2329\hotspot\src\share\vm\interpreter\linkResolver.cpp:892
Event: 5.505 Thread 0x0308c000 Threw 0x2495ac20 at C:\re\jdk7u80\2329\hotspot\src\share\vm\interpreter\linkResolver.cpp:892
Event: 5.527 Thread 0x0308c000 Threw 0x2495afc0 at C:\re\jdk7u80\2329\hotspot\src\share\vm\interpreter\linkResolver.cpp:892

Events (10 events):
Event: 3.029 loading class 0x02ff3bd8
Event: 3.029 loading class 0x02ff3bd8 done
Event: 3.029 loading class 0x02fc38d0
Event: 3.029 loading class 0x02fc38d0 done
Event: 3.030 loading class 0x02ff5e50
Event: 3.030 loading class 0x02ff5e50 done
Event: 3.030 loading class 0x02ff6400
Event: 3.030 loading class 0x02ff6400 done
Event: 4.029 Executing VM operation: EnableBiasedLocking
Event: 4.029 Executing VM operation: EnableBiasedLocking done


Dynamic libraries:
0x00e20000 - 0x00e4f000 	C:\Program Files (x86)\Java\jre7\bin\javaw.exe
0x77b50000 - 0x77ccf000 	C:\WINDOWS\SYSTEM32\ntdll.dll
0x770a0000 - 0x77180000 	C:\WINDOWS\System32\KERNEL32.DLL
0x775f0000 - 0x7779e000 	C:\WINDOWS\System32\KERNELBASE.dll
0x77990000 - 0x77a06000 	C:\WINDOWS\System32\ADVAPI32.dll
0x77180000 - 0x7723d000 	C:\WINDOWS\System32\msvcrt.dll
0x76370000 - 0x763b1000 	C:\WINDOWS\System32\sechost.dll
0x76c00000 - 0x76cbc000 	C:\WINDOWS\System32\RPCRT4.dll
0x74740000 - 0x7475e000 	C:\WINDOWS\System32\SspiCli.dll
0x74730000 - 0x7473a000 	C:\WINDOWS\System32\CRYPTBASE.dll
0x777f0000 - 0x77848000 	C:\WINDOWS\System32\bcryptPrimitives.dll
0x76cc0000 - 0x76e0d000 	C:\WINDOWS\System32\USER32.dll
0x774c0000 - 0x774d6000 	C:\WINDOWS\System32\win32u.dll
0x77400000 - 0x7742a000 	C:\WINDOWS\System32\GDI32.dll
0x74d10000 - 0x74e67000 	C:\WINDOWS\System32\gdi32full.dll
0x74290000 - 0x74490000 	C:\WINDOWS\WinSxS\x86_microsoft.windows.common-controls_6595b64144ccf1df_6.0.14946.1000_none_d33ee90ed06d81a5\COMCTL32.dll
0x763d0000 - 0x765df000 	C:\WINDOWS\System32\combase.dll
0x74f20000 - 0x74ffa000 	C:\WINDOWS\System32\ucrtbase.dll
0x774e0000 - 0x77505000 	C:\WINDOWS\System32\IMM32.DLL
0x77d80000 - 0x77e3f000 	C:\Program Files (x86)\Java\jre7\bin\msvcr100.dll
0x6e5a0000 - 0x6e92b000 	C:\Program Files (x86)\Java\jre7\bin\client\jvm.dll
0x76660000 - 0x76666000 	C:\WINDOWS\System32\PSAPI.DLL
0x73f40000 - 0x73f48000 	C:\WINDOWS\SYSTEM32\WSOCK32.dll
0x73f80000 - 0x73fa4000 	C:\WINDOWS\SYSTEM32\WINMM.dll
0x77580000 - 0x775e2000 	C:\WINDOWS\System32\WS2_32.dll
0x73f50000 - 0x73f73000 	C:\WINDOWS\SYSTEM32\winmmbase.dll
0x74cc0000 - 0x74cf5000 	C:\WINDOWS\System32\cfgmgr32.dll
0x631f0000 - 0x631fc000 	C:\Program Files (x86)\Java\jre7\bin\verify.dll
0x631c0000 - 0x631e1000 	C:\Program Files (x86)\Java\jre7\bin\java.dll
0x601a0000 - 0x601b3000 	C:\Program Files (x86)\Java\jre7\bin\zip.dll
0x0ff00000 - 0x10186000 	C:\Users\dkfan\Desktop\ExampleBot\bwapi_bridge2_5.dll
0x6fea0000 - 0x6ff11000 	C:\WINDOWS\SYSTEM32\MSVCP120.dll
0x6ff20000 - 0x7000e000 	C:\WINDOWS\SYSTEM32\MSVCR120.dll
0x6acc0000 - 0x6ad27000 	C:\Users\dkfan\Desktop\ExampleBot\libgmp-10.dll
0x6f540000 - 0x6f59e000 	C:\Users\dkfan\Desktop\ExampleBot\libmpfr-4.dll
0x70d70000 - 0x70ebb000 	C:\WINDOWS\SYSTEM32\dbghelp.dll

VM Arguments:
jvm_args: -Dfile.encoding=Cp1252 
java_command: FangBot
Launcher Type: SUN_STANDARD

Environment Variables:
PATH=C:/Program Files (x86)/Java/jre1.8.0_111/bin/client;C:/Program Files (x86)/Java/jre1.8.0_111/bin;C:/Program Files (x86)/Java/jre1.8.0_111/lib/i386;C:\ProgramData\Oracle\Java\javapath;C:\Program Files\Haskell\bin;C:\Program Files\Haskell Platform\8.0.1\lib\extralibs\bin;C:\Program Files\Haskell Platform\8.0.1\bin;C:\Windows\system32;C:\Windows;C:\Windows\System32\Wbem;C:\Windows\System32\WindowsPowerShell\v1.0\;C:\Program Files (x86)\NVIDIA Corporation\PhysX\Common;C:\Program Files\Haskell Platform\8.0.1\mingw\bin;C:\Program Files (x86)\Brackets\command;C:\Program Files (x86)\GtkSharp\2.12\bin;C:\WINDOWS\system32;C:\WINDOWS;C:\WINDOWS\System32\Wbem;C:\WINDOWS\System32\WindowsPowerShell\v1.0\;C:\Program Files (x86)\Windows Live\Shared;C:\Program Files (x86)\Windows Kits\8.1\Windows Performance Toolkit\;C:\Users\dkfan\AppData\Roaming\cabal\bin;C:\Users\dkfan\AppData\Roaming\local\bin;C:\Users\dkfan\AppData\Local\Microsoft\WindowsApps;
USERNAME=dkfan
OS=Windows_NT
PROCESSOR_IDENTIFIER=Intel64 Family 6 Model 94 Stepping 3, GenuineIntel



---------------  S Y S T E M  ---------------

OS: Windows 8.1 , 64 bit Build 9600 

CPU:total 8 (4 cores per cpu, 2 threads per core) family 6 model 94 stepping 3, cmov, cx8, fxsr, mmx, sse, sse2, sse3, ssse3, sse4.1, sse4.2, popcnt, avx, avx2, aes, erms, ht, tsc, tscinvbit

Memory: 4k page, physical 16694876k(9506184k free), swap 19185244k(9462544k free)

vm_info: Java HotSpot(TM) Client VM (24.80-b11) for windows-x86 JRE (1.7.0_80-b15), built on Apr 10 2015 13:33:35 by "java_re" with unknown MS VC++:1600

time: Tue Nov 15 11:32:32 2016
elapsed time: 7 seconds

