#
# A fatal error has been detected by the Java Runtime Environment:
#
#  EXCEPTION_ACCESS_VIOLATION (0xc0000005) at pc=0x6e4d569b, pid=17000, tid=13232
#
# JRE version: Java(TM) SE Runtime Environment (7.0_80-b15) (build 1.7.0_80-b15)
# Java VM: Java HotSpot(TM) Client VM (24.80-b11 mixed mode, sharing windows-x86 )
# Problematic frame:
# V  [jvm.dll+0xc569b]
#
# Failed to write core dump. Minidumps are not enabled by default on client versions of Windows
#
# If you would like to submit a bug report, please visit:
#   http://bugreport.java.com/bugreport/crash.jsp
#

---------------  T H R E A D  ---------------

Current thread (0x0132c000):  JavaThread "main" [_thread_in_vm, id=13232, stack(0x012a0000,0x012f0000)]

siginfo: ExceptionCode=0xc0000005, reading address 0x00000000

Registers:
EAX=0x00000000, EBX=0x051a4c84, ECX=0x00000000, EDX=0x00000007
ESP=0x012edd84, EBP=0x012edda0, ESI=0x0132c130, EDI=0x0132c000
EIP=0x6e4d569b, EFLAGS=0x00010246

Top of Stack: (sp=0x012edd84)
0x012edd84:   012ede98 00000000 051a4c84 0132c000
0x012edd94:   00000000 00000000 051a4c84 012ede24
0x012edda4:   0fa1c65a 0132c130 00000000 6e696f70
0x012eddb4:   00726574 012ede24 0fa1c61e 00000007
0x012eddc4:   0000000f 624c004a 69706177 696e552f
0x012eddd4:   01003b74 00000001 0000000f 8df35883
0x012edde4:   0132c000 07c2ca5c 0132c000 0132c000
0x012eddf4:   0fa49212 0132c130 01069380 012eddc8 

Instructions: (pc=0x6e4d569b)
0x6e4d567b:   f3 ff 83 c4 08 83 7f 04 00 89 7d f0 c7 45 f4 00
0x6e4d568b:   00 00 00 74 08 8d 4d f0 e8 78 aa 0c 00 8b 45 0c
0x6e4d569b:   8b 08 8b 51 04 8b 42 40 50 56 e8 a6 e3 07 00 83
0x6e4d56ab:   c4 08 83 7d f4 00 89 45 08 74 08 8d 4d f0 e8 92 


Register to memory mapping:

EAX=0x00000000 is an unknown value
EBX=0x051a4c84 is a global jni handle
ECX=0x00000000 is an unknown value
EDX=0x00000007 is an unknown value
ESP=0x012edd84 is pointing into the stack for thread: 0x0132c000
EBP=0x012edda0 is pointing into the stack for thread: 0x0132c000
ESI=0x0132c130 is an unknown value
EDI=0x0132c000 is a thread


Stack: [0x012a0000,0x012f0000],  sp=0x012edd84,  free space=311k
Native frames: (J=compiled Java code, j=interpreted, Vv=VM code, C=native code)
V  [jvm.dll+0xc569b]
C  [bwapi_bridge2_5.dll+0x1c65a]
C  [bwapi_bridge2_5.dll+0x387be]
J 172  bwapi.Unit.issueCommand_native(JLbwapi/UnitCommand;)Z (0 bytes) @ 0x02c44938 [0x02c44890+0xa8]
J 198 C1 FangSM.Kite(Lbwapi/Unit;Lbwapi/Unit;)V (163 bytes) @ 0x02c498b4 [0x02c495b0+0x304]
J 197 C1 FangSM.Action(Lbwapi/Unit;Lbwapi/Game;LFangSM$Role;Lbwapi/Unit;)Z (75 bytes) @ 0x02c48ecc [0x02c48e10+0xbc]
J 171 C1 Formation.FSM(Lbwapi/Unit;LFormation;LFormation$State;LFangSM;LFangAi;Lbwapi/Game;Ljava/util/HashSet;)V (472 bytes) @ 0x02c42f54 [0x02c428f0+0x664]
J 89 C1 FangBot.onFrame()V (711 bytes) @ 0x02c26944 [0x02c257e0+0x1164]
J 124 C1 bwapi.AIModule.onFrame()V (17 bytes) @ 0x02c36704 [0x02c366d0+0x34]
v  ~StubRoutines::call_stub
V  [jvm.dll+0x1429aa]
V  [jvm.dll+0x20743e]
V  [jvm.dll+0x142a2d]
V  [jvm.dll+0xcb7b2]
V  [jvm.dll+0xcf403]
C  [bwapi_bridge2_5.dll+0x1b20d]
C  [bwapi_bridge2_5.dll+0x75101]
j  bwapi.Mirror.startGame()V+0
j  FangBot.run()V+15
j  FangBot.main([Ljava/lang/String;)V+7
v  ~StubRoutines::call_stub
V  [jvm.dll+0x1429aa]
V  [jvm.dll+0x20743e]
V  [jvm.dll+0x142a2d]
V  [jvm.dll+0xcb535]
V  [jvm.dll+0xd61d7]
C  [javaw.exe+0x2070]
C  [javaw.exe+0xa6d1]
C  [javaw.exe+0xa75b]
C  [KERNEL32.DLL+0x16394]
C  [ntdll.dll+0x604bb]
C  [ntdll.dll+0x6048b]

Java frames: (J=compiled Java code, j=interpreted, Vv=VM code)
J 172  bwapi.Unit.issueCommand_native(JLbwapi/UnitCommand;)Z (0 bytes) @ 0x02c448f4 [0x02c44890+0x64]
J 198 C1 FangSM.Kite(Lbwapi/Unit;Lbwapi/Unit;)V (163 bytes) @ 0x02c498b4 [0x02c495b0+0x304]
J 197 C1 FangSM.Action(Lbwapi/Unit;Lbwapi/Game;LFangSM$Role;Lbwapi/Unit;)Z (75 bytes) @ 0x02c48ecc [0x02c48e10+0xbc]
J 171 C1 Formation.FSM(Lbwapi/Unit;LFormation;LFormation$State;LFangSM;LFangAi;Lbwapi/Game;Ljava/util/HashSet;)V (472 bytes) @ 0x02c42f54 [0x02c428f0+0x664]
J 89 C1 FangBot.onFrame()V (711 bytes) @ 0x02c26944 [0x02c257e0+0x1164]
J 124 C1 bwapi.AIModule.onFrame()V (17 bytes) @ 0x02c36704 [0x02c366d0+0x34]
v  ~StubRoutines::call_stub
j  bwapi.Mirror.startGame()V+0
j  FangBot.run()V+15
j  FangBot.main([Ljava/lang/String;)V+7
v  ~StubRoutines::call_stub

---------------  P R O C E S S  ---------------

Java Threads: ( => current thread )
  0x02b1a000 JavaThread "Service Thread" daemon [_thread_blocked, id=13964, stack(0x050b0000,0x05100000)]
  0x02b13000 JavaThread "C1 CompilerThread0" daemon [_thread_blocked, id=16944, stack(0x05020000,0x05070000)]
  0x02b10400 JavaThread "Attach Listener" daemon [_thread_blocked, id=3080, stack(0x04f90000,0x04fe0000)]
  0x02b0e000 JavaThread "Signal Dispatcher" daemon [_thread_blocked, id=10868, stack(0x04f00000,0x04f50000)]
  0x02aa0800 JavaThread "Finalizer" daemon [_thread_blocked, id=9364, stack(0x04e70000,0x04ec0000)]
  0x02a9f000 JavaThread "Reference Handler" daemon [_thread_blocked, id=11752, stack(0x04de0000,0x04e30000)]
=>0x0132c000 JavaThread "main" [_thread_in_vm, id=13232, stack(0x012a0000,0x012f0000)]

Other Threads:
  0x02a9dc00 VMThread [stack: 0x04d50000,0x04da0000] [id=11028]
  0x02b2a000 WatcherThread [stack: 0x05140000,0x05190000] [id=8644]

VM state:not at safepoint (normal execution)

VM Mutex/Monitor currently owned by a thread: None

Heap
 def new generation   total 4928K, used 1493K [0x24800000, 0x24d50000, 0x29d50000)
  eden space 4416K,  33% used [0x24800000, 0x24972630, 0x24c50000)
  from space 512K,   2% used [0x24c50000, 0x24c53198, 0x24cd0000)
  to   space 512K,   0% used [0x24cd0000, 0x24cd0000, 0x24d50000)
 tenured generation   total 10944K, used 283K [0x29d50000, 0x2a800000, 0x34800000)
   the space 10944K,   2% used [0x29d50000, 0x29d96dc8, 0x29d96e00, 0x2a800000)
 compacting perm gen  total 12288K, used 655K [0x34800000, 0x35400000, 0x38800000)
   the space 12288K,   5% used [0x34800000, 0x348a3f80, 0x348a4000, 0x35400000)
    ro space 10240K,  42% used [0x38800000, 0x38c37108, 0x38c37200, 0x39200000)
    rw space 12288K,  52% used [0x39200000, 0x39841738, 0x39841800, 0x39e00000)

Card table byte_map: [0x04c00000,0x04cb0000] byte_map_base: 0x04adc000

Polling page: 0x01000000

Code Cache  [0x02b80000, 0x02c50000, 0x04b80000)
 total_blobs=339 nmethods=201 adapters=75 free_code_cache=31955Kb largest_free_block=32722240

Compilation events (10 events):
Event: 48.321 Thread 0x02b13000  196             bwapi.PositionOrUnit::getUnit (5 bytes)
Event: 48.321 Thread 0x02b13000 nmethod 196 0x02c48b08 code [0x02c48c00, 0x02c48c80]
Event: 48.447 Thread 0x02b13000  197             FangSM::Action (75 bytes)
Event: 48.447 Thread 0x02b13000 nmethod 197 0x02c48cc8 code [0x02c48e10, 0x02c4912c]
Event: 48.447 Thread 0x02b13000  198             FangSM::Kite (163 bytes)
Event: 48.448 Thread 0x02b13000 nmethod 198 0x02c493c8 code [0x02c495b0, 0x02c49aec]
Event: 48.448 Thread 0x02b13000  199             bwapi.PositionOrUnit::<init> (24 bytes)
Event: 48.448 Thread 0x02b13000 nmethod 199 0x02c4a1c8 code [0x02c4a2d0, 0x02c4a3cc]
Event: 49.366 Thread 0x02b13000  201             FangBot::Factory (105 bytes)
Event: 49.367 Thread 0x02b13000 nmethod 201 0x02c4a6c8 code [0x02c4a890, 0x02c4ac98]

GC Heap History (10 events):
Event: 49.426 GC heap before
{Heap before GC invocations=73 (full 0):
 def new generation   total 4928K, used 4426K [0x24800000, 0x24d50000, 0x29d50000)
  eden space 4416K, 100% used [0x24800000, 0x24c50000, 0x24c50000)
  from space 512K,   2% used [0x24cd0000, 0x24cd2960, 0x24d50000)
  to   space 512K,   0% used [0x24c50000, 0x24c50000, 0x24cd0000)
 tenured generation   total 10944K, used 283K [0x29d50000, 0x2a800000, 0x34800000)
   the space 10944K,   2% used [0x29d50000, 0x29d96c78, 0x29d96e00, 0x2a800000)
 compacting perm gen  total 12288K, used 655K [0x34800000, 0x35400000, 0x38800000)
   the space 12288K,   5% used [0x34800000, 0x348a3f80, 0x348a4000, 0x35400000)
    ro space 10240K,  42% used [0x38800000, 0x38c37108, 0x38c37200, 0x39200000)
    rw space 12288K,  52% used [0x39200000, 0x39841738, 0x39841800, 0x39e00000)
Event: 49.426 GC heap after
Heap after GC invocations=74 (full 0):
 def new generation   total 4928K, used 12K [0x24800000, 0x24d50000, 0x29d50000)
  eden space 4416K,   0% used [0x24800000, 0x24800000, 0x24c50000)
  from space 512K,   2% used [0x24c50000, 0x24c53040, 0x24cd0000)
  to   space 512K,   0% used [0x24cd0000, 0x24cd0000, 0x24d50000)
 tenured generation   total 10944K, used 283K [0x29d50000, 0x2a800000, 0x34800000)
   the space 10944K,   2% used [0x29d50000, 0x29d96d58, 0x29d96e00, 0x2a800000)
 compacting perm gen  total 12288K, used 655K [0x34800000, 0x35400000, 0x38800000)
   the space 12288K,   5% used [0x34800000, 0x348a3f80, 0x348a4000, 0x35400000)
    ro space 10240K,  42% used [0x38800000, 0x38c37108, 0x38c37200, 0x39200000)
    rw space 12288K,  52% used [0x39200000, 0x39841738, 0x39841800, 0x39e00000)
}
Event: 49.659 GC heap before
{Heap before GC invocations=74 (full 0):
 def new generation   total 4928K, used 4428K [0x24800000, 0x24d50000, 0x29d50000)
  eden space 4416K, 100% used [0x24800000, 0x24c50000, 0x24c50000)
  from space 512K,   2% used [0x24c50000, 0x24c53040, 0x24cd0000)
  to   space 512K,   0% used [0x24cd0000, 0x24cd0000, 0x24d50000)
 tenured generation   total 10944K, used 283K [0x29d50000, 0x2a800000, 0x34800000)
   the space 10944K,   2% used [0x29d50000, 0x29d96d58, 0x29d96e00, 0x2a800000)
 compacting perm gen  total 12288K, used 655K [0x34800000, 0x35400000, 0x38800000)
   the space 12288K,   5% used [0x34800000, 0x348a3f80, 0x348a4000, 0x35400000)
    ro space 10240K,  42% used [0x38800000, 0x38c37108, 0x38c37200, 0x39200000)
    rw space 12288K,  52% used [0x39200000, 0x39841738, 0x39841800, 0x39e00000)
Event: 49.659 GC heap after
Heap after GC invocations=75 (full 0):
 def new generation   total 4928K, used 11K [0x24800000, 0x24d50000, 0x29d50000)
  eden space 4416K,   0% used [0x24800000, 0x24800000, 0x24c50000)
  from space 512K,   2% used [0x24cd0000, 0x24cd2c08, 0x24d50000)
  to   space 512K,   0% used [0x24c50000, 0x24c50000, 0x24cd0000)
 tenured generation   total 10944K, used 283K [0x29d50000, 0x2a800000, 0x34800000)
   the space 10944K,   2% used [0x29d50000, 0x29d96dc8, 0x29d96e00, 0x2a800000)
 compacting perm gen  total 12288K, used 655K [0x34800000, 0x35400000, 0x38800000)
   the space 12288K,   5% used [0x34800000, 0x348a3f80, 0x348a4000, 0x35400000)
    ro space 10240K,  42% used [0x38800000, 0x38c37108, 0x38c37200, 0x39200000)
    rw space 12288K,  52% used [0x39200000, 0x39841738, 0x39841800, 0x39e00000)
}
Event: 49.898 GC heap before
{Heap before GC invocations=75 (full 0):
 def new generation   total 4928K, used 4427K [0x24800000, 0x24d50000, 0x29d50000)
  eden space 4416K, 100% used [0x24800000, 0x24c50000, 0x24c50000)
  from space 512K,   2% used [0x24cd0000, 0x24cd2c08, 0x24d50000)
  to   space 512K,   0% used [0x24c50000, 0x24c50000, 0x24cd0000)
 tenured generation   total 10944K, used 283K [0x29d50000, 0x2a800000, 0x34800000)
   the space 10944K,   2% used [0x29d50000, 0x29d96dc8, 0x29d96e00, 0x2a800000)
 compacting perm gen  total 12288K, used 655K [0x34800000, 0x35400000, 0x38800000)
   the space 12288K,   5% used [0x34800000, 0x348a3f80, 0x348a4000, 0x35400000)
    ro space 10240K,  42% used [0x38800000, 0x38c37108, 0x38c37200, 0x39200000)
    rw space 12288K,  52% used [0x39200000, 0x39841738, 0x39841800, 0x39e00000)
Event: 49.899 GC heap after
Heap after GC invocations=76 (full 0):
 def new generation   total 4928K, used 11K [0x24800000, 0x24d50000, 0x29d50000)
  eden space 4416K,   0% used [0x24800000, 0x24800000, 0x24c50000)
  from space 512K,   2% used [0x24c50000, 0x24c52d20, 0x24cd0000)
  to   space 512K,   0% used [0x24cd0000, 0x24cd0000, 0x24d50000)
 tenured generation   total 10944K, used 283K [0x29d50000, 0x2a800000, 0x34800000)
   the space 10944K,   2% used [0x29d50000, 0x29d96dc8, 0x29d96e00, 0x2a800000)
 compacting perm gen  total 12288K, used 655K [0x34800000, 0x35400000, 0x38800000)
   the space 12288K,   5% used [0x34800000, 0x348a3f80, 0x348a4000, 0x35400000)
    ro space 10240K,  42% used [0x38800000, 0x38c37108, 0x38c37200, 0x39200000)
    rw space 12288K,  52% used [0x39200000, 0x39841738, 0x39841800, 0x39e00000)
}
Event: 50.159 GC heap before
{Heap before GC invocations=76 (full 0):
 def new generation   total 4928K, used 4427K [0x24800000, 0x24d50000, 0x29d50000)
  eden space 4416K, 100% used [0x24800000, 0x24c50000, 0x24c50000)
  from space 512K,   2% used [0x24c50000, 0x24c52d20, 0x24cd0000)
  to   space 512K,   0% used [0x24cd0000, 0x24cd0000, 0x24d50000)
 tenured generation   total 10944K, used 283K [0x29d50000, 0x2a800000, 0x34800000)
   the space 10944K,   2% used [0x29d50000, 0x29d96dc8, 0x29d96e00, 0x2a800000)
 compacting perm gen  total 12288K, used 655K [0x34800000, 0x35400000, 0x38800000)
   the space 12288K,   5% used [0x34800000, 0x348a3f80, 0x348a4000, 0x35400000)
    ro space 10240K,  42% used [0x38800000, 0x38c37108, 0x38c37200, 0x39200000)
    rw space 12288K,  52% used [0x39200000, 0x39841738, 0x39841800, 0x39e00000)
Event: 50.160 GC heap after
Heap after GC invocations=77 (full 0):
 def new generation   total 4928K, used 11K [0x24800000, 0x24d50000, 0x29d50000)
  eden space 4416K,   0% used [0x24800000, 0x24800000, 0x24c50000)
  from space 512K,   2% used [0x24cd0000, 0x24cd2fe0, 0x24d50000)
  to   space 512K,   0% used [0x24c50000, 0x24c50000, 0x24cd0000)
 tenured generation   total 10944K, used 283K [0x29d50000, 0x2a800000, 0x34800000)
   the space 10944K,   2% used [0x29d50000, 0x29d96dc8, 0x29d96e00, 0x2a800000)
 compacting perm gen  total 12288K, used 655K [0x34800000, 0x35400000, 0x38800000)
   the space 12288K,   5% used [0x34800000, 0x348a3f80, 0x348a4000, 0x35400000)
    ro space 10240K,  42% used [0x38800000, 0x38c37108, 0x38c37200, 0x39200000)
    rw space 12288K,  52% used [0x39200000, 0x39841738, 0x39841800, 0x39e00000)
}
Event: 50.425 GC heap before
{Heap before GC invocations=77 (full 0):
 def new generation   total 4928K, used 4427K [0x24800000, 0x24d50000, 0x29d50000)
  eden space 4416K, 100% used [0x24800000, 0x24c50000, 0x24c50000)
  from space 512K,   2% used [0x24cd0000, 0x24cd2fe0, 0x24d50000)
  to   space 512K,   0% used [0x24c50000, 0x24c50000, 0x24cd0000)
 tenured generation   total 10944K, used 283K [0x29d50000, 0x2a800000, 0x34800000)
   the space 10944K,   2% used [0x29d50000, 0x29d96dc8, 0x29d96e00, 0x2a800000)
 compacting perm gen  total 12288K, used 655K [0x34800000, 0x35400000, 0x38800000)
   the space 12288K,   5% used [0x34800000, 0x348a3f80, 0x348a4000, 0x35400000)
    ro space 10240K,  42% used [0x38800000, 0x38c37108, 0x38c37200, 0x39200000)
    rw space 12288K,  52% used [0x39200000, 0x39841738, 0x39841800, 0x39e00000)
Event: 50.425 GC heap after
Heap after GC invocations=78 (full 0):
 def new generation   total 4928K, used 12K [0x24800000, 0x24d50000, 0x29d50000)
  eden space 4416K,   0% used [0x24800000, 0x24800000, 0x24c50000)
  from space 512K,   2% used [0x24c50000, 0x24c53198, 0x24cd0000)
  to   space 512K,   0% used [0x24cd0000, 0x24cd0000, 0x24d50000)
 tenured generation   total 10944K, used 283K [0x29d50000, 0x2a800000, 0x34800000)
   the space 10944K,   2% used [0x29d50000, 0x29d96dc8, 0x29d96e00, 0x2a800000)
 compacting perm gen  total 12288K, used 655K [0x34800000, 0x35400000, 0x38800000)
   the space 12288K,   5% used [0x34800000, 0x348a3f80, 0x348a4000, 0x35400000)
    ro space 10240K,  42% used [0x38800000, 0x38c37108, 0x38c37200, 0x39200000)
    rw space 12288K,  52% used [0x39200000, 0x39841738, 0x39841800, 0x39e00000)
}

Deoptimization events (0 events):
No events

Internal exceptions (10 events):
Event: 45.490 Thread 0x0132c000 Implicit null exception at 0x02c229a8 to 0x02c22a45
Event: 45.490 Thread 0x0132c000 Threw 0x24950ea0 at C:\re\jdk7u80\2329\hotspot\src\share\vm\runtime\sharedRuntime.cpp:591
Event: 45.503 Thread 0x0132c000 Implicit null exception at 0x02c229a8 to 0x02c22a45
Event: 45.503 Thread 0x0132c000 Threw 0x24952ba0 at C:\re\jdk7u80\2329\hotspot\src\share\vm\runtime\sharedRuntime.cpp:591
Event: 45.504 Thread 0x0132c000 Implicit null exception at 0x02c229a8 to 0x02c22a45
Event: 45.504 Thread 0x0132c000 Threw 0x249548a0 at C:\re\jdk7u80\2329\hotspot\src\share\vm\runtime\sharedRuntime.cpp:591
Event: 45.505 Thread 0x0132c000 Implicit null exception at 0x02c229a8 to 0x02c22a45
Event: 45.505 Thread 0x0132c000 Threw 0x249565a0 at C:\re\jdk7u80\2329\hotspot\src\share\vm\runtime\sharedRuntime.cpp:591
Event: 45.518 Thread 0x0132c000 Implicit null exception at 0x02c229a8 to 0x02c22a45
Event: 45.518 Thread 0x0132c000 Threw 0x249582b0 at C:\re\jdk7u80\2329\hotspot\src\share\vm\runtime\sharedRuntime.cpp:591

Events (10 events):
Event: 49.426 Executing VM operation: GenCollectForAllocation
Event: 49.426 Executing VM operation: GenCollectForAllocation done
Event: 49.659 Executing VM operation: GenCollectForAllocation
Event: 49.659 Executing VM operation: GenCollectForAllocation done
Event: 49.898 Executing VM operation: GenCollectForAllocation
Event: 49.899 Executing VM operation: GenCollectForAllocation done
Event: 50.159 Executing VM operation: GenCollectForAllocation
Event: 50.160 Executing VM operation: GenCollectForAllocation done
Event: 50.425 Executing VM operation: GenCollectForAllocation
Event: 50.425 Executing VM operation: GenCollectForAllocation done


Dynamic libraries:
0x00d10000 - 0x00d3f000 	C:\Program Files (x86)\Java\jre7\bin\javaw.exe
0x76e90000 - 0x7700f000 	C:\WINDOWS\SYSTEM32\ntdll.dll
0x73cb0000 - 0x73d90000 	C:\WINDOWS\System32\KERNEL32.DLL
0x75870000 - 0x75a1e000 	C:\WINDOWS\System32\KERNELBASE.dll
0x73d90000 - 0x73e06000 	C:\WINDOWS\System32\ADVAPI32.dll
0x76590000 - 0x7664d000 	C:\WINDOWS\System32\msvcrt.dll
0x75420000 - 0x75461000 	C:\WINDOWS\System32\sechost.dll
0x76710000 - 0x767cc000 	C:\WINDOWS\System32\RPCRT4.dll
0x73a80000 - 0x73a9e000 	C:\WINDOWS\System32\SspiCli.dll
0x73a70000 - 0x73a7a000 	C:\WINDOWS\System32\CRYPTBASE.dll
0x73ef0000 - 0x73f48000 	C:\WINDOWS\System32\bcryptPrimitives.dll
0x75d50000 - 0x75e9d000 	C:\WINDOWS\System32\USER32.dll
0x76650000 - 0x76666000 	C:\WINDOWS\System32\win32u.dll
0x75300000 - 0x7532a000 	C:\WINDOWS\System32\GDI32.dll
0x75470000 - 0x755c7000 	C:\WINDOWS\System32\gdi32full.dll
0x73420000 - 0x73620000 	C:\WINDOWS\WinSxS\x86_microsoft.windows.common-controls_6595b64144ccf1df_6.0.14946.1000_none_d33ee90ed06d81a5\COMCTL32.dll
0x73aa0000 - 0x73caf000 	C:\WINDOWS\System32\combase.dll
0x75340000 - 0x7541a000 	C:\WINDOWS\System32\ucrtbase.dll
0x755d0000 - 0x755f5000 	C:\WINDOWS\System32\IMM32.DLL
0x77fd0000 - 0x7808f000 	C:\Program Files (x86)\Java\jre7\bin\msvcr100.dll
0x6e410000 - 0x6e79b000 	C:\Program Files (x86)\Java\jre7\bin\client\jvm.dll
0x75780000 - 0x75786000 	C:\WINDOWS\System32\PSAPI.DLL
0x73040000 - 0x73064000 	C:\WINDOWS\SYSTEM32\WINMM.dll
0x73a10000 - 0x73a18000 	C:\WINDOWS\SYSTEM32\WSOCK32.dll
0x75790000 - 0x757f2000 	C:\WINDOWS\System32\WS2_32.dll
0x72ff0000 - 0x73013000 	C:\WINDOWS\SYSTEM32\WINMMBASE.dll
0x76db0000 - 0x76de5000 	C:\WINDOWS\System32\cfgmgr32.dll
0x50fc0000 - 0x50fcc000 	C:\Program Files (x86)\Java\jre7\bin\verify.dll
0x6c550000 - 0x6c571000 	C:\Program Files (x86)\Java\jre7\bin\java.dll
0x6d870000 - 0x6d883000 	C:\Program Files (x86)\Java\jre7\bin\zip.dll
0x0fa00000 - 0x0fc86000 	D:\FangAI\FangAI\bwapi_bridge2_5.dll
0x71b20000 - 0x71b91000 	C:\WINDOWS\SYSTEM32\MSVCP120.dll
0x71a30000 - 0x71b1e000 	C:\WINDOWS\SYSTEM32\MSVCR120.dll
0x6f540000 - 0x6f59e000 	D:\FangAI\FangAI\libmpfr-4.dll
0x6acc0000 - 0x6ad27000 	D:\FangAI\FangAI\libgmp-10.dll
0x6f100000 - 0x6f24b000 	C:\WINDOWS\SYSTEM32\dbghelp.dll

VM Arguments:
jvm_args: -Dfile.encoding=Cp1252 
java_command: FangBot
Launcher Type: SUN_STANDARD

Environment Variables:
PATH=C:/Program Files (x86)/Java/jre1.8.0_111/bin/client;C:/Program Files (x86)/Java/jre1.8.0_111/bin;C:/Program Files (x86)/Java/jre1.8.0_111/lib/i386;C:\ProgramData\Oracle\Java\javapath;C:\Program Files\Haskell\bin;C:\Program Files\Haskell Platform\8.0.1\lib\extralibs\bin;C:\Program Files\Haskell Platform\8.0.1\bin;C:\Windows\system32;C:\Windows;C:\Windows\System32\Wbem;C:\Windows\System32\WindowsPowerShell\v1.0\;C:\Program Files (x86)\NVIDIA Corporation\PhysX\Common;C:\Program Files\Haskell Platform\8.0.1\mingw\bin;C:\Program Files (x86)\Brackets\command;C:\Program Files (x86)\GtkSharp\2.12\bin;C:\WINDOWS\system32;C:\WINDOWS;C:\WINDOWS\System32\Wbem;C:\WINDOWS\System32\WindowsPowerShell\v1.0\;C:\Program Files (x86)\Windows Live\Shared;C:\Program Files (x86)\Windows Kits\8.1\Windows Performance Toolkit\;C:\Program Files (x86)\Skype\Phone\;C:\Users\dkfan\AppData\Roaming\cabal\bin;C:\Users\dkfan\AppData\Roaming\local\bin;C:\Users\dkfan\AppData\Local\Microsoft\WindowsApps;
USERNAME=dkfan
OS=Windows_NT
PROCESSOR_IDENTIFIER=Intel64 Family 6 Model 94 Stepping 3, GenuineIntel



---------------  S Y S T E M  ---------------

OS: Windows 8.1 , 64 bit Build 9600 

CPU:total 8 (4 cores per cpu, 2 threads per core) family 6 model 94 stepping 3, cmov, cx8, fxsr, mmx, sse, sse2, sse3, ssse3, sse4.1, sse4.2, popcnt, avx, avx2, aes, erms, ht, tsc, tscinvbit

Memory: 4k page, physical 16694876k(11057808k free), swap 19185244k(10810860k free)

vm_info: Java HotSpot(TM) Client VM (24.80-b11) for windows-x86 JRE (1.7.0_80-b15), built on Apr 10 2015 13:33:35 by "java_re" with unknown MS VC++:1600

time: Wed Dec 14 15:23:12 2016
elapsed time: 50 seconds

