#
# A fatal error has been detected by the Java Runtime Environment:
#
#  EXCEPTION_ACCESS_VIOLATION (0xc0000005) at pc=0x0f7939ab, pid=21480, tid=25084
#
# JRE version: Java(TM) SE Runtime Environment (7.0_80-b15) (build 1.7.0_80-b15)
# Java VM: Java HotSpot(TM) Client VM (24.80-b11 mixed mode, sharing windows-x86 )
# Problematic frame:
# C  [bwapi_bridge2_5.dll+0x239ab]
#
# Failed to write core dump. Minidumps are not enabled by default on client versions of Windows
#
# If you would like to submit a bug report, please visit:
#   http://bugreport.java.com/bugreport/crash.jsp
# The crash happened outside the Java Virtual Machine in native code.
# See problematic frame for where to report the bug.
#

---------------  T H R E A D  ---------------

Current thread (0x02d0c000):  JavaThread "main" [_thread_in_native, id=25084, stack(0x012a0000,0x012f0000)]

siginfo: ExceptionCode=0xc0000005, reading address 0x00000108

Registers:
EAX=0x00000000, EBX=0x34881090, ECX=0x0144f208, EDX=0x348858a8
ESP=0x012ee1a4, EBP=0x012ee1a8, ESI=0x34881090, EDI=0x02d0c000
EIP=0x0f7939ab, EFLAGS=0x00010287

Top of Stack: (sp=0x012ee1a4)
0x012ee1a4:   00000005 012ee1f4 02e4aabd 02d0c130
0x012ee1b4:   012ee210 0144f208 02d0c000 00000005
0x012ee1c4:   77133b79 00000000 00000101 012ee230
0x012ee1d4:   012ee1d4 00000000 012ee210 348858a8
0x012ee1e4:   00000000 34881090 00000000 012ee204
0x012ee1f4:   012ee234 02e43207 00000000 02e488c9
0x012ee204:   00000005 0144f208 02d0c000 29d508b0
0x012ee214:   012ee214 3487984e 012ee240 348858a8 

Instructions: (pc=0x0f7939ab)
0x0f79398b:   01 00 00 5d c2 10 00 cc cc cc cc cc cc cc cc cc
0x0f79399b:   cc cc cc cc cc 55 8b ec 8b 4d 10 ff 75 18 8b 01
0x0f7939ab:   ff 90 08 01 00 00 5d c2 14 00 cc cc cc cc cc cc
0x0f7939bb:   cc cc cc cc cc 55 8b ec 83 e4 f0 83 ec 78 a1 08 


Register to memory mapping:

EAX=0x00000000 is an unknown value
EBX=0x34881090 is an oop
{method} 
 - klass: {other class}
ECX=0x0144f208 is an unknown value
EDX=0x348858a8 is an oop
{constant pool cache} 
 - klass: {other class}
                 -------------
  0  (0x348858b8)  [b5|b4|    1]
                 [   0x29d546a0]
                 [   0x00000008]
                 [   0x44000001]
                 -------------
  1  (0x348858c8)  [00|00|    2]
                 [   0x00000000]
                 [   0x00000000]
                 [   0x00000000]
                 -------------
  2  (0x348858d8)  [00|00|    3]
                 [   0x00000000]
                 [   0x00000000]
                 [   0x00000000]
                 -------------
  3  (0x348858e8)  [00|00|    4]
                 [   0x00000000]
                 [   0x00000000]
                 [   0x00000000]
                 -------------
  4  (0x348858f8)  [00|00|    5]
                 [   0x00000000]
                 [   0x00000000]
                 [   0x00000000]
                 -------------
  5  (0x34885908)  [00|00|    6]
                 [   0x00000000]
                 [   0x00000000]
                 [   0x00000000]
                 -------------
  6  (0x34885918)  [00|00|    7]
                 [   0x00000000]
                 [   0x00000000]
                 [   0x00000000]
                 -------------
  7  (0x34885928)  [00|00|    8]
                 [   0x00000000]
                 [   0x00000000]
                 [   0x00000000]
                 -------------
  8  (0x34885938)  [00|00|    9]
                 [   0x00000000]
                 [   0x00000000]
                 [   0x00000000]
                 -------------
  9  (0x34885948)  [00|00|   10]
                 [   0x00000000]
                 [   0x00000000]
                 [   0x00000000]
                 -------------
 10  (0x34885958)  [00|00|   11]
                 [   0x00000000]
                 [   0x00000000]
                 [   0x00000000]
                 -------------
 11  (0x34885968)  [00|00|   12]
                 [   0x00000000]
                 [   0x00000000]
                 [   0x00000000]
                 -------------
 12  (0x34885978)  [00|00|   13]
                 [   0x00000000]
                 [   0x00000000]
                 [   0x00000000]
                 -------------
 13  (0x34885988)  [00|00|   14]
                 [   0x00000000]
                 [   0x00000000]
                 [   0x00000000]
                 -------------
 14  (0x34885998)  [00|00|   15]
                 [   0x00000000]
                 [   0x00000000]
                 [   0x00000000]
                 -------------
 15  (0x348859a8)  [00|00|   16]
                 [   0x00000000]
                 [   0x00000000]
                 [   0x00000000]
                 -------------
 16  (0x348859b8)  [00|00|   17]
                 [   0x00000000]
                 [   0x00000000]
                 [   0x00000000]
                 -------------
 17  (0x348859c8)  [00|00|   18]
                 [   0x00000000]
                 [   0x00000000]
                 [   0x00000000]
                 -------------
 18  (0x348859d8)  [00|00|   19]
                 [   0x00000000]
                 [   0x00000000]
                 [   0x00000000]
                 -------------
 19  (0x348859e8)  [00|00|   20]
                 [   0x00000000]
                 [   0x00000000]
                 [   0x00000000]
                 -------------
 20  (0x348859f8)  [00|00|   21]
                 [   0x00000000]
                 [   0x00000000]
                 [   0x00000000]
                 -------------
 21  (0x34885a08)  [00|00|   22]
                 [   0x00000000]
                 [   0x00000000]
                 [   0x00000000]
                 -------------
 22  (0x34885a18)  [00|00|   23]
                 [   0x00000000]
                 [   0x00000000]
                 [   0x00000000]
                 -------------
 23  (0x34885a28)  [00|00|   24]
                 [   0x00000000]
                 [   0x00000000]
                 [   0x00000000]
                 -------------
 24  (0x34885a38)  [00|00|   25]
                 [   0x00000000]
                 [   0x00000000]
                 [   0x00000000]
                 -------------
 25  (0x34885a48)  [00|00|   26]
                 [   0x00000000]
                 [   0x00000000]
                 [   0x00000000]
                 -------------
 26  (0x34885a58)  [00|00|   27]
                 [   0x00000000]
                 [   0x00000000]
                 [   0x00000000]
                 -------------
 27  (0x34885a68)  [00|00|   28]
                 [   0x00000000]
                 [   0x00000000]
                 [   0x00000000]
                 -------------
 28  (0x34885a78)  [00|00|   29]
                 [   0x00000000]
                 [   0x00000000]
                 [   0x00000000]
                 -------------
 29  (0x34885a88)  [00|00|   30]
                 [   0x00000000]
                 [   0x00000000]
                 [   0x00000000]
                 -------------
 30  (0x34885a98)  [00|00|   31]
                 [   0x00000000]
                 [   0x00000000]
                 [   0x00000000]
                 -------------
 31  (0x34885aa8)  [00|00|   32]
                 [   0x00000000]
                 [   0x00000000]
                 [   0x00000000]
                 -------------
 32  (0x34885ab8)  [00|00|   33]
                 [   0x00000000]
                 [   0x00000000]
                 [   0x00000000]
                 -------------
 33  (0x34885ac8)  [00|00|   34]
                 [   0x00000000]
                 [   0x00000000]
                 [   0x00000000]
                 -------------
 34  (0x34885ad8)  [00|00|   35]
                 [   0x00000000]
                 [   0x00000000]
                 [   0x00000000]
                 -------------
 35  (0x34885ae8)  [00|00|   36]
                 [   0x00000000]
                 [   0x00000000]
                 [   0x00000000]
                 -------------
 36  (0x34885af8)  [00|00|   37]
                 [   0x00000000]
                 [   0x00000000]
                 [   0x00000000]
                 -------------
 37  (0x34885b08)  [00|00|   38]
                 [   0x00000000]
                 [   0x00000000]
                 [   0x00000000]
                 -------------
 38  (0x34885b18)  [00|00|   39]
                 [   0x00000000]
                 [   0x00000000]
                 [   0x00000000]
                 -------------
 39  (0x34885b28)  [00|00|   40]
                 [   0x00000000]
                 [   0x00000000]
                 [   0x00000000]
                 -------------
 40  (0x34885b38)  [00|00|   41]
                 [   0x00000000]
                 [   0x00000000]
                 [   0x00000000]
                 -------------
 41  (0x34885b48)  [00|00|   42]
                 [   0x00000000]
                 [   0x00000000]
                 [   0x00000000]
                 -------------
 42  (0x34885b58)  [00|00|   43]
                 [   0x00000000]
                 [   0x00000000]
                 [   0x00000000]
                 -------------
 43  (0x34885b68)  [00|00|   44]
                 [   0x00000000]
                 [   0x00000000]
                 [   0x00000000]
                 -------------
 44  (0x34885b78)  [00|00|   45]
                 [   0x00000000]
                 [   0x00000000]
                 [   0x00000000]
                 -------------
 45  (0x34885b88)  [00|00|   46]
                 [   0x00000000]
                 [   0x00000000]
                 [   0x00000000]
                 -------------
 46  (0x34885b98)  [00|00|   47]
                 [   0x00000000]
                 [   0x00000000]
                 [   0x00000000]
                 -------------
 47  (0x34885ba8)  [00|00|   48]
                 [   0x00000000]
                 [   0x00000000]
                 [   0x00000000]
                 -------------
 48  (0x34885bb8)  [00|00|   49]
                 [   0x00000000]
                 [   0x00000000]
                 [   0x00000000]
                 -------------
 49  (0x34885bc8)  [00|00|   50]
                 [   0x00000000]
                 [   0x00000000]
                 [   0x00000000]
                 -------------
 50  (0x34885bd8)  [00|00|   51]
                 [   0x00000000]
                 [   0x00000000]
                 [   0x00000000]
                 -------------
 51  (0x34885be8)  [00|00|   52]
                 [   0x00000000]
                 [   0x00000000]
                 [   0x00000000]
                 -------------
 52  (0x34885bf8)  [00|00|   53]
                 [   0x00000000]
                 [   0x00000000]
                 [   0x00000000]
                 -------------
 53  (0x34885c08)  [00|00|   54]
                 [   0x00000000]
                 [   0x00000000]
                 [   0x00000000]
                 -------------
 54  (0x34885c18)  [00|00|   55]
                 [   0x00000000]
                 [   0x00000000]
                 [   0x00000000]
                 -------------
 55  (0x34885c28)  [00|00|   56]
                 [   0x00000000]
                 [   0x00000000]
                 [   0x00000000]
                 -------------
 56  (0x34885c38)  [00|00|   57]
                 [   0x00000000]
                 [   0x00000000]
                 [   0x00000000]
                 -------------
 57  (0x34885c48)  [00|00|   58]
                 [   0x00000000]
                 [   0x00000000]
                 [   0x00000000]
                 -------------
 58  (0x34885c58)  [00|00|   59]
                 [   0x00000000]
                 [   0x00000000]
                 [   0x00000000]
                 -------------
 59  (0x34885c68)  [00|00|   60]
                 [   0x00000000]
                 [   0x00000000]
                 [   0x00000000]
                 -------------
 60  (0x34885c78)  [00|00|   61]
                 [   0x00000000]
                 [   0x00000000]
                 [   0x00000000]
                 -------------
 61  (0x34885c88)  [00|00|   62]
                 [   0x00000000]
                 [   0x00000000]
                 [   0x00000000]
                 -------------
 62  (0x34885c98)  [00|00|   63]
                 [   0x00000000]
                 [   0x00000000]
                 [   0x00000000]
                 -------------
 63  (0x34885ca8)  [00|00|   64]
                 [   0x00000000]
                 [   0x00000000]
                 [   0x00000000]
                 -------------
 64  (0x34885cb8)  [00|00|   65]
                 [   0x00000000]
                 [   0x00000000]
                 [   0x00000000]
                 -------------
 65  (0x34885cc8)  [00|00|   66]
                 [   0x00000000]
                 [   0x00000000]
                 [   0x00000000]
                 -------------
 66  (0x34885cd8)  [00|00|   67]
                 [   0x00000000]
                 [   0x00000000]
                 [   0x00000000]
                 -------------
 67  (0x34885ce8)  [00|00|   68]
                 [   0x00000000]
                 [   0x00000000]
                 [   0x00000000]
                 -------------
 68  (0x34885cf8)  [00|00|   69]
                 [   0x00000000]
                 [   0x00000000]
                 [   0x00000000]
                 -------------
 69  (0x34885d08)  [00|00|   70]
                 [   0x00000000]
                 [   0x00000000]
                 [   0x00000000]
                 -------------
 70  (0x34885d18)  [00|00|   71]
                 [   0x00000000]
                 [   0x00000000]
                 [   0x00000000]
                 -------------
 71  (0x34885d28)  [00|00|   72]
                 [   0x00000000]
                 [   0x00000000]
                 [   0x00000000]
                 -------------
 72  (0x34885d38)  [00|00|   73]
                 [   0x00000000]
                 [   0x00000000]
                 [   0x00000000]
                 -------------
 73  (0x34885d48)  [00|00|   74]
                 [   0x00000000]
                 [   0x00000000]
                 [   0x00000000]
                 -------------
 74  (0x34885d58)  [00|00|   75]
                 [   0x00000000]
                 [   0x00000000]
                 [   0x00000000]
                 -------------
 75  (0x34885d68)  [00|00|   76]
                 [   0x00000000]
                 [   0x00000000]
                 [   0x00000000]
                 -------------
 76  (0x34885d78)  [00|00|   77]
                 [   0x00000000]
                 [   0x00000000]
                 [   0x00000000]
                 -------------
 77  (0x34885d88)  [00|00|   78]
                 [   0x00000000]
                 [   0x00000000]
                 [   0x00000000]
                 -------------
 78  (0x34885d98)  [00|00|   79]
                 [   0x00000000]
                 [   0x00000000]
                 [   0x00000000]
                 -------------
 79  (0x34885da8)  [00|00|   80]
                 [   0x00000000]
                 [   0x00000000]
                 [   0x00000000]
                 -------------
 80  (0x34885db8)  [00|00|   81]
                 [   0x00000000]
                 [   0x00000000]
                 [   0x00000000]
                 -------------
 81  (0x34885dc8)  [00|00|   82]
                 [   0x00000000]
                 [   0x00000000]
                 [   0x00000000]
                 -------------
 82  (0x34885dd8)  [00|00|   83]
                 [   0x00000000]
                 [   0x00000000]
                 [   0x00000000]
                 -------------
 83  (0x34885de8)  [00|00|   84]
                 [   0x00000000]
                 [   0x00000000]
                 [   0x00000000]
                 -------------
 84  (0x34885df8)  [00|00|   85]
                 [   0x00000000]
                 [   0x00000000]
                 [   0x00000000]
                 -------------
 85  (0x34885e08)  [00|00|   86]
                 [   0x00000000]
                 [   0x00000000]
                 [   0x00000000]
                 -------------
 86  (0x34885e18)  [00|00|   87]
                 [   0x00000000]
                 [   0x00000000]
                 [   0x00000000]
                 -------------
 87  (0x34885e28)  [00|00|   88]
                 [   0x00000000]
                 [   0x00000000]
                 [   0x00000000]
                 -------------
 88  (0x34885e38)  [00|00|   89]
                 [   0x00000000]
                 [   0x00000000]
                 [   0x00000000]
                 -------------
 89  (0x34885e48)  [00|00|   90]
                 [   0x00000000]
                 [   0x00000000]
                 [   0x00000000]
                 -------------
 90  (0x34885e58)  [00|00|   91]
                 [   0x00000000]
                 [   0x00000000]
                 [   0x00000000]
                 -------------
 91  (0x34885e68)  [00|00|   92]
                 [   0x00000000]
                 [   0x00000000]
                 [   0x00000000]
                 -------------
 92  (0x34885e78)  [00|00|   93]
                 [   0x00000000]
                 [   0x00000000]
                 [   0x00000000]
                 -------------
 93  (0x34885e88)  [00|00|   94]
                 [   0x00000000]
                 [   0x00000000]
                 [   0x00000000]
                 -------------
 94  (0x34885e98)  [00|00|   95]
                 [   0x00000000]
                 [   0x00000000]
                 [   0x00000000]
                 -------------
 95  (0x34885ea8)  [00|00|   96]
                 [   0x00000000]
                 [   0x00000000]
                 [   0x00000000]
                 -------------
 96  (0x34885eb8)  [00|00|   97]
                 [   0x00000000]
                 [   0x00000000]
                 [   0x00000000]
                 -------------
 97  (0x34885ec8)  [00|00|   98]
                 [   0x00000000]
                 [   0x00000000]
                 [   0x00000000]
                 -------------
 98  (0x34885ed8)  [00|b7|   99]
                 [   0x34881090]
                 [   0x00000000]
                 [   0x80000004]
                 -------------
 99  (0x34885ee8)  [00|00|  100]
                 [   0x00000000]
                 [   0x00000000]
                 [   0x00000000]
                 -------------
100  (0x34885ef8)  [00|00|  101]
                 [   0x00000000]
                 [   0x00000000]
                 [   0x00000000]
                 -------------
101  (0x34885f08)  [00|b7|  102]
                 [   0x34881210]
                 [   0x00000000]
                 [   0x70000003]
                 -------------
102  (0x34885f18)  [00|00|  103]
                 [   0x00000000]
                 [   0x00000000]
                 [   0x00000000]
                 -------------
103  (0x34885f28)  [00|b7|  104]
                 [   0x34881310]
                 [   0x00000000]
                 [   0x70000003]
                 -------------
104  (0x34885f38)  [00|00|  105]
                 [   0x00000000]
                 [   0x00000000]
                 [   0x00000000]
                 -------------
105  (0x34885f48)  [00|00|  106]
                 [   0x00000000]
                 [   0x00000000]
                 [   0x00000000]
                 -------------
106  (0x34885f58)  [00|00|  107]
                 [   0x00000000]
                 [   0x00000000]
                 [   0x00000000]
                 -------------
107  (0x34885f68)  [00|00|  108]
                 [   0x00000000]
                 [   0x00000000]
                 [   0x00000000]
                 -------------
108  (0x34885f78)  [00|00|  109]
                 [   0x00000000]
                 [   0x00000000]
                 [   0x00000000]
                 -------------
109  (0x34885f88)  [00|00|  110]
                 [   0x00000000]
                 [   0x00000000]
                 [   0x00000000]
                 -------------
110  (0x34885f98)  [00|00|  111]
                 [   0x00000000]
                 [   0x00000000]
                 [   0x00000000]
                 -------------
111  (0x34885fa8)  [00|00|  112]
                 [   0x00000000]
                 [   0x00000000]
                 [   0x00000000]
                 -------------
112  (0x34885fb8)  [00|00|  113]
                 [   0x00000000]
                 [   0x00000000]
                 [   0x00000000]
                 -------------
113  (0x34885fc8)  [00|00|  114]
                 [   0x00000000]
                 [   0x00000000]
                 [   0x00000000]
                 -------------
114  (0x34885fd8)  [00|00|  115]
                 [   0x00000000]
                 [   0x00000000]
                 [   0x00000000]
                 -------------
115  (0x34885fe8)  [00|00|  116]
                 [   0x00000000]
                 [   0x00000000]
                 [   0x00000000]
                 -------------
116  (0x34885ff8)  [00|00|  117]
                 [   0x00000000]
                 [   0x00000000]
                 [   0x00000000]
                 -------------
117  (0x34886008)  [00|00|  118]
                 [   0x00000000]
                 [   0x00000000]
                 [   0x00000000]
                 -------------
118  (0x34886018)  [00|00|  119]
                 [   0x00000000]
                 [   0x00000000]
                 [   0x00000000]
                 -------------
119  (0x34886028)  [00|00|  120]
                 [   0x00000000]
                 [   0x00000000]
                 [   0x00000000]
                 -------------
120  (0x34886038)  [00|b7|  121]
                 [   0x34881b90]
                 [   0x00000000]
                 [   0x80000006]
                 -------------
121  (0x34886048)  [00|00|  122]
                 [   0x00000000]
                 [   0x00000000]
                 [   0x00000000]
                 -------------
122  (0x34886058)  [00|00|  123]
                 [   0x00000000]
                 [   0x00000000]
                 [   0x00000000]
                 -------------
123  (0x34886068)  [00|00|  124]
                 [   0x00000000]
                 [   0x00000000]
                 [   0x00000000]
                 -------------
124  (0x34886078)  [00|00|  125]
                 [   0x00000000]
                 [   0x00000000]
                 [   0x00000000]
                 -------------
125  (0x34886088)  [00|00|  126]
                 [   0x00000000]
                 [   0x00000000]
                 [   0x00000000]
                 -------------
126  (0x34886098)  [00|00|  127]
                 [   0x00000000]
                 [   0x00000000]
                 [   0x00000000]
                 -------------
127  (0x348860a8)  [00|00|  128]
                 [   0x00000000]
                 [   0x00000000]
                 [   0x00000000]
                 -------------
128  (0x348860b8)  [00|00|  129]
                 [   0x00000000]
                 [   0x00000000]
                 [   0x00000000]
                 -------------
129  (0x348860c8)  [00|00|  130]
                 [   0x00000000]
                 [   0x00000000]
                 [   0x00000000]
                 -------------
130  (0x348860d8)  [00|00|  131]
                 [   0x00000000]
                 [   0x00000000]
                 [   0x00000000]
                 -------------
131  (0x348860e8)  [00|00|  132]
                 [   0x00000000]
                 [   0x00000000]
                 [   0x00000000]
                 -------------
132  (0x348860f8)  [00|00|  133]
                 [   0x00000000]
                 [   0x00000000]
                 [   0x00000000]
                 -------------
133  (0x34886108)  [00|00|  134]
                 [   0x00000000]
                 [   0x00000000]
                 [   0x00000000]
                 -------------
134  (0x34886118)  [00|00|  135]
                 [   0x00000000]
                 [   0x00000000]
                 [   0x00000000]
                 -------------
135  (0x34886128)  [00|00|  136]
                 [   0x00000000]
                 [   0x00000000]
                 [   0x00000000]
                 -------------
136  (0x34886138)  [00|00|  137]
                 [   0x00000000]
                 [   0x00000000]
                 [   0x00000000]
                 -------------
137  (0x34886148)  [00|00|  138]
                 [   0x00000000]
                 [   0x00000000]
                 [   0x00000000]
                 -------------
138  (0x34886158)  [00|00|  139]
                 [   0x00000000]
                 [   0x00000000]
                 [   0x00000000]
                 -------------
139  (0x34886168)  [00|00|  140]
                 [   0x00000000]
                 [   0x00000000]
                 [   0x00000000]
                 -------------
140  (0x34886178)  [00|00|  141]
                 [   0x00000000]
                 [   0x00000000]
                 [   0x00000000]
                 -------------
141  (0x34886188)  [00|00|  142]
                 [   0x00000000]
                 [   0x00000000]
                 [   0x00000000]
                 -------------
142  (0x34886198)  [00|00|  143]
                 [   0x00000000]
                 [   0x00000000]
                 [   0x00000000]
                 -------------
143  (0x348861a8)  [00|00|  144]
                 [   0x00000000]
                 [   0x00000000]
                 [   0x00000000]
                 -------------
144  (0x348861b8)  [00|00|  145]
                 [   0x00000000]
                 [   0x00000000]
                 [   0x00000000]
                 -------------
145  (0x348861c8)  [00|00|  146]
                 [   0x00000000]
                 [   0x00000000]
                 [   0x00000000]
                 -------------
146  (0x348861d8)  [00|00|  147]
                 [   0x00000000]
                 [   0x00000000]
                 [   0x00000000]
                 -------------
147  (0x348861e8)  [00|00|  148]
                 [   0x00000000]
                 [   0x00000000]
                 [   0x00000000]
                 -------------
148  (0x348861f8)  [00|00|  149]
                 [   0x00000000]
                 [   0x00000000]
                 [   0x00000000]
                 -------------
149  (0x34886208)  [00|00|  150]
                 [   0x00000000]
                 [   0x00000000]
                 [   0x00000000]
                 -------------
150  (0x34886218)  [00|00|  151]
                 [   0x00000000]
                 [   0x00000000]
                 [   0x00000000]
                 -------------
151  (0x34886228)  [00|00|  152]
                 [   0x00000000]
                 [   0x00000000]
                 [   0x00000000]
                 -------------
152  (0x34886238)  [00|00|  153]
                 [   0x00000000]
                 [   0x00000000]
                 [   0x00000000]
                 -------------
153  (0x34886248)  [00|00|  154]
                 [   0x00000000]
                 [   0x00000000]
                 [   0x00000000]
                 -------------
154  (0x34886258)  [00|00|  155]
                 [   0x00000000]
                 [   0x00000000]
                 [   0x00000000]
                 -------------
155  (0x34886268)  [00|00|  156]
                 [   0x00000000]
                 [   0x00000000]
                 [   0x00000000]
                 -------------
156  (0x34886278)  [00|00|  157]
                 [   0x00000000]
                 [   0x00000000]
                 [   0x00000000]
                 -------------
157  (0x34886288)  [00|00|  158]
                 [   0x00000000]
                 [   0x00000000]
                 [   0x00000000]
                 -------------
158  (0x34886298)  [00|00|  159]
                 [   0x00000000]
                 [   0x00000000]
                 [   0x00000000]
                 -------------
159  (0x348862a8)  [00|00|  160]
                 [   0x00000000]
                 [   0x00000000]
                 [   0x00000000]
                 -------------
160  (0x348862b8)  [00|00|  161]
                 [   0x00000000]
                 [   0x00000000]
                 [   0x00000000]
                 -------------
161  (0x348862c8)  [00|00|  162]
                 [   0x00000000]
                 [   0x00000000]
                 [   0x00000000]
                 -------------
162  (0x348862d8)  [00|00|  163]
                 [   0x00000000]
                 [   0x00000000]
                 [   0x00000000]
                 -------------
163  (0x348862e8)  [00|00|  164]
                 [   0x00000000]
                 [   0x00000000]
                 [   0x00000000]
                 -------------
164  (0x348862f8)  [00|00|  165]
                 [   0x00000000]
                 [   0x00000000]
                 [   0x00000000]
                 -------------
165  (0x34886308)  [00|00|  166]
                 [   0x00000000]
                 [   0x00000000]
                 [   0x00000000]
                 -------------
166  (0x34886318)  [00|00|  167]
                 [   0x00000000]
                 [   0x00000000]
                 [   0x00000000]
                 -------------
167  (0x34886328)  [00|00|  168]
                 [   0x00000000]
                 [   0x00000000]
                 [   0x00000000]
                 -------------
168  (0x34886338)  [00|00|  169]
                 [   0x00000000]
                 [   0x00000000]
                 [   0x00000000]
                 -------------
169  (0x34886348)  [00|00|  170]
                 [   0x00000000]
                 [   0x00000000]
                 [   0x00000000]
                 -------------
170  (0x34886358)  [00|00|  171]
                 [   0x00000000]
                 [   0x00000000]
                 [   0x00000000]
                 -------------
171  (0x34886368)  [00|00|  172]
                 [   0x00000000]
                 [   0x00000000]
                 [   0x00000000]
                 -------------
172  (0x34886378)  [00|00|  173]
                 [   0x00000000]
                 [   0x00000000]
                 [   0x00000000]
                 -------------
173  (0x34886388)  [00|00|  174]
                 [   0x00000000]
                 [   0x00000000]
                 [   0x00000000]
                 -------------
174  (0x34886398)  [00|00|  175]
                 [   0x00000000]
                 [   0x00000000]
                 [   0x00000000]
                 -------------
175  (0x348863a8)  [00|00|  176]
                 [   0x00000000]
                 [   0x00000000]
                 [   0x00000000]
                 -------------
176  (0x348863b8)  [00|00|  177]
                 [   0x00000000]
                 [   0x00000000]
                 [   0x00000000]
                 -------------
177  (0x348863c8)  [00|00|  178]
                 [   0x00000000]
                 [   0x00000000]
                 [   0x00000000]
                 -------------
178  (0x348863d8)  [00|00|  179]
                 [   0x00000000]
                 [   0x00000000]
                 [   0x00000000]
                 -------------
179  (0x348863e8)  [00|00|  180]
                 [   0x00000000]
                 [   0x00000000]
                 [   0x00000000]
                 -------------
180  (0x348863f8)  [00|00|  181]
                 [   0x00000000]
                 [   0x00000000]
                 [   0x00000000]
                 -------------
181  (0x34886408)  [00|b7|  182]
                 [   0x34883a10]
                 [   0x00000000]
                 [   0x80000006]
                 -------------
182  (0x34886418)  [00|00|  183]
                 [   0x00000000]
                 [   0x00000000]
                 [   0x00000000]
                 -------------
183  (0x34886428)  [00|00|  184]
                 [   0x00000000]
                 [   0x00000000]
                 [   0x00000000]
                 -------------
184  (0x34886438)  [00|00|  185]
                 [   0x00000000]
                 [   0x00000000]
                 [   0x00000000]
                 -------------
185  (0x34886448)  [00|00|  186]
                 [   0x00000000]
                 [   0x00000000]
                 [   0x00000000]
                 -------------
186  (0x34886458)  [00|00|  187]
                 [   0x00000000]
                 [   0x00000000]
                 [   0x00000000]
                 -------------
187  (0x34886468)  [00|00|  188]
                 [   0x00000000]
                 [   0x00000000]
                 [   0x00000000]
                 -------------
188  (0x34886478)  [00|00|  189]
                 [   0x00000000]
                 [   0x00000000]
                 [   0x00000000]
                 -------------
189  (0x34886488)  [00|00|  190]
                 [   0x00000000]
                 [   0x00000000]
                 [   0x00000000]
                 -------------
190  (0x34886498)  [00|00|  191]
                 [   0x00000000]
                 [   0x00000000]
                 [   0x00000000]
                 -------------
191  (0x348864a8)  [00|00|  192]
                 [   0x00000000]
                 [   0x00000000]
                 [   0x00000000]
                 -------------
192  (0x348864b8)  [00|00|  193]
                 [   0x00000000]
                 [   0x00000000]
                 [   0x00000000]
                 -------------
193  (0x348864c8)  [00|00|  194]
                 [   0x00000000]
                 [   0x00000000]
                 [   0x00000000]
                 -------------
194  (0x348864d8)  [00|00|  195]
                 [   0x00000000]
                 [   0x00000000]
                 [   0x00000000]
                 -------------
195  (0x348864e8)  [00|00|  196]
                 [   0x00000000]
                 [   0x00000000]
                 [   0x00000000]
                 -------------
196  (0x348864f8)  [00|00|  197]
                 [   0x00000000]
                 [   0x00000000]
                 [   0x00000000]
                 -------------
197  (0x34886508)  [00|00|  198]
                 [   0x00000000]
                 [   0x00000000]
                 [   0x00000000]
                 -------------
198  (0x34886518)  [00|00|  199]
                 [   0x00000000]
                 [   0x00000000]
                 [   0x00000000]
                 -------------
199  (0x34886528)  [00|00|  200]
                 [   0x00000000]
                 [   0x00000000]
                 [   0x00000000]
                 -------------
200  (0x34886538)  [00|00|  201]
                 [   0x00000000]
                 [   0x00000000]
                 [   0x00000000]
                 -------------
201  (0x34886548)  [00|00|  202]
                 [   0x00000000]
                 [   0x00000000]
                 [   0x00000000]
                 -------------
202  (0x34886558)  [00|00|  203]
                 [   0x00000000]
                 [   0x00000000]
                 [   0x00000000]
                 -------------
203  (0x34886568)  [00|00|  204]
                 [   0x00000000]
                 [   0x00000000]
                 [   0x00000000]
                 -------------
204  (0x34886578)  [00|00|  205]
                 [   0x00000000]
                 [   0x00000000]
                 [   0x00000000]
                 -------------
205  (0x34886588)  [00|00|  206]
                 [   0x00000000]
                 [   0x00000000]
                 [   0x00000000]
                 -------------
206  (0x34886598)  [00|00|  207]
                 [   0x00000000]
                 [   0x00000000]
                 [   0x00000000]
                 -------------
207  (0x348865a8)  [00|00|  208]
                 [   0x00000000]
                 [   0x00000000]
                 [   0x00000000]
                 -------------
208  (0x348865b8)  [00|00|  209]
                 [   0x00000000]
                 [   0x00000000]
                 [   0x00000000]
                 -------------
209  (0x348865c8)  [00|00|  210]
                 [   0x00000000]
                 [   0x00000000]
                 [   0x00000000]
                 -------------
210  (0x348865d8)  [00|00|  211]
                 [   0x00000000]
                 [   0x00000000]
                 [   0x00000000]
                 -------------
211  (0x348865e8)  [00|00|  212]
                 [   0x00000000]
                 [   0x00000000]
                 [   0x00000000]
                 -------------
212  (0x348865f8)  [00|00|  213]
                 [   0x00000000]
                 [   0x00000000]
                 [   0x00000000]
                 -------------
213  (0x34886608)  [00|00|  214]
                 [   0x00000000]
                 [   0x00000000]
                 [   0x00000000]
                 -------------
214  (0x34886618)  [00|00|  215]
                 [   0x00000000]
                 [   0x00000000]
                 [   0x00000000]
                 -------------
215  (0x34886628)  [00|00|  216]
                 [   0x00000000]
                 [   0x00000000]
                 [   0x00000000]
                 -------------
216  (0x34886638)  [00|00|  217]
                 [   0x00000000]
                 [   0x00000000]
                 [   0x00000000]
                 -------------
217  (0x34886648)  [00|00|  218]
                 [   0x00000000]
                 [   0x00000000]
                 [   0x00000000]
                 -------------
218  (0x34886658)  [00|00|  219]
                 [   0x00000000]
                 [   0x00000000]
                 [   0x00000000]
                 -------------
219  (0x34886668)  [00|00|  220]
                 [   0x00000000]
                 [   0x00000000]
                 [   0x00000000]
                 -------------
220  (0x34886678)  [00|00|  221]
                 [   0x00000000]
                 [   0x00000000]
                 [   0x00000000]
                 -------------
221  (0x34886688)  [00|00|  222]
                 [   0x00000000]
                 [   0x00000000]
                 [   0x00000000]
                 -------------
222  (0x34886698)  [00|00|  223]
                 [   0x00000000]
                 [   0x00000000]
                 [   0x00000000]
                 -------------
223  (0x348866a8)  [00|00|  224]
                 [   0x00000000]
                 [   0x00000000]
                 [   0x00000000]
                 -------------
224  (0x348866b8)  [00|00|  225]
                 [   0x00000000]
                 [   0x00000000]
                 [   0x00000000]
                 -------------
225  (0x348866c8)  [00|b7|  226]
                 [   0x39200528]
                 [   0x00000000]
                 [   0x80000001]
                 -------------
226  (0x348866d8)  [b3|b2|  227]
                 [   0x29d546a0]
                 [   0x00000058]
                 [   0x74000000]
                 -------------
227  (0x348866e8)  [00|b8|  228]
                 [   0x3923b338]
                 [   0x00000000]
                 [   0x70400002]
                 -------------
228  (0x348866f8)  [00|b9|  229]
                 [   0x3921aa40]
                 [   0x00000002]
                 [   0x70000002]
                 -------------
229  (0x34886708)  [00|b7|  231]
                 [   0x3487dec8]
                 [   0x00000000]
                 [   0x80000003]
                 -------------
230  (0x34886718)  [00|b9|  232]
                 [   0x3921aa40]
                 [   0x00000006]
                 [   0x70000003]
                 -------------
231  (0x34886728)  [00|b7|  234]
                 [   0x39241b88]
                 [   0x00000000]
                 [   0x80000001]
                 -------------
ESP=0x012ee1a4 is pointing into the stack for thread: 0x02d0c000
EBP=0x012ee1a8 is pointing into the stack for thread: 0x02d0c000
ESI=0x34881090 is an oop
{method} 
 - klass: {other class}
EDI=0x02d0c000 is a thread


Stack: [0x012a0000,0x012f0000],  sp=0x012ee1a4,  free space=312k
Native frames: (J=compiled Java code, j=interpreted, Vv=VM code, C=native code)
C  [bwapi_bridge2_5.dll+0x239ab]
j  bwapi.Game.setLocalSpeed_native(JI)V+0
j  bwapi.Game.setLocalSpeed(I)V+6
j  FangBot.onStart()V+16
j  bwapi.AIModule.onStart()V+11
v  ~StubRoutines::call_stub
V  [jvm.dll+0x1429aa]
V  [jvm.dll+0x20743e]
V  [jvm.dll+0x142a2d]
V  [jvm.dll+0xcb7b2]
V  [jvm.dll+0xcf403]
C  [bwapi_bridge2_5.dll+0x1b20d]
C  [bwapi_bridge2_5.dll+0x750d3]
j  bwapi.Mirror.startGame()V+0
j  FangBot.run()V+15
j  FangBot.main([Ljava/lang/String;)V+7
v  ~StubRoutines::call_stub
V  [jvm.dll+0x1429aa]
V  [jvm.dll+0x20743e]
V  [jvm.dll+0x142a2d]
V  [jvm.dll+0xcb535]
V  [jvm.dll+0xd61d7]
C  [javaw.exe+0x2070]
C  [javaw.exe+0xa6d1]
C  [javaw.exe+0xa75b]
C  [KERNEL32.DLL+0x16394]
C  [ntdll.dll+0x604bb]
C  [ntdll.dll+0x6048b]

Java frames: (J=compiled Java code, j=interpreted, Vv=VM code)
j  bwapi.Game.setLocalSpeed_native(JI)V+0
j  bwapi.Game.setLocalSpeed(I)V+6
j  FangBot.onStart()V+16
j  bwapi.AIModule.onStart()V+11
v  ~StubRoutines::call_stub
j  bwapi.Mirror.startGame()V+0
j  FangBot.run()V+15
j  FangBot.main([Ljava/lang/String;)V+7
v  ~StubRoutines::call_stub

---------------  P R O C E S S  ---------------

Java Threads: ( => current thread )
  0x02dda000 JavaThread "Service Thread" daemon [_thread_blocked, id=20620, stack(0x05240000,0x05290000)]
  0x02dd2800 JavaThread "C1 CompilerThread0" daemon [_thread_blocked, id=24604, stack(0x051b0000,0x05200000)]
  0x02dd1400 JavaThread "Attach Listener" daemon [_thread_blocked, id=23728, stack(0x05120000,0x05170000)]
  0x02dcf000 JavaThread "Signal Dispatcher" daemon [_thread_blocked, id=20500, stack(0x05090000,0x050e0000)]
  0x02d61000 JavaThread "Finalizer" daemon [_thread_blocked, id=21144, stack(0x05000000,0x05050000)]
  0x02d5f800 JavaThread "Reference Handler" daemon [_thread_blocked, id=15308, stack(0x04f70000,0x04fc0000)]
=>0x02d0c000 JavaThread "main" [_thread_in_native, id=25084, stack(0x012a0000,0x012f0000)]

Other Threads:
  0x02d5d800 VMThread [stack: 0x04ee0000,0x04f30000] [id=6440]
  0x02de7000 WatcherThread [stack: 0x052d0000,0x05320000] [id=24888]

VM state:not at safepoint (normal execution)

VM Mutex/Monitor currently owned by a thread: None

Heap
 def new generation   total 4928K, used 459K [0x24800000, 0x24d50000, 0x29d50000)
  eden space 4416K,  10% used [0x24800000, 0x24872858, 0x24c50000)
  from space 512K,   0% used [0x24c50000, 0x24c50490, 0x24cd0000)
  to   space 512K,   0% used [0x24cd0000, 0x24cd0000, 0x24d50000)
 tenured generation   total 10944K, used 247K [0x29d50000, 0x2a800000, 0x34800000)
   the space 10944K,   2% used [0x29d50000, 0x29d8de68, 0x29d8e000, 0x2a800000)
 compacting perm gen  total 12288K, used 587K [0x34800000, 0x35400000, 0x38800000)
   the space 12288K,   4% used [0x34800000, 0x34892f18, 0x34893000, 0x35400000)
    ro space 10240K,  42% used [0x38800000, 0x38c37108, 0x38c37200, 0x39200000)
    rw space 12288K,  52% used [0x39200000, 0x39841738, 0x39841800, 0x39e00000)

Card table byte_map: [0x02c10000,0x02cc0000] byte_map_base: 0x02aec000

Polling page: 0x01310000

Code Cache  [0x02e40000, 0x02ef0000, 0x04e40000)
 total_blobs=230 nmethods=93 adapters=74 free_code_cache=32089Kb largest_free_block=32860032

Compilation events (10 events):
Event: 12.241 Thread 0x02dd2800   89             bwapi.AIModule::onFrame (17 bytes)
Event: 12.241 Thread 0x02dd2800 nmethod 89 0x02ee8948 code [0x02ee8a50, 0x02ee8aec]
Event: 12.241 Thread 0x02dd2800   90             java.lang.NullPointerException::<init> (5 bytes)
Event: 12.241 Thread 0x02dd2800 nmethod 90 0x02ee8b48 code [0x02ee8c40, 0x02ee8ccc]
Event: 12.241 Thread 0x02dd2800   91             java.lang.RuntimeException::<init> (5 bytes)
Event: 12.241 Thread 0x02dd2800 nmethod 91 0x02ee8d48 code [0x02ee8e50, 0x02ee8f1c]
Event: 12.241 Thread 0x02dd2800   92             java.lang.Exception::<init> (5 bytes)
Event: 12.241 Thread 0x02dd2800 nmethod 92 0x02ee8fc8 code [0x02ee90d0, 0x02ee934c]
Event: 12.241 Thread 0x02dd2800   93             java.lang.Throwable::<init> (29 bytes)
Event: 12.241 Thread 0x02dd2800 nmethod 93 0x02ee9448 code [0x02ee9550, 0x02ee97cc]

GC Heap History (10 events):
Event: 49.396 GC heap before
{Heap before GC invocations=5 (full 0):
 def new generation   total 4928K, used 4416K [0x24800000, 0x24d50000, 0x29d50000)
  eden space 4416K, 100% used [0x24800000, 0x24c50000, 0x24c50000)
  from space 512K,   0% used [0x24cd0000, 0x24cd0378, 0x24d50000)
  to   space 512K,   0% used [0x24c50000, 0x24c50000, 0x24cd0000)
 tenured generation   total 10944K, used 247K [0x29d50000, 0x2a800000, 0x34800000)
   the space 10944K,   2% used [0x29d50000, 0x29d8de68, 0x29d8e000, 0x2a800000)
 compacting perm gen  total 12288K, used 587K [0x34800000, 0x35400000, 0x38800000)
   the space 12288K,   4% used [0x34800000, 0x34892f08, 0x34893000, 0x35400000)
    ro space 10240K,  42% used [0x38800000, 0x38c37108, 0x38c37200, 0x39200000)
    rw space 12288K,  52% used [0x39200000, 0x39841738, 0x39841800, 0x39e00000)
Event: 49.396 GC heap after
Heap after GC invocations=6 (full 0):
 def new generation   total 4928K, used 0K [0x24800000, 0x24d50000, 0x29d50000)
  eden space 4416K,   0% used [0x24800000, 0x24800000, 0x24c50000)
  from space 512K,   0% used [0x24c50000, 0x24c50328, 0x24cd0000)
  to   space 512K,   0% used [0x24cd0000, 0x24cd0000, 0x24d50000)
 tenured generation   total 10944K, used 247K [0x29d50000, 0x2a800000, 0x34800000)
   the space 10944K,   2% used [0x29d50000, 0x29d8de68, 0x29d8e000, 0x2a800000)
 compacting perm gen  total 12288K, used 587K [0x34800000, 0x35400000, 0x38800000)
   the space 12288K,   4% used [0x34800000, 0x34892f08, 0x34893000, 0x35400000)
    ro space 10240K,  42% used [0x38800000, 0x38c37108, 0x38c37200, 0x39200000)
    rw space 12288K,  52% used [0x39200000, 0x39841738, 0x39841800, 0x39e00000)
}
Event: 57.242 GC heap before
{Heap before GC invocations=6 (full 0):
 def new generation   total 4928K, used 4416K [0x24800000, 0x24d50000, 0x29d50000)
  eden space 4416K, 100% used [0x24800000, 0x24c50000, 0x24c50000)
  from space 512K,   0% used [0x24c50000, 0x24c50328, 0x24cd0000)
  to   space 512K,   0% used [0x24cd0000, 0x24cd0000, 0x24d50000)
 tenured generation   total 10944K, used 247K [0x29d50000, 0x2a800000, 0x34800000)
   the space 10944K,   2% used [0x29d50000, 0x29d8de68, 0x29d8e000, 0x2a800000)
 compacting perm gen  total 12288K, used 587K [0x34800000, 0x35400000, 0x38800000)
   the space 12288K,   4% used [0x34800000, 0x34892f08, 0x34893000, 0x35400000)
    ro space 10240K,  42% used [0x38800000, 0x38c37108, 0x38c37200, 0x39200000)
    rw space 12288K,  52% used [0x39200000, 0x39841738, 0x39841800, 0x39e00000)
Event: 57.242 GC heap after
Heap after GC invocations=7 (full 0):
 def new generation   total 4928K, used 0K [0x24800000, 0x24d50000, 0x29d50000)
  eden space 4416K,   0% used [0x24800000, 0x24800000, 0x24c50000)
  from space 512K,   0% used [0x24cd0000, 0x24cd03b0, 0x24d50000)
  to   space 512K,   0% used [0x24c50000, 0x24c50000, 0x24cd0000)
 tenured generation   total 10944K, used 247K [0x29d50000, 0x2a800000, 0x34800000)
   the space 10944K,   2% used [0x29d50000, 0x29d8de68, 0x29d8e000, 0x2a800000)
 compacting perm gen  total 12288K, used 587K [0x34800000, 0x35400000, 0x38800000)
   the space 12288K,   4% used [0x34800000, 0x34892f08, 0x34893000, 0x35400000)
    ro space 10240K,  42% used [0x38800000, 0x38c37108, 0x38c37200, 0x39200000)
    rw space 12288K,  52% used [0x39200000, 0x39841738, 0x39841800, 0x39e00000)
}
Event: 65.118 GC heap before
{Heap before GC invocations=7 (full 0):
 def new generation   total 4928K, used 4416K [0x24800000, 0x24d50000, 0x29d50000)
  eden space 4416K, 100% used [0x24800000, 0x24c50000, 0x24c50000)
  from space 512K,   0% used [0x24cd0000, 0x24cd03b0, 0x24d50000)
  to   space 512K,   0% used [0x24c50000, 0x24c50000, 0x24cd0000)
 tenured generation   total 10944K, used 247K [0x29d50000, 0x2a800000, 0x34800000)
   the space 10944K,   2% used [0x29d50000, 0x29d8de68, 0x29d8e000, 0x2a800000)
 compacting perm gen  total 12288K, used 587K [0x34800000, 0x35400000, 0x38800000)
   the space 12288K,   4% used [0x34800000, 0x34892f08, 0x34893000, 0x35400000)
    ro space 10240K,  42% used [0x38800000, 0x38c37108, 0x38c37200, 0x39200000)
    rw space 12288K,  52% used [0x39200000, 0x39841738, 0x39841800, 0x39e00000)
Event: 65.118 GC heap after
Heap after GC invocations=8 (full 0):
 def new generation   total 4928K, used 0K [0x24800000, 0x24d50000, 0x29d50000)
  eden space 4416K,   0% used [0x24800000, 0x24800000, 0x24c50000)
  from space 512K,   0% used [0x24c50000, 0x24c50388, 0x24cd0000)
  to   space 512K,   0% used [0x24cd0000, 0x24cd0000, 0x24d50000)
 tenured generation   total 10944K, used 247K [0x29d50000, 0x2a800000, 0x34800000)
   the space 10944K,   2% used [0x29d50000, 0x29d8de68, 0x29d8e000, 0x2a800000)
 compacting perm gen  total 12288K, used 587K [0x34800000, 0x35400000, 0x38800000)
   the space 12288K,   4% used [0x34800000, 0x34892f08, 0x34893000, 0x35400000)
    ro space 10240K,  42% used [0x38800000, 0x38c37108, 0x38c37200, 0x39200000)
    rw space 12288K,  52% used [0x39200000, 0x39841738, 0x39841800, 0x39e00000)
}
Event: 72.976 GC heap before
{Heap before GC invocations=8 (full 0):
 def new generation   total 4928K, used 4416K [0x24800000, 0x24d50000, 0x29d50000)
  eden space 4416K, 100% used [0x24800000, 0x24c50000, 0x24c50000)
  from space 512K,   0% used [0x24c50000, 0x24c50388, 0x24cd0000)
  to   space 512K,   0% used [0x24cd0000, 0x24cd0000, 0x24d50000)
 tenured generation   total 10944K, used 247K [0x29d50000, 0x2a800000, 0x34800000)
   the space 10944K,   2% used [0x29d50000, 0x29d8de68, 0x29d8e000, 0x2a800000)
 compacting perm gen  total 12288K, used 587K [0x34800000, 0x35400000, 0x38800000)
   the space 12288K,   4% used [0x34800000, 0x34892f08, 0x34893000, 0x35400000)
    ro space 10240K,  42% used [0x38800000, 0x38c37108, 0x38c37200, 0x39200000)
    rw space 12288K,  52% used [0x39200000, 0x39841738, 0x39841800, 0x39e00000)
Event: 72.976 GC heap after
Heap after GC invocations=9 (full 0):
 def new generation   total 4928K, used 0K [0x24800000, 0x24d50000, 0x29d50000)
  eden space 4416K,   0% used [0x24800000, 0x24800000, 0x24c50000)
  from space 512K,   0% used [0x24cd0000, 0x24cd03b0, 0x24d50000)
  to   space 512K,   0% used [0x24c50000, 0x24c50000, 0x24cd0000)
 tenured generation   total 10944K, used 247K [0x29d50000, 0x2a800000, 0x34800000)
   the space 10944K,   2% used [0x29d50000, 0x29d8de68, 0x29d8e000, 0x2a800000)
 compacting perm gen  total 12288K, used 587K [0x34800000, 0x35400000, 0x38800000)
   the space 12288K,   4% used [0x34800000, 0x34892f08, 0x34893000, 0x35400000)
    ro space 10240K,  42% used [0x38800000, 0x38c37108, 0x38c37200, 0x39200000)
    rw space 12288K,  52% used [0x39200000, 0x39841738, 0x39841800, 0x39e00000)
}
Event: 80.849 GC heap before
{Heap before GC invocations=9 (full 0):
 def new generation   total 4928K, used 4416K [0x24800000, 0x24d50000, 0x29d50000)
  eden space 4416K, 100% used [0x24800000, 0x24c50000, 0x24c50000)
  from space 512K,   0% used [0x24cd0000, 0x24cd03b0, 0x24d50000)
  to   space 512K,   0% used [0x24c50000, 0x24c50000, 0x24cd0000)
 tenured generation   total 10944K, used 247K [0x29d50000, 0x2a800000, 0x34800000)
   the space 10944K,   2% used [0x29d50000, 0x29d8de68, 0x29d8e000, 0x2a800000)
 compacting perm gen  total 12288K, used 587K [0x34800000, 0x35400000, 0x38800000)
   the space 12288K,   4% used [0x34800000, 0x34892f18, 0x34893000, 0x35400000)
    ro space 10240K,  42% used [0x38800000, 0x38c37108, 0x38c37200, 0x39200000)
    rw space 12288K,  52% used [0x39200000, 0x39841738, 0x39841800, 0x39e00000)
Event: 80.850 GC heap after
Heap after GC invocations=10 (full 0):
 def new generation   total 4928K, used 1K [0x24800000, 0x24d50000, 0x29d50000)
  eden space 4416K,   0% used [0x24800000, 0x24800000, 0x24c50000)
  from space 512K,   0% used [0x24c50000, 0x24c50490, 0x24cd0000)
  to   space 512K,   0% used [0x24cd0000, 0x24cd0000, 0x24d50000)
 tenured generation   total 10944K, used 247K [0x29d50000, 0x2a800000, 0x34800000)
   the space 10944K,   2% used [0x29d50000, 0x29d8de68, 0x29d8e000, 0x2a800000)
 compacting perm gen  total 12288K, used 587K [0x34800000, 0x35400000, 0x38800000)
   the space 12288K,   4% used [0x34800000, 0x34892f18, 0x34893000, 0x35400000)
    ro space 10240K,  42% used [0x38800000, 0x38c37108, 0x38c37200, 0x39200000)
    rw space 12288K,  52% used [0x39200000, 0x39841738, 0x39841800, 0x39e00000)
}

Deoptimization events (0 events):
No events

Internal exceptions (10 events):
Event: 82.162 Thread 0x02d0c000 Implicit null exception at 0x02ee3c50 to 0x02ee4426
Event: 82.162 Thread 0x02d0c000 Threw 0x24868f18 at C:\re\jdk7u80\2329\hotspot\src\share\vm\runtime\sharedRuntime.cpp:591
Event: 82.163 Thread 0x02d0c000 Implicit null exception at 0x02ee3c50 to 0x02ee4426
Event: 82.163 Thread 0x02d0c000 Threw 0x24869300 at C:\re\jdk7u80\2329\hotspot\src\share\vm\runtime\sharedRuntime.cpp:591
Event: 82.164 Thread 0x02d0c000 Implicit null exception at 0x02ee3c50 to 0x02ee4426
Event: 82.164 Thread 0x02d0c000 Threw 0x248696e8 at C:\re\jdk7u80\2329\hotspot\src\share\vm\runtime\sharedRuntime.cpp:591
Event: 82.178 Thread 0x02d0c000 Implicit null exception at 0x02ee3c50 to 0x02ee4426
Event: 82.178 Thread 0x02d0c000 Threw 0x24869ad0 at C:\re\jdk7u80\2329\hotspot\src\share\vm\runtime\sharedRuntime.cpp:591
Event: 82.179 Thread 0x02d0c000 Implicit null exception at 0x02ee3c50 to 0x02ee4426
Event: 82.179 Thread 0x02d0c000 Threw 0x24869eb8 at C:\re\jdk7u80\2329\hotspot\src\share\vm\runtime\sharedRuntime.cpp:591

Events (10 events):
Event: 49.396 Executing VM operation: GenCollectForAllocation
Event: 49.396 Executing VM operation: GenCollectForAllocation done
Event: 57.242 Executing VM operation: GenCollectForAllocation
Event: 57.242 Executing VM operation: GenCollectForAllocation done
Event: 65.118 Executing VM operation: GenCollectForAllocation
Event: 65.118 Executing VM operation: GenCollectForAllocation done
Event: 72.976 Executing VM operation: GenCollectForAllocation
Event: 72.976 Executing VM operation: GenCollectForAllocation done
Event: 80.849 Executing VM operation: GenCollectForAllocation
Event: 80.850 Executing VM operation: GenCollectForAllocation done


Dynamic libraries:
0x011d0000 - 0x011ff000 	C:\Program Files (x86)\Java\jre7\bin\javaw.exe
0x770e0000 - 0x7725f000 	C:\WINDOWS\SYSTEM32\ntdll.dll
0x73da0000 - 0x73e80000 	C:\WINDOWS\System32\KERNEL32.DLL
0x76ba0000 - 0x76d4e000 	C:\WINDOWS\System32\KERNELBASE.dll
0x762a0000 - 0x76316000 	C:\WINDOWS\System32\ADVAPI32.dll
0x76080000 - 0x7613d000 	C:\WINDOWS\System32\msvcrt.dll
0x76250000 - 0x76291000 	C:\WINDOWS\System32\sechost.dll
0x75b60000 - 0x75c1c000 	C:\WINDOWS\System32\RPCRT4.dll
0x73be0000 - 0x73bfe000 	C:\WINDOWS\System32\SspiCli.dll
0x73bd0000 - 0x73bda000 	C:\WINDOWS\System32\CRYPTBASE.dll
0x76140000 - 0x76198000 	C:\WINDOWS\System32\bcryptPrimitives.dll
0x76a50000 - 0x76b9d000 	C:\WINDOWS\System32\USER32.dll
0x76060000 - 0x76076000 	C:\WINDOWS\System32\win32u.dll
0x73c00000 - 0x73c2a000 	C:\WINDOWS\System32\GDI32.dll
0x75c20000 - 0x75d77000 	C:\WINDOWS\System32\gdi32full.dll
0x737c0000 - 0x739c0000 	C:\WINDOWS\WinSxS\x86_microsoft.windows.common-controls_6595b64144ccf1df_6.0.14946.1000_none_d33ee90ed06d81a5\COMCTL32.dll
0x75900000 - 0x75b0f000 	C:\WINDOWS\System32\combase.dll
0x76d50000 - 0x76e2a000 	C:\WINDOWS\System32\ucrtbase.dll
0x76f60000 - 0x76f85000 	C:\WINDOWS\System32\IMM32.DLL
0x6e3d0000 - 0x6e48f000 	C:\Program Files (x86)\Java\jre7\bin\msvcr100.dll
0x6dec0000 - 0x6e24b000 	C:\Program Files (x86)\Java\jre7\bin\client\jvm.dll
0x76050000 - 0x76056000 	C:\WINDOWS\System32\PSAPI.DLL
0x734b0000 - 0x734d4000 	C:\WINDOWS\SYSTEM32\WINMM.dll
0x73500000 - 0x73508000 	C:\WINDOWS\SYSTEM32\WSOCK32.dll
0x73c40000 - 0x73ca2000 	C:\WINDOWS\System32\WS2_32.dll
0x73480000 - 0x734a3000 	C:\WINDOWS\SYSTEM32\WINMMBASE.dll
0x763c0000 - 0x763f5000 	C:\WINDOWS\System32\cfgmgr32.dll
0x70b30000 - 0x70b3c000 	C:\Program Files (x86)\Java\jre7\bin\verify.dll
0x6eaa0000 - 0x6eac1000 	C:\Program Files (x86)\Java\jre7\bin\java.dll
0x6fcf0000 - 0x6fd03000 	C:\Program Files (x86)\Java\jre7\bin\zip.dll
0x0f770000 - 0x0f9f6000 	C:\Users\dkfan\Desktop\ExampleBot\bwapi_bridge2_5.dll
0x6bbf0000 - 0x6bc61000 	C:\WINDOWS\SYSTEM32\MSVCP120.dll
0x6bc70000 - 0x6bd5e000 	C:\WINDOWS\SYSTEM32\MSVCR120.dll
0x6f540000 - 0x6f59e000 	C:\Users\dkfan\Desktop\ExampleBot\libmpfr-4.dll
0x6acc0000 - 0x6ad27000 	C:\Users\dkfan\Desktop\ExampleBot\libgmp-10.dll
0x71480000 - 0x715cb000 	C:\WINDOWS\SYSTEM32\dbghelp.dll

VM Arguments:
jvm_args: -Dfile.encoding=Cp1252 
java_command: FangBot
Launcher Type: SUN_STANDARD

Environment Variables:
PATH=C:/Program Files (x86)/Java/jre1.8.0_111/bin/client;C:/Program Files (x86)/Java/jre1.8.0_111/bin;C:/Program Files (x86)/Java/jre1.8.0_111/lib/i386;C:\ProgramData\Oracle\Java\javapath;C:\Program Files\Haskell\bin;C:\Program Files\Haskell Platform\8.0.1\lib\extralibs\bin;C:\Program Files\Haskell Platform\8.0.1\bin;C:\Windows\system32;C:\Windows;C:\Windows\System32\Wbem;C:\Windows\System32\WindowsPowerShell\v1.0\;C:\Program Files (x86)\NVIDIA Corporation\PhysX\Common;C:\Program Files\Haskell Platform\8.0.1\mingw\bin;C:\Program Files (x86)\Brackets\command;C:\Program Files (x86)\GtkSharp\2.12\bin;C:\WINDOWS\system32;C:\WINDOWS;C:\WINDOWS\System32\Wbem;C:\WINDOWS\System32\WindowsPowerShell\v1.0\;C:\Program Files (x86)\Windows Live\Shared;C:\Program Files (x86)\Windows Kits\8.1\Windows Performance Toolkit\;C:\Users\dkfan\AppData\Roaming\cabal\bin;C:\Users\dkfan\AppData\Roaming\local\bin;C:\Users\dkfan\AppData\Local\Microsoft\WindowsApps;
USERNAME=dkfan
OS=Windows_NT
PROCESSOR_IDENTIFIER=Intel64 Family 6 Model 94 Stepping 3, GenuineIntel



---------------  S Y S T E M  ---------------

OS: Windows 8.1 , 64 bit Build 9600 

CPU:total 8 (4 cores per cpu, 2 threads per core) family 6 model 94 stepping 3, cmov, cx8, fxsr, mmx, sse, sse2, sse3, ssse3, sse4.1, sse4.2, popcnt, avx, avx2, aes, erms, ht, tsc, tscinvbit

Memory: 4k page, physical 16694876k(7133940k free), swap 21151324k(6171488k free)

vm_info: Java HotSpot(TM) Client VM (24.80-b11) for windows-x86 JRE (1.7.0_80-b15), built on Apr 10 2015 13:33:35 by "java_re" with unknown MS VC++:1600

time: Thu Nov 10 21:09:13 2016
elapsed time: 91 seconds

