#
# A fatal error has been detected by the Java Runtime Environment:
#
#  EXCEPTION_ACCESS_VIOLATION (0xc0000005) at pc=0x6e5b569b, pid=12772, tid=10588
#
# JRE version: Java(TM) SE Runtime Environment (7.0_80-b15) (build 1.7.0_80-b15)
# Java VM: Java HotSpot(TM) Client VM (24.80-b11 mixed mode, sharing windows-x86 )
# Problematic frame:
# V  [jvm.dll+0xc569b]
#
# Failed to write core dump. Minidumps are not enabled by default on client versions of Windows
#
# If you would like to submit a bug report, please visit:
#   http://bugreport.java.com/bugreport/crash.jsp
#

---------------  T H R E A D  ---------------

Current thread (0x0303c000):  JavaThread "main" [_thread_in_vm, id=10588, stack(0x01710000,0x01760000)]

siginfo: ExceptionCode=0xc0000005, reading address 0x00000000

Registers:
EAX=0x00000000, EBX=0x0566c16c, ECX=0x00000000, EDX=0x00000007
ESP=0x0175dd94, EBP=0x0175ddb0, ESI=0x0303c130, EDI=0x0303c000
EIP=0x6e5b569b, EFLAGS=0x00010246

Top of Stack: (sp=0x0175dd94)
0x0175dd94:   0175dea8 00000000 0566c16c 0303c000
0x0175dda4:   00000000 00000000 0566c16c 0175de34
0x0175ddb4:   0fb4c65a 0303c130 00000000 6e696f70
0x0175ddc4:   00726574 0175de34 0fb4c61e 00000007
0x0175ddd4:   0000000f 624c004a 69706177 696e552f
0x0175dde4:   03003b74 00000001 0000000f bf5ad5ef
0x0175ddf4:   0303c000 080f52d4 0303c000 0303c000
0x0175de04:   0fb79212 0303c130 014c97a0 0175ddd8 

Instructions: (pc=0x6e5b569b)
0x6e5b567b:   f3 ff 83 c4 08 83 7f 04 00 89 7d f0 c7 45 f4 00
0x6e5b568b:   00 00 00 74 08 8d 4d f0 e8 78 aa 0c 00 8b 45 0c
0x6e5b569b:   8b 08 8b 51 04 8b 42 40 50 56 e8 a6 e3 07 00 83
0x6e5b56ab:   c4 08 83 7d f4 00 89 45 08 74 08 8d 4d f0 e8 92 


Register to memory mapping:

EAX=0x00000000 is an unknown value
EBX=0x0566c16c is a global jni handle
ECX=0x00000000 is an unknown value
EDX=0x00000007 is an unknown value
ESP=0x0175dd94 is pointing into the stack for thread: 0x0303c000
EBP=0x0175ddb0 is pointing into the stack for thread: 0x0303c000
ESI=0x0303c130 is an unknown value
EDI=0x0303c000 is a thread


Stack: [0x01710000,0x01760000],  sp=0x0175dd94,  free space=311k
Native frames: (J=compiled Java code, j=interpreted, Vv=VM code, C=native code)
V  [jvm.dll+0xc569b]
C  [bwapi_bridge2_5.dll+0x1c65a]
C  [bwapi_bridge2_5.dll+0x387be]
J 177  bwapi.Unit.issueCommand_native(JLbwapi/UnitCommand;)Z (0 bytes) @ 0x03205ef8 [0x03205e50+0xa8]
J 199 C1 FangSM.Kite(Lbwapi/Unit;Lbwapi/Unit;)V (163 bytes) @ 0x0320b834 [0x0320b530+0x304]
J 198 C1 FangSM.Action(Lbwapi/Unit;Lbwapi/Game;LFangSM$Role;Lbwapi/Unit;)Z (75 bytes) @ 0x0320ae4c [0x0320ad90+0xbc]
J 172 C1 Formation.FSM(Lbwapi/Unit;LFormation;LFormation$State;LFangSM;LFangAi;Lbwapi/Game;Ljava/util/HashSet;)V (520 bytes) @ 0x032035f8 [0x03202e80+0x778]
J 82 C1 FangBot.onFrame()V (772 bytes) @ 0x031e44c0 [0x031e31e0+0x12e0]
J 130 C1 bwapi.AIModule.onFrame()V (17 bytes) @ 0x031f7f44 [0x031f7f10+0x34]
v  ~StubRoutines::call_stub
V  [jvm.dll+0x1429aa]
V  [jvm.dll+0x20743e]
V  [jvm.dll+0x142a2d]
V  [jvm.dll+0xcb7b2]
V  [jvm.dll+0xcf403]
C  [bwapi_bridge2_5.dll+0x1b20d]
C  [bwapi_bridge2_5.dll+0x75101]
j  bwapi.Mirror.startGame()V+0
j  FangBot.run()V+15
j  FangBot.main([Ljava/lang/String;)V+7
v  ~StubRoutines::call_stub
V  [jvm.dll+0x1429aa]
V  [jvm.dll+0x20743e]
V  [jvm.dll+0x142a2d]
V  [jvm.dll+0xcb535]
V  [jvm.dll+0xd61d7]
C  [javaw.exe+0x2070]
C  [javaw.exe+0xa6d1]
C  [javaw.exe+0xa75b]
C  [KERNEL32.DLL+0x16394]
C  [ntdll.dll+0x604bb]
C  [ntdll.dll+0x6048b]

Java frames: (J=compiled Java code, j=interpreted, Vv=VM code)
J 177  bwapi.Unit.issueCommand_native(JLbwapi/UnitCommand;)Z (0 bytes) @ 0x03205eb4 [0x03205e50+0x64]
J 199 C1 FangSM.Kite(Lbwapi/Unit;Lbwapi/Unit;)V (163 bytes) @ 0x0320b834 [0x0320b530+0x304]
J 198 C1 FangSM.Action(Lbwapi/Unit;Lbwapi/Game;LFangSM$Role;Lbwapi/Unit;)Z (75 bytes) @ 0x0320ae4c [0x0320ad90+0xbc]
J 172 C1 Formation.FSM(Lbwapi/Unit;LFormation;LFormation$State;LFangSM;LFangAi;Lbwapi/Game;Ljava/util/HashSet;)V (520 bytes) @ 0x032035f8 [0x03202e80+0x778]
J 82 C1 FangBot.onFrame()V (772 bytes) @ 0x031e44c0 [0x031e31e0+0x12e0]
J 130 C1 bwapi.AIModule.onFrame()V (17 bytes) @ 0x031f7f44 [0x031f7f10+0x34]
v  ~StubRoutines::call_stub
j  bwapi.Mirror.startGame()V+0
j  FangBot.run()V+15
j  FangBot.main([Ljava/lang/String;)V+7
v  ~StubRoutines::call_stub

---------------  P R O C E S S  ---------------

Java Threads: ( => current thread )
  0x030d6400 JavaThread "Service Thread" daemon [_thread_blocked, id=6768, stack(0x05580000,0x055d0000)]
  0x030d3000 JavaThread "C1 CompilerThread0" daemon [_thread_blocked, id=4924, stack(0x054f0000,0x05540000)]
  0x030d0400 JavaThread "Attach Listener" daemon [_thread_blocked, id=6048, stack(0x05460000,0x054b0000)]
  0x030ce000 JavaThread "Signal Dispatcher" daemon [_thread_blocked, id=5856, stack(0x053d0000,0x05420000)]
  0x03060800 JavaThread "Finalizer" daemon [_thread_blocked, id=1792, stack(0x05340000,0x05390000)]
  0x0305f000 JavaThread "Reference Handler" daemon [_thread_blocked, id=5264, stack(0x052b0000,0x05300000)]
=>0x0303c000 JavaThread "main" [_thread_in_vm, id=10588, stack(0x01710000,0x01760000)]

Other Threads:
  0x0305dc00 VMThread [stack: 0x05220000,0x05270000] [id=10328]
  0x030ef400 WatcherThread [stack: 0x05610000,0x05660000] [id=8408]

VM state:not at safepoint (normal execution)

VM Mutex/Monitor currently owned by a thread: None

Heap
 def new generation   total 4928K, used 2395K [0x24800000, 0x24d50000, 0x29d50000)
  eden space 4416K,  53% used [0x24800000, 0x24a52d68, 0x24c50000)
  from space 512K,   3% used [0x24cd0000, 0x24cd3f50, 0x24d50000)
  to   space 512K,   0% used [0x24c50000, 0x24c50000, 0x24cd0000)
 tenured generation   total 10944K, used 289K [0x29d50000, 0x2a800000, 0x34800000)
   the space 10944K,   2% used [0x29d50000, 0x29d987c0, 0x29d98800, 0x2a800000)
 compacting perm gen  total 12288K, used 656K [0x34800000, 0x35400000, 0x38800000)
   the space 12288K,   5% used [0x34800000, 0x348a4058, 0x348a4200, 0x35400000)
    ro space 10240K,  42% used [0x38800000, 0x38c37108, 0x38c37200, 0x39200000)
    rw space 12288K,  52% used [0x39200000, 0x39841738, 0x39841800, 0x39e00000)

Card table byte_map: [0x02f70000,0x03020000] byte_map_base: 0x02e4c000

Polling page: 0x01760000

Code Cache  [0x03140000, 0x03210000, 0x05140000)
 total_blobs=340 nmethods=202 adapters=75 free_code_cache=31950Kb largest_free_block=32717568

Compilation events (10 events):
Event: 52.026 Thread 0x030d3000  197             bwapi.Unit::issueCommand (10 bytes)
Event: 52.026 Thread 0x030d3000 nmethod 197 0x0320a7c8 code [0x0320a8c0, 0x0320a95c]
Event: 52.099 Thread 0x030d3000  198             FangSM::Action (75 bytes)
Event: 52.099 Thread 0x030d3000 nmethod 198 0x0320ac48 code [0x0320ad90, 0x0320b0ac]
Event: 52.099 Thread 0x030d3000  199             FangSM::Kite (163 bytes)
Event: 52.099 Thread 0x030d3000 nmethod 199 0x0320b348 code [0x0320b530, 0x0320ba6c]
Event: 52.099 Thread 0x030d3000  200             bwapi.Unit::getGroundWeaponCooldown (9 bytes)
Event: 52.099 Thread 0x030d3000 nmethod 200 0x0320c148 code [0x0320c240, 0x0320c2dc]
Event: 52.104 Thread 0x030d3000  202             bwapi.PositionOrUnit::getUnit (5 bytes)
Event: 52.104 Thread 0x030d3000 nmethod 202 0x0320c348 code [0x0320c440, 0x0320c4c0]

GC Heap History (10 events):
Event: 53.305 GC heap before
{Heap before GC invocations=124 (full 0):
 def new generation   total 4928K, used 4434K [0x24800000, 0x24d50000, 0x29d50000)
  eden space 4416K, 100% used [0x24800000, 0x24c50000, 0x24c50000)
  from space 512K,   3% used [0x24c50000, 0x24c54958, 0x24cd0000)
  to   space 512K,   0% used [0x24cd0000, 0x24cd0000, 0x24d50000)
 tenured generation   total 10944K, used 285K [0x29d50000, 0x2a800000, 0x34800000)
   the space 10944K,   2% used [0x29d50000, 0x29d97448, 0x29d97600, 0x2a800000)
 compacting perm gen  total 12288K, used 656K [0x34800000, 0x35400000, 0x38800000)
   the space 12288K,   5% used [0x34800000, 0x348a4058, 0x348a4200, 0x35400000)
    ro space 10240K,  42% used [0x38800000, 0x38c37108, 0x38c37200, 0x39200000)
    rw space 12288K,  52% used [0x39200000, 0x39841738, 0x39841800, 0x39e00000)
Event: 53.305 GC heap after
Heap after GC invocations=125 (full 0):
 def new generation   total 4928K, used 17K [0x24800000, 0x24d50000, 0x29d50000)
  eden space 4416K,   0% used [0x24800000, 0x24800000, 0x24c50000)
  from space 512K,   3% used [0x24cd0000, 0x24cd44f8, 0x24d50000)
  to   space 512K,   0% used [0x24c50000, 0x24c50000, 0x24cd0000)
 tenured generation   total 10944K, used 285K [0x29d50000, 0x2a800000, 0x34800000)
   the space 10944K,   2% used [0x29d50000, 0x29d97448, 0x29d97600, 0x2a800000)
 compacting perm gen  total 12288K, used 656K [0x34800000, 0x35400000, 0x38800000)
   the space 12288K,   5% used [0x34800000, 0x348a4058, 0x348a4200, 0x35400000)
    ro space 10240K,  42% used [0x38800000, 0x38c37108, 0x38c37200, 0x39200000)
    rw space 12288K,  52% used [0x39200000, 0x39841738, 0x39841800, 0x39e00000)
}
Event: 53.431 GC heap before
{Heap before GC invocations=125 (full 0):
 def new generation   total 4928K, used 4433K [0x24800000, 0x24d50000, 0x29d50000)
  eden space 4416K, 100% used [0x24800000, 0x24c50000, 0x24c50000)
  from space 512K,   3% used [0x24cd0000, 0x24cd44f8, 0x24d50000)
  to   space 512K,   0% used [0x24c50000, 0x24c50000, 0x24cd0000)
 tenured generation   total 10944K, used 285K [0x29d50000, 0x2a800000, 0x34800000)
   the space 10944K,   2% used [0x29d50000, 0x29d97448, 0x29d97600, 0x2a800000)
 compacting perm gen  total 12288K, used 656K [0x34800000, 0x35400000, 0x38800000)
   the space 12288K,   5% used [0x34800000, 0x348a4058, 0x348a4200, 0x35400000)
    ro space 10240K,  42% used [0x38800000, 0x38c37108, 0x38c37200, 0x39200000)
    rw space 12288K,  52% used [0x39200000, 0x39841738, 0x39841800, 0x39e00000)
Event: 53.431 GC heap after
Heap after GC invocations=126 (full 0):
 def new generation   total 4928K, used 18K [0x24800000, 0x24d50000, 0x29d50000)
  eden space 4416K,   0% used [0x24800000, 0x24800000, 0x24c50000)
  from space 512K,   3% used [0x24c50000, 0x24c548b8, 0x24cd0000)
  to   space 512K,   0% used [0x24cd0000, 0x24cd0000, 0x24d50000)
 tenured generation   total 10944K, used 285K [0x29d50000, 0x2a800000, 0x34800000)
   the space 10944K,   2% used [0x29d50000, 0x29d97448, 0x29d97600, 0x2a800000)
 compacting perm gen  total 12288K, used 656K [0x34800000, 0x35400000, 0x38800000)
   the space 12288K,   5% used [0x34800000, 0x348a4058, 0x348a4200, 0x35400000)
    ro space 10240K,  42% used [0x38800000, 0x38c37108, 0x38c37200, 0x39200000)
    rw space 12288K,  52% used [0x39200000, 0x39841738, 0x39841800, 0x39e00000)
}
Event: 53.557 GC heap before
{Heap before GC invocations=126 (full 0):
 def new generation   total 4928K, used 4434K [0x24800000, 0x24d50000, 0x29d50000)
  eden space 4416K, 100% used [0x24800000, 0x24c50000, 0x24c50000)
  from space 512K,   3% used [0x24c50000, 0x24c548b8, 0x24cd0000)
  to   space 512K,   0% used [0x24cd0000, 0x24cd0000, 0x24d50000)
 tenured generation   total 10944K, used 285K [0x29d50000, 0x2a800000, 0x34800000)
   the space 10944K,   2% used [0x29d50000, 0x29d97448, 0x29d97600, 0x2a800000)
 compacting perm gen  total 12288K, used 656K [0x34800000, 0x35400000, 0x38800000)
   the space 12288K,   5% used [0x34800000, 0x348a4058, 0x348a4200, 0x35400000)
    ro space 10240K,  42% used [0x38800000, 0x38c37108, 0x38c37200, 0x39200000)
    rw space 12288K,  52% used [0x39200000, 0x39841738, 0x39841800, 0x39e00000)
Event: 53.558 GC heap after
Heap after GC invocations=127 (full 0):
 def new generation   total 4928K, used 21K [0x24800000, 0x24d50000, 0x29d50000)
  eden space 4416K,   0% used [0x24800000, 0x24800000, 0x24c50000)
  from space 512K,   4% used [0x24cd0000, 0x24cd5508, 0x24d50000)
  to   space 512K,   0% used [0x24c50000, 0x24c50000, 0x24cd0000)
 tenured generation   total 10944K, used 285K [0x29d50000, 0x2a800000, 0x34800000)
   the space 10944K,   2% used [0x29d50000, 0x29d97528, 0x29d97600, 0x2a800000)
 compacting perm gen  total 12288K, used 656K [0x34800000, 0x35400000, 0x38800000)
   the space 12288K,   5% used [0x34800000, 0x348a4058, 0x348a4200, 0x35400000)
    ro space 10240K,  42% used [0x38800000, 0x38c37108, 0x38c37200, 0x39200000)
    rw space 12288K,  52% used [0x39200000, 0x39841738, 0x39841800, 0x39e00000)
}
Event: 53.685 GC heap before
{Heap before GC invocations=127 (full 0):
 def new generation   total 4928K, used 4437K [0x24800000, 0x24d50000, 0x29d50000)
  eden space 4416K, 100% used [0x24800000, 0x24c50000, 0x24c50000)
  from space 512K,   4% used [0x24cd0000, 0x24cd5508, 0x24d50000)
  to   space 512K,   0% used [0x24c50000, 0x24c50000, 0x24cd0000)
 tenured generation   total 10944K, used 285K [0x29d50000, 0x2a800000, 0x34800000)
   the space 10944K,   2% used [0x29d50000, 0x29d97528, 0x29d97600, 0x2a800000)
 compacting perm gen  total 12288K, used 656K [0x34800000, 0x35400000, 0x38800000)
   the space 12288K,   5% used [0x34800000, 0x348a4058, 0x348a4200, 0x35400000)
    ro space 10240K,  42% used [0x38800000, 0x38c37108, 0x38c37200, 0x39200000)
    rw space 12288K,  52% used [0x39200000, 0x39841738, 0x39841800, 0x39e00000)
Event: 53.686 GC heap after
Heap after GC invocations=128 (full 0):
 def new generation   total 4928K, used 16K [0x24800000, 0x24d50000, 0x29d50000)
  eden space 4416K,   0% used [0x24800000, 0x24800000, 0x24c50000)
  from space 512K,   3% used [0x24c50000, 0x24c543e0, 0x24cd0000)
  to   space 512K,   0% used [0x24cd0000, 0x24cd0000, 0x24d50000)
 tenured generation   total 10944K, used 289K [0x29d50000, 0x2a800000, 0x34800000)
   the space 10944K,   2% used [0x29d50000, 0x29d987c0, 0x29d98800, 0x2a800000)
 compacting perm gen  total 12288K, used 656K [0x34800000, 0x35400000, 0x38800000)
   the space 12288K,   5% used [0x34800000, 0x348a4058, 0x348a4200, 0x35400000)
    ro space 10240K,  42% used [0x38800000, 0x38c37108, 0x38c37200, 0x39200000)
    rw space 12288K,  52% used [0x39200000, 0x39841738, 0x39841800, 0x39e00000)
}
Event: 53.817 GC heap before
{Heap before GC invocations=128 (full 0):
 def new generation   total 4928K, used 4432K [0x24800000, 0x24d50000, 0x29d50000)
  eden space 4416K, 100% used [0x24800000, 0x24c50000, 0x24c50000)
  from space 512K,   3% used [0x24c50000, 0x24c543e0, 0x24cd0000)
  to   space 512K,   0% used [0x24cd0000, 0x24cd0000, 0x24d50000)
 tenured generation   total 10944K, used 289K [0x29d50000, 0x2a800000, 0x34800000)
   the space 10944K,   2% used [0x29d50000, 0x29d987c0, 0x29d98800, 0x2a800000)
 compacting perm gen  total 12288K, used 656K [0x34800000, 0x35400000, 0x38800000)
   the space 12288K,   5% used [0x34800000, 0x348a4058, 0x348a4200, 0x35400000)
    ro space 10240K,  42% used [0x38800000, 0x38c37108, 0x38c37200, 0x39200000)
    rw space 12288K,  52% used [0x39200000, 0x39841738, 0x39841800, 0x39e00000)
Event: 53.818 GC heap after
Heap after GC invocations=129 (full 0):
 def new generation   total 4928K, used 15K [0x24800000, 0x24d50000, 0x29d50000)
  eden space 4416K,   0% used [0x24800000, 0x24800000, 0x24c50000)
  from space 512K,   3% used [0x24cd0000, 0x24cd3f50, 0x24d50000)
  to   space 512K,   0% used [0x24c50000, 0x24c50000, 0x24cd0000)
 tenured generation   total 10944K, used 289K [0x29d50000, 0x2a800000, 0x34800000)
   the space 10944K,   2% used [0x29d50000, 0x29d987c0, 0x29d98800, 0x2a800000)
 compacting perm gen  total 12288K, used 656K [0x34800000, 0x35400000, 0x38800000)
   the space 12288K,   5% used [0x34800000, 0x348a4058, 0x348a4200, 0x35400000)
    ro space 10240K,  42% used [0x38800000, 0x38c37108, 0x38c37200, 0x39200000)
    rw space 12288K,  52% used [0x39200000, 0x39841738, 0x39841800, 0x39e00000)
}

Deoptimization events (0 events):
No events

Internal exceptions (10 events):
Event: 51.777 Thread 0x0303c000 Implicit null exception at 0x031f2768 to 0x031f2805
Event: 51.777 Thread 0x0303c000 Threw 0x249faaf8 at C:\re\jdk7u80\2329\hotspot\src\share\vm\runtime\sharedRuntime.cpp:591
Event: 51.778 Thread 0x0303c000 Implicit null exception at 0x031f2768 to 0x031f2805
Event: 51.778 Thread 0x0303c000 Threw 0x249fcbb8 at C:\re\jdk7u80\2329\hotspot\src\share\vm\runtime\sharedRuntime.cpp:591
Event: 51.779 Thread 0x0303c000 Implicit null exception at 0x031f2768 to 0x031f2805
Event: 51.779 Thread 0x0303c000 Threw 0x249fec78 at C:\re\jdk7u80\2329\hotspot\src\share\vm\runtime\sharedRuntime.cpp:591
Event: 51.792 Thread 0x0303c000 Implicit null exception at 0x031f2768 to 0x031f2805
Event: 51.792 Thread 0x0303c000 Threw 0x24a00d38 at C:\re\jdk7u80\2329\hotspot\src\share\vm\runtime\sharedRuntime.cpp:591
Event: 51.794 Thread 0x0303c000 Implicit null exception at 0x031f2768 to 0x031f2805
Event: 51.794 Thread 0x0303c000 Threw 0x24a02df8 at C:\re\jdk7u80\2329\hotspot\src\share\vm\runtime\sharedRuntime.cpp:591

Events (10 events):
Event: 53.305 Executing VM operation: GenCollectForAllocation
Event: 53.305 Executing VM operation: GenCollectForAllocation done
Event: 53.431 Executing VM operation: GenCollectForAllocation
Event: 53.431 Executing VM operation: GenCollectForAllocation done
Event: 53.557 Executing VM operation: GenCollectForAllocation
Event: 53.558 Executing VM operation: GenCollectForAllocation done
Event: 53.685 Executing VM operation: GenCollectForAllocation
Event: 53.686 Executing VM operation: GenCollectForAllocation done
Event: 53.817 Executing VM operation: GenCollectForAllocation
Event: 53.818 Executing VM operation: GenCollectForAllocation done


Dynamic libraries:
0x00d10000 - 0x00d3f000 	C:\Program Files (x86)\Java\jre7\bin\javaw.exe
0x76e90000 - 0x7700f000 	C:\WINDOWS\SYSTEM32\ntdll.dll
0x73cb0000 - 0x73d90000 	C:\WINDOWS\System32\KERNEL32.DLL
0x75870000 - 0x75a1e000 	C:\WINDOWS\System32\KERNELBASE.dll
0x73d90000 - 0x73e06000 	C:\WINDOWS\System32\ADVAPI32.dll
0x76590000 - 0x7664d000 	C:\WINDOWS\System32\msvcrt.dll
0x75420000 - 0x75461000 	C:\WINDOWS\System32\sechost.dll
0x76710000 - 0x767cc000 	C:\WINDOWS\System32\RPCRT4.dll
0x73a80000 - 0x73a9e000 	C:\WINDOWS\System32\SspiCli.dll
0x73a70000 - 0x73a7a000 	C:\WINDOWS\System32\CRYPTBASE.dll
0x73ef0000 - 0x73f48000 	C:\WINDOWS\System32\bcryptPrimitives.dll
0x75d50000 - 0x75e9d000 	C:\WINDOWS\System32\USER32.dll
0x76650000 - 0x76666000 	C:\WINDOWS\System32\win32u.dll
0x75300000 - 0x7532a000 	C:\WINDOWS\System32\GDI32.dll
0x75470000 - 0x755c7000 	C:\WINDOWS\System32\gdi32full.dll
0x73420000 - 0x73620000 	C:\WINDOWS\WinSxS\x86_microsoft.windows.common-controls_6595b64144ccf1df_6.0.14946.1000_none_d33ee90ed06d81a5\COMCTL32.dll
0x73aa0000 - 0x73caf000 	C:\WINDOWS\System32\combase.dll
0x75340000 - 0x7541a000 	C:\WINDOWS\System32\ucrtbase.dll
0x755d0000 - 0x755f5000 	C:\WINDOWS\System32\IMM32.DLL
0x78300000 - 0x783bf000 	C:\Program Files (x86)\Java\jre7\bin\msvcr100.dll
0x6e4f0000 - 0x6e87b000 	C:\Program Files (x86)\Java\jre7\bin\client\jvm.dll
0x75780000 - 0x75786000 	C:\WINDOWS\System32\PSAPI.DLL
0x73a10000 - 0x73a18000 	C:\WINDOWS\SYSTEM32\WSOCK32.dll
0x73040000 - 0x73064000 	C:\WINDOWS\SYSTEM32\WINMM.dll
0x75790000 - 0x757f2000 	C:\WINDOWS\System32\WS2_32.dll
0x72ff0000 - 0x73013000 	C:\WINDOWS\SYSTEM32\winmmbase.dll
0x76db0000 - 0x76de5000 	C:\WINDOWS\System32\cfgmgr32.dll
0x57f40000 - 0x57f4c000 	C:\Program Files (x86)\Java\jre7\bin\verify.dll
0x57f10000 - 0x57f31000 	C:\Program Files (x86)\Java\jre7\bin\java.dll
0x57ef0000 - 0x57f03000 	C:\Program Files (x86)\Java\jre7\bin\zip.dll
0x0fb30000 - 0x0fdb6000 	D:\FangAI\FangAI\bwapi_bridge2_5.dll
0x71b20000 - 0x71b91000 	C:\WINDOWS\SYSTEM32\MSVCP120.dll
0x71a30000 - 0x71b1e000 	C:\WINDOWS\SYSTEM32\MSVCR120.dll
0x6acc0000 - 0x6ad27000 	D:\FangAI\FangAI\libgmp-10.dll
0x6f540000 - 0x6f59e000 	D:\FangAI\FangAI\libmpfr-4.dll
0x6f100000 - 0x6f24b000 	C:\WINDOWS\SYSTEM32\dbghelp.dll

VM Arguments:
jvm_args: -Dfile.encoding=Cp1252 
java_command: FangBot
Launcher Type: SUN_STANDARD

Environment Variables:
PATH=C:/Program Files (x86)/Java/jre1.8.0_111/bin/client;C:/Program Files (x86)/Java/jre1.8.0_111/bin;C:/Program Files (x86)/Java/jre1.8.0_111/lib/i386;C:\ProgramData\Oracle\Java\javapath;C:\Program Files\Haskell\bin;C:\Program Files\Haskell Platform\8.0.1\lib\extralibs\bin;C:\Program Files\Haskell Platform\8.0.1\bin;C:\Windows\system32;C:\Windows;C:\Windows\System32\Wbem;C:\Windows\System32\WindowsPowerShell\v1.0\;C:\Program Files (x86)\NVIDIA Corporation\PhysX\Common;C:\Program Files\Haskell Platform\8.0.1\mingw\bin;C:\Program Files (x86)\Brackets\command;C:\Program Files (x86)\GtkSharp\2.12\bin;C:\WINDOWS\system32;C:\WINDOWS;C:\WINDOWS\System32\Wbem;C:\WINDOWS\System32\WindowsPowerShell\v1.0\;C:\Program Files (x86)\Windows Live\Shared;C:\Program Files (x86)\Windows Kits\8.1\Windows Performance Toolkit\;C:\Program Files (x86)\Skype\Phone\;C:\Users\dkfan\AppData\Roaming\cabal\bin;C:\Users\dkfan\AppData\Roaming\local\bin;C:\Users\dkfan\AppData\Local\Microsoft\WindowsApps;
USERNAME=dkfan
OS=Windows_NT
PROCESSOR_IDENTIFIER=Intel64 Family 6 Model 94 Stepping 3, GenuineIntel



---------------  S Y S T E M  ---------------

OS: Windows 8.1 , 64 bit Build 9600 

CPU:total 8 (4 cores per cpu, 2 threads per core) family 6 model 94 stepping 3, cmov, cx8, fxsr, mmx, sse, sse2, sse3, ssse3, sse4.1, sse4.2, popcnt, avx, avx2, aes, erms, ht, tsc, tscinvbit

Memory: 4k page, physical 16694876k(10626688k free), swap 19185244k(10257180k free)

vm_info: Java HotSpot(TM) Client VM (24.80-b11) for windows-x86 JRE (1.7.0_80-b15), built on Apr 10 2015 13:33:35 by "java_re" with unknown MS VC++:1600

time: Wed Dec 14 21:00:16 2016
elapsed time: 53 seconds

