#
# A fatal error has been detected by the Java Runtime Environment:
#
#  EXCEPTION_ACCESS_VIOLATION (0xc0000005) at pc=0x6e13569b, pid=16460, tid=6216
#
# JRE version: Java(TM) SE Runtime Environment (7.0_80-b15) (build 1.7.0_80-b15)
# Java VM: Java HotSpot(TM) Client VM (24.80-b11 mixed mode, sharing windows-x86 )
# Problematic frame:
# V  [jvm.dll+0xc569b]
#
# Failed to write core dump. Minidumps are not enabled by default on client versions of Windows
#
# If you would like to submit a bug report, please visit:
#   http://bugreport.java.com/bugreport/crash.jsp
#

---------------  T H R E A D  ---------------

Current thread (0x0085c000):  JavaThread "main" [_thread_in_vm, id=6216, stack(0x00c10000,0x00c60000)]

siginfo: ExceptionCode=0xc0000005, reading address 0x00000000

Registers:
EAX=0x00000000, EBX=0x049da274, ECX=0x00000000, EDX=0x00000007
ESP=0x00c5dd34, EBP=0x00c5dd50, ESI=0x0085c130, EDI=0x0085c000
EIP=0x6e13569b, EFLAGS=0x00010246

Top of Stack: (sp=0x00c5dd34)
0x00c5dd34:   00c5de48 00000000 049da274 0085c000
0x00c5dd44:   00000000 00000000 049da274 00c5ddd4
0x00c5dd54:   0f8ac65a 0085c130 00000000 6e696f70
0x00c5dd64:   00726574 00c5ddd4 0f8ac61e 00000007
0x00c5dd74:   0000000f 624c004a 69706177 696e552f
0x00c5dd84:   00003b74 00000001 0000000f 317575b3
0x00c5dd94:   0085c000 0745d5d4 0085c000 049da274
0x00c5dda4:   049dbd0c 04a19b70 04a19b6c 00c5dd78 

Instructions: (pc=0x6e13569b)
0x6e13567b:   f3 ff 83 c4 08 83 7f 04 00 89 7d f0 c7 45 f4 00
0x6e13568b:   00 00 00 74 08 8d 4d f0 e8 78 aa 0c 00 8b 45 0c
0x6e13569b:   8b 08 8b 51 04 8b 42 40 50 56 e8 a6 e3 07 00 83
0x6e1356ab:   c4 08 83 7d f4 00 89 45 08 74 08 8d 4d f0 e8 92 


Register to memory mapping:

EAX=0x00000000 is an unknown value
EBX=0x049da274 is a global jni handle
ECX=0x00000000 is an unknown value
EDX=0x00000007 is an unknown value
ESP=0x00c5dd34 is pointing into the stack for thread: 0x0085c000
EBP=0x00c5dd50 is pointing into the stack for thread: 0x0085c000
ESI=0x0085c130 is an unknown value
EDI=0x0085c000 is a thread


Stack: [0x00c10000,0x00c60000],  sp=0x00c5dd34,  free space=311k
Native frames: (J=compiled Java code, j=interpreted, Vv=VM code, C=native code)
V  [jvm.dll+0xc569b]
C  [bwapi_bridge2_5.dll+0x1c65a]
C  [bwapi_bridge2_5.dll+0x387be]
J 175  bwapi.Unit.issueCommand_native(JLbwapi/UnitCommand;)Z (0 bytes) @ 0x02494fb8 [0x02494f10+0xa8]
J 205 C1 FangSM.Kite(Lbwapi/Unit;Lbwapi/Unit;)V (163 bytes) @ 0x0249b9b4 [0x0249b6b0+0x304]
J 204 C1 FangSM.Action(Lbwapi/Unit;Lbwapi/Game;LFangSM$Role;Lbwapi/Unit;)Z (75 bytes) @ 0x0249afcc [0x0249af10+0xbc]
J 172 C1 Formation.FSM(Lbwapi/Unit;LFormation;LFormation$State;LFangSM;LFangAi;Lbwapi/Game;Ljava/util/HashSet;)V (510 bytes) @ 0x02492e08 [0x024926b0+0x758]
J 82 C1 FangBot.onFrame()V (729 bytes) @ 0x0247443c [0x02473170+0x12cc]
J 125 C1 bwapi.AIModule.onFrame()V (17 bytes) @ 0x02486904 [0x024868d0+0x34]
v  ~StubRoutines::call_stub
V  [jvm.dll+0x1429aa]
V  [jvm.dll+0x20743e]
V  [jvm.dll+0x142a2d]
V  [jvm.dll+0xcb7b2]
V  [jvm.dll+0xcf403]
C  [bwapi_bridge2_5.dll+0x1b20d]
C  [bwapi_bridge2_5.dll+0x75101]
j  bwapi.Mirror.startGame()V+0
j  FangBot.run()V+15
j  FangBot.main([Ljava/lang/String;)V+7
v  ~StubRoutines::call_stub
V  [jvm.dll+0x1429aa]
V  [jvm.dll+0x20743e]
V  [jvm.dll+0x142a2d]
V  [jvm.dll+0xcb535]
V  [jvm.dll+0xd61d7]
C  [javaw.exe+0x2070]
C  [javaw.exe+0xa6d1]
C  [javaw.exe+0xa75b]
C  [KERNEL32.DLL+0x16394]
C  [ntdll.dll+0x604bb]
C  [ntdll.dll+0x6048b]

Java frames: (J=compiled Java code, j=interpreted, Vv=VM code)
J 175  bwapi.Unit.issueCommand_native(JLbwapi/UnitCommand;)Z (0 bytes) @ 0x02494f74 [0x02494f10+0x64]
J 205 C1 FangSM.Kite(Lbwapi/Unit;Lbwapi/Unit;)V (163 bytes) @ 0x0249b9b4 [0x0249b6b0+0x304]
J 204 C1 FangSM.Action(Lbwapi/Unit;Lbwapi/Game;LFangSM$Role;Lbwapi/Unit;)Z (75 bytes) @ 0x0249afcc [0x0249af10+0xbc]
J 172 C1 Formation.FSM(Lbwapi/Unit;LFormation;LFormation$State;LFangSM;LFangAi;Lbwapi/Game;Ljava/util/HashSet;)V (510 bytes) @ 0x02492e08 [0x024926b0+0x758]
J 82 C1 FangBot.onFrame()V (729 bytes) @ 0x0247443c [0x02473170+0x12cc]
J 125 C1 bwapi.AIModule.onFrame()V (17 bytes) @ 0x02486904 [0x024868d0+0x34]
v  ~StubRoutines::call_stub
j  bwapi.Mirror.startGame()V+0
j  FangBot.run()V+15
j  FangBot.main([Ljava/lang/String;)V+7
v  ~StubRoutines::call_stub

---------------  P R O C E S S  ---------------

Java Threads: ( => current thread )
  0x02364400 JavaThread "Service Thread" daemon [_thread_blocked, id=3184, stack(0x048e0000,0x04930000)]
  0x02363000 JavaThread "C1 CompilerThread0" daemon [_thread_blocked, id=11184, stack(0x04850000,0x048a0000)]
  0x02360400 JavaThread "Attach Listener" daemon [_thread_blocked, id=7392, stack(0x047c0000,0x04810000)]
  0x0235e000 JavaThread "Signal Dispatcher" daemon [_thread_blocked, id=16672, stack(0x04730000,0x04780000)]
  0x022f4000 JavaThread "Finalizer" daemon [_thread_blocked, id=8468, stack(0x046a0000,0x046f0000)]
  0x022ef000 JavaThread "Reference Handler" daemon [_thread_blocked, id=5624, stack(0x04610000,0x04660000)]
=>0x0085c000 JavaThread "main" [_thread_in_vm, id=6216, stack(0x00c10000,0x00c60000)]

Other Threads:
  0x022edc00 VMThread [stack: 0x04580000,0x045d0000] [id=17084]
  0x0237e400 WatcherThread [stack: 0x04970000,0x049c0000] [id=2868]

VM state:not at safepoint (normal execution)

VM Mutex/Monitor currently owned by a thread: None

Heap
 def new generation   total 4928K, used 1289K [0x24800000, 0x24d50000, 0x29d50000)
  eden space 4416K,  29% used [0x24800000, 0x249412b0, 0x24c50000)
  from space 512K,   0% used [0x24c50000, 0x24c512a8, 0x24cd0000)
  to   space 512K,   0% used [0x24cd0000, 0x24cd0000, 0x24d50000)
 tenured generation   total 10944K, used 484K [0x29d50000, 0x2a800000, 0x34800000)
   the space 10944K,   4% used [0x29d50000, 0x29dc93c0, 0x29dc9400, 0x2a800000)
 compacting perm gen  total 12288K, used 655K [0x34800000, 0x35400000, 0x38800000)
   the space 12288K,   5% used [0x34800000, 0x348a3fd0, 0x348a4000, 0x35400000)
    ro space 10240K,  42% used [0x38800000, 0x38c37108, 0x38c37200, 0x39200000)
    rw space 12288K,  52% used [0x39200000, 0x39841738, 0x39841800, 0x39e00000)

Card table byte_map: [0x04450000,0x04500000] byte_map_base: 0x0432c000

Polling page: 0x00910000

Code Cache  [0x023d0000, 0x024a8000, 0x043d0000)
 total_blobs=378 nmethods=240 adapters=75 free_code_cache=31920Kb largest_free_block=32686592

Compilation events (10 events):
Event: 85.178 Thread 0x02363000  227             java.lang.Math::floor (5 bytes)
Event: 85.178 Thread 0x02363000 nmethod 227 0x024a10c8 code [0x024a11e0, 0x024a128c]
Event: 90.281 Thread 0x02363000  228             java.util.HashMap$Entry::recordRemoval (1 bytes)
Event: 90.281 Thread 0x02363000 nmethod 228 0x024a1308 code [0x024a1400, 0x024a1480]
Event: 92.139 Thread 0x02363000  229             BuildingUtil::normalize (57 bytes)
Event: 92.139 Thread 0x02363000 nmethod 229 0x024a14c8 code [0x024a1650, 0x024a1bf8]
Event: 95.214 Thread 0x02363000  235             java.util.HashMap::removeEntryForKey (159 bytes)
Event: 95.215 Thread 0x02363000 nmethod 235 0x024a2a08 code [0x024a2b40, 0x024a2dc4]
Event: 120.596 Thread 0x02363000  238             bwapi.TilePosition::equals (49 bytes)
Event: 120.596 Thread 0x02363000 nmethod 238 0x024a3588 code [0x024a3690, 0x024a37d0]

GC Heap History (10 events):
Event: 158.162 GC heap before
{Heap before GC invocations=1101 (full 0):
 def new generation   total 4928K, used 4421K [0x24800000, 0x24d50000, 0x29d50000)
  eden space 4416K, 100% used [0x24800000, 0x24c50000, 0x24c50000)
  from space 512K,   1% used [0x24cd0000, 0x24cd1608, 0x24d50000)
  to   space 512K,   0% used [0x24c50000, 0x24c50000, 0x24cd0000)
 tenured generation   total 10944K, used 484K [0x29d50000, 0x2a800000, 0x34800000)
   the space 10944K,   4% used [0x29d50000, 0x29dc9388, 0x29dc9400, 0x2a800000)
 compacting perm gen  total 12288K, used 655K [0x34800000, 0x35400000, 0x38800000)
   the space 12288K,   5% used [0x34800000, 0x348a3fd0, 0x348a4000, 0x35400000)
    ro space 10240K,  42% used [0x38800000, 0x38c37108, 0x38c37200, 0x39200000)
    rw space 12288K,  52% used [0x39200000, 0x39841738, 0x39841800, 0x39e00000)
Event: 158.162 GC heap after
Heap after GC invocations=1102 (full 0):
 def new generation   total 4928K, used 8K [0x24800000, 0x24d50000, 0x29d50000)
  eden space 4416K,   0% used [0x24800000, 0x24800000, 0x24c50000)
  from space 512K,   1% used [0x24c50000, 0x24c52038, 0x24cd0000)
  to   space 512K,   0% used [0x24cd0000, 0x24cd0000, 0x24d50000)
 tenured generation   total 10944K, used 484K [0x29d50000, 0x2a800000, 0x34800000)
   the space 10944K,   4% used [0x29d50000, 0x29dc9388, 0x29dc9400, 0x2a800000)
 compacting perm gen  total 12288K, used 655K [0x34800000, 0x35400000, 0x38800000)
   the space 12288K,   5% used [0x34800000, 0x348a3fd0, 0x348a4000, 0x35400000)
    ro space 10240K,  42% used [0x38800000, 0x38c37108, 0x38c37200, 0x39200000)
    rw space 12288K,  52% used [0x39200000, 0x39841738, 0x39841800, 0x39e00000)
}
Event: 158.247 GC heap before
{Heap before GC invocations=1102 (full 0):
 def new generation   total 4928K, used 4424K [0x24800000, 0x24d50000, 0x29d50000)
  eden space 4416K, 100% used [0x24800000, 0x24c50000, 0x24c50000)
  from space 512K,   1% used [0x24c50000, 0x24c52038, 0x24cd0000)
  to   space 512K,   0% used [0x24cd0000, 0x24cd0000, 0x24d50000)
 tenured generation   total 10944K, used 484K [0x29d50000, 0x2a800000, 0x34800000)
   the space 10944K,   4% used [0x29d50000, 0x29dc9388, 0x29dc9400, 0x2a800000)
 compacting perm gen  total 12288K, used 655K [0x34800000, 0x35400000, 0x38800000)
   the space 12288K,   5% used [0x34800000, 0x348a3fd0, 0x348a4000, 0x35400000)
    ro space 10240K,  42% used [0x38800000, 0x38c37108, 0x38c37200, 0x39200000)
    rw space 12288K,  52% used [0x39200000, 0x39841738, 0x39841800, 0x39e00000)
Event: 158.247 GC heap after
Heap after GC invocations=1103 (full 0):
 def new generation   total 4928K, used 8K [0x24800000, 0x24d50000, 0x29d50000)
  eden space 4416K,   0% used [0x24800000, 0x24800000, 0x24c50000)
  from space 512K,   1% used [0x24cd0000, 0x24cd2010, 0x24d50000)
  to   space 512K,   0% used [0x24c50000, 0x24c50000, 0x24cd0000)
 tenured generation   total 10944K, used 484K [0x29d50000, 0x2a800000, 0x34800000)
   the space 10944K,   4% used [0x29d50000, 0x29dc9388, 0x29dc9400, 0x2a800000)
 compacting perm gen  total 12288K, used 655K [0x34800000, 0x35400000, 0x38800000)
   the space 12288K,   5% used [0x34800000, 0x348a3fd0, 0x348a4000, 0x35400000)
    ro space 10240K,  42% used [0x38800000, 0x38c37108, 0x38c37200, 0x39200000)
    rw space 12288K,  52% used [0x39200000, 0x39841738, 0x39841800, 0x39e00000)
}
Event: 158.334 GC heap before
{Heap before GC invocations=1103 (full 0):
 def new generation   total 4928K, used 4424K [0x24800000, 0x24d50000, 0x29d50000)
  eden space 4416K, 100% used [0x24800000, 0x24c50000, 0x24c50000)
  from space 512K,   1% used [0x24cd0000, 0x24cd2010, 0x24d50000)
  to   space 512K,   0% used [0x24c50000, 0x24c50000, 0x24cd0000)
 tenured generation   total 10944K, used 484K [0x29d50000, 0x2a800000, 0x34800000)
   the space 10944K,   4% used [0x29d50000, 0x29dc9388, 0x29dc9400, 0x2a800000)
 compacting perm gen  total 12288K, used 655K [0x34800000, 0x35400000, 0x38800000)
   the space 12288K,   5% used [0x34800000, 0x348a3fd0, 0x348a4000, 0x35400000)
    ro space 10240K,  42% used [0x38800000, 0x38c37108, 0x38c37200, 0x39200000)
    rw space 12288K,  52% used [0x39200000, 0x39841738, 0x39841800, 0x39e00000)
Event: 158.335 GC heap after
Heap after GC invocations=1104 (full 0):
 def new generation   total 4928K, used 2K [0x24800000, 0x24d50000, 0x29d50000)
  eden space 4416K,   0% used [0x24800000, 0x24800000, 0x24c50000)
  from space 512K,   0% used [0x24c50000, 0x24c50b38, 0x24cd0000)
  to   space 512K,   0% used [0x24cd0000, 0x24cd0000, 0x24d50000)
 tenured generation   total 10944K, used 484K [0x29d50000, 0x2a800000, 0x34800000)
   the space 10944K,   4% used [0x29d50000, 0x29dc9388, 0x29dc9400, 0x2a800000)
 compacting perm gen  total 12288K, used 655K [0x34800000, 0x35400000, 0x38800000)
   the space 12288K,   5% used [0x34800000, 0x348a3fd0, 0x348a4000, 0x35400000)
    ro space 10240K,  42% used [0x38800000, 0x38c37108, 0x38c37200, 0x39200000)
    rw space 12288K,  52% used [0x39200000, 0x39841738, 0x39841800, 0x39e00000)
}
Event: 158.415 GC heap before
{Heap before GC invocations=1104 (full 0):
 def new generation   total 4928K, used 4418K [0x24800000, 0x24d50000, 0x29d50000)
  eden space 4416K, 100% used [0x24800000, 0x24c50000, 0x24c50000)
  from space 512K,   0% used [0x24c50000, 0x24c50b38, 0x24cd0000)
  to   space 512K,   0% used [0x24cd0000, 0x24cd0000, 0x24d50000)
 tenured generation   total 10944K, used 484K [0x29d50000, 0x2a800000, 0x34800000)
   the space 10944K,   4% used [0x29d50000, 0x29dc9388, 0x29dc9400, 0x2a800000)
 compacting perm gen  total 12288K, used 655K [0x34800000, 0x35400000, 0x38800000)
   the space 12288K,   5% used [0x34800000, 0x348a3fd0, 0x348a4000, 0x35400000)
    ro space 10240K,  42% used [0x38800000, 0x38c37108, 0x38c37200, 0x39200000)
    rw space 12288K,  52% used [0x39200000, 0x39841738, 0x39841800, 0x39e00000)
Event: 158.415 GC heap after
Heap after GC invocations=1105 (full 0):
 def new generation   total 4928K, used 8K [0x24800000, 0x24d50000, 0x29d50000)
  eden space 4416K,   0% used [0x24800000, 0x24800000, 0x24c50000)
  from space 512K,   1% used [0x24cd0000, 0x24cd22a8, 0x24d50000)
  to   space 512K,   0% used [0x24c50000, 0x24c50000, 0x24cd0000)
 tenured generation   total 10944K, used 484K [0x29d50000, 0x2a800000, 0x34800000)
   the space 10944K,   4% used [0x29d50000, 0x29dc9388, 0x29dc9400, 0x2a800000)
 compacting perm gen  total 12288K, used 655K [0x34800000, 0x35400000, 0x38800000)
   the space 12288K,   5% used [0x34800000, 0x348a3fd0, 0x348a4000, 0x35400000)
    ro space 10240K,  42% used [0x38800000, 0x38c37108, 0x38c37200, 0x39200000)
    rw space 12288K,  52% used [0x39200000, 0x39841738, 0x39841800, 0x39e00000)
}
Event: 158.498 GC heap before
{Heap before GC invocations=1105 (full 0):
 def new generation   total 4928K, used 4424K [0x24800000, 0x24d50000, 0x29d50000)
  eden space 4416K, 100% used [0x24800000, 0x24c50000, 0x24c50000)
  from space 512K,   1% used [0x24cd0000, 0x24cd22a8, 0x24d50000)
  to   space 512K,   0% used [0x24c50000, 0x24c50000, 0x24cd0000)
 tenured generation   total 10944K, used 484K [0x29d50000, 0x2a800000, 0x34800000)
   the space 10944K,   4% used [0x29d50000, 0x29dc9388, 0x29dc9400, 0x2a800000)
 compacting perm gen  total 12288K, used 655K [0x34800000, 0x35400000, 0x38800000)
   the space 12288K,   5% used [0x34800000, 0x348a3fd0, 0x348a4000, 0x35400000)
    ro space 10240K,  42% used [0x38800000, 0x38c37108, 0x38c37200, 0x39200000)
    rw space 12288K,  52% used [0x39200000, 0x39841738, 0x39841800, 0x39e00000)
Event: 158.498 GC heap after
Heap after GC invocations=1106 (full 0):
 def new generation   total 4928K, used 4K [0x24800000, 0x24d50000, 0x29d50000)
  eden space 4416K,   0% used [0x24800000, 0x24800000, 0x24c50000)
  from space 512K,   0% used [0x24c50000, 0x24c512a8, 0x24cd0000)
  to   space 512K,   0% used [0x24cd0000, 0x24cd0000, 0x24d50000)
 tenured generation   total 10944K, used 484K [0x29d50000, 0x2a800000, 0x34800000)
   the space 10944K,   4% used [0x29d50000, 0x29dc93c0, 0x29dc9400, 0x2a800000)
 compacting perm gen  total 12288K, used 655K [0x34800000, 0x35400000, 0x38800000)
   the space 12288K,   5% used [0x34800000, 0x348a3fd0, 0x348a4000, 0x35400000)
    ro space 10240K,  42% used [0x38800000, 0x38c37108, 0x38c37200, 0x39200000)
    rw space 12288K,  52% used [0x39200000, 0x39841738, 0x39841800, 0x39e00000)
}

Deoptimization events (0 events):
No events

Internal exceptions (10 events):
Event: 155.076 Thread 0x0085c000 Implicit null exception at 0x02481c68 to 0x02481d05
Event: 155.076 Thread 0x0085c000 Threw 0x24a82758 at C:\re\jdk7u80\2329\hotspot\src\share\vm\runtime\sharedRuntime.cpp:591
Event: 155.089 Thread 0x0085c000 Implicit null exception at 0x02481c68 to 0x02481d05
Event: 155.089 Thread 0x0085c000 Threw 0x24a85338 at C:\re\jdk7u80\2329\hotspot\src\share\vm\runtime\sharedRuntime.cpp:591
Event: 155.090 Thread 0x0085c000 Implicit null exception at 0x02481c68 to 0x02481d05
Event: 155.090 Thread 0x0085c000 Threw 0x24a87f78 at C:\re\jdk7u80\2329\hotspot\src\share\vm\runtime\sharedRuntime.cpp:591
Event: 155.091 Thread 0x0085c000 Implicit null exception at 0x02481c68 to 0x02481d05
Event: 155.091 Thread 0x0085c000 Threw 0x24a8ab38 at C:\re\jdk7u80\2329\hotspot\src\share\vm\runtime\sharedRuntime.cpp:591
Event: 155.105 Thread 0x0085c000 Implicit null exception at 0x02481c68 to 0x02481d05
Event: 155.105 Thread 0x0085c000 Threw 0x24a8d6f8 at C:\re\jdk7u80\2329\hotspot\src\share\vm\runtime\sharedRuntime.cpp:591

Events (10 events):
Event: 158.162 Executing VM operation: GenCollectForAllocation
Event: 158.162 Executing VM operation: GenCollectForAllocation done
Event: 158.247 Executing VM operation: GenCollectForAllocation
Event: 158.247 Executing VM operation: GenCollectForAllocation done
Event: 158.334 Executing VM operation: GenCollectForAllocation
Event: 158.335 Executing VM operation: GenCollectForAllocation done
Event: 158.415 Executing VM operation: GenCollectForAllocation
Event: 158.415 Executing VM operation: GenCollectForAllocation done
Event: 158.498 Executing VM operation: GenCollectForAllocation
Event: 158.498 Executing VM operation: GenCollectForAllocation done


Dynamic libraries:
0x00d10000 - 0x00d3f000 	C:\Program Files (x86)\Java\jre7\bin\javaw.exe
0x76e90000 - 0x7700f000 	C:\WINDOWS\SYSTEM32\ntdll.dll
0x73cb0000 - 0x73d90000 	C:\WINDOWS\System32\KERNEL32.DLL
0x75870000 - 0x75a1e000 	C:\WINDOWS\System32\KERNELBASE.dll
0x73d90000 - 0x73e06000 	C:\WINDOWS\System32\ADVAPI32.dll
0x76590000 - 0x7664d000 	C:\WINDOWS\System32\msvcrt.dll
0x75420000 - 0x75461000 	C:\WINDOWS\System32\sechost.dll
0x76710000 - 0x767cc000 	C:\WINDOWS\System32\RPCRT4.dll
0x73a80000 - 0x73a9e000 	C:\WINDOWS\System32\SspiCli.dll
0x73a70000 - 0x73a7a000 	C:\WINDOWS\System32\CRYPTBASE.dll
0x73ef0000 - 0x73f48000 	C:\WINDOWS\System32\bcryptPrimitives.dll
0x75d50000 - 0x75e9d000 	C:\WINDOWS\System32\USER32.dll
0x76650000 - 0x76666000 	C:\WINDOWS\System32\win32u.dll
0x75300000 - 0x7532a000 	C:\WINDOWS\System32\GDI32.dll
0x75470000 - 0x755c7000 	C:\WINDOWS\System32\gdi32full.dll
0x73420000 - 0x73620000 	C:\WINDOWS\WinSxS\x86_microsoft.windows.common-controls_6595b64144ccf1df_6.0.14946.1000_none_d33ee90ed06d81a5\COMCTL32.dll
0x73aa0000 - 0x73caf000 	C:\WINDOWS\System32\combase.dll
0x75340000 - 0x7541a000 	C:\WINDOWS\System32\ucrtbase.dll
0x755d0000 - 0x755f5000 	C:\WINDOWS\System32\IMM32.DLL
0x77f10000 - 0x77fcf000 	C:\Program Files (x86)\Java\jre7\bin\msvcr100.dll
0x6e070000 - 0x6e3fb000 	C:\Program Files (x86)\Java\jre7\bin\client\jvm.dll
0x75780000 - 0x75786000 	C:\WINDOWS\System32\PSAPI.DLL
0x73040000 - 0x73064000 	C:\WINDOWS\SYSTEM32\WINMM.dll
0x73a10000 - 0x73a18000 	C:\WINDOWS\SYSTEM32\WSOCK32.dll
0x75790000 - 0x757f2000 	C:\WINDOWS\System32\WS2_32.dll
0x72ff0000 - 0x73013000 	C:\WINDOWS\SYSTEM32\WINMMBASE.dll
0x76db0000 - 0x76de5000 	C:\WINDOWS\System32\cfgmgr32.dll
0x51000000 - 0x5100c000 	C:\Program Files (x86)\Java\jre7\bin\verify.dll
0x50fd0000 - 0x50ff1000 	C:\Program Files (x86)\Java\jre7\bin\java.dll
0x6d960000 - 0x6d973000 	C:\Program Files (x86)\Java\jre7\bin\zip.dll
0x0f890000 - 0x0fb16000 	D:\FangAI\FangAI\bwapi_bridge2_5.dll
0x71b20000 - 0x71b91000 	C:\WINDOWS\SYSTEM32\MSVCP120.dll
0x6acc0000 - 0x6ad27000 	D:\FangAI\FangAI\libgmp-10.dll
0x6f540000 - 0x6f59e000 	D:\FangAI\FangAI\libmpfr-4.dll
0x71a30000 - 0x71b1e000 	C:\WINDOWS\SYSTEM32\MSVCR120.dll
0x6f100000 - 0x6f24b000 	C:\WINDOWS\SYSTEM32\dbghelp.dll

VM Arguments:
jvm_args: -Dfile.encoding=Cp1252 
java_command: FangBot
Launcher Type: SUN_STANDARD

Environment Variables:
PATH=C:/Program Files (x86)/Java/jre1.8.0_111/bin/client;C:/Program Files (x86)/Java/jre1.8.0_111/bin;C:/Program Files (x86)/Java/jre1.8.0_111/lib/i386;C:\ProgramData\Oracle\Java\javapath;C:\Program Files\Haskell\bin;C:\Program Files\Haskell Platform\8.0.1\lib\extralibs\bin;C:\Program Files\Haskell Platform\8.0.1\bin;C:\Windows\system32;C:\Windows;C:\Windows\System32\Wbem;C:\Windows\System32\WindowsPowerShell\v1.0\;C:\Program Files (x86)\NVIDIA Corporation\PhysX\Common;C:\Program Files\Haskell Platform\8.0.1\mingw\bin;C:\Program Files (x86)\Brackets\command;C:\Program Files (x86)\GtkSharp\2.12\bin;C:\WINDOWS\system32;C:\WINDOWS;C:\WINDOWS\System32\Wbem;C:\WINDOWS\System32\WindowsPowerShell\v1.0\;C:\Program Files (x86)\Windows Live\Shared;C:\Program Files (x86)\Windows Kits\8.1\Windows Performance Toolkit\;C:\Program Files (x86)\Skype\Phone\;C:\Users\dkfan\AppData\Roaming\cabal\bin;C:\Users\dkfan\AppData\Roaming\local\bin;C:\Users\dkfan\AppData\Local\Microsoft\WindowsApps;
USERNAME=dkfan
OS=Windows_NT
PROCESSOR_IDENTIFIER=Intel64 Family 6 Model 94 Stepping 3, GenuineIntel



---------------  S Y S T E M  ---------------

OS: Windows 8.1 , 64 bit Build 9600 

CPU:total 8 (4 cores per cpu, 2 threads per core) family 6 model 94 stepping 3, cmov, cx8, fxsr, mmx, sse, sse2, sse3, ssse3, sse4.1, sse4.2, popcnt, avx, avx2, aes, erms, ht, tsc, tscinvbit

Memory: 4k page, physical 16694876k(10627960k free), swap 19185244k(10271636k free)

vm_info: Java HotSpot(TM) Client VM (24.80-b11) for windows-x86 JRE (1.7.0_80-b15), built on Apr 10 2015 13:33:35 by "java_re" with unknown MS VC++:1600

time: Wed Dec 14 20:35:11 2016
elapsed time: 158 seconds

