#
# A fatal error has been detected by the Java Runtime Environment:
#
#  EXCEPTION_ACCESS_VIOLATION (0xc0000005) at pc=0x0800b3e6, pid=12892, tid=6408
#
# JRE version: Java(TM) SE Runtime Environment (7.0_80-b15) (build 1.7.0_80-b15)
# Java VM: Java HotSpot(TM) Client VM (24.80-b11 mixed mode, sharing windows-x86 )
# Problematic frame:
# C  0x0800b3e6
#
# Failed to write core dump. Minidumps are not enabled by default on client versions of Windows
#
# If you would like to submit a bug report, please visit:
#   http://bugreport.java.com/bugreport/crash.jsp
# The crash happened outside the Java Virtual Machine in native code.
# See problematic frame for where to report the bug.
#

---------------  T H R E A D  ---------------

Current thread (0x0136c000):  JavaThread "main" [_thread_in_native, id=6408, stack(0x012c0000,0x01310000)]

siginfo: ExceptionCode=0xc0000005, ExceptionInformation=0x00000008 0x0800b3e6

Registers:
EAX=0x01492aa8, EBX=0x3487e3d8, ECX=0x0141e7f0, EDX=0x34882a70
ESP=0x0130de6c, EBP=0x0130de88, ESI=0x3487e3d8, EDI=0x0136c000
EIP=0x0800b3e6, EFLAGS=0x00010212

Top of Stack: (sp=0x0130de6c)
0x0130de6c:   0f473f07 0136c000 3487e3d8 3487e3d8
0x0130de7c:   0000006a 013c00c0 00000800 0130dec8
0x0130de8c:   02d3aabd 0136c130 0130dee0 0141e7f0
0x0130de9c:   0136c000 0000006a 77133b79 0130dea8
0x0130deac:   00000000 0130dee0 34882a70 00000000
0x0130debc:   3487e3d8 00000000 0130ded8 0130df04
0x0130decc:   02d3339a 00000000 02d388e6 0141e7f0
0x0130dedc:   0136c000 24cd47e0 0130dee4 34876bad 

Instructions: (pc=0x0800b3e6)
0x0800b3c6:   ff ff ff ff ff ff ff ff ff ff ff ff ff ff ff ff
0x0800b3d6:   ff ff ff ff ff ff 01 00 00 00 00 00 00 00 00 00
0x0800b3e6:   00 00 00 00 00 00 00 01 00 00 00 00 00 00 00 00
0x0800b3f6:   00 00 00 00 00 00 00 00 00 00 01 00 00 00 00 00 


Register to memory mapping:

EAX=0x01492aa8 is an unknown value
EBX=0x3487e3d8 is an oop
{method} 
 - klass: {other class}
ECX=0x0141e7f0 is an unknown value
EDX=0x34882a70 is an oop
{constant pool cache} 
 - klass: {other class}
                 -------------
  0  (0x34882a80)  [b5|b4|    1]
                 [   0x24cd4728]
                 [   0x00000008]
                 [   0x44000001]
                 -------------
  1  (0x34882a90)  [00|00|    2]
                 [   0x00000000]
                 [   0x00000000]
                 [   0x00000000]
                 -------------
  2  (0x34882aa0)  [00|00|    3]
                 [   0x00000000]
                 [   0x00000000]
                 [   0x00000000]
                 -------------
  3  (0x34882ab0)  [00|00|    4]
                 [   0x00000000]
                 [   0x00000000]
                 [   0x00000000]
                 -------------
  4  (0x34882ac0)  [00|00|    5]
                 [   0x00000000]
                 [   0x00000000]
                 [   0x00000000]
                 -------------
  5  (0x34882ad0)  [00|00|    6]
                 [   0x00000000]
                 [   0x00000000]
                 [   0x00000000]
                 -------------
  6  (0x34882ae0)  [00|00|    7]
                 [   0x00000000]
                 [   0x00000000]
                 [   0x00000000]
                 -------------
  7  (0x34882af0)  [00|00|    8]
                 [   0x00000000]
                 [   0x00000000]
                 [   0x00000000]
                 -------------
  8  (0x34882b00)  [00|00|    9]
                 [   0x00000000]
                 [   0x00000000]
                 [   0x00000000]
                 -------------
  9  (0x34882b10)  [00|00|   10]
                 [   0x00000000]
                 [   0x00000000]
                 [   0x00000000]
                 -------------
 10  (0x34882b20)  [00|00|   11]
                 [   0x00000000]
                 [   0x00000000]
                 [   0x00000000]
                 -------------
 11  (0x34882b30)  [00|00|   12]
                 [   0x00000000]
                 [   0x00000000]
                 [   0x00000000]
                 -------------
 12  (0x34882b40)  [00|00|   13]
                 [   0x00000000]
                 [   0x00000000]
                 [   0x00000000]
                 -------------
 13  (0x34882b50)  [00|00|   14]
                 [   0x00000000]
                 [   0x00000000]
                 [   0x00000000]
                 -------------
 14  (0x34882b60)  [00|00|   15]
                 [   0x00000000]
                 [   0x00000000]
                 [   0x00000000]
                 -------------
 15  (0x34882b70)  [00|00|   16]
                 [   0x00000000]
                 [   0x00000000]
                 [   0x00000000]
                 -------------
 16  (0x34882b80)  [00|00|   17]
                 [   0x00000000]
                 [   0x00000000]
                 [   0x00000000]
                 -------------
 17  (0x34882b90)  [00|00|   18]
                 [   0x00000000]
                 [   0x00000000]
                 [   0x00000000]
                 -------------
 18  (0x34882ba0)  [00|00|   19]
                 [   0x00000000]
                 [   0x00000000]
                 [   0x00000000]
                 -------------
 19  (0x34882bb0)  [00|00|   20]
                 [   0x00000000]
                 [   0x00000000]
                 [   0x00000000]
                 -------------
 20  (0x34882bc0)  [00|00|   21]
                 [   0x00000000]
                 [   0x00000000]
                 [   0x00000000]
                 -------------
 21  (0x34882bd0)  [00|00|   22]
                 [   0x00000000]
                 [   0x00000000]
                 [   0x00000000]
                 -------------
 22  (0x34882be0)  [00|00|   23]
                 [   0x00000000]
                 [   0x00000000]
                 [   0x00000000]
                 -------------
 23  (0x34882bf0)  [00|00|   24]
                 [   0x00000000]
                 [   0x00000000]
                 [   0x00000000]
                 -------------
 24  (0x34882c00)  [00|00|   25]
                 [   0x00000000]
                 [   0x00000000]
                 [   0x00000000]
                 -------------
 25  (0x34882c10)  [00|00|   26]
                 [   0x00000000]
                 [   0x00000000]
                 [   0x00000000]
                 -------------
 26  (0x34882c20)  [00|00|   27]
                 [   0x00000000]
                 [   0x00000000]
                 [   0x00000000]
                 -------------
 27  (0x34882c30)  [00|00|   28]
                 [   0x00000000]
                 [   0x00000000]
                 [   0x00000000]
                 -------------
 28  (0x34882c40)  [00|00|   29]
                 [   0x00000000]
                 [   0x00000000]
                 [   0x00000000]
                 -------------
 29  (0x34882c50)  [00|00|   30]
                 [   0x00000000]
                 [   0x00000000]
                 [   0x00000000]
                 -------------
 30  (0x34882c60)  [00|00|   31]
                 [   0x00000000]
                 [   0x00000000]
                 [   0x00000000]
                 -------------
 31  (0x34882c70)  [00|00|   32]
                 [   0x00000000]
                 [   0x00000000]
                 [   0x00000000]
                 -------------
 32  (0x34882c80)  [00|00|   33]
                 [   0x00000000]
                 [   0x00000000]
                 [   0x00000000]
                 -------------
 33  (0x34882c90)  [00|00|   34]
                 [   0x00000000]
                 [   0x00000000]
                 [   0x00000000]
                 -------------
 34  (0x34882ca0)  [00|00|   35]
                 [   0x00000000]
                 [   0x00000000]
                 [   0x00000000]
                 -------------
 35  (0x34882cb0)  [00|00|   36]
                 [   0x00000000]
                 [   0x00000000]
                 [   0x00000000]
                 -------------
 36  (0x34882cc0)  [00|00|   37]
                 [   0x00000000]
                 [   0x00000000]
                 [   0x00000000]
                 -------------
 37  (0x34882cd0)  [00|00|   38]
                 [   0x00000000]
                 [   0x00000000]
                 [   0x00000000]
                 -------------
 38  (0x34882ce0)  [00|00|   39]
                 [   0x00000000]
                 [   0x00000000]
                 [   0x00000000]
                 -------------
 39  (0x34882cf0)  [00|00|   40]
                 [   0x00000000]
                 [   0x00000000]
                 [   0x00000000]
                 -------------
 40  (0x34882d00)  [00|00|   41]
                 [   0x00000000]
                 [   0x00000000]
                 [   0x00000000]
                 -------------
 41  (0x34882d10)  [00|00|   42]
                 [   0x00000000]
                 [   0x00000000]
                 [   0x00000000]
                 -------------
 42  (0x34882d20)  [00|00|   43]
                 [   0x00000000]
                 [   0x00000000]
                 [   0x00000000]
                 -------------
 43  (0x34882d30)  [00|00|   44]
                 [   0x00000000]
                 [   0x00000000]
                 [   0x00000000]
                 -------------
 44  (0x34882d40)  [00|00|   45]
                 [   0x00000000]
                 [   0x00000000]
                 [   0x00000000]
                 -------------
 45  (0x34882d50)  [00|00|   46]
                 [   0x00000000]
                 [   0x00000000]
                 [   0x00000000]
                 -------------
 46  (0x34882d60)  [00|00|   47]
                 [   0x00000000]
                 [   0x00000000]
                 [   0x00000000]
                 -------------
 47  (0x34882d70)  [00|00|   48]
                 [   0x00000000]
                 [   0x00000000]
                 [   0x00000000]
                 -------------
 48  (0x34882d80)  [00|00|   49]
                 [   0x00000000]
                 [   0x00000000]
                 [   0x00000000]
                 -------------
 49  (0x34882d90)  [00|00|   50]
                 [   0x00000000]
                 [   0x00000000]
                 [   0x00000000]
                 -------------
 50  (0x34882da0)  [00|00|   51]
                 [   0x00000000]
                 [   0x00000000]
                 [   0x00000000]
                 -------------
 51  (0x34882db0)  [00|00|   52]
                 [   0x00000000]
                 [   0x00000000]
                 [   0x00000000]
                 -------------
 52  (0x34882dc0)  [00|00|   53]
                 [   0x00000000]
                 [   0x00000000]
                 [   0x00000000]
                 -------------
 53  (0x34882dd0)  [00|00|   54]
                 [   0x00000000]
                 [   0x00000000]
                 [   0x00000000]
                 -------------
 54  (0x34882de0)  [00|00|   55]
                 [   0x00000000]
                 [   0x00000000]
                 [   0x00000000]
                 -------------
 55  (0x34882df0)  [00|00|   56]
                 [   0x00000000]
                 [   0x00000000]
                 [   0x00000000]
                 -------------
 56  (0x34882e00)  [00|00|   57]
                 [   0x00000000]
                 [   0x00000000]
                 [   0x00000000]
                 -------------
 57  (0x34882e10)  [00|00|   58]
                 [   0x00000000]
                 [   0x00000000]
                 [   0x00000000]
                 -------------
 58  (0x34882e20)  [00|00|   59]
                 [   0x00000000]
                 [   0x00000000]
                 [   0x00000000]
                 -------------
 59  (0x34882e30)  [00|00|   60]
                 [   0x00000000]
                 [   0x00000000]
                 [   0x00000000]
                 -------------
 60  (0x34882e40)  [00|00|   61]
                 [   0x00000000]
                 [   0x00000000]
                 [   0x00000000]
                 -------------
 61  (0x34882e50)  [00|00|   62]
                 [   0x00000000]
                 [   0x00000000]
                 [   0x00000000]
                 -------------
 62  (0x34882e60)  [00|00|   63]
                 [   0x00000000]
                 [   0x00000000]
                 [   0x00000000]
                 -------------
 63  (0x34882e70)  [00|00|   64]
                 [   0x00000000]
                 [   0x00000000]
                 [   0x00000000]
                 -------------
 64  (0x34882e80)  [00|00|   65]
                 [   0x00000000]
                 [   0x00000000]
                 [   0x00000000]
                 -------------
 65  (0x34882e90)  [00|00|   66]
                 [   0x00000000]
                 [   0x00000000]
                 [   0x00000000]
                 -------------
 66  (0x34882ea0)  [00|00|   67]
                 [   0x00000000]
                 [   0x00000000]
                 [   0x00000000]
                 -------------
 67  (0x34882eb0)  [00|00|   68]
                 [   0x00000000]
                 [   0x00000000]
                 [   0x00000000]
                 -------------
 68  (0x34882ec0)  [00|00|   69]
                 [   0x00000000]
                 [   0x00000000]
                 [   0x00000000]
                 -------------
 69  (0x34882ed0)  [00|00|   70]
                 [   0x00000000]
                 [   0x00000000]
                 [   0x00000000]
                 -------------
 70  (0x34882ee0)  [00|00|   71]
                 [   0x00000000]
                 [   0x00000000]
                 [   0x00000000]
                 -------------
 71  (0x34882ef0)  [00|00|   72]
                 [   0x00000000]
                 [   0x00000000]
                 [   0x00000000]
                 -------------
 72  (0x34882f00)  [00|00|   73]
                 [   0x00000000]
                 [   0x00000000]
                 [   0x00000000]
                 -------------
 73  (0x34882f10)  [00|00|   74]
                 [   0x00000000]
                 [   0x00000000]
                 [   0x00000000]
                 -------------
 74  (0x34882f20)  [00|00|   75]
                 [   0x00000000]
                 [   0x00000000]
                 [   0x00000000]
                 -------------
 75  (0x34882f30)  [00|00|   76]
                 [   0x00000000]
                 [   0x00000000]
                 [   0x00000000]
                 -------------
 76  (0x34882f40)  [00|00|   77]
                 [   0x00000000]
                 [   0x00000000]
                 [   0x00000000]
                 -------------
 77  (0x34882f50)  [00|00|   78]
                 [   0x00000000]
                 [   0x00000000]
                 [   0x00000000]
                 -------------
 78  (0x34882f60)  [00|00|   79]
                 [   0x00000000]
                 [   0x00000000]
                 [   0x00000000]
                 -------------
 79  (0x34882f70)  [00|00|   80]
                 [   0x00000000]
                 [   0x00000000]
                 [   0x00000000]
                 -------------
 80  (0x34882f80)  [00|00|   81]
                 [   0x00000000]
                 [   0x00000000]
                 [   0x00000000]
                 -------------
 81  (0x34882f90)  [00|00|   82]
                 [   0x00000000]
                 [   0x00000000]
                 [   0x00000000]
                 -------------
 82  (0x34882fa0)  [00|00|   83]
                 [   0x00000000]
                 [   0x00000000]
                 [   0x00000000]
                 -------------
 83  (0x34882fb0)  [00|00|   84]
                 [   0x00000000]
                 [   0x00000000]
                 [   0x00000000]
                 -------------
 84  (0x34882fc0)  [00|00|   85]
                 [   0x00000000]
                 [   0x00000000]
                 [   0x00000000]
                 -------------
 85  (0x34882fd0)  [00|00|   86]
                 [   0x00000000]
                 [   0x00000000]
                 [   0x00000000]
                 -------------
 86  (0x34882fe0)  [00|00|   87]
                 [   0x00000000]
                 [   0x00000000]
                 [   0x00000000]
                 -------------
 87  (0x34882ff0)  [00|00|   88]
                 [   0x00000000]
                 [   0x00000000]
                 [   0x00000000]
                 -------------
 88  (0x34883000)  [00|00|   89]
                 [   0x00000000]
                 [   0x00000000]
                 [   0x00000000]
                 -------------
 89  (0x34883010)  [00|00|   90]
                 [   0x00000000]
                 [   0x00000000]
                 [   0x00000000]
                 -------------
 90  (0x34883020)  [00|00|   91]
                 [   0x00000000]
                 [   0x00000000]
                 [   0x00000000]
                 -------------
 91  (0x34883030)  [00|00|   92]
                 [   0x00000000]
                 [   0x00000000]
                 [   0x00000000]
                 -------------
 92  (0x34883040)  [00|00|   93]
                 [   0x00000000]
                 [   0x00000000]
                 [   0x00000000]
                 -------------
 93  (0x34883050)  [00|00|   94]
                 [   0x00000000]
                 [   0x00000000]
                 [   0x00000000]
                 -------------
 94  (0x34883060)  [00|00|   95]
                 [   0x00000000]
                 [   0x00000000]
                 [   0x00000000]
                 -------------
 95  (0x34883070)  [00|00|   96]
                 [   0x00000000]
                 [   0x00000000]
                 [   0x00000000]
                 -------------
 96  (0x34883080)  [00|00|   97]
                 [   0x00000000]
                 [   0x00000000]
                 [   0x00000000]
                 -------------
 97  (0x34883090)  [00|00|   98]
                 [   0x00000000]
                 [   0x00000000]
                 [   0x00000000]
                 -------------
 98  (0x348830a0)  [00|00|   99]
                 [   0x00000000]
                 [   0x00000000]
                 [   0x00000000]
                 -------------
 99  (0x348830b0)  [00|00|  100]
                 [   0x00000000]
                 [   0x00000000]
                 [   0x00000000]
                 -------------
100  (0x348830c0)  [00|00|  101]
                 [   0x00000000]
                 [   0x00000000]
                 [   0x00000000]
                 -------------
101  (0x348830d0)  [00|b7|  102]
                 [   0x3487e3d8]
                 [   0x00000000]
                 [   0x70000003]
                 -------------
102  (0x348830e0)  [00|00|  103]
                 [   0x00000000]
                 [   0x00000000]
                 [   0x00000000]
                 -------------
103  (0x348830f0)  [00|b7|  104]
                 [   0x3487e4d8]
                 [   0x00000000]
                 [   0x70000003]
                 -------------
104  (0x34883100)  [00|00|  105]
                 [   0x00000000]
                 [   0x00000000]
                 [   0x00000000]
                 -------------
105  (0x34883110)  [00|00|  106]
                 [   0x00000000]
                 [   0x00000000]
                 [   0x00000000]
                 -------------
106  (0x34883120)  [00|00|  107]
                 [   0x00000000]
                 [   0x00000000]
                 [   0x00000000]
                 -------------
107  (0x34883130)  [00|00|  108]
                 [   0x00000000]
                 [   0x00000000]
                 [   0x00000000]
                 -------------
108  (0x34883140)  [00|00|  109]
                 [   0x00000000]
                 [   0x00000000]
                 [   0x00000000]
                 -------------
109  (0x34883150)  [00|00|  110]
                 [   0x00000000]
                 [   0x00000000]
                 [   0x00000000]
                 -------------
110  (0x34883160)  [00|00|  111]
                 [   0x00000000]
                 [   0x00000000]
                 [   0x00000000]
                 -------------
111  (0x34883170)  [00|00|  112]
                 [   0x00000000]
                 [   0x00000000]
                 [   0x00000000]
                 -------------
112  (0x34883180)  [00|00|  113]
                 [   0x00000000]
                 [   0x00000000]
                 [   0x00000000]
                 -------------
113  (0x34883190)  [00|00|  114]
                 [   0x00000000]
                 [   0x00000000]
                 [   0x00000000]
                 -------------
114  (0x348831a0)  [00|b7|  115]
                 [   0x3487ea58]
                 [   0x00000000]
                 [   0x80000006]
                 -------------
115  (0x348831b0)  [00|00|  116]
                 [   0x00000000]
                 [   0x00000000]
                 [   0x00000000]
                 -------------
116  (0x348831c0)  [00|00|  117]
                 [   0x00000000]
                 [   0x00000000]
                 [   0x00000000]
                 -------------
117  (0x348831d0)  [00|00|  118]
                 [   0x00000000]
                 [   0x00000000]
                 [   0x00000000]
                 -------------
118  (0x348831e0)  [00|00|  119]
                 [   0x00000000]
                 [   0x00000000]
                 [   0x00000000]
                 -------------
119  (0x348831f0)  [00|00|  120]
                 [   0x00000000]
                 [   0x00000000]
                 [   0x00000000]
                 -------------
120  (0x34883200)  [00|00|  121]
                 [   0x00000000]
                 [   0x00000000]
                 [   0x00000000]
                 -------------
121  (0x34883210)  [00|00|  122]
                 [   0x00000000]
                 [   0x00000000]
                 [   0x00000000]
                 -------------
122  (0x34883220)  [00|00|  123]
                 [   0x00000000]
                 [   0x00000000]
                 [   0x00000000]
                 -------------
123  (0x34883230)  [00|00|  124]
                 [   0x00000000]
                 [   0x00000000]
                 [   0x00000000]
                 -------------
124  (0x34883240)  [00|00|  125]
                 [   0x00000000]
                 [   0x00000000]
                 [   0x00000000]
                 -------------
125  (0x34883250)  [00|00|  126]
                 [   0x00000000]
                 [   0x00000000]
                 [   0x00000000]
                 -------------
126  (0x34883260)  [00|00|  127]
                 [   0x00000000]
                 [   0x00000000]
                 [   0x00000000]
                 -------------
127  (0x34883270)  [00|00|  128]
                 [   0x00000000]
                 [   0x00000000]
                 [   0x00000000]
                 -------------
128  (0x34883280)  [00|00|  129]
                 [   0x00000000]
                 [   0x00000000]
                 [   0x00000000]
                 -------------
129  (0x34883290)  [00|00|  130]
                 [   0x00000000]
                 [   0x00000000]
                 [   0x00000000]
                 -------------
130  (0x348832a0)  [00|00|  131]
                 [   0x00000000]
                 [   0x00000000]
                 [   0x00000000]
                 -------------
131  (0x348832b0)  [00|00|  132]
                 [   0x00000000]
                 [   0x00000000]
                 [   0x00000000]
                 -------------
132  (0x348832c0)  [00|00|  133]
                 [   0x00000000]
                 [   0x00000000]
                 [   0x00000000]
                 -------------
133  (0x348832d0)  [00|00|  134]
                 [   0x00000000]
                 [   0x00000000]
                 [   0x00000000]
                 -------------
134  (0x348832e0)  [00|00|  135]
                 [   0x00000000]
                 [   0x00000000]
                 [   0x00000000]
                 -------------
135  (0x348832f0)  [00|00|  136]
                 [   0x00000000]
                 [   0x00000000]
                 [   0x00000000]
                 -------------
136  (0x34883300)  [00|00|  137]
                 [   0x00000000]
                 [   0x00000000]
                 [   0x00000000]
                 -------------
137  (0x34883310)  [00|00|  138]
                 [   0x00000000]
                 [   0x00000000]
                 [   0x00000000]
                 -------------
138  (0x34883320)  [00|00|  139]
                 [   0x00000000]
                 [   0x00000000]
                 [   0x00000000]
                 -------------
139  (0x34883330)  [00|00|  140]
                 [   0x00000000]
                 [   0x00000000]
                 [   0x00000000]
                 -------------
140  (0x34883340)  [00|00|  141]
                 [   0x00000000]
                 [   0x00000000]
                 [   0x00000000]
                 -------------
141  (0x34883350)  [00|00|  142]
                 [   0x00000000]
                 [   0x00000000]
                 [   0x00000000]
                 -------------
142  (0x34883360)  [00|00|  143]
                 [   0x00000000]
                 [   0x00000000]
                 [   0x00000000]
                 -------------
143  (0x34883370)  [00|00|  144]
                 [   0x00000000]
                 [   0x00000000]
                 [   0x00000000]
                 -------------
144  (0x34883380)  [00|00|  145]
                 [   0x00000000]
                 [   0x00000000]
                 [   0x00000000]
                 -------------
145  (0x34883390)  [00|00|  146]
                 [   0x00000000]
                 [   0x00000000]
                 [   0x00000000]
                 -------------
146  (0x348833a0)  [00|00|  147]
                 [   0x00000000]
                 [   0x00000000]
                 [   0x00000000]
                 -------------
147  (0x348833b0)  [00|00|  148]
                 [   0x00000000]
                 [   0x00000000]
                 [   0x00000000]
                 -------------
148  (0x348833c0)  [00|00|  149]
                 [   0x00000000]
                 [   0x00000000]
                 [   0x00000000]
                 -------------
149  (0x348833d0)  [00|00|  150]
                 [   0x00000000]
                 [   0x00000000]
                 [   0x00000000]
                 -------------
150  (0x348833e0)  [00|00|  151]
                 [   0x00000000]
                 [   0x00000000]
                 [   0x00000000]
                 -------------
151  (0x348833f0)  [00|00|  152]
                 [   0x00000000]
                 [   0x00000000]
                 [   0x00000000]
                 -------------
152  (0x34883400)  [00|00|  153]
                 [   0x00000000]
                 [   0x00000000]
                 [   0x00000000]
                 -------------
153  (0x34883410)  [00|00|  154]
                 [   0x00000000]
                 [   0x00000000]
                 [   0x00000000]
                 -------------
154  (0x34883420)  [00|00|  155]
                 [   0x00000000]
                 [   0x00000000]
                 [   0x00000000]
                 -------------
155  (0x34883430)  [00|00|  156]
                 [   0x00000000]
                 [   0x00000000]
                 [   0x00000000]
                 -------------
156  (0x34883440)  [00|00|  157]
                 [   0x00000000]
                 [   0x00000000]
                 [   0x00000000]
                 -------------
157  (0x34883450)  [00|00|  158]
                 [   0x00000000]
                 [   0x00000000]
                 [   0x00000000]
                 -------------
158  (0x34883460)  [00|00|  159]
                 [   0x00000000]
                 [   0x00000000]
                 [   0x00000000]
                 -------------
159  (0x34883470)  [00|00|  160]
                 [   0x00000000]
                 [   0x00000000]
                 [   0x00000000]
                 -------------
160  (0x34883480)  [00|00|  161]
                 [   0x00000000]
                 [   0x00000000]
                 [   0x00000000]
                 -------------
161  (0x34883490)  [00|00|  162]
                 [   0x00000000]
                 [   0x00000000]
                 [   0x00000000]
                 -------------
162  (0x348834a0)  [00|00|  163]
                 [   0x00000000]
                 [   0x00000000]
                 [   0x00000000]
                 -------------
163  (0x348834b0)  [00|00|  164]
                 [   0x00000000]
                 [   0x00000000]
                 [   0x00000000]
                 -------------
164  (0x348834c0)  [00|00|  165]
                 [   0x00000000]
                 [   0x00000000]
                 [   0x00000000]
                 -------------
165  (0x348834d0)  [00|00|  166]
                 [   0x00000000]
                 [   0x00000000]
                 [   0x00000000]
                 -------------
166  (0x348834e0)  [00|00|  167]
                 [   0x00000000]
                 [   0x00000000]
                 [   0x00000000]
                 -------------
167  (0x348834f0)  [00|00|  168]
                 [   0x00000000]
                 [   0x00000000]
                 [   0x00000000]
                 -------------
168  (0x34883500)  [00|00|  169]
                 [   0x00000000]
                 [   0x00000000]
                 [   0x00000000]
                 -------------
169  (0x34883510)  [00|00|  170]
                 [   0x00000000]
                 [   0x00000000]
                 [   0x00000000]
                 -------------
170  (0x34883520)  [00|00|  171]
                 [   0x00000000]
                 [   0x00000000]
                 [   0x00000000]
                 -------------
171  (0x34883530)  [00|00|  172]
                 [   0x00000000]
                 [   0x00000000]
                 [   0x00000000]
                 -------------
172  (0x34883540)  [00|00|  173]
                 [   0x00000000]
                 [   0x00000000]
                 [   0x00000000]
                 -------------
173  (0x34883550)  [00|00|  174]
                 [   0x00000000]
                 [   0x00000000]
                 [   0x00000000]
                 -------------
174  (0x34883560)  [00|00|  175]
                 [   0x00000000]
                 [   0x00000000]
                 [   0x00000000]
                 -------------
175  (0x34883570)  [00|00|  176]
                 [   0x00000000]
                 [   0x00000000]
                 [   0x00000000]
                 -------------
176  (0x34883580)  [00|00|  177]
                 [   0x00000000]
                 [   0x00000000]
                 [   0x00000000]
                 -------------
177  (0x34883590)  [00|00|  178]
                 [   0x00000000]
                 [   0x00000000]
                 [   0x00000000]
                 -------------
178  (0x348835a0)  [00|00|  179]
                 [   0x00000000]
                 [   0x00000000]
                 [   0x00000000]
                 -------------
179  (0x348835b0)  [00|00|  180]
                 [   0x00000000]
                 [   0x00000000]
                 [   0x00000000]
                 -------------
180  (0x348835c0)  [00|00|  181]
                 [   0x00000000]
                 [   0x00000000]
                 [   0x00000000]
                 -------------
181  (0x348835d0)  [00|00|  182]
                 [   0x00000000]
                 [   0x00000000]
                 [   0x00000000]
                 -------------
182  (0x348835e0)  [00|00|  183]
                 [   0x00000000]
                 [   0x00000000]
                 [   0x00000000]
                 -------------
183  (0x348835f0)  [00|00|  184]
                 [   0x00000000]
                 [   0x00000000]
                 [   0x00000000]
                 -------------
184  (0x34883600)  [00|00|  185]
                 [   0x00000000]
                 [   0x00000000]
                 [   0x00000000]
                 -------------
185  (0x34883610)  [00|00|  186]
                 [   0x00000000]
                 [   0x00000000]
                 [   0x00000000]
                 -------------
186  (0x34883620)  [00|00|  187]
                 [   0x00000000]
                 [   0x00000000]
                 [   0x00000000]
                 -------------
187  (0x34883630)  [00|00|  188]
                 [   0x00000000]
                 [   0x00000000]
                 [   0x00000000]
                 -------------
188  (0x34883640)  [00|00|  189]
                 [   0x00000000]
                 [   0x00000000]
                 [   0x00000000]
                 -------------
189  (0x34883650)  [00|00|  190]
                 [   0x00000000]
                 [   0x00000000]
                 [   0x00000000]
                 -------------
190  (0x34883660)  [00|00|  191]
                 [   0x00000000]
                 [   0x00000000]
                 [   0x00000000]
                 -------------
191  (0x34883670)  [00|00|  192]
                 [   0x00000000]
                 [   0x00000000]
                 [   0x00000000]
                 -------------
192  (0x34883680)  [00|00|  193]
                 [   0x00000000]
                 [   0x00000000]
                 [   0x00000000]
                 -------------
193  (0x34883690)  [00|00|  194]
                 [   0x00000000]
                 [   0x00000000]
                 [   0x00000000]
                 -------------
194  (0x348836a0)  [00|00|  195]
                 [   0x00000000]
                 [   0x00000000]
                 [   0x00000000]
                 -------------
195  (0x348836b0)  [00|00|  196]
                 [   0x00000000]
                 [   0x00000000]
                 [   0x00000000]
                 -------------
196  (0x348836c0)  [00|00|  197]
                 [   0x00000000]
                 [   0x00000000]
                 [   0x00000000]
                 -------------
197  (0x348836d0)  [00|00|  198]
                 [   0x00000000]
                 [   0x00000000]
                 [   0x00000000]
                 -------------
198  (0x348836e0)  [00|00|  199]
                 [   0x00000000]
                 [   0x00000000]
                 [   0x00000000]
                 -------------
199  (0x348836f0)  [00|00|  200]
                 [   0x00000000]
                 [   0x00000000]
                 [   0x00000000]
                 -------------
200  (0x34883700)  [00|00|  201]
                 [   0x00000000]
                 [   0x00000000]
                 [   0x00000000]
                 -------------
201  (0x34883710)  [00|00|  202]
                 [   0x00000000]
                 [   0x00000000]
                 [   0x00000000]
                 -------------
202  (0x34883720)  [00|00|  203]
                 [   0x00000000]
                 [   0x00000000]
                 [   0x00000000]
                 -------------
203  (0x34883730)  [00|00|  204]
                 [   0x00000000]
                 [   0x00000000]
                 [   0x00000000]
                 -------------
204  (0x34883740)  [00|00|  205]
                 [   0x00000000]
                 [   0x00000000]
                 [   0x00000000]
                 -------------
205  (0x34883750)  [00|00|  206]
                 [   0x00000000]
                 [   0x00000000]
                 [   0x00000000]
                 -------------
206  (0x34883760)  [00|00|  207]
                 [   0x00000000]
                 [   0x00000000]
                 [   0x00000000]
                 -------------
207  (0x34883770)  [00|00|  208]
                 [   0x00000000]
                 [   0x00000000]
                 [   0x00000000]
                 -------------
208  (0x34883780)  [00|00|  209]
                 [   0x00000000]
                 [   0x00000000]
                 [   0x00000000]
                 -------------
209  (0x34883790)  [00|00|  210]
                 [   0x00000000]
                 [   0x00000000]
                 [   0x00000000]
                 -------------
210  (0x348837a0)  [00|00|  211]
                 [   0x00000000]
                 [   0x00000000]
                 [   0x00000000]
                 -------------
211  (0x348837b0)  [00|00|  212]
                 [   0x00000000]
                 [   0x00000000]
                 [   0x00000000]
                 -------------
212  (0x348837c0)  [00|00|  213]
                 [   0x00000000]
                 [   0x00000000]
                 [   0x00000000]
                 -------------
213  (0x348837d0)  [00|00|  214]
                 [   0x00000000]
                 [   0x00000000]
                 [   0x00000000]
                 -------------
214  (0x348837e0)  [00|00|  215]
                 [   0x00000000]
                 [   0x00000000]
                 [   0x00000000]
                 -------------
215  (0x348837f0)  [00|00|  216]
                 [   0x00000000]
                 [   0x00000000]
                 [   0x00000000]
                 -------------
216  (0x34883800)  [00|00|  217]
                 [   0x00000000]
                 [   0x00000000]
                 [   0x00000000]
                 -------------
217  (0x34883810)  [00|00|  218]
                 [   0x00000000]
                 [   0x00000000]
                 [   0x00000000]
                 -------------
218  (0x34883820)  [00|00|  219]
                 [   0x00000000]
                 [   0x00000000]
                 [   0x00000000]
                 -------------
219  (0x34883830)  [00|00|  220]
                 [   0x00000000]
                 [   0x00000000]
                 [   0x00000000]
                 -------------
220  (0x34883840)  [00|00|  221]
                 [   0x00000000]
                 [   0x00000000]
                 [   0x00000000]
                 -------------
221  (0x34883850)  [00|00|  222]
                 [   0x00000000]
                 [   0x00000000]
                 [   0x00000000]
                 -------------
222  (0x34883860)  [00|00|  223]
                 [   0x00000000]
                 [   0x00000000]
                 [   0x00000000]
                 -------------
223  (0x34883870)  [00|00|  224]
                 [   0x00000000]
                 [   0x00000000]
                 [   0x00000000]
                 -------------
224  (0x34883880)  [00|00|  225]
                 [   0x00000000]
                 [   0x00000000]
                 [   0x00000000]
                 -------------
225  (0x34883890)  [00|b7|  226]
                 [   0x39200528]
                 [   0x00000000]
                 [   0x80000001]
                 -------------
226  (0x348838a0)  [b3|b2|  227]
                 [   0x24cd4728]
                 [   0x00000058]
                 [   0x74000000]
                 -------------
227  (0x348838b0)  [00|b8|  228]
                 [   0x3923b338]
                 [   0x00000000]
                 [   0x70400002]
                 -------------
228  (0x348838c0)  [00|b9|  229]
                 [   0x3921aa40]
                 [   0x00000002]
                 [   0x70000002]
                 -------------
229  (0x348838d0)  [00|b7|  231]
                 [   0x3487b090]
                 [   0x00000000]
                 [   0x80000003]
                 -------------
230  (0x348838e0)  [00|b9|  232]
                 [   0x3921aa40]
                 [   0x00000006]
                 [   0x70000003]
                 -------------
231  (0x348838f0)  [00|b7|  234]
                 [   0x39241b88]
                 [   0x00000000]
                 [   0x80000001]
                 -------------
ESP=0x0130de6c is pointing into the stack for thread: 0x0136c000
EBP=0x0130de88 is pointing into the stack for thread: 0x0136c000
ESI=0x3487e3d8 is an oop
{method} 
 - klass: {other class}
EDI=0x0136c000 is a thread


Stack: [0x012c0000,0x01310000],  sp=0x0130de6c,  free space=311k
Native frames: (J=compiled Java code, j=interpreted, Vv=VM code, C=native code)
C  0x0800b3e6
j  bwapi.Game.self_native(J)Lbwapi/Player;+0
j  bwapi.Game.self()Lbwapi/Player;+5
j  TestBot1.onStart()V+16
j  bwapi.AIModule.onStart()V+11
v  ~StubRoutines::call_stub
V  [jvm.dll+0x1429aa]
V  [jvm.dll+0x20743e]
V  [jvm.dll+0x142a2d]
V  [jvm.dll+0xcb7b2]
V  [jvm.dll+0xcf403]
C  [bwapi_bridge2_5.dll+0x1b20d]
C  [bwapi_bridge2_5.dll+0x750d3]
j  bwapi.Mirror.startGame()V+0
j  TestBot1.run()V+15
j  TestBot1.main([Ljava/lang/String;)V+7
v  ~StubRoutines::call_stub
V  [jvm.dll+0x1429aa]
V  [jvm.dll+0x20743e]
V  [jvm.dll+0x142a2d]
V  [jvm.dll+0xcb535]
V  [jvm.dll+0xd61d7]
C  [javaw.exe+0x2070]
C  [javaw.exe+0xa6d1]
C  [javaw.exe+0xa75b]
C  [KERNEL32.DLL+0x16394]
C  [ntdll.dll+0x604bb]
C  [ntdll.dll+0x6048b]

Java frames: (J=compiled Java code, j=interpreted, Vv=VM code)
j  bwapi.Game.self_native(J)Lbwapi/Player;+0
j  bwapi.Game.self()Lbwapi/Player;+5
j  TestBot1.onStart()V+16
j  bwapi.AIModule.onStart()V+11
v  ~StubRoutines::call_stub
j  bwapi.Mirror.startGame()V+0
j  TestBot1.run()V+15
j  TestBot1.main([Ljava/lang/String;)V+7
v  ~StubRoutines::call_stub

---------------  P R O C E S S  ---------------

Java Threads: ( => current thread )
  0x01559000 JavaThread "Service Thread" daemon [_thread_blocked, id=14988, stack(0x05220000,0x05270000)]
  0x01554400 JavaThread "C1 CompilerThread0" daemon [_thread_blocked, id=3912, stack(0x05190000,0x051e0000)]
  0x01551000 JavaThread "Attach Listener" daemon [_thread_blocked, id=3844, stack(0x05100000,0x05150000)]
  0x0154f000 JavaThread "Signal Dispatcher" daemon [_thread_blocked, id=3896, stack(0x05070000,0x050c0000)]
  0x014e0c00 JavaThread "Finalizer" daemon [_thread_blocked, id=8404, stack(0x04fe0000,0x05030000)]
  0x014df400 JavaThread "Reference Handler" daemon [_thread_blocked, id=5968, stack(0x04f50000,0x04fa0000)]
=>0x0136c000 JavaThread "main" [_thread_in_native, id=6408, stack(0x012c0000,0x01310000)]

Other Threads:
  0x014dd400 VMThread [stack: 0x04ec0000,0x04f10000] [id=6788]
  0x01569800 WatcherThread [stack: 0x052b0000,0x05300000] [id=6792]

VM state:not at safepoint (normal execution)

VM Mutex/Monitor currently owned by a thread: None

Heap
 def new generation   total 4928K, used 752K [0x24800000, 0x24d50000, 0x29d50000)
  eden space 4416K,   6% used [0x24800000, 0x2484ce68, 0x24c50000)
  from space 512K,  86% used [0x24cd0000, 0x24d3f210, 0x24d50000)
  to   space 512K,   0% used [0x24c50000, 0x24c50000, 0x24cd0000)
 tenured generation   total 10944K, used 0K [0x29d50000, 0x2a800000, 0x34800000)
   the space 10944K,   0% used [0x29d50000, 0x29d50000, 0x29d50200, 0x2a800000)
 compacting perm gen  total 12288K, used 584K [0x34800000, 0x35400000, 0x38800000)
   the space 12288K,   4% used [0x34800000, 0x348921a8, 0x34892200, 0x35400000)
    ro space 10240K,  42% used [0x38800000, 0x38c37108, 0x38c37200, 0x39200000)
    rw space 12288K,  52% used [0x39200000, 0x39841738, 0x39841800, 0x39e00000)

Card table byte_map: [0x04db0000,0x04e60000] byte_map_base: 0x04c8c000

Polling page: 0x01130000

Code Cache  [0x02d30000, 0x02dd8000, 0x04d30000)
 total_blobs=217 nmethods=80 adapters=74 free_code_cache=32100Kb largest_free_block=32870528

Compilation events (10 events):
Event: 11.999 Thread 0x01554400   70             TestBot1::onFrame (354 bytes)
Event: 12.000 Thread 0x01554400 nmethod 70 0x02dd2e08 code [0x02dd31b0, 0x02dd3de8]
Event: 17.155 Thread 0x01554400   72             java.util.Arrays::copyOf (19 bytes)
Event: 17.155 Thread 0x01554400 nmethod 72 0x02dd5448 code [0x02dd5550, 0x02dd56bc]
Event: 19.014 Thread 0x01554400   76             java.lang.AbstractStringBuilder::expandCapacity (50 bytes)
Event: 19.014 Thread 0x01554400 nmethod 76 0x02dd5f08 code [0x02dd6020, 0x02dd6258]
Event: 21.405 Thread 0x01554400   78             bwapi.TilePosition::<init> (15 bytes)
Event: 21.405 Thread 0x01554400 nmethod 78 0x02dd6608 code [0x02dd6700, 0x02dd6780]
Event: 21.405 Thread 0x01554400   79             bwapi.TilePosition::toString (40 bytes)
Event: 21.405 Thread 0x01554400 nmethod 79 0x02dd67c8 code [0x02dd6910, 0x02dd6b68]

GC Heap History (2 events):
Event: 42.030 GC heap before
{Heap before GC invocations=0 (full 0):
 def new generation   total 4928K, used 4416K [0x24800000, 0x24d50000, 0x29d50000)
  eden space 4416K, 100% used [0x24800000, 0x24c50000, 0x24c50000)
  from space 512K,   0% used [0x24c50000, 0x24c50000, 0x24cd0000)
  to   space 512K,   0% used [0x24cd0000, 0x24cd0000, 0x24d50000)
 tenured generation   total 10944K, used 0K [0x29d50000, 0x2a800000, 0x34800000)
   the space 10944K,   0% used [0x29d50000, 0x29d50000, 0x29d50200, 0x2a800000)
 compacting perm gen  total 12288K, used 584K [0x34800000, 0x35400000, 0x38800000)
   the space 12288K,   4% used [0x34800000, 0x348921a8, 0x34892200, 0x35400000)
    ro space 10240K,  42% used [0x38800000, 0x38c37108, 0x38c37200, 0x39200000)
    rw space 12288K,  52% used [0x39200000, 0x39841738, 0x39841800, 0x39e00000)
Event: 42.031 GC heap after
Heap after GC invocations=1 (full 0):
 def new generation   total 4928K, used 444K [0x24800000, 0x24d50000, 0x29d50000)
  eden space 4416K,   0% used [0x24800000, 0x24800000, 0x24c50000)
  from space 512K,  86% used [0x24cd0000, 0x24d3f210, 0x24d50000)
  to   space 512K,   0% used [0x24c50000, 0x24c50000, 0x24cd0000)
 tenured generation   total 10944K, used 0K [0x29d50000, 0x2a800000, 0x34800000)
   the space 10944K,   0% used [0x29d50000, 0x29d50000, 0x29d50200, 0x2a800000)
 compacting perm gen  total 12288K, used 584K [0x34800000, 0x35400000, 0x38800000)
   the space 12288K,   4% used [0x34800000, 0x348921a8, 0x34892200, 0x35400000)
    ro space 10240K,  42% used [0x38800000, 0x38c37108, 0x38c37200, 0x39200000)
    rw space 12288K,  52% used [0x39200000, 0x39841738, 0x39841800, 0x39e00000)
}

Deoptimization events (0 events):
No events

Internal exceptions (10 events):
Event: 0.034 Thread 0x0136c000 Threw 0x248eda88 at C:\re\jdk7u80\2329\hotspot\src\share\vm\prims\jvm.cpp:1319
Event: 3.073 Thread 0x0136c000 Threw 0x248f96b0 at C:\re\jdk7u80\2329\hotspot\src\share\vm\prims\jvm.cpp:1319
Event: 3.075 Thread 0x0136c000 Threw 0x24908ab0 at C:\re\jdk7u80\2329\hotspot\src\share\vm\prims\jvm.cpp:1319
Event: 3.075 Thread 0x0136c000 Threw 0x2490bab8 at C:\re\jdk7u80\2329\hotspot\src\share\vm\prims\jvm.cpp:1319
Event: 5.261 Thread 0x0136c000 Threw 0x2491b5f0 at C:\re\jdk7u80\2329\hotspot\src\share\vm\prims\jvm.cpp:1319
Event: 5.561 Thread 0x0136c000 Threw 0x2491ec58 at C:\re\jdk7u80\2329\hotspot\src\share\vm\prims\jvm.cpp:1319
Event: 5.562 Thread 0x0136c000 Threw 0x24922c68 at C:\re\jdk7u80\2329\hotspot\src\share\vm\prims\jvm.cpp:1319
Event: 5.562 Thread 0x0136c000 Threw 0x24925b80 at C:\re\jdk7u80\2329\hotspot\src\share\vm\prims\jvm.cpp:1319
Event: 5.563 Thread 0x0136c000 Threw 0x24927d58 at C:\re\jdk7u80\2329\hotspot\src\share\vm\prims\jvm.cpp:1319
Event: 5.572 Thread 0x0136c000 Threw 0x2499ca60 at C:\re\jdk7u80\2329\hotspot\src\share\vm\prims\jvm.cpp:1319

Events (10 events):
Event: 42.031 Executing VM operation: RevokeBias
Event: 42.031 Executing VM operation: RevokeBias done
Event: 42.031 Executing VM operation: RevokeBias
Event: 42.031 Executing VM operation: RevokeBias done
Event: 42.031 Executing VM operation: RevokeBias
Event: 42.031 Executing VM operation: RevokeBias done
Event: 42.031 Executing VM operation: RevokeBias
Event: 42.031 Executing VM operation: RevokeBias done
Event: 42.031 Executing VM operation: RevokeBias
Event: 42.031 Executing VM operation: RevokeBias done


Dynamic libraries:
0x01290000 - 0x012bf000 	C:\Program Files (x86)\Java\jre7\bin\javaw.exe
0x770e0000 - 0x7725f000 	C:\WINDOWS\SYSTEM32\ntdll.dll
0x73da0000 - 0x73e80000 	C:\WINDOWS\System32\KERNEL32.DLL
0x76ba0000 - 0x76d4e000 	C:\WINDOWS\System32\KERNELBASE.dll
0x762a0000 - 0x76316000 	C:\WINDOWS\System32\ADVAPI32.dll
0x76080000 - 0x7613d000 	C:\WINDOWS\System32\msvcrt.dll
0x76250000 - 0x76291000 	C:\WINDOWS\System32\sechost.dll
0x75b60000 - 0x75c1c000 	C:\WINDOWS\System32\RPCRT4.dll
0x73be0000 - 0x73bfe000 	C:\WINDOWS\System32\SspiCli.dll
0x73bd0000 - 0x73bda000 	C:\WINDOWS\System32\CRYPTBASE.dll
0x76140000 - 0x76198000 	C:\WINDOWS\System32\bcryptPrimitives.dll
0x76a50000 - 0x76b9d000 	C:\WINDOWS\System32\USER32.dll
0x76060000 - 0x76076000 	C:\WINDOWS\System32\win32u.dll
0x73c00000 - 0x73c2a000 	C:\WINDOWS\System32\GDI32.dll
0x75c20000 - 0x75d77000 	C:\WINDOWS\System32\gdi32full.dll
0x737c0000 - 0x739c0000 	C:\WINDOWS\WinSxS\x86_microsoft.windows.common-controls_6595b64144ccf1df_6.0.14946.1000_none_d33ee90ed06d81a5\COMCTL32.dll
0x75900000 - 0x75b0f000 	C:\WINDOWS\System32\combase.dll
0x76d50000 - 0x76e2a000 	C:\WINDOWS\System32\ucrtbase.dll
0x76f60000 - 0x76f85000 	C:\WINDOWS\System32\IMM32.DLL
0x6d250000 - 0x6d30f000 	C:\Program Files (x86)\Java\jre7\bin\msvcr100.dll
0x6e4a0000 - 0x6e82b000 	C:\Program Files (x86)\Java\jre7\bin\client\jvm.dll
0x76050000 - 0x76056000 	C:\WINDOWS\System32\PSAPI.DLL
0x73500000 - 0x73508000 	C:\WINDOWS\SYSTEM32\WSOCK32.dll
0x734b0000 - 0x734d4000 	C:\WINDOWS\SYSTEM32\WINMM.dll
0x73c40000 - 0x73ca2000 	C:\WINDOWS\System32\WS2_32.dll
0x73480000 - 0x734a3000 	C:\WINDOWS\SYSTEM32\WINMMBASE.dll
0x763c0000 - 0x763f5000 	C:\WINDOWS\System32\cfgmgr32.dll
0x6d240000 - 0x6d24c000 	C:\Program Files (x86)\Java\jre7\bin\verify.dll
0x6d210000 - 0x6d231000 	C:\Program Files (x86)\Java\jre7\bin\java.dll
0x6cdb0000 - 0x6cdc3000 	C:\Program Files (x86)\Java\jre7\bin\zip.dll
0x0f450000 - 0x0f6d6000 	C:\Users\dkfan\Desktop\ExampleBot\bwapi_bridge2_5.dll
0x6bbf0000 - 0x6bc61000 	C:\WINDOWS\SYSTEM32\MSVCP120.dll
0x6bc70000 - 0x6bd5e000 	C:\WINDOWS\SYSTEM32\MSVCR120.dll
0x6acc0000 - 0x6ad27000 	C:\Users\dkfan\Desktop\ExampleBot\libgmp-10.dll
0x6f540000 - 0x6f59e000 	C:\Users\dkfan\Desktop\ExampleBot\libmpfr-4.dll
0x71480000 - 0x715cb000 	C:\WINDOWS\SYSTEM32\dbghelp.dll

VM Arguments:
jvm_args: -Dfile.encoding=Cp1252 
java_command: TestBot1
Launcher Type: SUN_STANDARD

Environment Variables:
PATH=C:/Program Files (x86)/Java/jre1.8.0_111/bin/client;C:/Program Files (x86)/Java/jre1.8.0_111/bin;C:/Program Files (x86)/Java/jre1.8.0_111/lib/i386;C:\ProgramData\Oracle\Java\javapath;C:\Program Files\Haskell\bin;C:\Program Files\Haskell Platform\8.0.1\lib\extralibs\bin;C:\Program Files\Haskell Platform\8.0.1\bin;C:\Windows\system32;C:\Windows;C:\Windows\System32\Wbem;C:\Windows\System32\WindowsPowerShell\v1.0\;C:\Program Files (x86)\NVIDIA Corporation\PhysX\Common;C:\Program Files\Haskell Platform\8.0.1\mingw\bin;C:\Program Files (x86)\Brackets\command;C:\Program Files (x86)\GtkSharp\2.12\bin;C:\WINDOWS\system32;C:\WINDOWS;C:\WINDOWS\System32\Wbem;C:\WINDOWS\System32\WindowsPowerShell\v1.0\;C:\Program Files (x86)\Windows Live\Shared;C:\Program Files (x86)\Windows Kits\8.1\Windows Performance Toolkit\;C:\Users\dkfan\AppData\Roaming\cabal\bin;C:\Users\dkfan\AppData\Roaming\local\bin;C:\Users\dkfan\AppData\Local\Microsoft\WindowsApps;
USERNAME=dkfan
OS=Windows_NT
PROCESSOR_IDENTIFIER=Intel64 Family 6 Model 94 Stepping 3, GenuineIntel



---------------  S Y S T E M  ---------------

OS: Windows 8.1 , 64 bit Build 9600 

CPU:total 8 (4 cores per cpu, 2 threads per core) family 6 model 94 stepping 3, cmov, cx8, fxsr, mmx, sse, sse2, sse3, ssse3, sse4.1, sse4.2, popcnt, avx, avx2, aes, erms, ht, tsc, tscinvbit

Memory: 4k page, physical 16694876k(12106372k free), swap 21151324k(15778516k free)

vm_info: Java HotSpot(TM) Client VM (24.80-b11) for windows-x86 JRE (1.7.0_80-b15), built on Apr 10 2015 13:33:35 by "java_re" with unknown MS VC++:1600

time: Sun Nov 06 22:17:22 2016
elapsed time: 55 seconds

