#
# A fatal error has been detected by the Java Runtime Environment:
#
#  EXCEPTION_ACCESS_VIOLATION (0xc0000005) at pc=0x6e82569b, pid=9756, tid=6628
#
# JRE version: Java(TM) SE Runtime Environment (7.0_80-b15) (build 1.7.0_80-b15)
# Java VM: Java HotSpot(TM) Client VM (24.80-b11 mixed mode, sharing windows-x86 )
# Problematic frame:
# V  [jvm.dll+0xc569b]
#
# Failed to write core dump. Minidumps are not enabled by default on client versions of Windows
#
# If you would like to submit a bug report, please visit:
#   http://bugreport.java.com/bugreport/crash.jsp
#

---------------  T H R E A D  ---------------

Current thread (0x0288c000):  JavaThread "main" [_thread_in_vm, id=6628, stack(0x01120000,0x01170000)]

siginfo: ExceptionCode=0xc0000005, reading address 0x00000000

Registers:
EAX=0x00000000, EBX=0x04ec94e8, ECX=0x00000000, EDX=0x00000007
ESP=0x0116d7f4, EBP=0x0116d810, ESI=0x0288c130, EDI=0x0288c000
EIP=0x6e82569b, EFLAGS=0x00010246

Top of Stack: (sp=0x0116d7f4)
0x0116d7f4:   0116d908 00000000 04ec94e8 0288c000
0x0116d804:   00000000 00000000 04ec94e8 0116d894
0x0116d814:   0f1fc65a 0288c130 00000000 6e696f70
0x0116d824:   00726574 0116d894 0f1fc61e 00000007
0x0116d834:   0000000f 624c004a 69706177 696e552f
0x0116d844:   02003b74 00000001 0000000f 3e73be94
0x0116d854:   0288c000 07542e08 0288c000 04ec94e8
0x0116d864:   04eca5ac 0282ae18 0282ae14 0116d838 

Instructions: (pc=0x6e82569b)
0x6e82567b:   f3 ff 83 c4 08 83 7f 04 00 89 7d f0 c7 45 f4 00
0x6e82568b:   00 00 00 74 08 8d 4d f0 e8 78 aa 0c 00 8b 45 0c
0x6e82569b:   8b 08 8b 51 04 8b 42 40 50 56 e8 a6 e3 07 00 83
0x6e8256ab:   c4 08 83 7d f4 00 89 45 08 74 08 8d 4d f0 e8 92 


Register to memory mapping:

EAX=0x00000000 is an unknown value
EBX=0x04ec94e8 is a global jni handle
ECX=0x00000000 is an unknown value
EDX=0x00000007 is an unknown value
ESP=0x0116d7f4 is pointing into the stack for thread: 0x0288c000
EBP=0x0116d810 is pointing into the stack for thread: 0x0288c000
ESI=0x0288c130 is an unknown value
EDI=0x0288c000 is a thread


Stack: [0x01120000,0x01170000],  sp=0x0116d7f4,  free space=309k
Native frames: (J=compiled Java code, j=interpreted, Vv=VM code, C=native code)
V  [jvm.dll+0xc569b]
C  [bwapi_bridge2_5.dll+0x1c65a]
C  [bwapi_bridge2_5.dll+0x387be]
J 169  bwapi.Unit.issueCommand_native(JLbwapi/UnitCommand;)Z (0 bytes) @ 0x02950fb8 [0x02950f10+0xa8]
J 259 C1 FangSM.Kite(Lbwapi/Unit;Lbwapi/Unit;)V (163 bytes) @ 0x0296b074 [0x0296ad70+0x304]
J 258 C1 FangSM.Action(Lbwapi/Unit;Lbwapi/Game;LFangSM$Role;Lbwapi/Unit;)Z (75 bytes) @ 0x0296a68c [0x0296a5d0+0xbc]
J 175 C1 Formation.FSM(Lbwapi/Unit;LFormation;LFormation$State;LFangSM;LFangAi;Lbwapi/Game;Ljava/util/HashSet;)V (514 bytes) @ 0x02952c44 [0x02952130+0xb14]
J 92 C1 FangBot.onFrame()V (578 bytes) @ 0x029362d4 [0x02935590+0xd44]
J 126 C1 bwapi.AIModule.onFrame()V (17 bytes) @ 0x02945c84 [0x02945c50+0x34]
v  ~StubRoutines::call_stub
V  [jvm.dll+0x1429aa]
V  [jvm.dll+0x20743e]
V  [jvm.dll+0x142a2d]
V  [jvm.dll+0xcb7b2]
V  [jvm.dll+0xcf403]
C  [bwapi_bridge2_5.dll+0x1b20d]
C  [bwapi_bridge2_5.dll+0x75101]
j  bwapi.Mirror.startGame()V+0
j  FangBot.run()V+15
j  FangBot.main([Ljava/lang/String;)V+7
v  ~StubRoutines::call_stub
V  [jvm.dll+0x1429aa]
V  [jvm.dll+0x20743e]
V  [jvm.dll+0x142a2d]
V  [jvm.dll+0xcb535]
V  [jvm.dll+0xd61d7]
C  [javaw.exe+0x2070]
C  [javaw.exe+0xa6d1]
C  [javaw.exe+0xa75b]
C  [KERNEL32.DLL+0x16394]
C  [ntdll.dll+0x604bb]
C  [ntdll.dll+0x6048b]

Java frames: (J=compiled Java code, j=interpreted, Vv=VM code)
J 169  bwapi.Unit.issueCommand_native(JLbwapi/UnitCommand;)Z (0 bytes) @ 0x02950f74 [0x02950f10+0x64]
J 259 C1 FangSM.Kite(Lbwapi/Unit;Lbwapi/Unit;)V (163 bytes) @ 0x0296b074 [0x0296ad70+0x304]
J 258 C1 FangSM.Action(Lbwapi/Unit;Lbwapi/Game;LFangSM$Role;Lbwapi/Unit;)Z (75 bytes) @ 0x0296a68c [0x0296a5d0+0xbc]
J 175 C1 Formation.FSM(Lbwapi/Unit;LFormation;LFormation$State;LFangSM;LFangAi;Lbwapi/Game;Ljava/util/HashSet;)V (514 bytes) @ 0x02952c44 [0x02952130+0xb14]
J 92 C1 FangBot.onFrame()V (578 bytes) @ 0x029362d4 [0x02935590+0xd44]
J 126 C1 bwapi.AIModule.onFrame()V (17 bytes) @ 0x02945c84 [0x02945c50+0x34]
v  ~StubRoutines::call_stub
j  bwapi.Mirror.startGame()V+0
j  FangBot.run()V+15
j  FangBot.main([Ljava/lang/String;)V+7
v  ~StubRoutines::call_stub

---------------  P R O C E S S  ---------------

Java Threads: ( => current thread )
  0x027d4400 JavaThread "Service Thread" daemon [_thread_blocked, id=18112, stack(0x04dd0000,0x04e20000)]
  0x027d3000 JavaThread "C1 CompilerThread0" daemon [_thread_blocked, id=12404, stack(0x04d40000,0x04d90000)]
  0x027d0400 JavaThread "Attach Listener" daemon [_thread_blocked, id=11172, stack(0x04cb0000,0x04d00000)]
  0x027ce000 JavaThread "Signal Dispatcher" daemon [_thread_blocked, id=2000, stack(0x04c20000,0x04c70000)]
  0x02760800 JavaThread "Finalizer" daemon [_thread_blocked, id=7148, stack(0x04b90000,0x04be0000)]
  0x0275f000 JavaThread "Reference Handler" daemon [_thread_blocked, id=16304, stack(0x04b00000,0x04b50000)]
=>0x0288c000 JavaThread "main" [_thread_in_vm, id=6628, stack(0x01120000,0x01170000)]

Other Threads:
  0x0275dc00 VMThread [stack: 0x04a70000,0x04ac0000] [id=3848]
  0x027ef400 WatcherThread [stack: 0x04e60000,0x04eb0000] [id=3164]

VM state:not at safepoint (normal execution)

VM Mutex/Monitor currently owned by a thread: None

Heap
 def new generation   total 4928K, used 3872K [0x24800000, 0x24d50000, 0x29d50000)
  eden space 4416K,  87% used [0x24800000, 0x24bc63d8, 0x24c50000)
  from space 512K,   1% used [0x24cd0000, 0x24cd1e20, 0x24d50000)
  to   space 512K,   0% used [0x24c50000, 0x24c50000, 0x24cd0000)
 tenured generation   total 10944K, used 506K [0x29d50000, 0x2a800000, 0x34800000)
   the space 10944K,   4% used [0x29d50000, 0x29dce9a8, 0x29dcea00, 0x2a800000)
 compacting perm gen  total 12288K, used 654K [0x34800000, 0x35400000, 0x38800000)
   the space 12288K,   5% used [0x34800000, 0x348a38c8, 0x348a3a00, 0x35400000)
    ro space 10240K,  42% used [0x38800000, 0x38c37108, 0x38c37200, 0x39200000)
    rw space 12288K,  52% used [0x39200000, 0x39841738, 0x39841800, 0x39e00000)

Card table byte_map: [0x04910000,0x049c0000] byte_map_base: 0x047ec000

Polling page: 0x00c40000

Code Cache  [0x02890000, 0x02970000, 0x04890000)
 total_blobs=416 nmethods=278 adapters=75 free_code_cache=31872Kb largest_free_block=32637696

Compilation events (10 events):
Event: 65.709 Thread 0x027d3000  269             java.lang.Math::round (20 bytes)
Event: 65.709 Thread 0x027d3000 nmethod 269 0x0296dac8 code [0x0296dc00, 0x0296dcec]
Event: 65.709 Thread 0x027d3000  270             java.lang.Math::floor (5 bytes)
Event: 65.709 Thread 0x027d3000 nmethod 270 0x0296dd88 code [0x0296dea0, 0x0296df4c]
Event: 88.066 Thread 0x027d3000  275             java.util.HashMap$Entry::recordRemoval (1 bytes)
Event: 88.066 Thread 0x027d3000 nmethod 275 0x0296e9c8 code [0x0296eac0, 0x0296eb40]
Event: 93.277 Thread 0x027d3000  276             java.util.HashMap::removeEntryForKey (159 bytes)
Event: 93.277 Thread 0x027d3000 nmethod 276 0x0296eb88 code [0x0296ecc0, 0x0296ef44]
Event: 94.595 Thread 0x027d3000  277             BuildingUtil::normalize (57 bytes)
Event: 94.596 Thread 0x027d3000 nmethod 277 0x0296f1c8 code [0x0296f350, 0x0296f8f8]

GC Heap History (10 events):
Event: 95.368 GC heap before
{Heap before GC invocations=456 (full 0):
 def new generation   total 4928K, used 4429K [0x24800000, 0x24d50000, 0x29d50000)
  eden space 4416K, 100% used [0x24800000, 0x24c50000, 0x24c50000)
  from space 512K,   2% used [0x24c50000, 0x24c53448, 0x24cd0000)
  to   space 512K,   0% used [0x24cd0000, 0x24cd0000, 0x24d50000)
 tenured generation   total 10944K, used 504K [0x29d50000, 0x2a800000, 0x34800000)
   the space 10944K,   4% used [0x29d50000, 0x29dce2e0, 0x29dce400, 0x2a800000)
 compacting perm gen  total 12288K, used 654K [0x34800000, 0x35400000, 0x38800000)
   the space 12288K,   5% used [0x34800000, 0x348a38c8, 0x348a3a00, 0x35400000)
    ro space 10240K,  42% used [0x38800000, 0x38c37108, 0x38c37200, 0x39200000)
    rw space 12288K,  52% used [0x39200000, 0x39841738, 0x39841800, 0x39e00000)
Event: 95.368 GC heap after
Heap after GC invocations=457 (full 0):
 def new generation   total 4928K, used 9K [0x24800000, 0x24d50000, 0x29d50000)
  eden space 4416K,   0% used [0x24800000, 0x24800000, 0x24c50000)
  from space 512K,   1% used [0x24cd0000, 0x24cd2688, 0x24d50000)
  to   space 512K,   0% used [0x24c50000, 0x24c50000, 0x24cd0000)
 tenured generation   total 10944K, used 504K [0x29d50000, 0x2a800000, 0x34800000)
   the space 10944K,   4% used [0x29d50000, 0x29dce2e0, 0x29dce400, 0x2a800000)
 compacting perm gen  total 12288K, used 654K [0x34800000, 0x35400000, 0x38800000)
   the space 12288K,   5% used [0x34800000, 0x348a38c8, 0x348a3a00, 0x35400000)
    ro space 10240K,  42% used [0x38800000, 0x38c37108, 0x38c37200, 0x39200000)
    rw space 12288K,  52% used [0x39200000, 0x39841738, 0x39841800, 0x39e00000)
}
Event: 95.466 GC heap before
{Heap before GC invocations=457 (full 0):
 def new generation   total 4928K, used 4425K [0x24800000, 0x24d50000, 0x29d50000)
  eden space 4416K, 100% used [0x24800000, 0x24c50000, 0x24c50000)
  from space 512K,   1% used [0x24cd0000, 0x24cd2688, 0x24d50000)
  to   space 512K,   0% used [0x24c50000, 0x24c50000, 0x24cd0000)
 tenured generation   total 10944K, used 504K [0x29d50000, 0x2a800000, 0x34800000)
   the space 10944K,   4% used [0x29d50000, 0x29dce2e0, 0x29dce400, 0x2a800000)
 compacting perm gen  total 12288K, used 654K [0x34800000, 0x35400000, 0x38800000)
   the space 12288K,   5% used [0x34800000, 0x348a38c8, 0x348a3a00, 0x35400000)
    ro space 10240K,  42% used [0x38800000, 0x38c37108, 0x38c37200, 0x39200000)
    rw space 12288K,  52% used [0x39200000, 0x39841738, 0x39841800, 0x39e00000)
Event: 95.466 GC heap after
Heap after GC invocations=458 (full 0):
 def new generation   total 4928K, used 13K [0x24800000, 0x24d50000, 0x29d50000)
  eden space 4416K,   0% used [0x24800000, 0x24800000, 0x24c50000)
  from space 512K,   2% used [0x24c50000, 0x24c53450, 0x24cd0000)
  to   space 512K,   0% used [0x24cd0000, 0x24cd0000, 0x24d50000)
 tenured generation   total 10944K, used 504K [0x29d50000, 0x2a800000, 0x34800000)
   the space 10944K,   4% used [0x29d50000, 0x29dce388, 0x29dce400, 0x2a800000)
 compacting perm gen  total 12288K, used 654K [0x34800000, 0x35400000, 0x38800000)
   the space 12288K,   5% used [0x34800000, 0x348a38c8, 0x348a3a00, 0x35400000)
    ro space 10240K,  42% used [0x38800000, 0x38c37108, 0x38c37200, 0x39200000)
    rw space 12288K,  52% used [0x39200000, 0x39841738, 0x39841800, 0x39e00000)
}
Event: 95.589 GC heap before
{Heap before GC invocations=458 (full 0):
 def new generation   total 4928K, used 4429K [0x24800000, 0x24d50000, 0x29d50000)
  eden space 4416K, 100% used [0x24800000, 0x24c50000, 0x24c50000)
  from space 512K,   2% used [0x24c50000, 0x24c53450, 0x24cd0000)
  to   space 512K,   0% used [0x24cd0000, 0x24cd0000, 0x24d50000)
 tenured generation   total 10944K, used 504K [0x29d50000, 0x2a800000, 0x34800000)
   the space 10944K,   4% used [0x29d50000, 0x29dce388, 0x29dce400, 0x2a800000)
 compacting perm gen  total 12288K, used 654K [0x34800000, 0x35400000, 0x38800000)
   the space 12288K,   5% used [0x34800000, 0x348a38c8, 0x348a3a00, 0x35400000)
    ro space 10240K,  42% used [0x38800000, 0x38c37108, 0x38c37200, 0x39200000)
    rw space 12288K,  52% used [0x39200000, 0x39841738, 0x39841800, 0x39e00000)
Event: 95.589 GC heap after
Heap after GC invocations=459 (full 0):
 def new generation   total 4928K, used 9K [0x24800000, 0x24d50000, 0x29d50000)
  eden space 4416K,   0% used [0x24800000, 0x24800000, 0x24c50000)
  from space 512K,   1% used [0x24cd0000, 0x24cd2600, 0x24d50000)
  to   space 512K,   0% used [0x24c50000, 0x24c50000, 0x24cd0000)
 tenured generation   total 10944K, used 504K [0x29d50000, 0x2a800000, 0x34800000)
   the space 10944K,   4% used [0x29d50000, 0x29dce3c0, 0x29dce400, 0x2a800000)
 compacting perm gen  total 12288K, used 654K [0x34800000, 0x35400000, 0x38800000)
   the space 12288K,   5% used [0x34800000, 0x348a38c8, 0x348a3a00, 0x35400000)
    ro space 10240K,  42% used [0x38800000, 0x38c37108, 0x38c37200, 0x39200000)
    rw space 12288K,  52% used [0x39200000, 0x39841738, 0x39841800, 0x39e00000)
}
Event: 95.688 GC heap before
{Heap before GC invocations=459 (full 0):
 def new generation   total 4928K, used 4425K [0x24800000, 0x24d50000, 0x29d50000)
  eden space 4416K, 100% used [0x24800000, 0x24c50000, 0x24c50000)
  from space 512K,   1% used [0x24cd0000, 0x24cd2600, 0x24d50000)
  to   space 512K,   0% used [0x24c50000, 0x24c50000, 0x24cd0000)
 tenured generation   total 10944K, used 504K [0x29d50000, 0x2a800000, 0x34800000)
   the space 10944K,   4% used [0x29d50000, 0x29dce3c0, 0x29dce400, 0x2a800000)
 compacting perm gen  total 12288K, used 654K [0x34800000, 0x35400000, 0x38800000)
   the space 12288K,   5% used [0x34800000, 0x348a38c8, 0x348a3a00, 0x35400000)
    ro space 10240K,  42% used [0x38800000, 0x38c37108, 0x38c37200, 0x39200000)
    rw space 12288K,  52% used [0x39200000, 0x39841738, 0x39841800, 0x39e00000)
Event: 95.688 GC heap after
Heap after GC invocations=460 (full 0):
 def new generation   total 4928K, used 8K [0x24800000, 0x24d50000, 0x29d50000)
  eden space 4416K,   0% used [0x24800000, 0x24800000, 0x24c50000)
  from space 512K,   1% used [0x24c50000, 0x24c521d0, 0x24cd0000)
  to   space 512K,   0% used [0x24cd0000, 0x24cd0000, 0x24d50000)
 tenured generation   total 10944K, used 506K [0x29d50000, 0x2a800000, 0x34800000)
   the space 10944K,   4% used [0x29d50000, 0x29dce938, 0x29dcea00, 0x2a800000)
 compacting perm gen  total 12288K, used 654K [0x34800000, 0x35400000, 0x38800000)
   the space 12288K,   5% used [0x34800000, 0x348a38c8, 0x348a3a00, 0x35400000)
    ro space 10240K,  42% used [0x38800000, 0x38c37108, 0x38c37200, 0x39200000)
    rw space 12288K,  52% used [0x39200000, 0x39841738, 0x39841800, 0x39e00000)
}
Event: 95.780 GC heap before
{Heap before GC invocations=460 (full 0):
 def new generation   total 4928K, used 4424K [0x24800000, 0x24d50000, 0x29d50000)
  eden space 4416K, 100% used [0x24800000, 0x24c50000, 0x24c50000)
  from space 512K,   1% used [0x24c50000, 0x24c521d0, 0x24cd0000)
  to   space 512K,   0% used [0x24cd0000, 0x24cd0000, 0x24d50000)
 tenured generation   total 10944K, used 506K [0x29d50000, 0x2a800000, 0x34800000)
   the space 10944K,   4% used [0x29d50000, 0x29dce938, 0x29dcea00, 0x2a800000)
 compacting perm gen  total 12288K, used 654K [0x34800000, 0x35400000, 0x38800000)
   the space 12288K,   5% used [0x34800000, 0x348a38c8, 0x348a3a00, 0x35400000)
    ro space 10240K,  42% used [0x38800000, 0x38c37108, 0x38c37200, 0x39200000)
    rw space 12288K,  52% used [0x39200000, 0x39841738, 0x39841800, 0x39e00000)
Event: 95.781 GC heap after
Heap after GC invocations=461 (full 0):
 def new generation   total 4928K, used 7K [0x24800000, 0x24d50000, 0x29d50000)
  eden space 4416K,   0% used [0x24800000, 0x24800000, 0x24c50000)
  from space 512K,   1% used [0x24cd0000, 0x24cd1e20, 0x24d50000)
  to   space 512K,   0% used [0x24c50000, 0x24c50000, 0x24cd0000)
 tenured generation   total 10944K, used 506K [0x29d50000, 0x2a800000, 0x34800000)
   the space 10944K,   4% used [0x29d50000, 0x29dce9a8, 0x29dcea00, 0x2a800000)
 compacting perm gen  total 12288K, used 654K [0x34800000, 0x35400000, 0x38800000)
   the space 12288K,   5% used [0x34800000, 0x348a38c8, 0x348a3a00, 0x35400000)
    ro space 10240K,  42% used [0x38800000, 0x38c37108, 0x38c37200, 0x39200000)
    rw space 12288K,  52% used [0x39200000, 0x39841738, 0x39841800, 0x39e00000)
}

Deoptimization events (0 events):
No events

Internal exceptions (10 events):
Event: 87.556 Thread 0x0288c000 Implicit null exception at 0x02932528 to 0x029325c5
Event: 87.556 Thread 0x0288c000 Threw 0x24af0c18 at C:\re\jdk7u80\2329\hotspot\src\share\vm\runtime\sharedRuntime.cpp:591
Event: 87.569 Thread 0x0288c000 Implicit null exception at 0x02932528 to 0x029325c5
Event: 87.569 Thread 0x0288c000 Threw 0x24af4e28 at C:\re\jdk7u80\2329\hotspot\src\share\vm\runtime\sharedRuntime.cpp:591
Event: 87.570 Thread 0x0288c000 Implicit null exception at 0x02932528 to 0x029325c5
Event: 87.570 Thread 0x0288c000 Threw 0x24af9010 at C:\re\jdk7u80\2329\hotspot\src\share\vm\runtime\sharedRuntime.cpp:591
Event: 87.571 Thread 0x0288c000 Implicit null exception at 0x02932528 to 0x029325c5
Event: 87.571 Thread 0x0288c000 Threw 0x24afd1d8 at C:\re\jdk7u80\2329\hotspot\src\share\vm\runtime\sharedRuntime.cpp:591
Event: 87.585 Thread 0x0288c000 Implicit null exception at 0x02932528 to 0x029325c5
Event: 87.585 Thread 0x0288c000 Threw 0x24b013a0 at C:\re\jdk7u80\2329\hotspot\src\share\vm\runtime\sharedRuntime.cpp:591

Events (10 events):
Event: 95.368 Executing VM operation: GenCollectForAllocation
Event: 95.368 Executing VM operation: GenCollectForAllocation done
Event: 95.466 Executing VM operation: GenCollectForAllocation
Event: 95.466 Executing VM operation: GenCollectForAllocation done
Event: 95.589 Executing VM operation: GenCollectForAllocation
Event: 95.589 Executing VM operation: GenCollectForAllocation done
Event: 95.688 Executing VM operation: GenCollectForAllocation
Event: 95.688 Executing VM operation: GenCollectForAllocation done
Event: 95.780 Executing VM operation: GenCollectForAllocation
Event: 95.781 Executing VM operation: GenCollectForAllocation done


Dynamic libraries:
0x01170000 - 0x0119f000 	C:\Program Files (x86)\Java\jre7\bin\javaw.exe
0x77a40000 - 0x77bbf000 	C:\WINDOWS\SYSTEM32\ntdll.dll
0x77040000 - 0x77120000 	C:\WINDOWS\System32\KERNEL32.DLL
0x75e10000 - 0x75fbe000 	C:\WINDOWS\System32\KERNELBASE.dll
0x763d0000 - 0x76446000 	C:\WINDOWS\System32\ADVAPI32.dll
0x74a30000 - 0x74aed000 	C:\WINDOWS\System32\msvcrt.dll
0x76740000 - 0x76781000 	C:\WINDOWS\System32\sechost.dll
0x77440000 - 0x774fc000 	C:\WINDOWS\System32\RPCRT4.dll
0x74630000 - 0x7464e000 	C:\WINDOWS\System32\SspiCli.dll
0x74620000 - 0x7462a000 	C:\WINDOWS\System32\CRYPTBASE.dll
0x746c0000 - 0x74718000 	C:\WINDOWS\System32\bcryptPrimitives.dll
0x772f0000 - 0x7743d000 	C:\WINDOWS\System32\USER32.dll
0x747b0000 - 0x747c6000 	C:\WINDOWS\System32\win32u.dll
0x74650000 - 0x7467a000 	C:\WINDOWS\System32\GDI32.dll
0x77510000 - 0x77667000 	C:\WINDOWS\System32\gdi32full.dll
0x73f60000 - 0x74160000 	C:\WINDOWS\WinSxS\x86_microsoft.windows.common-controls_6595b64144ccf1df_6.0.14946.1000_none_d33ee90ed06d81a5\COMCTL32.dll
0x764a0000 - 0x766af000 	C:\WINDOWS\System32\combase.dll
0x77120000 - 0x771fa000 	C:\WINDOWS\System32\ucrtbase.dll
0x766b0000 - 0x766d5000 	C:\WINDOWS\System32\IMM32.DLL
0x70020000 - 0x700df000 	C:\Program Files (x86)\Java\jre7\bin\msvcr100.dll
0x6e760000 - 0x6eaeb000 	C:\Program Files (x86)\Java\jre7\bin\client\jvm.dll
0x76790000 - 0x76796000 	C:\WINDOWS\System32\PSAPI.DLL
0x73ed0000 - 0x73ef4000 	C:\WINDOWS\SYSTEM32\WINMM.dll
0x73f00000 - 0x73f08000 	C:\WINDOWS\SYSTEM32\WSOCK32.dll
0x76830000 - 0x76892000 	C:\WINDOWS\System32\WS2_32.dll
0x73b70000 - 0x73b93000 	C:\WINDOWS\SYSTEM32\WINMMBASE.dll
0x74680000 - 0x746b5000 	C:\WINDOWS\System32\cfgmgr32.dll
0x70010000 - 0x7001c000 	C:\Program Files (x86)\Java\jre7\bin\verify.dll
0x6ffe0000 - 0x70001000 	C:\Program Files (x86)\Java\jre7\bin\java.dll
0x6ffc0000 - 0x6ffd3000 	C:\Program Files (x86)\Java\jre7\bin\zip.dll
0x0f1e0000 - 0x0f466000 	D:\FangAI\FangAI\bwapi_bridge2_5.dll
0x724d0000 - 0x725be000 	C:\WINDOWS\SYSTEM32\MSVCR120.dll
0x725c0000 - 0x72631000 	C:\WINDOWS\SYSTEM32\MSVCP120.dll
0x6f540000 - 0x6f59e000 	D:\FangAI\FangAI\libmpfr-4.dll
0x6acc0000 - 0x6ad27000 	D:\FangAI\FangAI\libgmp-10.dll
0x6e540000 - 0x6e68b000 	C:\WINDOWS\SYSTEM32\dbghelp.dll

VM Arguments:
jvm_args: -Dfile.encoding=Cp1252 
java_command: FangBot
Launcher Type: SUN_STANDARD

Environment Variables:
PATH=C:/Program Files (x86)/Java/jre1.8.0_111/bin/client;C:/Program Files (x86)/Java/jre1.8.0_111/bin;C:/Program Files (x86)/Java/jre1.8.0_111/lib/i386;C:\ProgramData\Oracle\Java\javapath;C:\Program Files\Haskell\bin;C:\Program Files\Haskell Platform\8.0.1\lib\extralibs\bin;C:\Program Files\Haskell Platform\8.0.1\bin;C:\Windows\system32;C:\Windows;C:\Windows\System32\Wbem;C:\Windows\System32\WindowsPowerShell\v1.0\;C:\Program Files (x86)\NVIDIA Corporation\PhysX\Common;C:\Program Files\Haskell Platform\8.0.1\mingw\bin;C:\Program Files (x86)\Brackets\command;C:\Program Files (x86)\GtkSharp\2.12\bin;C:\WINDOWS\system32;C:\WINDOWS;C:\WINDOWS\System32\Wbem;C:\WINDOWS\System32\WindowsPowerShell\v1.0\;C:\Program Files (x86)\Windows Live\Shared;C:\Program Files (x86)\Windows Kits\8.1\Windows Performance Toolkit\;C:\Program Files (x86)\Skype\Phone\;C:\Users\dkfan\AppData\Roaming\cabal\bin;C:\Users\dkfan\AppData\Roaming\local\bin;C:\Users\dkfan\AppData\Local\Microsoft\WindowsApps;
USERNAME=dkfan
OS=Windows_NT
PROCESSOR_IDENTIFIER=Intel64 Family 6 Model 94 Stepping 3, GenuineIntel



---------------  S Y S T E M  ---------------

OS: Windows 8.1 , 64 bit Build 9600 

CPU:total 8 (4 cores per cpu, 2 threads per core) family 6 model 94 stepping 3, cmov, cx8, fxsr, mmx, sse, sse2, sse3, ssse3, sse4.1, sse4.2, popcnt, avx, avx2, aes, erms, ht, tsc, tscinvbit

Memory: 4k page, physical 16694876k(9089956k free), swap 19185244k(6196408k free)

vm_info: Java HotSpot(TM) Client VM (24.80-b11) for windows-x86 JRE (1.7.0_80-b15), built on Apr 10 2015 13:33:35 by "java_re" with unknown MS VC++:1600

time: Sat Dec 10 17:20:34 2016
elapsed time: 95 seconds

