#
# A fatal error has been detected by the Java Runtime Environment:
#
#  EXCEPTION_ACCESS_VIOLATION (0xc0000005) at pc=0x0fe9c1da, pid=18468, tid=5008
#
# JRE version: Java(TM) SE Runtime Environment (7.0_80-b15) (build 1.7.0_80-b15)
# Java VM: Java HotSpot(TM) Client VM (24.80-b11 mixed mode, sharing windows-x86 )
# Problematic frame:
# C  [bwapi_bridge2_5.dll+0x5c1da]
#
# Failed to write core dump. Minidumps are not enabled by default on client versions of Windows
#
# If you would like to submit a bug report, please visit:
#   http://bugreport.java.com/bugreport/crash.jsp
# The crash happened outside the Java Virtual Machine in native code.
# See problematic frame for where to report the bug.
#

---------------  T H R E A D  ---------------

Current thread (0x00d0c000):  JavaThread "main" [_thread_in_native, id=5008, stack(0x01040000,0x01090000)]

siginfo: ExceptionCode=0xc0000005, reading address 0x000000d7

Registers:
EAX=0x000000d3, EBX=0x00d0c000, ECX=0x00b26a18, EDX=0x0108d9b8
ESP=0x0108d9a4, EBP=0x0108d9c8, ESI=0x00b26a18, EDI=0x00d0c130
EIP=0x0fe9c1da, EFLAGS=0x00010202

Top of Stack: (sp=0x0108d9a4)
0x0108d9a4:   0108d9b8 00d0c000 00b26a18 00000022
0x0108d9b4:   9493739b 00d0c130 00d0c000 00000000
0x0108d9c4:   2d68aa40 0108d9f8 02849e61 00d0c130
0x0108d9d4:   0108d9e0 00b26a18 00d0c000 29d90fd8
0x0108d9e4:   0fe72bee 0000006d 00000001 00d0c000
0x0108d9f4:   29d5d3d0 0108dd40 0284a070 00b26a18
0x0108da04:   00d0c000 00af7344 00000000 0108da18
0x0108da14:   29d5d3d0 29d52f00 29d50948 0108db20 

Instructions: (pc=0x0fe9c1da)
0x0fe9c1ba:   08 40 04 10 33 c4 89 44 24 14 8b 4d 10 8d 54 24
0x0fe9c1ca:   08 8b 45 14 56 89 44 24 10 8b 01 57 8b 7d 08 52
0x0fe9c1da:   ff 50 04 83 ec 18 8b cc 6a 0e c7 41 14 0f 00 00
0x0fe9c1ea:   00 c7 41 10 00 00 00 00 68 34 12 00 10 c6 01 00 


Register to memory mapping:

EAX=0x000000d3 is an unknown value
EBX=0x00d0c000 is a thread
ECX=0x00b26a18 is an unknown value
EDX=0x0108d9b8 is pointing into the stack for thread: 0x00d0c000
ESP=0x0108d9a4 is pointing into the stack for thread: 0x00d0c000
EBP=0x0108d9c8 is pointing into the stack for thread: 0x00d0c000
ESI=0x00b26a18 is an unknown value
EDI=0x00d0c130 is an unknown value


Stack: [0x01040000,0x01090000],  sp=0x0108d9a4,  free space=310k
Native frames: (J=compiled Java code, j=interpreted, Vv=VM code, C=native code)
C  [bwapi_bridge2_5.dll+0x5c1da]
J 143  bwta.BaseLocation.getPosition_native(J)Lbwapi/Position; (0 bytes) @ 0x02849e61 [0x02849dd0+0x91]
J 142 C1 bwta.BaseLocation.getPosition()Lbwapi/Position; (9 bytes) @ 0x0284a070 [0x0284a040+0x30]
J 131 C1 FangBot.scoutEnemy(Lbwapi/Unit;)V (252 bytes) @ 0x028477b4 [0x028474c0+0x2f4]
J 102 C1 FangBot.SCV(Lbwapi/Unit;Lbwapi/UnitType;Ljava/lang/Integer;)V (765 bytes) @ 0x0283b128 [0x0283b090+0x98]
J 90 C1 FangBot.onFrame()V (569 bytes) @ 0x028351b8 [0x02834e80+0x338]
J 124 C1 bwapi.AIModule.onFrame()V (17 bytes) @ 0x02845184 [0x02845150+0x34]
v  ~StubRoutines::call_stub
V  [jvm.dll+0x1429aa]
V  [jvm.dll+0x20743e]
V  [jvm.dll+0x142a2d]
V  [jvm.dll+0xcb7b2]
V  [jvm.dll+0xcf403]
C  [bwapi_bridge2_5.dll+0x1b20d]
C  [bwapi_bridge2_5.dll+0x75101]
j  bwapi.Mirror.startGame()V+0
j  FangBot.run()V+15
j  FangBot.main([Ljava/lang/String;)V+7
v  ~StubRoutines::call_stub
V  [jvm.dll+0x1429aa]
V  [jvm.dll+0x20743e]
V  [jvm.dll+0x142a2d]
V  [jvm.dll+0xcb535]
V  [jvm.dll+0xd61d7]
C  [javaw.exe+0x2070]
C  [javaw.exe+0xa6d1]
C  [javaw.exe+0xa75b]
C  [KERNEL32.DLL+0x16394]
C  [ntdll.dll+0x604bb]
C  [ntdll.dll+0x6048b]

Java frames: (J=compiled Java code, j=interpreted, Vv=VM code)
J 143  bwta.BaseLocation.getPosition_native(J)Lbwapi/Position; (0 bytes) @ 0x02849e1d [0x02849dd0+0x4d]
J 142 C1 bwta.BaseLocation.getPosition()Lbwapi/Position; (9 bytes) @ 0x0284a070 [0x0284a040+0x30]
J 131 C1 FangBot.scoutEnemy(Lbwapi/Unit;)V (252 bytes) @ 0x028477b4 [0x028474c0+0x2f4]
J 102 C1 FangBot.SCV(Lbwapi/Unit;Lbwapi/UnitType;Ljava/lang/Integer;)V (765 bytes) @ 0x0283b128 [0x0283b090+0x98]
J 90 C1 FangBot.onFrame()V (569 bytes) @ 0x028351b8 [0x02834e80+0x338]
J 124 C1 bwapi.AIModule.onFrame()V (17 bytes) @ 0x02845184 [0x02845150+0x34]
v  ~StubRoutines::call_stub
j  bwapi.Mirror.startGame()V+0
j  FangBot.run()V+15
j  FangBot.main([Ljava/lang/String;)V+7
v  ~StubRoutines::call_stub

---------------  P R O C E S S  ---------------

Java Threads: ( => current thread )
  0x02639400 JavaThread "Service Thread" daemon [_thread_blocked, id=17348, stack(0x04b90000,0x04be0000)]
  0x02632c00 JavaThread "C1 CompilerThread0" daemon [_thread_blocked, id=4852, stack(0x04b00000,0x04b50000)]
  0x02630000 JavaThread "Attach Listener" daemon [_thread_blocked, id=19180, stack(0x04a70000,0x04ac0000)]
  0x0262dc00 JavaThread "Signal Dispatcher" daemon [_thread_blocked, id=11032, stack(0x049e0000,0x04a30000)]
  0x025c0800 JavaThread "Finalizer" daemon [_thread_blocked, id=16144, stack(0x04950000,0x049a0000)]
  0x025bf000 JavaThread "Reference Handler" daemon [_thread_blocked, id=13264, stack(0x048c0000,0x04910000)]
=>0x00d0c000 JavaThread "main" [_thread_in_native, id=5008, stack(0x01040000,0x01090000)]

Other Threads:
  0x025bdc00 VMThread [stack: 0x04830000,0x04880000] [id=4864]
  0x02649800 WatcherThread [stack: 0x04c20000,0x04c70000] [id=18864]

VM state:not at safepoint (normal execution)

VM Mutex/Monitor currently owned by a thread: None

Heap
 def new generation   total 4928K, used 2038K [0x24800000, 0x24d50000, 0x29d50000)
  eden space 4416K,  46% used [0x24800000, 0x249fc848, 0x24c50000)
  from space 512K,   0% used [0x24cd0000, 0x24cd1188, 0x24d50000)
  to   space 512K,   0% used [0x24c50000, 0x24c50000, 0x24cd0000)
 tenured generation   total 10944K, used 641K [0x29d50000, 0x2a800000, 0x34800000)
   the space 10944K,   5% used [0x29d50000, 0x29df05e8, 0x29df0600, 0x2a800000)
 compacting perm gen  total 12288K, used 653K [0x34800000, 0x35400000, 0x38800000)
   the space 12288K,   5% used [0x34800000, 0x348a36a0, 0x348a3800, 0x35400000)
    ro space 10240K,  42% used [0x38800000, 0x38c37108, 0x38c37200, 0x39200000)
    rw space 12288K,  52% used [0x39200000, 0x39841738, 0x39841800, 0x39e00000)

Card table byte_map: [0x026a0000,0x02750000] byte_map_base: 0x0257c000

Polling page: 0x00cf0000

Code Cache  [0x02790000, 0x02878000, 0x04790000)
 total_blobs=428 nmethods=290 adapters=75 free_code_cache=31864Kb largest_free_block=32629504

Compilation events (10 events):
Event: 79.241 Thread 0x02632c00  280             bwapi.Position::equals (49 bytes)
Event: 79.241 Thread 0x02632c00 nmethod 280 0x0286f648 code [0x0286f750, 0x0286f890]
Event: 83.168 Thread 0x02632c00  281             java.util.HashMap::removeEntryForKey (159 bytes)
Event: 83.168 Thread 0x02632c00 nmethod 281 0x0286f948 code [0x0286fa80, 0x0286fd04]
Event: 83.168 Thread 0x02632c00  282             java.util.HashMap$Entry::recordRemoval (1 bytes)
Event: 83.168 Thread 0x02632c00 nmethod 282 0x0286ff88 code [0x02870080, 0x02870100]
Event: 86.171 Thread 0x02632c00  283             BuildingUtil::normalize (57 bytes)
Event: 86.171 Thread 0x02632c00 nmethod 283 0x02870148 code [0x028702d0, 0x02870878]
Event: 90.408 Thread 0x02632c00  289             bwapi.WeaponType::get (53 bytes)
Event: 90.408 Thread 0x02632c00 nmethod 289 0x02871688 code [0x028717c0, 0x02871970]

GC Heap History (10 events):
Event: 146.391 GC heap before
{Heap before GC invocations=854 (full 0):
 def new generation   total 4928K, used 4427K [0x24800000, 0x24d50000, 0x29d50000)
  eden space 4416K, 100% used [0x24800000, 0x24c50000, 0x24c50000)
  from space 512K,   2% used [0x24c50000, 0x24c52cf8, 0x24cd0000)
  to   space 512K,   0% used [0x24cd0000, 0x24cd0000, 0x24d50000)
 tenured generation   total 10944K, used 641K [0x29d50000, 0x2a800000, 0x34800000)
   the space 10944K,   5% used [0x29d50000, 0x29df0540, 0x29df0600, 0x2a800000)
 compacting perm gen  total 12288K, used 653K [0x34800000, 0x35400000, 0x38800000)
   the space 12288K,   5% used [0x34800000, 0x348a36a0, 0x348a3800, 0x35400000)
    ro space 10240K,  42% used [0x38800000, 0x38c37108, 0x38c37200, 0x39200000)
    rw space 12288K,  52% used [0x39200000, 0x39841738, 0x39841800, 0x39e00000)
Event: 146.391 GC heap after
Heap after GC invocations=855 (full 0):
 def new generation   total 4928K, used 6K [0x24800000, 0x24d50000, 0x29d50000)
  eden space 4416K,   0% used [0x24800000, 0x24800000, 0x24c50000)
  from space 512K,   1% used [0x24cd0000, 0x24cd1a78, 0x24d50000)
  to   space 512K,   0% used [0x24c50000, 0x24c50000, 0x24cd0000)
 tenured generation   total 10944K, used 641K [0x29d50000, 0x2a800000, 0x34800000)
   the space 10944K,   5% used [0x29d50000, 0x29df0540, 0x29df0600, 0x2a800000)
 compacting perm gen  total 12288K, used 653K [0x34800000, 0x35400000, 0x38800000)
   the space 12288K,   5% used [0x34800000, 0x348a36a0, 0x348a3800, 0x35400000)
    ro space 10240K,  42% used [0x38800000, 0x38c37108, 0x38c37200, 0x39200000)
    rw space 12288K,  52% used [0x39200000, 0x39841738, 0x39841800, 0x39e00000)
}
Event: 151.140 GC heap before
{Heap before GC invocations=855 (full 0):
 def new generation   total 4928K, used 4422K [0x24800000, 0x24d50000, 0x29d50000)
  eden space 4416K, 100% used [0x24800000, 0x24c50000, 0x24c50000)
  from space 512K,   1% used [0x24cd0000, 0x24cd1a78, 0x24d50000)
  to   space 512K,   0% used [0x24c50000, 0x24c50000, 0x24cd0000)
 tenured generation   total 10944K, used 641K [0x29d50000, 0x2a800000, 0x34800000)
   the space 10944K,   5% used [0x29d50000, 0x29df0540, 0x29df0600, 0x2a800000)
 compacting perm gen  total 12288K, used 653K [0x34800000, 0x35400000, 0x38800000)
   the space 12288K,   5% used [0x34800000, 0x348a36a0, 0x348a3800, 0x35400000)
    ro space 10240K,  42% used [0x38800000, 0x38c37108, 0x38c37200, 0x39200000)
    rw space 12288K,  52% used [0x39200000, 0x39841738, 0x39841800, 0x39e00000)
Event: 151.140 GC heap after
Heap after GC invocations=856 (full 0):
 def new generation   total 4928K, used 4K [0x24800000, 0x24d50000, 0x29d50000)
  eden space 4416K,   0% used [0x24800000, 0x24800000, 0x24c50000)
  from space 512K,   0% used [0x24c50000, 0x24c511e8, 0x24cd0000)
  to   space 512K,   0% used [0x24cd0000, 0x24cd0000, 0x24d50000)
 tenured generation   total 10944K, used 641K [0x29d50000, 0x2a800000, 0x34800000)
   the space 10944K,   5% used [0x29d50000, 0x29df05b0, 0x29df0600, 0x2a800000)
 compacting perm gen  total 12288K, used 653K [0x34800000, 0x35400000, 0x38800000)
   the space 12288K,   5% used [0x34800000, 0x348a36a0, 0x348a3800, 0x35400000)
    ro space 10240K,  42% used [0x38800000, 0x38c37108, 0x38c37200, 0x39200000)
    rw space 12288K,  52% used [0x39200000, 0x39841738, 0x39841800, 0x39e00000)
}
Event: 154.205 GC heap before
{Heap before GC invocations=856 (full 0):
 def new generation   total 4928K, used 4420K [0x24800000, 0x24d50000, 0x29d50000)
  eden space 4416K, 100% used [0x24800000, 0x24c50000, 0x24c50000)
  from space 512K,   0% used [0x24c50000, 0x24c511e8, 0x24cd0000)
  to   space 512K,   0% used [0x24cd0000, 0x24cd0000, 0x24d50000)
 tenured generation   total 10944K, used 641K [0x29d50000, 0x2a800000, 0x34800000)
   the space 10944K,   5% used [0x29d50000, 0x29df05b0, 0x29df0600, 0x2a800000)
 compacting perm gen  total 12288K, used 653K [0x34800000, 0x35400000, 0x38800000)
   the space 12288K,   5% used [0x34800000, 0x348a36a0, 0x348a3800, 0x35400000)
    ro space 10240K,  42% used [0x38800000, 0x38c37108, 0x38c37200, 0x39200000)
    rw space 12288K,  52% used [0x39200000, 0x39841738, 0x39841800, 0x39e00000)
Event: 154.206 GC heap after
Heap after GC invocations=857 (full 0):
 def new generation   total 4928K, used 4K [0x24800000, 0x24d50000, 0x29d50000)
  eden space 4416K,   0% used [0x24800000, 0x24800000, 0x24c50000)
  from space 512K,   0% used [0x24cd0000, 0x24cd1190, 0x24d50000)
  to   space 512K,   0% used [0x24c50000, 0x24c50000, 0x24cd0000)
 tenured generation   total 10944K, used 641K [0x29d50000, 0x2a800000, 0x34800000)
   the space 10944K,   5% used [0x29d50000, 0x29df05b0, 0x29df0600, 0x2a800000)
 compacting perm gen  total 12288K, used 653K [0x34800000, 0x35400000, 0x38800000)
   the space 12288K,   5% used [0x34800000, 0x348a36a0, 0x348a3800, 0x35400000)
    ro space 10240K,  42% used [0x38800000, 0x38c37108, 0x38c37200, 0x39200000)
    rw space 12288K,  52% used [0x39200000, 0x39841738, 0x39841800, 0x39e00000)
}
Event: 157.109 GC heap before
{Heap before GC invocations=857 (full 0):
 def new generation   total 4928K, used 4420K [0x24800000, 0x24d50000, 0x29d50000)
  eden space 4416K, 100% used [0x24800000, 0x24c50000, 0x24c50000)
  from space 512K,   0% used [0x24cd0000, 0x24cd1190, 0x24d50000)
  to   space 512K,   0% used [0x24c50000, 0x24c50000, 0x24cd0000)
 tenured generation   total 10944K, used 641K [0x29d50000, 0x2a800000, 0x34800000)
   the space 10944K,   5% used [0x29d50000, 0x29df05b0, 0x29df0600, 0x2a800000)
 compacting perm gen  total 12288K, used 653K [0x34800000, 0x35400000, 0x38800000)
   the space 12288K,   5% used [0x34800000, 0x348a36a0, 0x348a3800, 0x35400000)
    ro space 10240K,  42% used [0x38800000, 0x38c37108, 0x38c37200, 0x39200000)
    rw space 12288K,  52% used [0x39200000, 0x39841738, 0x39841800, 0x39e00000)
Event: 157.109 GC heap after
Heap after GC invocations=858 (full 0):
 def new generation   total 4928K, used 5K [0x24800000, 0x24d50000, 0x29d50000)
  eden space 4416K,   0% used [0x24800000, 0x24800000, 0x24c50000)
  from space 512K,   1% used [0x24c50000, 0x24c514b0, 0x24cd0000)
  to   space 512K,   0% used [0x24cd0000, 0x24cd0000, 0x24d50000)
 tenured generation   total 10944K, used 641K [0x29d50000, 0x2a800000, 0x34800000)
   the space 10944K,   5% used [0x29d50000, 0x29df05b0, 0x29df0600, 0x2a800000)
 compacting perm gen  total 12288K, used 653K [0x34800000, 0x35400000, 0x38800000)
   the space 12288K,   5% used [0x34800000, 0x348a36a0, 0x348a3800, 0x35400000)
    ro space 10240K,  42% used [0x38800000, 0x38c37108, 0x38c37200, 0x39200000)
    rw space 12288K,  52% used [0x39200000, 0x39841738, 0x39841800, 0x39e00000)
}
Event: 158.797 GC heap before
{Heap before GC invocations=858 (full 0):
 def new generation   total 4928K, used 4421K [0x24800000, 0x24d50000, 0x29d50000)
  eden space 4416K, 100% used [0x24800000, 0x24c50000, 0x24c50000)
  from space 512K,   1% used [0x24c50000, 0x24c514b0, 0x24cd0000)
  to   space 512K,   0% used [0x24cd0000, 0x24cd0000, 0x24d50000)
 tenured generation   total 10944K, used 641K [0x29d50000, 0x2a800000, 0x34800000)
   the space 10944K,   5% used [0x29d50000, 0x29df05b0, 0x29df0600, 0x2a800000)
 compacting perm gen  total 12288K, used 653K [0x34800000, 0x35400000, 0x38800000)
   the space 12288K,   5% used [0x34800000, 0x348a36a0, 0x348a3800, 0x35400000)
    ro space 10240K,  42% used [0x38800000, 0x38c37108, 0x38c37200, 0x39200000)
    rw space 12288K,  52% used [0x39200000, 0x39841738, 0x39841800, 0x39e00000)
Event: 158.797 GC heap after
Heap after GC invocations=859 (full 0):
 def new generation   total 4928K, used 4K [0x24800000, 0x24d50000, 0x29d50000)
  eden space 4416K,   0% used [0x24800000, 0x24800000, 0x24c50000)
  from space 512K,   0% used [0x24cd0000, 0x24cd1188, 0x24d50000)
  to   space 512K,   0% used [0x24c50000, 0x24c50000, 0x24cd0000)
 tenured generation   total 10944K, used 641K [0x29d50000, 0x2a800000, 0x34800000)
   the space 10944K,   5% used [0x29d50000, 0x29df05e8, 0x29df0600, 0x2a800000)
 compacting perm gen  total 12288K, used 653K [0x34800000, 0x35400000, 0x38800000)
   the space 12288K,   5% used [0x34800000, 0x348a36a0, 0x348a3800, 0x35400000)
    ro space 10240K,  42% used [0x38800000, 0x38c37108, 0x38c37200, 0x39200000)
    rw space 12288K,  52% used [0x39200000, 0x39841738, 0x39841800, 0x39e00000)
}

Deoptimization events (0 events):
No events

Internal exceptions (10 events):
Event: 156.577 Thread 0x00d0c000 Implicit null exception at 0x0282db28 to 0x0282dbc5
Event: 156.577 Thread 0x00d0c000 Threw 0x24b1e968 at C:\re\jdk7u80\2329\hotspot\src\share\vm\runtime\sharedRuntime.cpp:591
Event: 156.578 Thread 0x00d0c000 Implicit null exception at 0x0282db28 to 0x0282dbc5
Event: 156.578 Thread 0x00d0c000 Threw 0x24b1f318 at C:\re\jdk7u80\2329\hotspot\src\share\vm\runtime\sharedRuntime.cpp:591
Event: 156.592 Thread 0x00d0c000 Implicit null exception at 0x0282db28 to 0x0282dbc5
Event: 156.592 Thread 0x00d0c000 Threw 0x24b1fcc8 at C:\re\jdk7u80\2329\hotspot\src\share\vm\runtime\sharedRuntime.cpp:591
Event: 156.593 Thread 0x00d0c000 Implicit null exception at 0x0282db28 to 0x0282dbc5
Event: 156.593 Thread 0x00d0c000 Threw 0x24b20678 at C:\re\jdk7u80\2329\hotspot\src\share\vm\runtime\sharedRuntime.cpp:591
Event: 156.594 Thread 0x00d0c000 Implicit null exception at 0x0282db28 to 0x0282dbc5
Event: 156.594 Thread 0x00d0c000 Threw 0x24b21028 at C:\re\jdk7u80\2329\hotspot\src\share\vm\runtime\sharedRuntime.cpp:591

Events (10 events):
Event: 146.391 Executing VM operation: GenCollectForAllocation
Event: 146.391 Executing VM operation: GenCollectForAllocation done
Event: 151.140 Executing VM operation: GenCollectForAllocation
Event: 151.140 Executing VM operation: GenCollectForAllocation done
Event: 154.205 Executing VM operation: GenCollectForAllocation
Event: 154.206 Executing VM operation: GenCollectForAllocation done
Event: 157.109 Executing VM operation: GenCollectForAllocation
Event: 157.109 Executing VM operation: GenCollectForAllocation done
Event: 158.797 Executing VM operation: GenCollectForAllocation
Event: 158.797 Executing VM operation: GenCollectForAllocation done


Dynamic libraries:
0x01170000 - 0x0119f000 	C:\Program Files (x86)\Java\jre7\bin\javaw.exe
0x77a40000 - 0x77bbf000 	C:\WINDOWS\SYSTEM32\ntdll.dll
0x77040000 - 0x77120000 	C:\WINDOWS\System32\KERNEL32.DLL
0x75e10000 - 0x75fbe000 	C:\WINDOWS\System32\KERNELBASE.dll
0x763d0000 - 0x76446000 	C:\WINDOWS\System32\ADVAPI32.dll
0x74a30000 - 0x74aed000 	C:\WINDOWS\System32\msvcrt.dll
0x76740000 - 0x76781000 	C:\WINDOWS\System32\sechost.dll
0x77440000 - 0x774fc000 	C:\WINDOWS\System32\RPCRT4.dll
0x74630000 - 0x7464e000 	C:\WINDOWS\System32\SspiCli.dll
0x74620000 - 0x7462a000 	C:\WINDOWS\System32\CRYPTBASE.dll
0x746c0000 - 0x74718000 	C:\WINDOWS\System32\bcryptPrimitives.dll
0x772f0000 - 0x7743d000 	C:\WINDOWS\System32\USER32.dll
0x747b0000 - 0x747c6000 	C:\WINDOWS\System32\win32u.dll
0x74650000 - 0x7467a000 	C:\WINDOWS\System32\GDI32.dll
0x77510000 - 0x77667000 	C:\WINDOWS\System32\gdi32full.dll
0x73f60000 - 0x74160000 	C:\WINDOWS\WinSxS\x86_microsoft.windows.common-controls_6595b64144ccf1df_6.0.14946.1000_none_d33ee90ed06d81a5\COMCTL32.dll
0x764a0000 - 0x766af000 	C:\WINDOWS\System32\combase.dll
0x77120000 - 0x771fa000 	C:\WINDOWS\System32\ucrtbase.dll
0x766b0000 - 0x766d5000 	C:\WINDOWS\System32\IMM32.DLL
0x6ffb0000 - 0x7006f000 	C:\Program Files (x86)\Java\jre7\bin\msvcr100.dll
0x6dea0000 - 0x6e22b000 	C:\Program Files (x86)\Java\jre7\bin\client\jvm.dll
0x76790000 - 0x76796000 	C:\WINDOWS\System32\PSAPI.DLL
0x73ed0000 - 0x73ef4000 	C:\WINDOWS\SYSTEM32\WINMM.dll
0x73f00000 - 0x73f08000 	C:\WINDOWS\SYSTEM32\WSOCK32.dll
0x76830000 - 0x76892000 	C:\WINDOWS\System32\WS2_32.dll
0x73b70000 - 0x73b93000 	C:\WINDOWS\SYSTEM32\WINMMBASE.dll
0x74680000 - 0x746b5000 	C:\WINDOWS\System32\cfgmgr32.dll
0x700d0000 - 0x700dc000 	C:\Program Files (x86)\Java\jre7\bin\verify.dll
0x6ff80000 - 0x6ffa1000 	C:\Program Files (x86)\Java\jre7\bin\java.dll
0x700b0000 - 0x700c3000 	C:\Program Files (x86)\Java\jre7\bin\zip.dll
0x0fe40000 - 0x100c6000 	D:\FangAI\FangAI\bwapi_bridge2_5.dll
0x725c0000 - 0x72631000 	C:\WINDOWS\SYSTEM32\MSVCP120.dll
0x724d0000 - 0x725be000 	C:\WINDOWS\SYSTEM32\MSVCR120.dll
0x6f540000 - 0x6f59e000 	D:\FangAI\FangAI\libmpfr-4.dll
0x6acc0000 - 0x6ad27000 	D:\FangAI\FangAI\libgmp-10.dll
0x6e540000 - 0x6e68b000 	C:\WINDOWS\SYSTEM32\dbghelp.dll

VM Arguments:
jvm_args: -Dfile.encoding=Cp1252 
java_command: FangBot
Launcher Type: SUN_STANDARD

Environment Variables:
PATH=C:/Program Files (x86)/Java/jre1.8.0_111/bin/client;C:/Program Files (x86)/Java/jre1.8.0_111/bin;C:/Program Files (x86)/Java/jre1.8.0_111/lib/i386;C:\ProgramData\Oracle\Java\javapath;C:\Program Files\Haskell\bin;C:\Program Files\Haskell Platform\8.0.1\lib\extralibs\bin;C:\Program Files\Haskell Platform\8.0.1\bin;C:\Windows\system32;C:\Windows;C:\Windows\System32\Wbem;C:\Windows\System32\WindowsPowerShell\v1.0\;C:\Program Files (x86)\NVIDIA Corporation\PhysX\Common;C:\Program Files\Haskell Platform\8.0.1\mingw\bin;C:\Program Files (x86)\Brackets\command;C:\Program Files (x86)\GtkSharp\2.12\bin;C:\WINDOWS\system32;C:\WINDOWS;C:\WINDOWS\System32\Wbem;C:\WINDOWS\System32\WindowsPowerShell\v1.0\;C:\Program Files (x86)\Windows Live\Shared;C:\Program Files (x86)\Windows Kits\8.1\Windows Performance Toolkit\;C:\Program Files (x86)\Skype\Phone\;C:\Users\dkfan\AppData\Roaming\cabal\bin;C:\Users\dkfan\AppData\Roaming\local\bin;C:\Users\dkfan\AppData\Local\Microsoft\WindowsApps;
USERNAME=dkfan
OS=Windows_NT
PROCESSOR_IDENTIFIER=Intel64 Family 6 Model 94 Stepping 3, GenuineIntel



---------------  S Y S T E M  ---------------

OS: Windows 8.1 , 64 bit Build 9600 

CPU:total 8 (4 cores per cpu, 2 threads per core) family 6 model 94 stepping 3, cmov, cx8, fxsr, mmx, sse, sse2, sse3, ssse3, sse4.1, sse4.2, popcnt, avx, avx2, aes, erms, ht, tsc, tscinvbit

Memory: 4k page, physical 16694876k(8479640k free), swap 19185244k(6236704k free)

vm_info: Java HotSpot(TM) Client VM (24.80-b11) for windows-x86 JRE (1.7.0_80-b15), built on Apr 10 2015 13:33:35 by "java_re" with unknown MS VC++:1600

time: Sat Dec 10 14:59:11 2016
elapsed time: 159 seconds

