#
# A fatal error has been detected by the Java Runtime Environment:
#
#  EXCEPTION_ACCESS_VIOLATION (0xc0000005) at pc=0x0f928116, pid=6828, tid=18116
#
# JRE version: Java(TM) SE Runtime Environment (7.0_80-b15) (build 1.7.0_80-b15)
# Java VM: Java HotSpot(TM) Client VM (24.80-b11 mixed mode, sharing windows-x86 )
# Problematic frame:
# C  [bwapi_bridge2_5.dll+0x38116]
#
# Failed to write core dump. Minidumps are not enabled by default on client versions of Windows
#
# If you would like to submit a bug report, please visit:
#   http://bugreport.java.com/bugreport/crash.jsp
# The crash happened outside the Java Virtual Machine in native code.
# See problematic frame for where to report the bug.
#

---------------  T H R E A D  ---------------

Current thread (0x02ebc000):  JavaThread "main" [_thread_in_native, id=18116, stack(0x02da0000,0x02df0000)]

siginfo: ExceptionCode=0xc0000005, reading address 0x07c55084

Registers:
EAX=0x07c55084, EBX=0x02ebc000, ECX=0x07c55084, EDX=0x02ebc130
ESP=0x02dede08, EBP=0x02dede08, ESI=0x07c55084, EDI=0x02ebc000
EIP=0x0f928116, EFLAGS=0x00010246

Top of Stack: (sp=0x02dede08)
0x02dede08:   02dede38 030c8921 02ebc130 02dede20
0x02dede18:   07c55084 02ebc000 29d91998 02dede44
0x02dede28:   3925cc00 00000000 3925cdd0 00000000
0x02dede38:   02dede98 030ddfb0 07c55084 02ebc000
0x02dede48:   00000000 00000000 02dede48 3883bfc4
0x02dede58:   02dede80 3925b528 00000000 3925c358
0x02dede68:   02dede98 0302347b 0302347b 29d91998
0x02dede78:   02dede78 3487182e 02dedec0 34872018 

Instructions: (pc=0x0f928116)
0x0f9280f6:   8b 01 8b 80 3c 01 00 00 ff d0 5d c2 10 00 cc cc
0x0f928106:   cc cc cc cc cc cc cc cc cc cc 55 8b ec 8b 4d 10
0x0f928116:   8b 01 8b 80 40 01 00 00 ff d0 5d c2 10 00 cc cc
0x0f928126:   cc cc cc cc cc cc cc cc cc cc 55 8b ec 8b 4d 10 


Register to memory mapping:

EAX=0x07c55084 is an unknown value
EBX=0x02ebc000 is a thread
ECX=0x07c55084 is an unknown value
EDX=0x02ebc130 is an unknown value
ESP=0x02dede08 is pointing into the stack for thread: 0x02ebc000
EBP=0x02dede08 is pointing into the stack for thread: 0x02ebc000
ESI=0x07c55084 is an unknown value
EDI=0x02ebc000 is a thread


Stack: [0x02da0000,0x02df0000],  sp=0x02dede08,  free space=311k
Native frames: (J=compiled Java code, j=interpreted, Vv=VM code, C=native code)
C  [bwapi_bridge2_5.dll+0x38116]
J 92  bwapi.Unit.isCompleted_native(J)Z (0 bytes) @ 0x030c8921 [0x030c8890+0x91]
J 152 C1 bwapi.Unit.isCompleted()Z (9 bytes) @ 0x030ddfb0 [0x030ddf80+0x30]
j  BuildingUtil.getCenter(Ljava/util/ArrayList;)Lbwapi/Position;+30
j  Formation.FSM(Lbwapi/Unit;LFormation;LFormation$State;LFangSM;LFangAi;Lbwapi/Game;Ljava/util/HashSet;)V+69
J 90 C1 FangBot.onFrame()V (578 bytes) @ 0x030c5b94 [0x030c4e50+0xd44]
J 124 C1 bwapi.AIModule.onFrame()V (17 bytes) @ 0x030d5c04 [0x030d5bd0+0x34]
v  ~StubRoutines::call_stub
V  [jvm.dll+0x1429aa]
V  [jvm.dll+0x20743e]
V  [jvm.dll+0x142a2d]
V  [jvm.dll+0xcb7b2]
V  [jvm.dll+0xcf403]
C  [bwapi_bridge2_5.dll+0x1b20d]
C  [bwapi_bridge2_5.dll+0x75101]
j  bwapi.Mirror.startGame()V+0
j  FangBot.run()V+15
j  FangBot.main([Ljava/lang/String;)V+7
v  ~StubRoutines::call_stub
V  [jvm.dll+0x1429aa]
V  [jvm.dll+0x20743e]
V  [jvm.dll+0x142a2d]
V  [jvm.dll+0xcb535]
V  [jvm.dll+0xd61d7]
C  [javaw.exe+0x2070]
C  [javaw.exe+0xa6d1]
C  [javaw.exe+0xa75b]
C  [KERNEL32.DLL+0x16394]
C  [ntdll.dll+0x604bb]
C  [ntdll.dll+0x6048b]

Java frames: (J=compiled Java code, j=interpreted, Vv=VM code)
J 92  bwapi.Unit.isCompleted_native(J)Z (0 bytes) @ 0x030c88dd [0x030c8890+0x4d]
J 152 C1 bwapi.Unit.isCompleted()Z (9 bytes) @ 0x030ddfb0 [0x030ddf80+0x30]
j  BuildingUtil.getCenter(Ljava/util/ArrayList;)Lbwapi/Position;+30
j  Formation.FSM(Lbwapi/Unit;LFormation;LFormation$State;LFangSM;LFangAi;Lbwapi/Game;Ljava/util/HashSet;)V+69
J 90 C1 FangBot.onFrame()V (578 bytes) @ 0x030c5b94 [0x030c4e50+0xd44]
J 124 C1 bwapi.AIModule.onFrame()V (17 bytes) @ 0x030d5c04 [0x030d5bd0+0x34]
v  ~StubRoutines::call_stub
j  bwapi.Mirror.startGame()V+0
j  FangBot.run()V+15
j  FangBot.main([Ljava/lang/String;)V+7
v  ~StubRoutines::call_stub

---------------  P R O C E S S  ---------------

Java Threads: ( => current thread )
  0x02fb6400 JavaThread "Service Thread" daemon [_thread_blocked, id=5880, stack(0x054f0000,0x05540000)]
  0x02fb3000 JavaThread "C1 CompilerThread0" daemon [_thread_blocked, id=5024, stack(0x05460000,0x054b0000)]
  0x02fb0400 JavaThread "Attach Listener" daemon [_thread_blocked, id=1636, stack(0x053d0000,0x05420000)]
  0x02fae000 JavaThread "Signal Dispatcher" daemon [_thread_blocked, id=888, stack(0x05340000,0x05390000)]
  0x02f40800 JavaThread "Finalizer" daemon [_thread_blocked, id=7524, stack(0x052b0000,0x05300000)]
  0x02f3f000 JavaThread "Reference Handler" daemon [_thread_blocked, id=10900, stack(0x05220000,0x05270000)]
=>0x02ebc000 JavaThread "main" [_thread_in_native, id=18116, stack(0x02da0000,0x02df0000)]

Other Threads:
  0x02f3dc00 VMThread [stack: 0x05190000,0x051e0000] [id=18824]
  0x02fd0400 WatcherThread [stack: 0x05580000,0x055d0000] [id=4508]

VM state:not at safepoint (normal execution)

VM Mutex/Monitor currently owned by a thread: None

Heap
 def new generation   total 4928K, used 483K [0x24800000, 0x24d50000, 0x29d50000)
  eden space 4416K,  10% used [0x24800000, 0x248732c0, 0x24c50000)
  from space 512K,   4% used [0x24c50000, 0x24c55b50, 0x24cd0000)
  to   space 512K,   0% used [0x24cd0000, 0x24cd0000, 0x24d50000)
 tenured generation   total 10944K, used 267K [0x29d50000, 0x2a800000, 0x34800000)
   the space 10944K,   2% used [0x29d50000, 0x29d92e98, 0x29d93000, 0x2a800000)
 compacting perm gen  total 12288K, used 654K [0x34800000, 0x35400000, 0x38800000)
   the space 12288K,   5% used [0x34800000, 0x348a3910, 0x348a3a00, 0x35400000)
    ro space 10240K,  42% used [0x38800000, 0x38c37108, 0x38c37200, 0x39200000)
    rw space 12288K,  52% used [0x39200000, 0x39841738, 0x39841800, 0x39e00000)

Card table byte_map: [0x050a0000,0x05150000] byte_map_base: 0x04f7c000

Polling page: 0x02e10000

Code Cache  [0x03020000, 0x030e8000, 0x05020000)
 total_blobs=304 nmethods=166 adapters=75 free_code_cache=31995Kb largest_free_block=32763776

Compilation events (10 events):
Event: 32.447 Thread 0x02fb3000  162             bwapi.TilePosition::equals (49 bytes)
Event: 32.447 Thread 0x02fb3000 nmethod 162 0x030e0088 code [0x030e0190, 0x030e02d0]
Event: 57.605 Thread 0x02fb3000  163             java.nio.Buffer::position (5 bytes)
Event: 57.605 Thread 0x02fb3000 nmethod 163 0x030e0388 code [0x030e0480, 0x030e0500]
Event: 57.605 Thread 0x02fb3000  164             java.util.HashMap::put (142 bytes)
Event: 57.605 Thread 0x02fb3000 nmethod 164 0x030e0548 code [0x030e06a0, 0x030e08c8]
Event: 74.149 Thread 0x02fb3000  165             bwapi.Position::hashCode (17 bytes)
Event: 74.149 Thread 0x02fb3000 nmethod 165 0x030e0ac8 code [0x030e0bc0, 0x030e0c50]
Event: 74.586 Thread 0x02fb3000  166             java.util.HashMap::addEntry (69 bytes)
Event: 74.587 Thread 0x02fb3000 nmethod 166 0x030e0c88 code [0x030e0db0, 0x030e0ef4]

GC Heap History (10 events):
Event: 74.681 GC heap before
{Heap before GC invocations=31 (full 0):
 def new generation   total 4928K, used 4438K [0x24800000, 0x24d50000, 0x29d50000)
  eden space 4416K, 100% used [0x24800000, 0x24c50000, 0x24c50000)
  from space 512K,   4% used [0x24cd0000, 0x24cd5a18, 0x24d50000)
  to   space 512K,   0% used [0x24c50000, 0x24c50000, 0x24cd0000)
 tenured generation   total 10944K, used 266K [0x29d50000, 0x2a800000, 0x34800000)
   the space 10944K,   2% used [0x29d50000, 0x29d92aa8, 0x29d92c00, 0x2a800000)
 compacting perm gen  total 12288K, used 654K [0x34800000, 0x35400000, 0x38800000)
   the space 12288K,   5% used [0x34800000, 0x348a3910, 0x348a3a00, 0x35400000)
    ro space 10240K,  42% used [0x38800000, 0x38c37108, 0x38c37200, 0x39200000)
    rw space 12288K,  52% used [0x39200000, 0x39841738, 0x39841800, 0x39e00000)
Event: 74.682 GC heap after
Heap after GC invocations=32 (full 0):
 def new generation   total 4928K, used 22K [0x24800000, 0x24d50000, 0x29d50000)
  eden space 4416K,   0% used [0x24800000, 0x24800000, 0x24c50000)
  from space 512K,   4% used [0x24c50000, 0x24c559a8, 0x24cd0000)
  to   space 512K,   0% used [0x24cd0000, 0x24cd0000, 0x24d50000)
 tenured generation   total 10944K, used 266K [0x29d50000, 0x2a800000, 0x34800000)
   the space 10944K,   2% used [0x29d50000, 0x29d92b88, 0x29d92c00, 0x2a800000)
 compacting perm gen  total 12288K, used 654K [0x34800000, 0x35400000, 0x38800000)
   the space 12288K,   5% used [0x34800000, 0x348a3910, 0x348a3a00, 0x35400000)
    ro space 10240K,  42% used [0x38800000, 0x38c37108, 0x38c37200, 0x39200000)
    rw space 12288K,  52% used [0x39200000, 0x39841738, 0x39841800, 0x39e00000)
}
Event: 76.198 GC heap before
{Heap before GC invocations=32 (full 0):
 def new generation   total 4928K, used 4438K [0x24800000, 0x24d50000, 0x29d50000)
  eden space 4416K, 100% used [0x24800000, 0x24c50000, 0x24c50000)
  from space 512K,   4% used [0x24c50000, 0x24c559a8, 0x24cd0000)
  to   space 512K,   0% used [0x24cd0000, 0x24cd0000, 0x24d50000)
 tenured generation   total 10944K, used 266K [0x29d50000, 0x2a800000, 0x34800000)
   the space 10944K,   2% used [0x29d50000, 0x29d92b88, 0x29d92c00, 0x2a800000)
 compacting perm gen  total 12288K, used 654K [0x34800000, 0x35400000, 0x38800000)
   the space 12288K,   5% used [0x34800000, 0x348a3910, 0x348a3a00, 0x35400000)
    ro space 10240K,  42% used [0x38800000, 0x38c37108, 0x38c37200, 0x39200000)
    rw space 12288K,  52% used [0x39200000, 0x39841738, 0x39841800, 0x39e00000)
Event: 76.198 GC heap after
Heap after GC invocations=33 (full 0):
 def new generation   total 4928K, used 22K [0x24800000, 0x24d50000, 0x29d50000)
  eden space 4416K,   0% used [0x24800000, 0x24800000, 0x24c50000)
  from space 512K,   4% used [0x24cd0000, 0x24cd59e0, 0x24d50000)
  to   space 512K,   0% used [0x24c50000, 0x24c50000, 0x24cd0000)
 tenured generation   total 10944K, used 266K [0x29d50000, 0x2a800000, 0x34800000)
   the space 10944K,   2% used [0x29d50000, 0x29d92bf8, 0x29d92c00, 0x2a800000)
 compacting perm gen  total 12288K, used 654K [0x34800000, 0x35400000, 0x38800000)
   the space 12288K,   5% used [0x34800000, 0x348a3910, 0x348a3a00, 0x35400000)
    ro space 10240K,  42% used [0x38800000, 0x38c37108, 0x38c37200, 0x39200000)
    rw space 12288K,  52% used [0x39200000, 0x39841738, 0x39841800, 0x39e00000)
}
Event: 76.992 GC heap before
{Heap before GC invocations=33 (full 0):
 def new generation   total 4928K, used 4438K [0x24800000, 0x24d50000, 0x29d50000)
  eden space 4416K, 100% used [0x24800000, 0x24c50000, 0x24c50000)
  from space 512K,   4% used [0x24cd0000, 0x24cd59e0, 0x24d50000)
  to   space 512K,   0% used [0x24c50000, 0x24c50000, 0x24cd0000)
 tenured generation   total 10944K, used 266K [0x29d50000, 0x2a800000, 0x34800000)
   the space 10944K,   2% used [0x29d50000, 0x29d92bf8, 0x29d92c00, 0x2a800000)
 compacting perm gen  total 12288K, used 654K [0x34800000, 0x35400000, 0x38800000)
   the space 12288K,   5% used [0x34800000, 0x348a3910, 0x348a3a00, 0x35400000)
    ro space 10240K,  42% used [0x38800000, 0x38c37108, 0x38c37200, 0x39200000)
    rw space 12288K,  52% used [0x39200000, 0x39841738, 0x39841800, 0x39e00000)
Event: 76.992 GC heap after
Heap after GC invocations=34 (full 0):
 def new generation   total 4928K, used 21K [0x24800000, 0x24d50000, 0x29d50000)
  eden space 4416K,   0% used [0x24800000, 0x24800000, 0x24c50000)
  from space 512K,   4% used [0x24c50000, 0x24c557d8, 0x24cd0000)
  to   space 512K,   0% used [0x24cd0000, 0x24cd0000, 0x24d50000)
 tenured generation   total 10944K, used 267K [0x29d50000, 0x2a800000, 0x34800000)
   the space 10944K,   2% used [0x29d50000, 0x29d92e28, 0x29d93000, 0x2a800000)
 compacting perm gen  total 12288K, used 654K [0x34800000, 0x35400000, 0x38800000)
   the space 12288K,   5% used [0x34800000, 0x348a3910, 0x348a3a00, 0x35400000)
    ro space 10240K,  42% used [0x38800000, 0x38c37108, 0x38c37200, 0x39200000)
    rw space 12288K,  52% used [0x39200000, 0x39841738, 0x39841800, 0x39e00000)
}
Event: 77.728 GC heap before
{Heap before GC invocations=34 (full 0):
 def new generation   total 4928K, used 4437K [0x24800000, 0x24d50000, 0x29d50000)
  eden space 4416K, 100% used [0x24800000, 0x24c50000, 0x24c50000)
  from space 512K,   4% used [0x24c50000, 0x24c557d8, 0x24cd0000)
  to   space 512K,   0% used [0x24cd0000, 0x24cd0000, 0x24d50000)
 tenured generation   total 10944K, used 267K [0x29d50000, 0x2a800000, 0x34800000)
   the space 10944K,   2% used [0x29d50000, 0x29d92e28, 0x29d93000, 0x2a800000)
 compacting perm gen  total 12288K, used 654K [0x34800000, 0x35400000, 0x38800000)
   the space 12288K,   5% used [0x34800000, 0x348a3910, 0x348a3a00, 0x35400000)
    ro space 10240K,  42% used [0x38800000, 0x38c37108, 0x38c37200, 0x39200000)
    rw space 12288K,  52% used [0x39200000, 0x39841738, 0x39841800, 0x39e00000)
Event: 77.728 GC heap after
Heap after GC invocations=35 (full 0):
 def new generation   total 4928K, used 22K [0x24800000, 0x24d50000, 0x29d50000)
  eden space 4416K,   0% used [0x24800000, 0x24800000, 0x24c50000)
  from space 512K,   4% used [0x24cd0000, 0x24cd5b90, 0x24d50000)
  to   space 512K,   0% used [0x24c50000, 0x24c50000, 0x24cd0000)
 tenured generation   total 10944K, used 267K [0x29d50000, 0x2a800000, 0x34800000)
   the space 10944K,   2% used [0x29d50000, 0x29d92e28, 0x29d93000, 0x2a800000)
 compacting perm gen  total 12288K, used 654K [0x34800000, 0x35400000, 0x38800000)
   the space 12288K,   5% used [0x34800000, 0x348a3910, 0x348a3a00, 0x35400000)
    ro space 10240K,  42% used [0x38800000, 0x38c37108, 0x38c37200, 0x39200000)
    rw space 12288K,  52% used [0x39200000, 0x39841738, 0x39841800, 0x39e00000)
}
Event: 78.430 GC heap before
{Heap before GC invocations=35 (full 0):
 def new generation   total 4928K, used 4438K [0x24800000, 0x24d50000, 0x29d50000)
  eden space 4416K, 100% used [0x24800000, 0x24c50000, 0x24c50000)
  from space 512K,   4% used [0x24cd0000, 0x24cd5b90, 0x24d50000)
  to   space 512K,   0% used [0x24c50000, 0x24c50000, 0x24cd0000)
 tenured generation   total 10944K, used 267K [0x29d50000, 0x2a800000, 0x34800000)
   the space 10944K,   2% used [0x29d50000, 0x29d92e28, 0x29d93000, 0x2a800000)
 compacting perm gen  total 12288K, used 654K [0x34800000, 0x35400000, 0x38800000)
   the space 12288K,   5% used [0x34800000, 0x348a3910, 0x348a3a00, 0x35400000)
    ro space 10240K,  42% used [0x38800000, 0x38c37108, 0x38c37200, 0x39200000)
    rw space 12288K,  52% used [0x39200000, 0x39841738, 0x39841800, 0x39e00000)
Event: 78.430 GC heap after
Heap after GC invocations=36 (full 0):
 def new generation   total 4928K, used 22K [0x24800000, 0x24d50000, 0x29d50000)
  eden space 4416K,   0% used [0x24800000, 0x24800000, 0x24c50000)
  from space 512K,   4% used [0x24c50000, 0x24c55b50, 0x24cd0000)
  to   space 512K,   0% used [0x24cd0000, 0x24cd0000, 0x24d50000)
 tenured generation   total 10944K, used 267K [0x29d50000, 0x2a800000, 0x34800000)
   the space 10944K,   2% used [0x29d50000, 0x29d92e98, 0x29d93000, 0x2a800000)
 compacting perm gen  total 12288K, used 654K [0x34800000, 0x35400000, 0x38800000)
   the space 12288K,   5% used [0x34800000, 0x348a3910, 0x348a3a00, 0x35400000)
    ro space 10240K,  42% used [0x38800000, 0x38c37108, 0x38c37200, 0x39200000)
    rw space 12288K,  52% used [0x39200000, 0x39841738, 0x39841800, 0x39e00000)
}

Deoptimization events (0 events):
No events

Internal exceptions (10 events):
Event: 76.133 Thread 0x02ebc000 Implicit null exception at 0x030c1de8 to 0x030c1e85
Event: 76.133 Thread 0x02ebc000 Threw 0x24c14e90 at C:\re\jdk7u80\2329\hotspot\src\share\vm\runtime\sharedRuntime.cpp:591
Event: 76.133 Thread 0x02ebc000 Implicit null exception at 0x030c1de8 to 0x030c1e85
Event: 76.133 Thread 0x02ebc000 Threw 0x24c15c60 at C:\re\jdk7u80\2329\hotspot\src\share\vm\runtime\sharedRuntime.cpp:591
Event: 76.134 Thread 0x02ebc000 Implicit null exception at 0x030c1de8 to 0x030c1e85
Event: 76.134 Thread 0x02ebc000 Threw 0x24c16a30 at C:\re\jdk7u80\2329\hotspot\src\share\vm\runtime\sharedRuntime.cpp:591
Event: 76.148 Thread 0x02ebc000 Implicit null exception at 0x030c1de8 to 0x030c1e85
Event: 76.148 Thread 0x02ebc000 Threw 0x24c17800 at C:\re\jdk7u80\2329\hotspot\src\share\vm\runtime\sharedRuntime.cpp:591
Event: 76.149 Thread 0x02ebc000 Implicit null exception at 0x030c1de8 to 0x030c1e85
Event: 76.149 Thread 0x02ebc000 Threw 0x24c185d0 at C:\re\jdk7u80\2329\hotspot\src\share\vm\runtime\sharedRuntime.cpp:591

Events (10 events):
Event: 74.681 Executing VM operation: GenCollectForAllocation
Event: 74.682 Executing VM operation: GenCollectForAllocation done
Event: 76.198 Executing VM operation: GenCollectForAllocation
Event: 76.198 Executing VM operation: GenCollectForAllocation done
Event: 76.992 Executing VM operation: GenCollectForAllocation
Event: 76.992 Executing VM operation: GenCollectForAllocation done
Event: 77.728 Executing VM operation: GenCollectForAllocation
Event: 77.728 Executing VM operation: GenCollectForAllocation done
Event: 78.430 Executing VM operation: GenCollectForAllocation
Event: 78.430 Executing VM operation: GenCollectForAllocation done


Dynamic libraries:
0x01170000 - 0x0119f000 	C:\Program Files (x86)\Java\jre7\bin\javaw.exe
0x77a40000 - 0x77bbf000 	C:\WINDOWS\SYSTEM32\ntdll.dll
0x77040000 - 0x77120000 	C:\WINDOWS\System32\KERNEL32.DLL
0x75e10000 - 0x75fbe000 	C:\WINDOWS\System32\KERNELBASE.dll
0x763d0000 - 0x76446000 	C:\WINDOWS\System32\ADVAPI32.dll
0x74a30000 - 0x74aed000 	C:\WINDOWS\System32\msvcrt.dll
0x76740000 - 0x76781000 	C:\WINDOWS\System32\sechost.dll
0x77440000 - 0x774fc000 	C:\WINDOWS\System32\RPCRT4.dll
0x74630000 - 0x7464e000 	C:\WINDOWS\System32\SspiCli.dll
0x74620000 - 0x7462a000 	C:\WINDOWS\System32\CRYPTBASE.dll
0x746c0000 - 0x74718000 	C:\WINDOWS\System32\bcryptPrimitives.dll
0x772f0000 - 0x7743d000 	C:\WINDOWS\System32\USER32.dll
0x747b0000 - 0x747c6000 	C:\WINDOWS\System32\win32u.dll
0x74650000 - 0x7467a000 	C:\WINDOWS\System32\GDI32.dll
0x77510000 - 0x77667000 	C:\WINDOWS\System32\gdi32full.dll
0x73f60000 - 0x74160000 	C:\WINDOWS\WinSxS\x86_microsoft.windows.common-controls_6595b64144ccf1df_6.0.14946.1000_none_d33ee90ed06d81a5\COMCTL32.dll
0x764a0000 - 0x766af000 	C:\WINDOWS\System32\combase.dll
0x77120000 - 0x771fa000 	C:\WINDOWS\System32\ucrtbase.dll
0x766b0000 - 0x766d5000 	C:\WINDOWS\System32\IMM32.DLL
0x70020000 - 0x700df000 	C:\Program Files (x86)\Java\jre7\bin\msvcr100.dll
0x6dba0000 - 0x6df2b000 	C:\Program Files (x86)\Java\jre7\bin\client\jvm.dll
0x76790000 - 0x76796000 	C:\WINDOWS\System32\PSAPI.DLL
0x73f00000 - 0x73f08000 	C:\WINDOWS\SYSTEM32\WSOCK32.dll
0x73ed0000 - 0x73ef4000 	C:\WINDOWS\SYSTEM32\WINMM.dll
0x76830000 - 0x76892000 	C:\WINDOWS\System32\WS2_32.dll
0x73b70000 - 0x73b93000 	C:\WINDOWS\SYSTEM32\WINMMBASE.dll
0x74680000 - 0x746b5000 	C:\WINDOWS\System32\cfgmgr32.dll
0x70010000 - 0x7001c000 	C:\Program Files (x86)\Java\jre7\bin\verify.dll
0x6ffe0000 - 0x70001000 	C:\Program Files (x86)\Java\jre7\bin\java.dll
0x6ffc0000 - 0x6ffd3000 	C:\Program Files (x86)\Java\jre7\bin\zip.dll
0x0f8f0000 - 0x0fb76000 	D:\FangAI\FangAI\bwapi_bridge2_5.dll
0x725c0000 - 0x72631000 	C:\WINDOWS\SYSTEM32\MSVCP120.dll
0x724d0000 - 0x725be000 	C:\WINDOWS\SYSTEM32\MSVCR120.dll
0x6acc0000 - 0x6ad27000 	D:\FangAI\FangAI\libgmp-10.dll
0x6f540000 - 0x6f59e000 	D:\FangAI\FangAI\libmpfr-4.dll
0x6e540000 - 0x6e68b000 	C:\WINDOWS\SYSTEM32\dbghelp.dll

VM Arguments:
jvm_args: -Dfile.encoding=Cp1252 
java_command: FangBot
Launcher Type: SUN_STANDARD

Environment Variables:
PATH=C:/Program Files (x86)/Java/jre1.8.0_111/bin/client;C:/Program Files (x86)/Java/jre1.8.0_111/bin;C:/Program Files (x86)/Java/jre1.8.0_111/lib/i386;C:\ProgramData\Oracle\Java\javapath;C:\Program Files\Haskell\bin;C:\Program Files\Haskell Platform\8.0.1\lib\extralibs\bin;C:\Program Files\Haskell Platform\8.0.1\bin;C:\Windows\system32;C:\Windows;C:\Windows\System32\Wbem;C:\Windows\System32\WindowsPowerShell\v1.0\;C:\Program Files (x86)\NVIDIA Corporation\PhysX\Common;C:\Program Files\Haskell Platform\8.0.1\mingw\bin;C:\Program Files (x86)\Brackets\command;C:\Program Files (x86)\GtkSharp\2.12\bin;C:\WINDOWS\system32;C:\WINDOWS;C:\WINDOWS\System32\Wbem;C:\WINDOWS\System32\WindowsPowerShell\v1.0\;C:\Program Files (x86)\Windows Live\Shared;C:\Program Files (x86)\Windows Kits\8.1\Windows Performance Toolkit\;C:\Program Files (x86)\Skype\Phone\;C:\Users\dkfan\AppData\Roaming\cabal\bin;C:\Users\dkfan\AppData\Roaming\local\bin;C:\Users\dkfan\AppData\Local\Microsoft\WindowsApps;
USERNAME=dkfan
OS=Windows_NT
PROCESSOR_IDENTIFIER=Intel64 Family 6 Model 94 Stepping 3, GenuineIntel



---------------  S Y S T E M  ---------------

OS: Windows 8.1 , 64 bit Build 9600 

CPU:total 8 (4 cores per cpu, 2 threads per core) family 6 model 94 stepping 3, cmov, cx8, fxsr, mmx, sse, sse2, sse3, ssse3, sse4.1, sse4.2, popcnt, avx, avx2, aes, erms, ht, tsc, tscinvbit

Memory: 4k page, physical 16694876k(9160852k free), swap 19185244k(6151032k free)

vm_info: Java HotSpot(TM) Client VM (24.80-b11) for windows-x86 JRE (1.7.0_80-b15), built on Apr 10 2015 13:33:35 by "java_re" with unknown MS VC++:1600

time: Sat Dec 10 17:00:54 2016
elapsed time: 78 seconds

