#
# A fatal error has been detected by the Java Runtime Environment:
#
#  EXCEPTION_ACCESS_VIOLATION (0xc0000005) at pc=0x6dbc569b, pid=10236, tid=7772
#
# JRE version: Java(TM) SE Runtime Environment (7.0_80-b15) (build 1.7.0_80-b15)
# Java VM: Java HotSpot(TM) Client VM (24.80-b11 mixed mode, sharing windows-x86 )
# Problematic frame:
# V  [jvm.dll+0xc569b]
#
# Failed to write core dump. Minidumps are not enabled by default on client versions of Windows
#
# If you would like to submit a bug report, please visit:
#   http://bugreport.java.com/bugreport/crash.jsp
#

---------------  T H R E A D  ---------------

Current thread (0x00dac000):  JavaThread "main" [_thread_in_vm, id=7772, stack(0x013d0000,0x01420000)]

siginfo: ExceptionCode=0xc0000005, reading address 0x00000000

Registers:
EAX=0x00000000, EBX=0x02da90e0, ECX=0x00000000, EDX=0x00000007
ESP=0x0141dcc4, EBP=0x0141dce0, ESI=0x00dac130, EDI=0x00dac000
EIP=0x6dbc569b, EFLAGS=0x00010246

Top of Stack: (sp=0x0141dcc4)
0x0141dcc4:   0141de10 00000000 02da90e0 00dac000
0x0141dcd4:   00000000 00000000 02da90e0 0141dd64
0x0141dce4:   0f47c65a 00dac130 00000000 6e696f70
0x0141dcf4:   00726574 0141dd64 0f47c61e 00000007
0x0141dd04:   0000000f 624c004a 69706177 696e552f
0x0141dd14:   00003b74 00000001 0000000f b172aa4b
0x0141dd24:   00dac000 0797f084 348484c0 00000000
0x0141dd34:   fff80000 00000000 fff80000 0141dd08 

Instructions: (pc=0x6dbc569b)
0x6dbc567b:   f3 ff 83 c4 08 83 7f 04 00 89 7d f0 c7 45 f4 00
0x6dbc568b:   00 00 00 74 08 8d 4d f0 e8 78 aa 0c 00 8b 45 0c
0x6dbc569b:   8b 08 8b 51 04 8b 42 40 50 56 e8 a6 e3 07 00 83
0x6dbc56ab:   c4 08 83 7d f4 00 89 45 08 74 08 8d 4d f0 e8 92 


Register to memory mapping:

EAX=0x00000000 is an unknown value
EBX=0x02da90e0 is a global jni handle
ECX=0x00000000 is an unknown value
EDX=0x00000007 is an unknown value
ESP=0x0141dcc4 is pointing into the stack for thread: 0x00dac000
EBP=0x0141dce0 is pointing into the stack for thread: 0x00dac000
ESI=0x00dac130 is an unknown value
EDI=0x00dac000 is a thread


Stack: [0x013d0000,0x01420000],  sp=0x0141dcc4,  free space=311k
Native frames: (J=compiled Java code, j=interpreted, Vv=VM code, C=native code)
V  [jvm.dll+0xc569b]
C  [bwapi_bridge2_5.dll+0x1c65a]
C  [bwapi_bridge2_5.dll+0x387be]
j  bwapi.Unit.issueCommand_native(JLbwapi/UnitCommand;)Z+0
J 73 C1 FangBot.onFrame()V (857 bytes) @ 0x02e532b0 [0x02e51f20+0x1390]
J 113 C1 bwapi.AIModule.onFrame()V (17 bytes) @ 0x02e609c4 [0x02e60990+0x34]
v  ~StubRoutines::call_stub
V  [jvm.dll+0x1429aa]
V  [jvm.dll+0x20743e]
V  [jvm.dll+0x142a2d]
V  [jvm.dll+0xcb7b2]
V  [jvm.dll+0xcf403]
C  [bwapi_bridge2_5.dll+0x1b20d]
C  [bwapi_bridge2_5.dll+0x75101]
j  bwapi.Mirror.startGame()V+0
j  FangBot.run()V+15
j  FangBot.main([Ljava/lang/String;)V+7
v  ~StubRoutines::call_stub
V  [jvm.dll+0x1429aa]
V  [jvm.dll+0x20743e]
V  [jvm.dll+0x142a2d]
V  [jvm.dll+0xcb535]
V  [jvm.dll+0xd61d7]
C  [javaw.exe+0x2070]
C  [javaw.exe+0xa6d1]
C  [javaw.exe+0xa75b]
C  [KERNEL32.DLL+0x16394]
C  [ntdll.dll+0x604bb]
C  [ntdll.dll+0x6048b]

Java frames: (J=compiled Java code, j=interpreted, Vv=VM code)
j  bwapi.Unit.issueCommand_native(JLbwapi/UnitCommand;)Z+0
J 73 C1 FangBot.onFrame()V (857 bytes) @ 0x02e532b0 [0x02e51f20+0x1390]
J 113 C1 bwapi.AIModule.onFrame()V (17 bytes) @ 0x02e609c4 [0x02e60990+0x34]
v  ~StubRoutines::call_stub
j  bwapi.Mirror.startGame()V+0
j  FangBot.run()V+15
j  FangBot.main([Ljava/lang/String;)V+7
v  ~StubRoutines::call_stub

---------------  P R O C E S S  ---------------

Java Threads: ( => current thread )
  0x02d45c00 JavaThread "Service Thread" daemon [_thread_blocked, id=6304, stack(0x05200000,0x05250000)]
  0x02d42000 JavaThread "C1 CompilerThread0" daemon [_thread_blocked, id=13340, stack(0x05170000,0x051c0000)]
  0x02d40c00 JavaThread "Attach Listener" daemon [_thread_blocked, id=960, stack(0x050e0000,0x05130000)]
  0x02d3f000 JavaThread "Signal Dispatcher" daemon [_thread_blocked, id=9948, stack(0x05050000,0x050a0000)]
  0x02cd1000 JavaThread "Finalizer" daemon [_thread_blocked, id=12928, stack(0x04fc0000,0x05010000)]
  0x02ccf800 JavaThread "Reference Handler" daemon [_thread_blocked, id=6432, stack(0x04f30000,0x04f80000)]
=>0x00dac000 JavaThread "main" [_thread_in_vm, id=7772, stack(0x013d0000,0x01420000)]

Other Threads:
  0x02ccd800 VMThread [stack: 0x04ea0000,0x04ef0000] [id=13368]
  0x02d57000 WatcherThread [stack: 0x05290000,0x052e0000] [id=17256]

VM state:not at safepoint (normal execution)

VM Mutex/Monitor currently owned by a thread: None

Heap
 def new generation   total 4928K, used 3218K [0x24800000, 0x24d50000, 0x29d50000)
  eden space 4416K,  72% used [0x24800000, 0x24b23660, 0x24c50000)
  from space 512K,   1% used [0x24c50000, 0x24c51578, 0x24cd0000)
  to   space 512K,   0% used [0x24cd0000, 0x24cd0000, 0x24d50000)
 tenured generation   total 10944K, used 250K [0x29d50000, 0x2a800000, 0x34800000)
   the space 10944K,   2% used [0x29d50000, 0x29d8ea88, 0x29d8ec00, 0x2a800000)
 compacting perm gen  total 12288K, used 627K [0x34800000, 0x35400000, 0x38800000)
   the space 12288K,   5% used [0x34800000, 0x3489ce40, 0x3489d000, 0x35400000)
    ro space 10240K,  42% used [0x38800000, 0x38c37108, 0x38c37200, 0x39200000)
    rw space 12288K,  52% used [0x39200000, 0x39841738, 0x39841800, 0x39e00000)

Card table byte_map: [0x04db0000,0x04e60000] byte_map_base: 0x04c8c000

Polling page: 0x01140000

Code Cache  [0x02db0000, 0x02e68000, 0x04db0000)
 total_blobs=276 nmethods=138 adapters=75 free_code_cache=32043Kb largest_free_block=32812096

Compilation events (10 events):
Event: 28.229 Thread 0x02d42000  123             java.util.HashMap$KeyIterator::<init> (11 bytes)
Event: 28.229 Thread 0x02d42000 nmethod 123 0x02e62c08 code [0x02e62d00, 0x02e62d9c]
Event: 30.230 Thread 0x02d42000  126             java.util.HashMap::newKeyIterator (10 bytes)
Event: 30.230 Thread 0x02d42000 nmethod 126 0x02e63348 code [0x02e63450, 0x02e6353c]
Event: 30.698 Thread 0x02d42000  127             java.util.HashMap$HashIterator::hasNext (13 bytes)
Event: 30.698 Thread 0x02d42000 nmethod 127 0x02e635c8 code [0x02e636c0, 0x02e63750]
Event: 30.714 Thread 0x02d42000  128             java.util.HashMap$HashIterator::<init> (63 bytes)
Event: 30.714 Thread 0x02d42000 nmethod 128 0x02e63788 code [0x02e63880, 0x02e63970]
Event: 44.432 Thread 0x02d42000  133             bwta.BaseLocation::getPosition (9 bytes)
Event: 44.432 Thread 0x02d42000 nmethod 133 0x02e64748 code [0x02e64840, 0x02e648dc]

GC Heap History (10 events):
Event: 53.011 GC heap before
{Heap before GC invocations=7 (full 0):
 def new generation   total 4928K, used 4419K [0x24800000, 0x24d50000, 0x29d50000)
  eden space 4416K, 100% used [0x24800000, 0x24c50000, 0x24c50000)
  from space 512K,   0% used [0x24cd0000, 0x24cd0ec8, 0x24d50000)
  to   space 512K,   0% used [0x24c50000, 0x24c50000, 0x24cd0000)
 tenured generation   total 10944K, used 250K [0x29d50000, 0x2a800000, 0x34800000)
   the space 10944K,   2% used [0x29d50000, 0x29d8ea88, 0x29d8ec00, 0x2a800000)
 compacting perm gen  total 12288K, used 614K [0x34800000, 0x35400000, 0x38800000)
   the space 12288K,   5% used [0x34800000, 0x34899af8, 0x34899c00, 0x35400000)
    ro space 10240K,  42% used [0x38800000, 0x38c37108, 0x38c37200, 0x39200000)
    rw space 12288K,  52% used [0x39200000, 0x39841738, 0x39841800, 0x39e00000)
Event: 53.012 GC heap after
Heap after GC invocations=8 (full 0):
 def new generation   total 4928K, used 3K [0x24800000, 0x24d50000, 0x29d50000)
  eden space 4416K,   0% used [0x24800000, 0x24800000, 0x24c50000)
  from space 512K,   0% used [0x24c50000, 0x24c50f98, 0x24cd0000)
  to   space 512K,   0% used [0x24cd0000, 0x24cd0000, 0x24d50000)
 tenured generation   total 10944K, used 250K [0x29d50000, 0x2a800000, 0x34800000)
   the space 10944K,   2% used [0x29d50000, 0x29d8ea88, 0x29d8ec00, 0x2a800000)
 compacting perm gen  total 12288K, used 614K [0x34800000, 0x35400000, 0x38800000)
   the space 12288K,   5% used [0x34800000, 0x34899af8, 0x34899c00, 0x35400000)
    ro space 10240K,  42% used [0x38800000, 0x38c37108, 0x38c37200, 0x39200000)
    rw space 12288K,  52% used [0x39200000, 0x39841738, 0x39841800, 0x39e00000)
}
Event: 55.855 GC heap before
{Heap before GC invocations=8 (full 0):
 def new generation   total 4928K, used 4419K [0x24800000, 0x24d50000, 0x29d50000)
  eden space 4416K, 100% used [0x24800000, 0x24c50000, 0x24c50000)
  from space 512K,   0% used [0x24c50000, 0x24c50f98, 0x24cd0000)
  to   space 512K,   0% used [0x24cd0000, 0x24cd0000, 0x24d50000)
 tenured generation   total 10944K, used 250K [0x29d50000, 0x2a800000, 0x34800000)
   the space 10944K,   2% used [0x29d50000, 0x29d8ea88, 0x29d8ec00, 0x2a800000)
 compacting perm gen  total 12288K, used 614K [0x34800000, 0x35400000, 0x38800000)
   the space 12288K,   5% used [0x34800000, 0x34899af8, 0x34899c00, 0x35400000)
    ro space 10240K,  42% used [0x38800000, 0x38c37108, 0x38c37200, 0x39200000)
    rw space 12288K,  52% used [0x39200000, 0x39841738, 0x39841800, 0x39e00000)
Event: 55.855 GC heap after
Heap after GC invocations=9 (full 0):
 def new generation   total 4928K, used 4K [0x24800000, 0x24d50000, 0x29d50000)
  eden space 4416K,   0% used [0x24800000, 0x24800000, 0x24c50000)
  from space 512K,   0% used [0x24cd0000, 0x24cd1040, 0x24d50000)
  to   space 512K,   0% used [0x24c50000, 0x24c50000, 0x24cd0000)
 tenured generation   total 10944K, used 250K [0x29d50000, 0x2a800000, 0x34800000)
   the space 10944K,   2% used [0x29d50000, 0x29d8ea88, 0x29d8ec00, 0x2a800000)
 compacting perm gen  total 12288K, used 614K [0x34800000, 0x35400000, 0x38800000)
   the space 12288K,   5% used [0x34800000, 0x34899af8, 0x34899c00, 0x35400000)
    ro space 10240K,  42% used [0x38800000, 0x38c37108, 0x38c37200, 0x39200000)
    rw space 12288K,  52% used [0x39200000, 0x39841738, 0x39841800, 0x39e00000)
}
Event: 57.669 GC heap before
{Heap before GC invocations=9 (full 0):
 def new generation   total 4928K, used 4420K [0x24800000, 0x24d50000, 0x29d50000)
  eden space 4416K, 100% used [0x24800000, 0x24c50000, 0x24c50000)
  from space 512K,   0% used [0x24cd0000, 0x24cd1040, 0x24d50000)
  to   space 512K,   0% used [0x24c50000, 0x24c50000, 0x24cd0000)
 tenured generation   total 10944K, used 250K [0x29d50000, 0x2a800000, 0x34800000)
   the space 10944K,   2% used [0x29d50000, 0x29d8ea88, 0x29d8ec00, 0x2a800000)
 compacting perm gen  total 12288K, used 614K [0x34800000, 0x35400000, 0x38800000)
   the space 12288K,   5% used [0x34800000, 0x34899af8, 0x34899c00, 0x35400000)
    ro space 10240K,  42% used [0x38800000, 0x38c37108, 0x38c37200, 0x39200000)
    rw space 12288K,  52% used [0x39200000, 0x39841738, 0x39841800, 0x39e00000)
Event: 57.669 GC heap after
Heap after GC invocations=10 (full 0):
 def new generation   total 4928K, used 4K [0x24800000, 0x24d50000, 0x29d50000)
  eden space 4416K,   0% used [0x24800000, 0x24800000, 0x24c50000)
  from space 512K,   0% used [0x24c50000, 0x24c510f0, 0x24cd0000)
  to   space 512K,   0% used [0x24cd0000, 0x24cd0000, 0x24d50000)
 tenured generation   total 10944K, used 250K [0x29d50000, 0x2a800000, 0x34800000)
   the space 10944K,   2% used [0x29d50000, 0x29d8ea88, 0x29d8ec00, 0x2a800000)
 compacting perm gen  total 12288K, used 614K [0x34800000, 0x35400000, 0x38800000)
   the space 12288K,   5% used [0x34800000, 0x34899af8, 0x34899c00, 0x35400000)
    ro space 10240K,  42% used [0x38800000, 0x38c37108, 0x38c37200, 0x39200000)
    rw space 12288K,  52% used [0x39200000, 0x39841738, 0x39841800, 0x39e00000)
}
Event: 59.231 GC heap before
{Heap before GC invocations=10 (full 0):
 def new generation   total 4928K, used 4420K [0x24800000, 0x24d50000, 0x29d50000)
  eden space 4416K, 100% used [0x24800000, 0x24c50000, 0x24c50000)
  from space 512K,   0% used [0x24c50000, 0x24c510f0, 0x24cd0000)
  to   space 512K,   0% used [0x24cd0000, 0x24cd0000, 0x24d50000)
 tenured generation   total 10944K, used 250K [0x29d50000, 0x2a800000, 0x34800000)
   the space 10944K,   2% used [0x29d50000, 0x29d8ea88, 0x29d8ec00, 0x2a800000)
 compacting perm gen  total 12288K, used 627K [0x34800000, 0x35400000, 0x38800000)
   the space 12288K,   5% used [0x34800000, 0x3489ce40, 0x3489d000, 0x35400000)
    ro space 10240K,  42% used [0x38800000, 0x38c37108, 0x38c37200, 0x39200000)
    rw space 12288K,  52% used [0x39200000, 0x39841738, 0x39841800, 0x39e00000)
Event: 59.231 GC heap after
Heap after GC invocations=11 (full 0):
 def new generation   total 4928K, used 13K [0x24800000, 0x24d50000, 0x29d50000)
  eden space 4416K,   0% used [0x24800000, 0x24800000, 0x24c50000)
  from space 512K,   2% used [0x24cd0000, 0x24cd35a0, 0x24d50000)
  to   space 512K,   0% used [0x24c50000, 0x24c50000, 0x24cd0000)
 tenured generation   total 10944K, used 250K [0x29d50000, 0x2a800000, 0x34800000)
   the space 10944K,   2% used [0x29d50000, 0x29d8ea88, 0x29d8ec00, 0x2a800000)
 compacting perm gen  total 12288K, used 627K [0x34800000, 0x35400000, 0x38800000)
   the space 12288K,   5% used [0x34800000, 0x3489ce40, 0x3489d000, 0x35400000)
    ro space 10240K,  42% used [0x38800000, 0x38c37108, 0x38c37200, 0x39200000)
    rw space 12288K,  52% used [0x39200000, 0x39841738, 0x39841800, 0x39e00000)
}
Event: 61.855 GC heap before
{Heap before GC invocations=11 (full 0):
 def new generation   total 4928K, used 4429K [0x24800000, 0x24d50000, 0x29d50000)
  eden space 4416K, 100% used [0x24800000, 0x24c50000, 0x24c50000)
  from space 512K,   2% used [0x24cd0000, 0x24cd35a0, 0x24d50000)
  to   space 512K,   0% used [0x24c50000, 0x24c50000, 0x24cd0000)
 tenured generation   total 10944K, used 250K [0x29d50000, 0x2a800000, 0x34800000)
   the space 10944K,   2% used [0x29d50000, 0x29d8ea88, 0x29d8ec00, 0x2a800000)
 compacting perm gen  total 12288K, used 627K [0x34800000, 0x35400000, 0x38800000)
   the space 12288K,   5% used [0x34800000, 0x3489ce40, 0x3489d000, 0x35400000)
    ro space 10240K,  42% used [0x38800000, 0x38c37108, 0x38c37200, 0x39200000)
    rw space 12288K,  52% used [0x39200000, 0x39841738, 0x39841800, 0x39e00000)
Event: 61.855 GC heap after
Heap after GC invocations=12 (full 0):
 def new generation   total 4928K, used 5K [0x24800000, 0x24d50000, 0x29d50000)
  eden space 4416K,   0% used [0x24800000, 0x24800000, 0x24c50000)
  from space 512K,   1% used [0x24c50000, 0x24c51578, 0x24cd0000)
  to   space 512K,   0% used [0x24cd0000, 0x24cd0000, 0x24d50000)
 tenured generation   total 10944K, used 250K [0x29d50000, 0x2a800000, 0x34800000)
   the space 10944K,   2% used [0x29d50000, 0x29d8ea88, 0x29d8ec00, 0x2a800000)
 compacting perm gen  total 12288K, used 627K [0x34800000, 0x35400000, 0x38800000)
   the space 12288K,   5% used [0x34800000, 0x3489ce40, 0x3489d000, 0x35400000)
    ro space 10240K,  42% used [0x38800000, 0x38c37108, 0x38c37200, 0x39200000)
    rw space 12288K,  52% used [0x39200000, 0x39841738, 0x39841800, 0x39e00000)
}

Deoptimization events (0 events):
No events

Internal exceptions (10 events):
Event: 3.296 Thread 0x00dac000 Threw 0x2491c560 at C:\re\jdk7u80\2329\hotspot\src\share\vm\prims\jvm.cpp:1319
Event: 3.951 Thread 0x00dac000 Threw 0x2492beb8 at C:\re\jdk7u80\2329\hotspot\src\share\vm\prims\jvm.cpp:1319
Event: 4.333 Thread 0x00dac000 Threw 0x2492f4a8 at C:\re\jdk7u80\2329\hotspot\src\share\vm\prims\jvm.cpp:1319
Event: 4.333 Thread 0x00dac000 Threw 0x24931838 at C:\re\jdk7u80\2329\hotspot\src\share\vm\prims\jvm.cpp:1319
Event: 4.335 Thread 0x00dac000 Threw 0x24955ee8 at C:\re\jdk7u80\2329\hotspot\src\share\vm\prims\jvm.cpp:1319
Event: 4.454 Thread 0x00dac000 Threw 0x2495ad38 at C:\re\jdk7u80\2329\hotspot\src\share\vm\prims\jvm.cpp:1319
Event: 50.245 Thread 0x00dac000 NullPointerException in IC check 0x02e64847
Event: 50.245 Thread 0x00dac000 Threw 0x24c26d48 at C:\re\jdk7u80\2329\hotspot\src\share\vm\runtime\sharedRuntime.cpp:591
Event: 58.277 Thread 0x00dac000 Threw 0x249e77f8 at C:\re\jdk7u80\2329\hotspot\src\share\vm\prims\jvm.cpp:1319
Event: 58.277 Thread 0x00dac000 Threw 0x249ea418 at C:\re\jdk7u80\2329\hotspot\src\share\vm\prims\jvm.cpp:1319

Events (10 events):
Event: 59.231 Executing VM operation: RevokeBias
Event: 59.231 Executing VM operation: RevokeBias done
Event: 59.231 Executing VM operation: RevokeBias
Event: 59.231 Executing VM operation: RevokeBias done
Event: 59.231 Executing VM operation: RevokeBias
Event: 59.231 Executing VM operation: RevokeBias done
Event: 59.231 Executing VM operation: RevokeBias
Event: 59.231 Executing VM operation: RevokeBias done
Event: 61.855 Executing VM operation: GenCollectForAllocation
Event: 61.855 Executing VM operation: GenCollectForAllocation done


Dynamic libraries:
0x01150000 - 0x0117f000 	C:\Program Files (x86)\Java\jre7\bin\javaw.exe
0x77bf0000 - 0x77d6f000 	C:\WINDOWS\SYSTEM32\ntdll.dll
0x74990000 - 0x74a70000 	C:\WINDOWS\System32\KERNEL32.DLL
0x754a0000 - 0x7564e000 	C:\WINDOWS\System32\KERNELBASE.dll
0x75c60000 - 0x75cd6000 	C:\WINDOWS\System32\ADVAPI32.dll
0x75ef0000 - 0x75fad000 	C:\WINDOWS\System32\msvcrt.dll
0x77b00000 - 0x77b41000 	C:\WINDOWS\System32\sechost.dll
0x756a0000 - 0x7575c000 	C:\WINDOWS\System32\RPCRT4.dll
0x747e0000 - 0x747fe000 	C:\WINDOWS\System32\SspiCli.dll
0x747d0000 - 0x747da000 	C:\WINDOWS\System32\CRYPTBASE.dll
0x74910000 - 0x74968000 	C:\WINDOWS\System32\bcryptPrimitives.dll
0x779b0000 - 0x77afd000 	C:\WINDOWS\System32\USER32.dll
0x75c40000 - 0x75c56000 	C:\WINDOWS\System32\win32u.dll
0x758f0000 - 0x7591a000 	C:\WINDOWS\System32\GDI32.dll
0x75a20000 - 0x75b77000 	C:\WINDOWS\System32\gdi32full.dll
0x745c0000 - 0x747c0000 	C:\WINDOWS\WinSxS\x86_microsoft.windows.common-controls_6595b64144ccf1df_6.0.14946.1000_none_d33ee90ed06d81a5\COMCTL32.dll
0x75ce0000 - 0x75eef000 	C:\WINDOWS\System32\combase.dll
0x74fc0000 - 0x7509a000 	C:\WINDOWS\System32\ucrtbase.dll
0x75b80000 - 0x75ba5000 	C:\WINDOWS\System32\IMM32.DLL
0x78a20000 - 0x78adf000 	C:\Program Files (x86)\Java\jre7\bin\msvcr100.dll
0x6db00000 - 0x6de8b000 	C:\Program Files (x86)\Java\jre7\bin\client\jvm.dll
0x75fb0000 - 0x75fb6000 	C:\WINDOWS\System32\PSAPI.DLL
0x741d0000 - 0x741d8000 	C:\WINDOWS\SYSTEM32\WSOCK32.dll
0x74210000 - 0x74234000 	C:\WINDOWS\SYSTEM32\WINMM.dll
0x74800000 - 0x74862000 	C:\WINDOWS\System32\WS2_32.dll
0x741e0000 - 0x74203000 	C:\WINDOWS\SYSTEM32\WINMMBASE.dll
0x74870000 - 0x748a5000 	C:\WINDOWS\System32\cfgmgr32.dll
0x5a2f0000 - 0x5a2fc000 	C:\Program Files (x86)\Java\jre7\bin\verify.dll
0x77f20000 - 0x77f41000 	C:\Program Files (x86)\Java\jre7\bin\java.dll
0x77f00000 - 0x77f13000 	C:\Program Files (x86)\Java\jre7\bin\zip.dll
0x0f460000 - 0x0f6e6000 	C:\Users\dkfan\Desktop\ExampleBot\bwapi_bridge2_5.dll
0x6fd40000 - 0x6fdb1000 	C:\WINDOWS\SYSTEM32\MSVCP120.dll
0x6fdc0000 - 0x6feae000 	C:\WINDOWS\SYSTEM32\MSVCR120.dll
0x6f540000 - 0x6f59e000 	C:\Users\dkfan\Desktop\ExampleBot\libmpfr-4.dll
0x6acc0000 - 0x6ad27000 	C:\Users\dkfan\Desktop\ExampleBot\libgmp-10.dll
0x70860000 - 0x709ab000 	C:\WINDOWS\SYSTEM32\dbghelp.dll

VM Arguments:
jvm_args: -Dfile.encoding=Cp1252 
java_command: FangBot
Launcher Type: SUN_STANDARD

Environment Variables:
PATH=C:/Program Files (x86)/Java/jre1.8.0_111/bin/client;C:/Program Files (x86)/Java/jre1.8.0_111/bin;C:/Program Files (x86)/Java/jre1.8.0_111/lib/i386;C:\ProgramData\Oracle\Java\javapath;C:\Program Files\Haskell\bin;C:\Program Files\Haskell Platform\8.0.1\lib\extralibs\bin;C:\Program Files\Haskell Platform\8.0.1\bin;C:\Windows\system32;C:\Windows;C:\Windows\System32\Wbem;C:\Windows\System32\WindowsPowerShell\v1.0\;C:\Program Files (x86)\NVIDIA Corporation\PhysX\Common;C:\Program Files\Haskell Platform\8.0.1\mingw\bin;C:\Program Files (x86)\Brackets\command;C:\Program Files (x86)\GtkSharp\2.12\bin;C:\WINDOWS\system32;C:\WINDOWS;C:\WINDOWS\System32\Wbem;C:\WINDOWS\System32\WindowsPowerShell\v1.0\;C:\Program Files (x86)\Windows Live\Shared;C:\Program Files (x86)\Windows Kits\8.1\Windows Performance Toolkit\;C:\Users\dkfan\AppData\Roaming\cabal\bin;C:\Users\dkfan\AppData\Roaming\local\bin;C:\Users\dkfan\AppData\Local\Microsoft\WindowsApps;
USERNAME=dkfan
OS=Windows_NT
PROCESSOR_IDENTIFIER=Intel64 Family 6 Model 94 Stepping 3, GenuineIntel



---------------  S Y S T E M  ---------------

OS: Windows 8.1 , 64 bit Build 9600 

CPU:total 8 (4 cores per cpu, 2 threads per core) family 6 model 94 stepping 3, cmov, cx8, fxsr, mmx, sse, sse2, sse3, ssse3, sse4.1, sse4.2, popcnt, avx, avx2, aes, erms, ht, tsc, tscinvbit

Memory: 4k page, physical 16694876k(9271992k free), swap 19185244k(8402564k free)

vm_info: Java HotSpot(TM) Client VM (24.80-b11) for windows-x86 JRE (1.7.0_80-b15), built on Apr 10 2015 13:33:35 by "java_re" with unknown MS VC++:1600

time: Sat Nov 19 09:22:54 2016
elapsed time: 63 seconds

