#
# A fatal error has been detected by the Java Runtime Environment:
#
#  EXCEPTION_ACCESS_VIOLATION (0xc0000005) at pc=0x6e1d569b, pid=5492, tid=1056
#
# JRE version: Java(TM) SE Runtime Environment (7.0_80-b15) (build 1.7.0_80-b15)
# Java VM: Java HotSpot(TM) Client VM (24.80-b11 mixed mode, sharing windows-x86 )
# Problematic frame:
# V  [jvm.dll+0xc569b]
#
# Failed to write core dump. Minidumps are not enabled by default on client versions of Windows
#
# If you would like to submit a bug report, please visit:
#   http://bugreport.java.com/bugreport/crash.jsp
#

---------------  T H R E A D  ---------------

Current thread (0x02eec000):  JavaThread "main" [_thread_in_vm, id=1056, stack(0x02db0000,0x02e00000)]

siginfo: ExceptionCode=0xc0000005, reading address 0x00000000

Registers:
EAX=0x00000000, EBX=0x055ba504, ECX=0x00000000, EDX=0x00000007
ESP=0x02dfde04, EBP=0x02dfde20, ESI=0x02eec130, EDI=0x02eec000
EIP=0x6e1d569b, EFLAGS=0x00010246

Top of Stack: (sp=0x02dfde04)
0x02dfde04:   02dfdf18 00000000 055ba504 02eec000
0x02dfde14:   00000000 00000000 055ba504 02dfdea4
0x02dfde24:   0fa1c65a 02eec130 00000000 6e696f70
0x02dfde34:   00726574 02dfdea4 0fa1c61e 00000007
0x02dfde44:   0000000f 624c004a 69706177 696e552f
0x02dfde54:   02003b74 00000001 0000000f a4c9a8ed
0x02dfde64:   02eec000 08041a5c 02eec000 02eec000
0x02dfde74:   0fa49212 02eec130 014b9a48 02dfde48 

Instructions: (pc=0x6e1d569b)
0x6e1d567b:   f3 ff 83 c4 08 83 7f 04 00 89 7d f0 c7 45 f4 00
0x6e1d568b:   00 00 00 74 08 8d 4d f0 e8 78 aa 0c 00 8b 45 0c
0x6e1d569b:   8b 08 8b 51 04 8b 42 40 50 56 e8 a6 e3 07 00 83
0x6e1d56ab:   c4 08 83 7d f4 00 89 45 08 74 08 8d 4d f0 e8 92 


Register to memory mapping:

EAX=0x00000000 is an unknown value
EBX=0x055ba504 is a global jni handle
ECX=0x00000000 is an unknown value
EDX=0x00000007 is an unknown value
ESP=0x02dfde04 is pointing into the stack for thread: 0x02eec000
EBP=0x02dfde20 is pointing into the stack for thread: 0x02eec000
ESI=0x02eec130 is an unknown value
EDI=0x02eec000 is a thread


Stack: [0x02db0000,0x02e00000],  sp=0x02dfde04,  free space=311k
Native frames: (J=compiled Java code, j=interpreted, Vv=VM code, C=native code)
V  [jvm.dll+0xc569b]
C  [bwapi_bridge2_5.dll+0x1c65a]
C  [bwapi_bridge2_5.dll+0x387be]
J 169  bwapi.Unit.issueCommand_native(JLbwapi/UnitCommand;)Z (0 bytes) @ 0x030b1ab8 [0x030b1a10+0xa8]
J 205 C1 FangSM.Kite(Lbwapi/Unit;Lbwapi/Unit;)V (163 bytes) @ 0x030bb634 [0x030bb330+0x304]
J 204 C1 FangSM.Action(Lbwapi/Unit;Lbwapi/Game;LFangSM$Role;Lbwapi/Unit;)Z (75 bytes) @ 0x030bac4c [0x030bab90+0xbc]
J 180 C1 Formation.FSM(Lbwapi/Unit;LFormation;LFormation$State;LFangSM;LFangAi;Lbwapi/Game;Ljava/util/HashSet;)V (531 bytes) @ 0x030b4838 [0x030b40d0+0x768]
J 91 C1 FangBot.onFrame()V (729 bytes) @ 0x0309723c [0x03095f70+0x12cc]
J 128 C1 bwapi.AIModule.onFrame()V (17 bytes) @ 0x030a7144 [0x030a7110+0x34]
v  ~StubRoutines::call_stub
V  [jvm.dll+0x1429aa]
V  [jvm.dll+0x20743e]
V  [jvm.dll+0x142a2d]
V  [jvm.dll+0xcb7b2]
V  [jvm.dll+0xcf403]
C  [bwapi_bridge2_5.dll+0x1b20d]
C  [bwapi_bridge2_5.dll+0x75101]
j  bwapi.Mirror.startGame()V+0
j  FangBot.run()V+15
j  FangBot.main([Ljava/lang/String;)V+7
v  ~StubRoutines::call_stub
V  [jvm.dll+0x1429aa]
V  [jvm.dll+0x20743e]
V  [jvm.dll+0x142a2d]
V  [jvm.dll+0xcb535]
V  [jvm.dll+0xd61d7]
C  [javaw.exe+0x2070]
C  [javaw.exe+0xa6d1]
C  [javaw.exe+0xa75b]
C  [KERNEL32.DLL+0x16394]
C  [ntdll.dll+0x604bb]
C  [ntdll.dll+0x6048b]

Java frames: (J=compiled Java code, j=interpreted, Vv=VM code)
J 169  bwapi.Unit.issueCommand_native(JLbwapi/UnitCommand;)Z (0 bytes) @ 0x030b1a74 [0x030b1a10+0x64]
J 205 C1 FangSM.Kite(Lbwapi/Unit;Lbwapi/Unit;)V (163 bytes) @ 0x030bb634 [0x030bb330+0x304]
J 204 C1 FangSM.Action(Lbwapi/Unit;Lbwapi/Game;LFangSM$Role;Lbwapi/Unit;)Z (75 bytes) @ 0x030bac4c [0x030bab90+0xbc]
J 180 C1 Formation.FSM(Lbwapi/Unit;LFormation;LFormation$State;LFangSM;LFangAi;Lbwapi/Game;Ljava/util/HashSet;)V (531 bytes) @ 0x030b4838 [0x030b40d0+0x768]
J 91 C1 FangBot.onFrame()V (729 bytes) @ 0x0309723c [0x03095f70+0x12cc]
J 128 C1 bwapi.AIModule.onFrame()V (17 bytes) @ 0x030a7144 [0x030a7110+0x34]
v  ~StubRoutines::call_stub
j  bwapi.Mirror.startGame()V+0
j  FangBot.run()V+15
j  FangBot.main([Ljava/lang/String;)V+7
v  ~StubRoutines::call_stub

---------------  P R O C E S S  ---------------

Java Threads: ( => current thread )
  0x02f85c00 JavaThread "Service Thread" daemon [_thread_blocked, id=6872, stack(0x054d0000,0x05520000)]
  0x02f84800 JavaThread "C1 CompilerThread0" daemon [_thread_blocked, id=1676, stack(0x05440000,0x05490000)]
  0x02f82000 JavaThread "Attach Listener" daemon [_thread_blocked, id=9304, stack(0x053b0000,0x05400000)]
  0x02f80000 JavaThread "Signal Dispatcher" daemon [_thread_blocked, id=16828, stack(0x05320000,0x05370000)]
  0x02f10800 JavaThread "Finalizer" daemon [_thread_blocked, id=10804, stack(0x05290000,0x052e0000)]
  0x02f0f000 JavaThread "Reference Handler" daemon [_thread_blocked, id=12956, stack(0x05200000,0x05250000)]
=>0x02eec000 JavaThread "main" [_thread_in_vm, id=1056, stack(0x02db0000,0x02e00000)]

Other Threads:
  0x02f0dc00 VMThread [stack: 0x05170000,0x051c0000] [id=7444]
  0x02f97000 WatcherThread [stack: 0x05560000,0x055b0000] [id=3764]

VM state:not at safepoint (normal execution)

VM Mutex/Monitor currently owned by a thread: None

Heap
 def new generation   total 4928K, used 828K [0x24800000, 0x24d50000, 0x29d50000)
  eden space 4416K,  18% used [0x24800000, 0x248ce288, 0x24c50000)
  from space 512K,   0% used [0x24c50000, 0x24c51118, 0x24cd0000)
  to   space 512K,   0% used [0x24cd0000, 0x24cd0000, 0x24d50000)
 tenured generation   total 10944K, used 289K [0x29d50000, 0x2a800000, 0x34800000)
   the space 10944K,   2% used [0x29d50000, 0x29d98448, 0x29d98600, 0x2a800000)
 compacting perm gen  total 12288K, used 656K [0x34800000, 0x35400000, 0x38800000)
   the space 12288K,   5% used [0x34800000, 0x348a4008, 0x348a4200, 0x35400000)
    ro space 10240K,  42% used [0x38800000, 0x38c37108, 0x38c37200, 0x39200000)
    rw space 12288K,  52% used [0x39200000, 0x39841738, 0x39841800, 0x39e00000)

Card table byte_map: [0x04ff0000,0x050a0000] byte_map_base: 0x04ecc000

Polling page: 0x02d50000

Code Cache  [0x02ff0000, 0x030c0000, 0x04ff0000)
 total_blobs=344 nmethods=206 adapters=75 free_code_cache=31951Kb largest_free_block=32718336

Compilation events (10 events):
Event: 50.201 Thread 0x02f84800  200             FangBot::Factory (105 bytes)
Event: 50.201 Thread 0x02f84800 nmethod 200 0x030b97c8 code [0x030b9990, 0x030b9d98]
Event: 52.483 Thread 0x02f84800  201             bwapi.PositionOrUnit::getUnit (5 bytes)
Event: 52.483 Thread 0x02f84800 nmethod 201 0x030ba408 code [0x030ba500, 0x030ba580]
Event: 52.496 Thread 0x02f84800  202             bwapi.Unit::getGroundWeaponCooldown (9 bytes)
Event: 52.496 Thread 0x02f84800 nmethod 202 0x030ba848 code [0x030ba940, 0x030ba9dc]
Event: 52.497 Thread 0x02f84800  204             FangSM::Action (75 bytes)
Event: 52.497 Thread 0x02f84800 nmethod 204 0x030baa48 code [0x030bab90, 0x030baeac]
Event: 52.497 Thread 0x02f84800  205             FangSM::Kite (163 bytes)
Event: 52.498 Thread 0x02f84800 nmethod 205 0x030bb148 code [0x030bb330, 0x030bb86c]

GC Heap History (10 events):
Event: 53.869 GC heap before
{Heap before GC invocations=169 (full 0):
 def new generation   total 4928K, used 4421K [0x24800000, 0x24d50000, 0x29d50000)
  eden space 4416K, 100% used [0x24800000, 0x24c50000, 0x24c50000)
  from space 512K,   1% used [0x24cd0000, 0x24cd1768, 0x24d50000)
  to   space 512K,   0% used [0x24c50000, 0x24c50000, 0x24cd0000)
 tenured generation   total 10944K, used 288K [0x29d50000, 0x2a800000, 0x34800000)
   the space 10944K,   2% used [0x29d50000, 0x29d981b0, 0x29d98200, 0x2a800000)
 compacting perm gen  total 12288K, used 656K [0x34800000, 0x35400000, 0x38800000)
   the space 12288K,   5% used [0x34800000, 0x348a4008, 0x348a4200, 0x35400000)
    ro space 10240K,  42% used [0x38800000, 0x38c37108, 0x38c37200, 0x39200000)
    rw space 12288K,  52% used [0x39200000, 0x39841738, 0x39841800, 0x39e00000)
Event: 53.870 GC heap after
Heap after GC invocations=170 (full 0):
 def new generation   total 4928K, used 5K [0x24800000, 0x24d50000, 0x29d50000)
  eden space 4416K,   0% used [0x24800000, 0x24800000, 0x24c50000)
  from space 512K,   1% used [0x24c50000, 0x24c514d8, 0x24cd0000)
  to   space 512K,   0% used [0x24cd0000, 0x24cd0000, 0x24d50000)
 tenured generation   total 10944K, used 288K [0x29d50000, 0x2a800000, 0x34800000)
   the space 10944K,   2% used [0x29d50000, 0x29d981e8, 0x29d98200, 0x2a800000)
 compacting perm gen  total 12288K, used 656K [0x34800000, 0x35400000, 0x38800000)
   the space 12288K,   5% used [0x34800000, 0x348a4008, 0x348a4200, 0x35400000)
    ro space 10240K,  42% used [0x38800000, 0x38c37108, 0x38c37200, 0x39200000)
    rw space 12288K,  52% used [0x39200000, 0x39841738, 0x39841800, 0x39e00000)
}
Event: 53.970 GC heap before
{Heap before GC invocations=170 (full 0):
 def new generation   total 4928K, used 4421K [0x24800000, 0x24d50000, 0x29d50000)
  eden space 4416K, 100% used [0x24800000, 0x24c50000, 0x24c50000)
  from space 512K,   1% used [0x24c50000, 0x24c514d8, 0x24cd0000)
  to   space 512K,   0% used [0x24cd0000, 0x24cd0000, 0x24d50000)
 tenured generation   total 10944K, used 288K [0x29d50000, 0x2a800000, 0x34800000)
   the space 10944K,   2% used [0x29d50000, 0x29d981e8, 0x29d98200, 0x2a800000)
 compacting perm gen  total 12288K, used 656K [0x34800000, 0x35400000, 0x38800000)
   the space 12288K,   5% used [0x34800000, 0x348a4008, 0x348a4200, 0x35400000)
    ro space 10240K,  42% used [0x38800000, 0x38c37108, 0x38c37200, 0x39200000)
    rw space 12288K,  52% used [0x39200000, 0x39841738, 0x39841800, 0x39e00000)
Event: 53.970 GC heap after
Heap after GC invocations=171 (full 0):
 def new generation   total 4928K, used 5K [0x24800000, 0x24d50000, 0x29d50000)
  eden space 4416K,   0% used [0x24800000, 0x24800000, 0x24c50000)
  from space 512K,   1% used [0x24cd0000, 0x24cd1480, 0x24d50000)
  to   space 512K,   0% used [0x24c50000, 0x24c50000, 0x24cd0000)
 tenured generation   total 10944K, used 288K [0x29d50000, 0x2a800000, 0x34800000)
   the space 10944K,   2% used [0x29d50000, 0x29d981e8, 0x29d98200, 0x2a800000)
 compacting perm gen  total 12288K, used 656K [0x34800000, 0x35400000, 0x38800000)
   the space 12288K,   5% used [0x34800000, 0x348a4008, 0x348a4200, 0x35400000)
    ro space 10240K,  42% used [0x38800000, 0x38c37108, 0x38c37200, 0x39200000)
    rw space 12288K,  52% used [0x39200000, 0x39841738, 0x39841800, 0x39e00000)
}
Event: 54.071 GC heap before
{Heap before GC invocations=171 (full 0):
 def new generation   total 4928K, used 4421K [0x24800000, 0x24d50000, 0x29d50000)
  eden space 4416K, 100% used [0x24800000, 0x24c50000, 0x24c50000)
  from space 512K,   1% used [0x24cd0000, 0x24cd1480, 0x24d50000)
  to   space 512K,   0% used [0x24c50000, 0x24c50000, 0x24cd0000)
 tenured generation   total 10944K, used 288K [0x29d50000, 0x2a800000, 0x34800000)
   the space 10944K,   2% used [0x29d50000, 0x29d981e8, 0x29d98200, 0x2a800000)
 compacting perm gen  total 12288K, used 656K [0x34800000, 0x35400000, 0x38800000)
   the space 12288K,   5% used [0x34800000, 0x348a4008, 0x348a4200, 0x35400000)
    ro space 10240K,  42% used [0x38800000, 0x38c37108, 0x38c37200, 0x39200000)
    rw space 12288K,  52% used [0x39200000, 0x39841738, 0x39841800, 0x39e00000)
Event: 54.071 GC heap after
Heap after GC invocations=172 (full 0):
 def new generation   total 4928K, used 6K [0x24800000, 0x24d50000, 0x29d50000)
  eden space 4416K,   0% used [0x24800000, 0x24800000, 0x24c50000)
  from space 512K,   1% used [0x24c50000, 0x24c51a08, 0x24cd0000)
  to   space 512K,   0% used [0x24cd0000, 0x24cd0000, 0x24d50000)
 tenured generation   total 10944K, used 288K [0x29d50000, 0x2a800000, 0x34800000)
   the space 10944K,   2% used [0x29d50000, 0x29d981e8, 0x29d98200, 0x2a800000)
 compacting perm gen  total 12288K, used 656K [0x34800000, 0x35400000, 0x38800000)
   the space 12288K,   5% used [0x34800000, 0x348a4008, 0x348a4200, 0x35400000)
    ro space 10240K,  42% used [0x38800000, 0x38c37108, 0x38c37200, 0x39200000)
    rw space 12288K,  52% used [0x39200000, 0x39841738, 0x39841800, 0x39e00000)
}
Event: 54.175 GC heap before
{Heap before GC invocations=172 (full 0):
 def new generation   total 4928K, used 4422K [0x24800000, 0x24d50000, 0x29d50000)
  eden space 4416K, 100% used [0x24800000, 0x24c50000, 0x24c50000)
  from space 512K,   1% used [0x24c50000, 0x24c51a08, 0x24cd0000)
  to   space 512K,   0% used [0x24cd0000, 0x24cd0000, 0x24d50000)
 tenured generation   total 10944K, used 288K [0x29d50000, 0x2a800000, 0x34800000)
   the space 10944K,   2% used [0x29d50000, 0x29d981e8, 0x29d98200, 0x2a800000)
 compacting perm gen  total 12288K, used 656K [0x34800000, 0x35400000, 0x38800000)
   the space 12288K,   5% used [0x34800000, 0x348a4008, 0x348a4200, 0x35400000)
    ro space 10240K,  42% used [0x38800000, 0x38c37108, 0x38c37200, 0x39200000)
    rw space 12288K,  52% used [0x39200000, 0x39841738, 0x39841800, 0x39e00000)
Event: 54.176 GC heap after
Heap after GC invocations=173 (full 0):
 def new generation   total 4928K, used 5K [0x24800000, 0x24d50000, 0x29d50000)
  eden space 4416K,   0% used [0x24800000, 0x24800000, 0x24c50000)
  from space 512K,   0% used [0x24cd0000, 0x24cd1450, 0x24d50000)
  to   space 512K,   0% used [0x24c50000, 0x24c50000, 0x24cd0000)
 tenured generation   total 10944K, used 288K [0x29d50000, 0x2a800000, 0x34800000)
   the space 10944K,   2% used [0x29d50000, 0x29d98368, 0x29d98400, 0x2a800000)
 compacting perm gen  total 12288K, used 656K [0x34800000, 0x35400000, 0x38800000)
   the space 12288K,   5% used [0x34800000, 0x348a4008, 0x348a4200, 0x35400000)
    ro space 10240K,  42% used [0x38800000, 0x38c37108, 0x38c37200, 0x39200000)
    rw space 12288K,  52% used [0x39200000, 0x39841738, 0x39841800, 0x39e00000)
}
Event: 54.278 GC heap before
{Heap before GC invocations=173 (full 0):
 def new generation   total 4928K, used 4421K [0x24800000, 0x24d50000, 0x29d50000)
  eden space 4416K, 100% used [0x24800000, 0x24c50000, 0x24c50000)
  from space 512K,   0% used [0x24cd0000, 0x24cd1450, 0x24d50000)
  to   space 512K,   0% used [0x24c50000, 0x24c50000, 0x24cd0000)
 tenured generation   total 10944K, used 288K [0x29d50000, 0x2a800000, 0x34800000)
   the space 10944K,   2% used [0x29d50000, 0x29d98368, 0x29d98400, 0x2a800000)
 compacting perm gen  total 12288K, used 656K [0x34800000, 0x35400000, 0x38800000)
   the space 12288K,   5% used [0x34800000, 0x348a4008, 0x348a4200, 0x35400000)
    ro space 10240K,  42% used [0x38800000, 0x38c37108, 0x38c37200, 0x39200000)
    rw space 12288K,  52% used [0x39200000, 0x39841738, 0x39841800, 0x39e00000)
Event: 54.278 GC heap after
Heap after GC invocations=174 (full 0):
 def new generation   total 4928K, used 4K [0x24800000, 0x24d50000, 0x29d50000)
  eden space 4416K,   0% used [0x24800000, 0x24800000, 0x24c50000)
  from space 512K,   0% used [0x24c50000, 0x24c51118, 0x24cd0000)
  to   space 512K,   0% used [0x24cd0000, 0x24cd0000, 0x24d50000)
 tenured generation   total 10944K, used 289K [0x29d50000, 0x2a800000, 0x34800000)
   the space 10944K,   2% used [0x29d50000, 0x29d98448, 0x29d98600, 0x2a800000)
 compacting perm gen  total 12288K, used 656K [0x34800000, 0x35400000, 0x38800000)
   the space 12288K,   5% used [0x34800000, 0x348a4008, 0x348a4200, 0x35400000)
    ro space 10240K,  42% used [0x38800000, 0x38c37108, 0x38c37200, 0x39200000)
    rw space 12288K,  52% used [0x39200000, 0x39841738, 0x39841800, 0x39e00000)
}

Deoptimization events (0 events):
No events

Internal exceptions (10 events):
Event: 51.943 Thread 0x02eec000 Implicit null exception at 0x03092ca8 to 0x03092d45
Event: 51.943 Thread 0x02eec000 Threw 0x2483f358 at C:\re\jdk7u80\2329\hotspot\src\share\vm\runtime\sharedRuntime.cpp:591
Event: 51.957 Thread 0x02eec000 Implicit null exception at 0x03092ca8 to 0x03092d45
Event: 51.957 Thread 0x02eec000 Threw 0x24843600 at C:\re\jdk7u80\2329\hotspot\src\share\vm\runtime\sharedRuntime.cpp:591
Event: 51.958 Thread 0x02eec000 Implicit null exception at 0x03092ca8 to 0x03092d45
Event: 51.958 Thread 0x02eec000 Threw 0x248478c0 at C:\re\jdk7u80\2329\hotspot\src\share\vm\runtime\sharedRuntime.cpp:591
Event: 51.959 Thread 0x02eec000 Implicit null exception at 0x03092ca8 to 0x03092d45
Event: 51.959 Thread 0x02eec000 Threw 0x2484bb68 at C:\re\jdk7u80\2329\hotspot\src\share\vm\runtime\sharedRuntime.cpp:591
Event: 51.972 Thread 0x02eec000 Implicit null exception at 0x03092ca8 to 0x03092d45
Event: 51.972 Thread 0x02eec000 Threw 0x2484fe10 at C:\re\jdk7u80\2329\hotspot\src\share\vm\runtime\sharedRuntime.cpp:591

Events (10 events):
Event: 53.869 Executing VM operation: GenCollectForAllocation
Event: 53.870 Executing VM operation: GenCollectForAllocation done
Event: 53.970 Executing VM operation: GenCollectForAllocation
Event: 53.970 Executing VM operation: GenCollectForAllocation done
Event: 54.071 Executing VM operation: GenCollectForAllocation
Event: 54.071 Executing VM operation: GenCollectForAllocation done
Event: 54.175 Executing VM operation: GenCollectForAllocation
Event: 54.176 Executing VM operation: GenCollectForAllocation done
Event: 54.278 Executing VM operation: GenCollectForAllocation
Event: 54.278 Executing VM operation: GenCollectForAllocation done


Dynamic libraries:
0x00d10000 - 0x00d3f000 	C:\Program Files (x86)\Java\jre7\bin\javaw.exe
0x76e90000 - 0x7700f000 	C:\WINDOWS\SYSTEM32\ntdll.dll
0x73cb0000 - 0x73d90000 	C:\WINDOWS\System32\KERNEL32.DLL
0x75870000 - 0x75a1e000 	C:\WINDOWS\System32\KERNELBASE.dll
0x73d90000 - 0x73e06000 	C:\WINDOWS\System32\ADVAPI32.dll
0x76590000 - 0x7664d000 	C:\WINDOWS\System32\msvcrt.dll
0x75420000 - 0x75461000 	C:\WINDOWS\System32\sechost.dll
0x76710000 - 0x767cc000 	C:\WINDOWS\System32\RPCRT4.dll
0x73a80000 - 0x73a9e000 	C:\WINDOWS\System32\SspiCli.dll
0x73a70000 - 0x73a7a000 	C:\WINDOWS\System32\CRYPTBASE.dll
0x73ef0000 - 0x73f48000 	C:\WINDOWS\System32\bcryptPrimitives.dll
0x75d50000 - 0x75e9d000 	C:\WINDOWS\System32\USER32.dll
0x76650000 - 0x76666000 	C:\WINDOWS\System32\win32u.dll
0x75300000 - 0x7532a000 	C:\WINDOWS\System32\GDI32.dll
0x75470000 - 0x755c7000 	C:\WINDOWS\System32\gdi32full.dll
0x73420000 - 0x73620000 	C:\WINDOWS\WinSxS\x86_microsoft.windows.common-controls_6595b64144ccf1df_6.0.14946.1000_none_d33ee90ed06d81a5\COMCTL32.dll
0x73aa0000 - 0x73caf000 	C:\WINDOWS\System32\combase.dll
0x75340000 - 0x7541a000 	C:\WINDOWS\System32\ucrtbase.dll
0x755d0000 - 0x755f5000 	C:\WINDOWS\System32\IMM32.DLL
0x78340000 - 0x783ff000 	C:\Program Files (x86)\Java\jre7\bin\msvcr100.dll
0x6e110000 - 0x6e49b000 	C:\Program Files (x86)\Java\jre7\bin\client\jvm.dll
0x75780000 - 0x75786000 	C:\WINDOWS\System32\PSAPI.DLL
0x73a10000 - 0x73a18000 	C:\WINDOWS\SYSTEM32\WSOCK32.dll
0x75790000 - 0x757f2000 	C:\WINDOWS\System32\WS2_32.dll
0x73040000 - 0x73064000 	C:\WINDOWS\SYSTEM32\WINMM.dll
0x72ff0000 - 0x73013000 	C:\WINDOWS\SYSTEM32\WINMMBASE.dll
0x76db0000 - 0x76de5000 	C:\WINDOWS\System32\cfgmgr32.dll
0x57f00000 - 0x57f0c000 	C:\Program Files (x86)\Java\jre7\bin\verify.dll
0x50fe0000 - 0x51001000 	C:\Program Files (x86)\Java\jre7\bin\java.dll
0x50fc0000 - 0x50fd3000 	C:\Program Files (x86)\Java\jre7\bin\zip.dll
0x0fa00000 - 0x0fc86000 	D:\FangAI\FangAI\bwapi_bridge2_5.dll
0x71b20000 - 0x71b91000 	C:\WINDOWS\SYSTEM32\MSVCP120.dll
0x71a30000 - 0x71b1e000 	C:\WINDOWS\SYSTEM32\MSVCR120.dll
0x6acc0000 - 0x6ad27000 	D:\FangAI\FangAI\libgmp-10.dll
0x6f540000 - 0x6f59e000 	D:\FangAI\FangAI\libmpfr-4.dll
0x6f100000 - 0x6f24b000 	C:\WINDOWS\SYSTEM32\dbghelp.dll

VM Arguments:
jvm_args: -Dfile.encoding=Cp1252 
java_command: FangBot
Launcher Type: SUN_STANDARD

Environment Variables:
PATH=C:/Program Files (x86)/Java/jre1.8.0_111/bin/client;C:/Program Files (x86)/Java/jre1.8.0_111/bin;C:/Program Files (x86)/Java/jre1.8.0_111/lib/i386;C:\ProgramData\Oracle\Java\javapath;C:\Program Files\Haskell\bin;C:\Program Files\Haskell Platform\8.0.1\lib\extralibs\bin;C:\Program Files\Haskell Platform\8.0.1\bin;C:\Windows\system32;C:\Windows;C:\Windows\System32\Wbem;C:\Windows\System32\WindowsPowerShell\v1.0\;C:\Program Files (x86)\NVIDIA Corporation\PhysX\Common;C:\Program Files\Haskell Platform\8.0.1\mingw\bin;C:\Program Files (x86)\Brackets\command;C:\Program Files (x86)\GtkSharp\2.12\bin;C:\WINDOWS\system32;C:\WINDOWS;C:\WINDOWS\System32\Wbem;C:\WINDOWS\System32\WindowsPowerShell\v1.0\;C:\Program Files (x86)\Windows Live\Shared;C:\Program Files (x86)\Windows Kits\8.1\Windows Performance Toolkit\;C:\Program Files (x86)\Skype\Phone\;C:\Users\dkfan\AppData\Roaming\cabal\bin;C:\Users\dkfan\AppData\Roaming\local\bin;C:\Users\dkfan\AppData\Local\Microsoft\WindowsApps;
USERNAME=dkfan
OS=Windows_NT
PROCESSOR_IDENTIFIER=Intel64 Family 6 Model 94 Stepping 3, GenuineIntel



---------------  S Y S T E M  ---------------

OS: Windows 8.1 , 64 bit Build 9600 

CPU:total 8 (4 cores per cpu, 2 threads per core) family 6 model 94 stepping 3, cmov, cx8, fxsr, mmx, sse, sse2, sse3, ssse3, sse4.1, sse4.2, popcnt, avx, avx2, aes, erms, ht, tsc, tscinvbit

Memory: 4k page, physical 16694876k(11112424k free), swap 19185244k(10620228k free)

vm_info: Java HotSpot(TM) Client VM (24.80-b11) for windows-x86 JRE (1.7.0_80-b15), built on Apr 10 2015 13:33:35 by "java_re" with unknown MS VC++:1600

time: Wed Dec 14 18:28:38 2016
elapsed time: 54 seconds

