#
# A fatal error has been detected by the Java Runtime Environment:
#
#  EXCEPTION_ACCESS_VIOLATION (0xc0000005) at pc=0x69b354bb, pid=13840, tid=17352
#
# JRE version: Java(TM) SE Runtime Environment (7.0_79-b15) (build 1.7.0_79-b15)
# Java VM: Java HotSpot(TM) Client VM (24.79-b02 mixed mode, sharing windows-x86 )
# Problematic frame:
# V  [jvm.dll+0xc54bb]
#
# Failed to write core dump. Minidumps are not enabled by default on client versions of Windows
#
# If you would like to submit a bug report, please visit:
#   http://bugreport.java.com/bugreport/crash.jsp
#

---------------  T H R E A D  ---------------

Current thread (0x00d8d400):  JavaThread "main" [_thread_in_vm, id=17352, stack(0x00440000,0x00490000)]

siginfo: ExceptionCode=0xc0000005, reading address 0x00000000

Registers:
EAX=0x00000000, EBX=0x00cbc164, ECX=0x00000000, EDX=0x00000007
ESP=0x0048d9f4, EBP=0x0048da10, ESI=0x00d8d530, EDI=0x00d8d400
EIP=0x69b354bb, EFLAGS=0x00010246

Top of Stack: (sp=0x0048d9f4)
0x0048d9f4:   0048db08 00000000 00cbc164 00d8d400
0x0048da04:   00000000 00000000 00cbc164 0048da94
0x0048da14:   697fc65a 00d8d530 00000000 6e696f70
0x0048da24:   00726574 0048da94 697fc61e 00000007
0x0048da34:   0000000f 624c004a 69706177 696e552f
0x0048da44:   00003b74 00000001 0000000f 2293626f
0x0048da54:   00d8d400 07192d80 00d8d400 00d8d400
0x0048da64:   69829212 00d8d530 00500c10 0048da38 

Instructions: (pc=0x69b354bb)
0x69b3549b:   f3 ff 83 c4 08 83 7f 04 00 89 7d f0 c7 45 f4 00
0x69b354ab:   00 00 00 74 08 8d 4d f0 e8 a8 a6 0c 00 8b 45 0c
0x69b354bb:   8b 08 8b 51 04 8b 42 40 50 56 e8 26 df 07 00 83
0x69b354cb:   c4 08 83 7d f4 00 89 45 08 74 08 8d 4d f0 e8 c2 


Register to memory mapping:

EAX=0x00000000 is an unknown value
EBX=0x00cbc164 is a global jni handle
ECX=0x00000000 is an unknown value
EDX=0x00000007 is an unknown value
ESP=0x0048d9f4 is pointing into the stack for thread: 0x00d8d400
EBP=0x0048da10 is pointing into the stack for thread: 0x00d8d400
ESI=0x00d8d530 is an unknown value
EDI=0x00d8d400 is a thread


Stack: [0x00440000,0x00490000],  sp=0x0048d9f4,  free space=310k
Native frames: (J=compiled Java code, j=interpreted, Vv=VM code, C=native code)
V  [jvm.dll+0xc54bb]
C  [bwapi_bridge2_5.dll+0x1c65a]
C  [bwapi_bridge2_5.dll+0x387be]
J 178  bwapi.Unit.issueCommand_native(JLbwapi/UnitCommand;)Z (0 bytes) @ 0x028d0ab8 [0x028d0a10+0xa8]
J 188 C1 FangSM.Kite(Lbwapi/Unit;Lbwapi/Unit;)V (129 bytes) @ 0x028d3b70 [0x028d3900+0x270]
J 187 C1 FangSM.Action(Lbwapi/Unit;Lbwapi/Game;LFangSM$Role;Lbwapi/Unit;)Z (75 bytes) @ 0x028d324c [0x028d3190+0xbc]
J 104 C1 FangBot.onFrame()V (1157 bytes) @ 0x028b9930 [0x028b8370+0x15c0]
J 127 C1 bwapi.AIModule.onFrame()V (17 bytes) @ 0x028c4504 [0x028c44d0+0x34]
v  ~StubRoutines::call_stub
V  [jvm.dll+0x14234a]
V  [jvm.dll+0x206ebe]
V  [jvm.dll+0x1423cd]
V  [jvm.dll+0xcb5c2]
V  [jvm.dll+0xcf213]
C  [bwapi_bridge2_5.dll+0x1b20d]
C  [bwapi_bridge2_5.dll+0x75101]
j  bwapi.Mirror.startGame()V+0
j  FangBot.run()V+15
j  FangBot.main([Ljava/lang/String;)V+7
v  ~StubRoutines::call_stub
V  [jvm.dll+0x14234a]
V  [jvm.dll+0x206ebe]
V  [jvm.dll+0x1423cd]
V  [jvm.dll+0xcb345]
V  [jvm.dll+0xd5ff7]
C  [javaw.exe+0x2070]
C  [javaw.exe+0xa601]
C  [javaw.exe+0xa68b]
C  [KERNEL32.DLL+0x162c4]
C  [ntdll.dll+0x60719]
C  [ntdll.dll+0x606e4]

Java frames: (J=compiled Java code, j=interpreted, Vv=VM code)
J 178  bwapi.Unit.issueCommand_native(JLbwapi/UnitCommand;)Z (0 bytes) @ 0x028d0a74 [0x028d0a10+0x64]
J 188 C1 FangSM.Kite(Lbwapi/Unit;Lbwapi/Unit;)V (129 bytes) @ 0x028d3b70 [0x028d3900+0x270]
J 187 C1 FangSM.Action(Lbwapi/Unit;Lbwapi/Game;LFangSM$Role;Lbwapi/Unit;)Z (75 bytes) @ 0x028d324c [0x028d3190+0xbc]
J 104 C1 FangBot.onFrame()V (1157 bytes) @ 0x028b9930 [0x028b8370+0x15c0]
J 127 C1 bwapi.AIModule.onFrame()V (17 bytes) @ 0x028c4504 [0x028c44d0+0x34]
v  ~StubRoutines::call_stub
j  bwapi.Mirror.startGame()V+0
j  FangBot.run()V+15
j  FangBot.main([Ljava/lang/String;)V+7
v  ~StubRoutines::call_stub

---------------  P R O C E S S  ---------------

Java Threads: ( => current thread )
  0x00c5e000 JavaThread "Service Thread" daemon [_thread_blocked, id=16388, stack(0x01160000,0x011b0000)]
  0x00c59000 JavaThread "C1 CompilerThread0" daemon [_thread_blocked, id=16328, stack(0x010d0000,0x01120000)]
  0x00c58000 JavaThread "Attach Listener" daemon [_thread_blocked, id=15548, stack(0x01040000,0x01090000)]
  0x00beb800 JavaThread "Signal Dispatcher" daemon [_thread_blocked, id=872, stack(0x00fb0000,0x01000000)]
  0x00be3800 JavaThread "Finalizer" daemon [_thread_blocked, id=2648, stack(0x00f20000,0x00f70000)]
  0x00be1800 JavaThread "Reference Handler" daemon [_thread_blocked, id=17172, stack(0x00e90000,0x00ee0000)]
=>0x00d8d400 JavaThread "main" [_thread_in_vm, id=17352, stack(0x00440000,0x00490000)]

Other Threads:
  0x00be0400 VMThread [stack: 0x00e00000,0x00e50000] [id=4812]
  0x00c6f800 WatcherThread [stack: 0x011f0000,0x01240000] [id=13200]

VM state:not at safepoint (normal execution)

VM Mutex/Monitor currently owned by a thread: None

Heap
 def new generation   total 4928K, used 744K [0x27200000, 0x27750000, 0x2c750000)
  eden space 4416K,  16% used [0x27200000, 0x272b7070, 0x27650000)
  from space 512K,   2% used [0x276d0000, 0x276d3058, 0x27750000)
  to   space 512K,   0% used [0x27650000, 0x27650000, 0x276d0000)
 tenured generation   total 10944K, used 283K [0x2c750000, 0x2d200000, 0x37200000)
   the space 10944K,   2% used [0x2c750000, 0x2c796c40, 0x2c796e00, 0x2d200000)
 compacting perm gen  total 12288K, used 636K [0x37200000, 0x37e00000, 0x3b200000)
   the space 12288K,   5% used [0x37200000, 0x3729f2d0, 0x3729f400, 0x37e00000)
    ro space 10240K,  44% used [0x3b200000, 0x3b67c1d8, 0x3b67c200, 0x3bc00000)
    rw space 12288K,  52% used [0x3bc00000, 0x3c2440c0, 0x3c244200, 0x3c800000)

Card table byte_map: [0x00cc0000,0x00d70000] byte_map_base: 0x00b87000

Polling page: 0x00490000

Code Cache  [0x02810000, 0x028d8000, 0x04810000)
 total_blobs=333 nmethods=195 adapters=75 free_code_cache=31978Kb largest_free_block=32746304

Compilation events (10 events):
Event: 85.837 Thread 0x00c59000  191             java.lang.StrictMath::floor (12 bytes)
Event: 85.837 Thread 0x00c59000 nmethod 191 0x028d4888 code [0x028d49a0, 0x028d4a4c]
Event: 85.837 Thread 0x00c59000  192             java.lang.StrictMath::floorOrCeil (128 bytes)
Event: 85.837 Thread 0x00c59000 nmethod 192 0x028d4ac8 code [0x028d4bc0, 0x028d4d80]
Event: 85.837 Thread 0x00c59000  193             sun.misc.FpUtils::getExponent (17 bytes)
Event: 85.837 Thread 0x00c59000 nmethod 193 0x028d4dc8 code [0x028d4ec0, 0x028d4f70]
Event: 87.044 Thread 0x00c59000  194             java.lang.Math::round (19 bytes)
Event: 87.044 Thread 0x00c59000 nmethod 194 0x028d4fc8 code [0x028d50f0, 0x028d51ec]
Event: 87.044 Thread 0x00c59000  195             java.lang.Math::floor (5 bytes)
Event: 87.044 Thread 0x00c59000 nmethod 195 0x028d5288 code [0x028d53a0, 0x028d544c]

GC Heap History (10 events):
Event: 87.370 GC heap before
{Heap before GC invocations=224 (full 0):
 def new generation   total 4928K, used 4427K [0x27200000, 0x27750000, 0x2c750000)
  eden space 4416K, 100% used [0x27200000, 0x27650000, 0x27650000)
  from space 512K,   2% used [0x27650000, 0x27652fd8, 0x276d0000)
  to   space 512K,   0% used [0x276d0000, 0x276d0000, 0x27750000)
 tenured generation   total 10944K, used 279K [0x2c750000, 0x2d200000, 0x37200000)
   the space 10944K,   2% used [0x2c750000, 0x2c795dd0, 0x2c795e00, 0x2d200000)
 compacting perm gen  total 12288K, used 636K [0x37200000, 0x37e00000, 0x3b200000)
   the space 12288K,   5% used [0x37200000, 0x3729f2d0, 0x3729f400, 0x37e00000)
    ro space 10240K,  44% used [0x3b200000, 0x3b67c1d8, 0x3b67c200, 0x3bc00000)
    rw space 12288K,  52% used [0x3bc00000, 0x3c2440c0, 0x3c244200, 0x3c800000)
Event: 87.370 GC heap after
Heap after GC invocations=225 (full 0):
 def new generation   total 4928K, used 13K [0x27200000, 0x27750000, 0x2c750000)
  eden space 4416K,   0% used [0x27200000, 0x27200000, 0x27650000)
  from space 512K,   2% used [0x276d0000, 0x276d35b0, 0x27750000)
  to   space 512K,   0% used [0x27650000, 0x27650000, 0x276d0000)
 tenured generation   total 10944K, used 280K [0x2c750000, 0x2d200000, 0x37200000)
   the space 10944K,   2% used [0x2c750000, 0x2c796000, 0x2c796000, 0x2d200000)
 compacting perm gen  total 12288K, used 636K [0x37200000, 0x37e00000, 0x3b200000)
   the space 12288K,   5% used [0x37200000, 0x3729f2d0, 0x3729f400, 0x37e00000)
    ro space 10240K,  44% used [0x3b200000, 0x3b67c1d8, 0x3b67c200, 0x3bc00000)
    rw space 12288K,  52% used [0x3bc00000, 0x3c2440c0, 0x3c244200, 0x3c800000)
}
Event: 87.666 GC heap before
{Heap before GC invocations=225 (full 0):
 def new generation   total 4928K, used 4429K [0x27200000, 0x27750000, 0x2c750000)
  eden space 4416K, 100% used [0x27200000, 0x27650000, 0x27650000)
  from space 512K,   2% used [0x276d0000, 0x276d35b0, 0x27750000)
  to   space 512K,   0% used [0x27650000, 0x27650000, 0x276d0000)
 tenured generation   total 10944K, used 280K [0x2c750000, 0x2d200000, 0x37200000)
   the space 10944K,   2% used [0x2c750000, 0x2c796000, 0x2c796000, 0x2d200000)
 compacting perm gen  total 12288K, used 636K [0x37200000, 0x37e00000, 0x3b200000)
   the space 12288K,   5% used [0x37200000, 0x3729f2d0, 0x3729f400, 0x37e00000)
    ro space 10240K,  44% used [0x3b200000, 0x3b67c1d8, 0x3b67c200, 0x3bc00000)
    rw space 12288K,  52% used [0x3bc00000, 0x3c2440c0, 0x3c244200, 0x3c800000)
Event: 87.666 GC heap after
Heap after GC invocations=226 (full 0):
 def new generation   total 4928K, used 9K [0x27200000, 0x27750000, 0x2c750000)
  eden space 4416K,   0% used [0x27200000, 0x27200000, 0x27650000)
  from space 512K,   1% used [0x27650000, 0x27652410, 0x276d0000)
  to   space 512K,   0% used [0x276d0000, 0x276d0000, 0x27750000)
 tenured generation   total 10944K, used 281K [0x2c750000, 0x2d200000, 0x37200000)
   the space 10944K,   2% used [0x2c750000, 0x2c796770, 0x2c796800, 0x2d200000)
 compacting perm gen  total 12288K, used 636K [0x37200000, 0x37e00000, 0x3b200000)
   the space 12288K,   5% used [0x37200000, 0x3729f2d0, 0x3729f400, 0x37e00000)
    ro space 10240K,  44% used [0x3b200000, 0x3b67c1d8, 0x3b67c200, 0x3bc00000)
    rw space 12288K,  52% used [0x3bc00000, 0x3c2440c0, 0x3c244200, 0x3c800000)
}
Event: 87.959 GC heap before
{Heap before GC invocations=226 (full 0):
 def new generation   total 4928K, used 4425K [0x27200000, 0x27750000, 0x2c750000)
  eden space 4416K, 100% used [0x27200000, 0x27650000, 0x27650000)
  from space 512K,   1% used [0x27650000, 0x27652410, 0x276d0000)
  to   space 512K,   0% used [0x276d0000, 0x276d0000, 0x27750000)
 tenured generation   total 10944K, used 281K [0x2c750000, 0x2d200000, 0x37200000)
   the space 10944K,   2% used [0x2c750000, 0x2c796770, 0x2c796800, 0x2d200000)
 compacting perm gen  total 12288K, used 636K [0x37200000, 0x37e00000, 0x3b200000)
   the space 12288K,   5% used [0x37200000, 0x3729f2d0, 0x3729f400, 0x37e00000)
    ro space 10240K,  44% used [0x3b200000, 0x3b67c1d8, 0x3b67c200, 0x3bc00000)
    rw space 12288K,  52% used [0x3bc00000, 0x3c2440c0, 0x3c244200, 0x3c800000)
Event: 87.959 GC heap after
Heap after GC invocations=227 (full 0):
 def new generation   total 4928K, used 8K [0x27200000, 0x27750000, 0x2c750000)
  eden space 4416K,   0% used [0x27200000, 0x27200000, 0x27650000)
  from space 512K,   1% used [0x276d0000, 0x276d23f8, 0x27750000)
  to   space 512K,   0% used [0x27650000, 0x27650000, 0x276d0000)
 tenured generation   total 10944K, used 282K [0x2c750000, 0x2d200000, 0x37200000)
   the space 10944K,   2% used [0x2c750000, 0x2c7968f8, 0x2c796a00, 0x2d200000)
 compacting perm gen  total 12288K, used 636K [0x37200000, 0x37e00000, 0x3b200000)
   the space 12288K,   5% used [0x37200000, 0x3729f2d0, 0x3729f400, 0x37e00000)
    ro space 10240K,  44% used [0x3b200000, 0x3b67c1d8, 0x3b67c200, 0x3bc00000)
    rw space 12288K,  52% used [0x3bc00000, 0x3c2440c0, 0x3c244200, 0x3c800000)
}
Event: 88.254 GC heap before
{Heap before GC invocations=227 (full 0):
 def new generation   total 4928K, used 4424K [0x27200000, 0x27750000, 0x2c750000)
  eden space 4416K, 100% used [0x27200000, 0x27650000, 0x27650000)
  from space 512K,   1% used [0x276d0000, 0x276d23f8, 0x27750000)
  to   space 512K,   0% used [0x27650000, 0x27650000, 0x276d0000)
 tenured generation   total 10944K, used 282K [0x2c750000, 0x2d200000, 0x37200000)
   the space 10944K,   2% used [0x2c750000, 0x2c7968f8, 0x2c796a00, 0x2d200000)
 compacting perm gen  total 12288K, used 636K [0x37200000, 0x37e00000, 0x3b200000)
   the space 12288K,   5% used [0x37200000, 0x3729f2d0, 0x3729f400, 0x37e00000)
    ro space 10240K,  44% used [0x3b200000, 0x3b67c1d8, 0x3b67c200, 0x3bc00000)
    rw space 12288K,  52% used [0x3bc00000, 0x3c2440c0, 0x3c244200, 0x3c800000)
Event: 88.254 GC heap after
Heap after GC invocations=228 (full 0):
 def new generation   total 4928K, used 11K [0x27200000, 0x27750000, 0x2c750000)
  eden space 4416K,   0% used [0x27200000, 0x27200000, 0x27650000)
  from space 512K,   2% used [0x27650000, 0x27652dc0, 0x276d0000)
  to   space 512K,   0% used [0x276d0000, 0x276d0000, 0x27750000)
 tenured generation   total 10944K, used 282K [0x2c750000, 0x2d200000, 0x37200000)
   the space 10944K,   2% used [0x2c750000, 0x2c796a80, 0x2c796c00, 0x2d200000)
 compacting perm gen  total 12288K, used 636K [0x37200000, 0x37e00000, 0x3b200000)
   the space 12288K,   5% used [0x37200000, 0x3729f2d0, 0x3729f400, 0x37e00000)
    ro space 10240K,  44% used [0x3b200000, 0x3b67c1d8, 0x3b67c200, 0x3bc00000)
    rw space 12288K,  52% used [0x3bc00000, 0x3c2440c0, 0x3c244200, 0x3c800000)
}
Event: 88.552 GC heap before
{Heap before GC invocations=228 (full 0):
 def new generation   total 4928K, used 4427K [0x27200000, 0x27750000, 0x2c750000)
  eden space 4416K, 100% used [0x27200000, 0x27650000, 0x27650000)
  from space 512K,   2% used [0x27650000, 0x27652dc0, 0x276d0000)
  to   space 512K,   0% used [0x276d0000, 0x276d0000, 0x27750000)
 tenured generation   total 10944K, used 282K [0x2c750000, 0x2d200000, 0x37200000)
   the space 10944K,   2% used [0x2c750000, 0x2c796a80, 0x2c796c00, 0x2d200000)
 compacting perm gen  total 12288K, used 636K [0x37200000, 0x37e00000, 0x3b200000)
   the space 12288K,   5% used [0x37200000, 0x3729f2d0, 0x3729f400, 0x37e00000)
    ro space 10240K,  44% used [0x3b200000, 0x3b67c1d8, 0x3b67c200, 0x3bc00000)
    rw space 12288K,  52% used [0x3bc00000, 0x3c2440c0, 0x3c244200, 0x3c800000)
Event: 88.552 GC heap after
Heap after GC invocations=229 (full 0):
 def new generation   total 4928K, used 12K [0x27200000, 0x27750000, 0x2c750000)
  eden space 4416K,   0% used [0x27200000, 0x27200000, 0x27650000)
  from space 512K,   2% used [0x276d0000, 0x276d3058, 0x27750000)
  to   space 512K,   0% used [0x27650000, 0x27650000, 0x276d0000)
 tenured generation   total 10944K, used 283K [0x2c750000, 0x2d200000, 0x37200000)
   the space 10944K,   2% used [0x2c750000, 0x2c796c40, 0x2c796e00, 0x2d200000)
 compacting perm gen  total 12288K, used 636K [0x37200000, 0x37e00000, 0x3b200000)
   the space 12288K,   5% used [0x37200000, 0x3729f2d0, 0x3729f400, 0x37e00000)
    ro space 10240K,  44% used [0x3b200000, 0x3b67c1d8, 0x3b67c200, 0x3bc00000)
    rw space 12288K,  52% used [0x3bc00000, 0x3c2440c0, 0x3c244200, 0x3c800000)
}

Deoptimization events (0 events):
No events

Internal exceptions (10 events):
Event: 84.865 Thread 0x00d8d400 Implicit null exception at 0x028caf5c to 0x028cb00b
Event: 84.865 Thread 0x00d8d400 Threw 0x2726fc00 at C:\re\jdk7u79\2331\hotspot\src\share\vm\runtime\sharedRuntime.cpp:591
Event: 84.868 Thread 0x00d8d400 Implicit null exception at 0x028caf5c to 0x028cb00b
Event: 84.868 Thread 0x00d8d400 Threw 0x27272180 at C:\re\jdk7u79\2331\hotspot\src\share\vm\runtime\sharedRuntime.cpp:591
Event: 84.871 Thread 0x00d8d400 Implicit null exception at 0x028caf5c to 0x028cb00b
Event: 84.871 Thread 0x00d8d400 Threw 0x27274728 at C:\re\jdk7u79\2331\hotspot\src\share\vm\runtime\sharedRuntime.cpp:591
Event: 84.873 Thread 0x00d8d400 Implicit null exception at 0x028caf5c to 0x028cb00b
Event: 84.873 Thread 0x00d8d400 Threw 0x27276ca8 at C:\re\jdk7u79\2331\hotspot\src\share\vm\runtime\sharedRuntime.cpp:591
Event: 84.880 Thread 0x00d8d400 Implicit null exception at 0x028caf5c to 0x028cb00b
Event: 84.880 Thread 0x00d8d400 Threw 0x27279228 at C:\re\jdk7u79\2331\hotspot\src\share\vm\runtime\sharedRuntime.cpp:591

Events (10 events):
Event: 87.370 Executing VM operation: GenCollectForAllocation
Event: 87.371 Executing VM operation: GenCollectForAllocation done
Event: 87.666 Executing VM operation: GenCollectForAllocation
Event: 87.666 Executing VM operation: GenCollectForAllocation done
Event: 87.959 Executing VM operation: GenCollectForAllocation
Event: 87.959 Executing VM operation: GenCollectForAllocation done
Event: 88.254 Executing VM operation: GenCollectForAllocation
Event: 88.254 Executing VM operation: GenCollectForAllocation done
Event: 88.552 Executing VM operation: GenCollectForAllocation
Event: 88.552 Executing VM operation: GenCollectForAllocation done


Dynamic libraries:
0x013e0000 - 0x0140f000 	C:\Program Files (x86)\Java\jdk1.7.0_79\bin\javaw.exe
0x776e0000 - 0x77862000 	C:\WINDOWS\SYSTEM32\ntdll.dll
0x77460000 - 0x77540000 	C:\WINDOWS\System32\KERNEL32.DLL
0x741d0000 - 0x74371000 	C:\WINDOWS\System32\KERNELBASE.dll
0x73650000 - 0x7367f000 	C:\Program Files (x86)\AVG\Av\avghookx.dll
0x75690000 - 0x75707000 	C:\WINDOWS\System32\ADVAPI32.dll
0x75710000 - 0x757ce000 	C:\WINDOWS\System32\msvcrt.dll
0x754e0000 - 0x75521000 	C:\WINDOWS\System32\sechost.dll
0x75850000 - 0x75911000 	C:\WINDOWS\System32\RPCRT4.dll
0x74180000 - 0x7419e000 	C:\WINDOWS\System32\SspiCli.dll
0x74170000 - 0x7417a000 	C:\WINDOWS\System32\CRYPTBASE.dll
0x744a0000 - 0x744fa000 	C:\WINDOWS\System32\bcryptPrimitives.dll
0x74980000 - 0x74adf000 	C:\WINDOWS\System32\USER32.dll
0x741b0000 - 0x741c5000 	C:\WINDOWS\System32\win32u.dll
0x748f0000 - 0x7491b000 	C:\WINDOWS\System32\GDI32.dll
0x752e0000 - 0x7543b000 	C:\WINDOWS\System32\gdi32full.dll
0x72d90000 - 0x72f9a000 	C:\WINDOWS\WinSxS\x86_microsoft.windows.common-controls_6595b64144ccf1df_6.0.14393.447_none_89c64d28dafea4b9\COMCTL32.dll
0x74fe0000 - 0x751f1000 	C:\WINDOWS\System32\combase.dll
0x755b0000 - 0x75690000 	C:\WINDOWS\System32\ucrtbase.dll
0x77540000 - 0x77565000 	C:\WINDOWS\System32\IMM32.DLL
0x69e00000 - 0x69ebf000 	C:\Program Files (x86)\Java\jdk1.7.0_79\jre\bin\msvcr100.dll
0x69a70000 - 0x69df9000 	C:\Program Files (x86)\Java\jdk1.7.0_79\jre\bin\client\jvm.dll
0x741a0000 - 0x741a6000 	C:\WINDOWS\System32\PSAPI.DLL
0x6f3e0000 - 0x6f3e8000 	C:\WINDOWS\SYSTEM32\WSOCK32.dll
0x74b50000 - 0x74bb3000 	C:\WINDOWS\System32\WS2_32.dll
0x6f2e0000 - 0x6f304000 	C:\WINDOWS\SYSTEM32\WINMM.dll
0x6f2b0000 - 0x6f2d3000 	C:\WINDOWS\SYSTEM32\WINMMBASE.dll
0x757d0000 - 0x75806000 	C:\WINDOWS\System32\cfgmgr32.dll
0x6cc30000 - 0x6cc3c000 	C:\Program Files (x86)\Java\jdk1.7.0_79\jre\bin\verify.dll
0x6cc10000 - 0x6cc30000 	C:\Program Files (x86)\Java\jdk1.7.0_79\jre\bin\java.dll
0x6cbf0000 - 0x6cc03000 	C:\Program Files (x86)\Java\jdk1.7.0_79\jre\bin\zip.dll
0x697e0000 - 0x69a66000 	C:\Users\fangt\workspace\FangAI\bwapi_bridge2_5.dll
0x6acc0000 - 0x6ad27000 	C:\Users\fangt\workspace\FangAI\libgmp-10.dll
0x6f540000 - 0x6f59e000 	C:\Users\fangt\workspace\FangAI\libmpfr-4.dll
0x69760000 - 0x697d1000 	C:\WINDOWS\SYSTEM32\MSVCP120.dll
0x69670000 - 0x6975e000 	C:\WINDOWS\SYSTEM32\MSVCR120.dll
0x738e0000 - 0x73a25000 	C:\WINDOWS\SYSTEM32\dbghelp.dll

VM Arguments:
jvm_args: -Dfile.encoding=Cp1252 
java_command: FangBot
Launcher Type: SUN_STANDARD

Environment Variables:
USERNAME=fangt
OS=Windows_NT
PROCESSOR_IDENTIFIER=Intel64 Family 6 Model 58 Stepping 9, GenuineIntel



---------------  S Y S T E M  ---------------

OS: Windows 8.1 , 64 bit Build 9600 

CPU:total 4 (2 cores per cpu, 2 threads per core) family 6 model 58 stepping 9, cmov, cx8, fxsr, mmx, sse, sse2, sse3, ssse3, sse4.1, sse4.2, popcnt, avx, aes, erms, ht, tsc, tscinvbit, tscinv

Memory: 4k page, physical 8078124k(3754856k free), swap 16204588k(10650300k free)

vm_info: Java HotSpot(TM) Client VM (24.79-b02) for windows-x86 JRE (1.7.0_79-b15), built on Apr 10 2015 16:49:13 by "java_re" with unknown MS VC++:1600

time: Tue Nov 22 17:14:36 2016
elapsed time: 88 seconds

