#
# A fatal error has been detected by the Java Runtime Environment:
#
#  EXCEPTION_ACCESS_VIOLATION (0xc0000005) at pc=0x6e52569b, pid=10844, tid=16980
#
# JRE version: Java(TM) SE Runtime Environment (7.0_80-b15) (build 1.7.0_80-b15)
# Java VM: Java HotSpot(TM) Client VM (24.80-b11 mixed mode, sharing windows-x86 )
# Problematic frame:
# V  [jvm.dll+0xc569b]
#
# Failed to write core dump. Minidumps are not enabled by default on client versions of Windows
#
# If you would like to submit a bug report, please visit:
#   http://bugreport.java.com/bugreport/crash.jsp
#

---------------  T H R E A D  ---------------

Current thread (0x0288c000):  JavaThread "main" [_thread_in_vm, id=16980, stack(0x00c50000,0x00ca0000)]

siginfo: ExceptionCode=0xc0000005, reading address 0x00000000

Registers:
EAX=0x00000000, EBX=0x04d17de8, ECX=0x00000000, EDX=0x00000007
ESP=0x00c9da14, EBP=0x00c9da30, ESI=0x0288c130, EDI=0x0288c000
EIP=0x6e52569b, EFLAGS=0x00010246

Top of Stack: (sp=0x00c9da14)
0x00c9da14:   00c9db28 00000000 04d17de8 0288c000
0x00c9da24:   00000000 00000000 04d17de8 00c9dab4
0x00c9da34:   0f46c65a 0288c130 00000000 6e696f70
0x00c9da44:   00726574 00c9dab4 0f46c61e 00000007
0x00c9da54:   0000000f 624c004a 69706177 696e552f
0x00c9da64:   02003b74 00000001 0000000f 4b939cf8
0x00c9da74:   0288c000 0738f3ec 0288c000 0288c000
0x00c9da84:   0f499212 0288c130 00f89ed0 00c9da58 

Instructions: (pc=0x6e52569b)
0x6e52567b:   f3 ff 83 c4 08 83 7f 04 00 89 7d f0 c7 45 f4 00
0x6e52568b:   00 00 00 74 08 8d 4d f0 e8 78 aa 0c 00 8b 45 0c
0x6e52569b:   8b 08 8b 51 04 8b 42 40 50 56 e8 a6 e3 07 00 83
0x6e5256ab:   c4 08 83 7d f4 00 89 45 08 74 08 8d 4d f0 e8 92 


Register to memory mapping:

EAX=0x00000000 is an unknown value
EBX=0x04d17de8 is a global jni handle
ECX=0x00000000 is an unknown value
EDX=0x00000007 is an unknown value
ESP=0x00c9da14 is pointing into the stack for thread: 0x0288c000
EBP=0x00c9da30 is pointing into the stack for thread: 0x0288c000
ESI=0x0288c130 is an unknown value
EDI=0x0288c000 is a thread


Stack: [0x00c50000,0x00ca0000],  sp=0x00c9da14,  free space=310k
Native frames: (J=compiled Java code, j=interpreted, Vv=VM code, C=native code)
V  [jvm.dll+0xc569b]
C  [bwapi_bridge2_5.dll+0x1c65a]
C  [bwapi_bridge2_5.dll+0x387be]
J 171  bwapi.Unit.issueCommand_native(JLbwapi/UnitCommand;)Z (0 bytes) @ 0x02952678 [0x029525d0+0xa8]
J 213 C1 FangSM.Kite(Lbwapi/Unit;Lbwapi/Unit;)V (163 bytes) @ 0x0295c7b4 [0x0295c4b0+0x304]
J 212 C1 FangSM.Action(Lbwapi/Unit;Lbwapi/Game;LFangSM$Role;Lbwapi/Unit;)Z (75 bytes) @ 0x0295bdcc [0x0295bd10+0xbc]
J 178 C1 Formation.FSM(Lbwapi/Unit;LFormation;LFormation$State;LFangSM;LFangAi;Lbwapi/Game;Ljava/util/HashSet;)V (582 bytes) @ 0x02954bbc [0x02954390+0x82c]
J 92 C1 FangBot.onFrame()V (748 bytes) @ 0x02937578 [0x02936230+0x1348]
J 126 C1 bwapi.AIModule.onFrame()V (17 bytes) @ 0x02946c04 [0x02946bd0+0x34]
v  ~StubRoutines::call_stub
V  [jvm.dll+0x1429aa]
V  [jvm.dll+0x20743e]
V  [jvm.dll+0x142a2d]
V  [jvm.dll+0xcb7b2]
V  [jvm.dll+0xcf403]
C  [bwapi_bridge2_5.dll+0x1b20d]
C  [bwapi_bridge2_5.dll+0x75101]
j  bwapi.Mirror.startGame()V+0
j  FangBot.run()V+15
j  FangBot.main([Ljava/lang/String;)V+7
v  ~StubRoutines::call_stub
V  [jvm.dll+0x1429aa]
V  [jvm.dll+0x20743e]
V  [jvm.dll+0x142a2d]
V  [jvm.dll+0xcb535]
V  [jvm.dll+0xd61d7]
C  [javaw.exe+0x2070]
C  [javaw.exe+0xa6d1]
C  [javaw.exe+0xa75b]
C  [KERNEL32.DLL+0x16394]
C  [ntdll.dll+0x604bb]
C  [ntdll.dll+0x6048b]

Java frames: (J=compiled Java code, j=interpreted, Vv=VM code)
J 171  bwapi.Unit.issueCommand_native(JLbwapi/UnitCommand;)Z (0 bytes) @ 0x02952634 [0x029525d0+0x64]
J 213 C1 FangSM.Kite(Lbwapi/Unit;Lbwapi/Unit;)V (163 bytes) @ 0x0295c7b4 [0x0295c4b0+0x304]
J 212 C1 FangSM.Action(Lbwapi/Unit;Lbwapi/Game;LFangSM$Role;Lbwapi/Unit;)Z (75 bytes) @ 0x0295bdcc [0x0295bd10+0xbc]
J 178 C1 Formation.FSM(Lbwapi/Unit;LFormation;LFormation$State;LFangSM;LFangAi;Lbwapi/Game;Ljava/util/HashSet;)V (582 bytes) @ 0x02954bbc [0x02954390+0x82c]
J 92 C1 FangBot.onFrame()V (748 bytes) @ 0x02937578 [0x02936230+0x1348]
J 126 C1 bwapi.AIModule.onFrame()V (17 bytes) @ 0x02946c04 [0x02946bd0+0x34]
v  ~StubRoutines::call_stub
j  bwapi.Mirror.startGame()V+0
j  FangBot.run()V+15
j  FangBot.main([Ljava/lang/String;)V+7
v  ~StubRoutines::call_stub

---------------  P R O C E S S  ---------------

Java Threads: ( => current thread )
  0x02656c00 JavaThread "Service Thread" daemon [_thread_blocked, id=7752, stack(0x04c30000,0x04c80000)]
  0x02656000 JavaThread "C1 CompilerThread0" daemon [_thread_blocked, id=16652, stack(0x04ba0000,0x04bf0000)]
  0x02653c00 JavaThread "Attach Listener" daemon [_thread_blocked, id=9680, stack(0x04b10000,0x04b60000)]
  0x0264e000 JavaThread "Signal Dispatcher" daemon [_thread_blocked, id=8368, stack(0x04a80000,0x04ad0000)]
  0x025e0800 JavaThread "Finalizer" daemon [_thread_blocked, id=1280, stack(0x049f0000,0x04a40000)]
  0x025df000 JavaThread "Reference Handler" daemon [_thread_blocked, id=14808, stack(0x04960000,0x049b0000)]
=>0x0288c000 JavaThread "main" [_thread_in_vm, id=16980, stack(0x00c50000,0x00ca0000)]

Other Threads:
  0x025ddc00 VMThread [stack: 0x048d0000,0x04920000] [id=6820]
  0x0266b800 WatcherThread [stack: 0x04cc0000,0x04d10000] [id=16000]

VM state:not at safepoint (normal execution)

VM Mutex/Monitor currently owned by a thread: None

Heap
 def new generation   total 4928K, used 477K [0x24800000, 0x24d50000, 0x29d50000)
  eden space 4416K,  10% used [0x24800000, 0x24873628, 0x24c50000)
  from space 512K,   3% used [0x24c50000, 0x24c541a0, 0x24cd0000)
  to   space 512K,   0% used [0x24cd0000, 0x24cd0000, 0x24d50000)
 tenured generation   total 10944K, used 294K [0x29d50000, 0x2a800000, 0x34800000)
   the space 10944K,   2% used [0x29d50000, 0x29d99bc0, 0x29d99c00, 0x2a800000)
 compacting perm gen  total 12288K, used 660K [0x34800000, 0x35400000, 0x38800000)
   the space 12288K,   5% used [0x34800000, 0x348a51a8, 0x348a5200, 0x35400000)
    ro space 10240K,  42% used [0x38800000, 0x38c37108, 0x38c37200, 0x39200000)
    rw space 12288K,  52% used [0x39200000, 0x39841738, 0x39841800, 0x39e00000)

Card table byte_map: [0x027a0000,0x02850000] byte_map_base: 0x0267c000

Polling page: 0x00cc0000

Code Cache  [0x02890000, 0x02960000, 0x04890000)
 total_blobs=354 nmethods=216 adapters=75 free_code_cache=31943Kb largest_free_block=32710080

Compilation events (10 events):
Event: 49.021 Thread 0x02656000  210             bwapi.Unit::getGroundWeaponCooldown (9 bytes)
Event: 49.021 Thread 0x02656000 nmethod 210 0x0295b9c8 code [0x0295bac0, 0x0295bb5c]
Event: 49.025 Thread 0x02656000  212             FangSM::Action (75 bytes)
Event: 49.025 Thread 0x02656000 nmethod 212 0x0295bbc8 code [0x0295bd10, 0x0295c02c]
Event: 49.025 Thread 0x02656000  213             FangSM::Kite (163 bytes)
Event: 49.026 Thread 0x02656000 nmethod 213 0x0295c2c8 code [0x0295c4b0, 0x0295c9ec]
Event: 49.026 Thread 0x02656000  214             bwapi.PositionOrUnit::<init> (24 bytes)
Event: 49.026 Thread 0x02656000 nmethod 214 0x0295d0c8 code [0x0295d1d0, 0x0295d2cc]
Event: 49.067 Thread 0x02656000  215             FangBot::Factory (105 bytes)
Event: 49.068 Thread 0x02656000 nmethod 215 0x0295d348 code [0x0295d510, 0x0295d918]

GC Heap History (10 events):
Event: 53.035 GC heap before
{Heap before GC invocations=83 (full 0):
 def new generation   total 4928K, used 4432K [0x24800000, 0x24d50000, 0x29d50000)
  eden space 4416K, 100% used [0x24800000, 0x24c50000, 0x24c50000)
  from space 512K,   3% used [0x24cd0000, 0x24cd40f0, 0x24d50000)
  to   space 512K,   0% used [0x24c50000, 0x24c50000, 0x24cd0000)
 tenured generation   total 10944K, used 291K [0x29d50000, 0x2a800000, 0x34800000)
   the space 10944K,   2% used [0x29d50000, 0x29d98d58, 0x29d98e00, 0x2a800000)
 compacting perm gen  total 12288K, used 660K [0x34800000, 0x35400000, 0x38800000)
   the space 12288K,   5% used [0x34800000, 0x348a51a8, 0x348a5200, 0x35400000)
    ro space 10240K,  42% used [0x38800000, 0x38c37108, 0x38c37200, 0x39200000)
    rw space 12288K,  52% used [0x39200000, 0x39841738, 0x39841800, 0x39e00000)
Event: 53.035 GC heap after
Heap after GC invocations=84 (full 0):
 def new generation   total 4928K, used 16K [0x24800000, 0x24d50000, 0x29d50000)
  eden space 4416K,   0% used [0x24800000, 0x24800000, 0x24c50000)
  from space 512K,   3% used [0x24c50000, 0x24c543b0, 0x24cd0000)
  to   space 512K,   0% used [0x24cd0000, 0x24cd0000, 0x24d50000)
 tenured generation   total 10944K, used 291K [0x29d50000, 0x2a800000, 0x34800000)
   the space 10944K,   2% used [0x29d50000, 0x29d98e70, 0x29d99000, 0x2a800000)
 compacting perm gen  total 12288K, used 660K [0x34800000, 0x35400000, 0x38800000)
   the space 12288K,   5% used [0x34800000, 0x348a51a8, 0x348a5200, 0x35400000)
    ro space 10240K,  42% used [0x38800000, 0x38c37108, 0x38c37200, 0x39200000)
    rw space 12288K,  52% used [0x39200000, 0x39841738, 0x39841800, 0x39e00000)
}
Event: 53.382 GC heap before
{Heap before GC invocations=84 (full 0):
 def new generation   total 4928K, used 4432K [0x24800000, 0x24d50000, 0x29d50000)
  eden space 4416K, 100% used [0x24800000, 0x24c50000, 0x24c50000)
  from space 512K,   3% used [0x24c50000, 0x24c543b0, 0x24cd0000)
  to   space 512K,   0% used [0x24cd0000, 0x24cd0000, 0x24d50000)
 tenured generation   total 10944K, used 291K [0x29d50000, 0x2a800000, 0x34800000)
   the space 10944K,   2% used [0x29d50000, 0x29d98e70, 0x29d99000, 0x2a800000)
 compacting perm gen  total 12288K, used 660K [0x34800000, 0x35400000, 0x38800000)
   the space 12288K,   5% used [0x34800000, 0x348a51a8, 0x348a5200, 0x35400000)
    ro space 10240K,  42% used [0x38800000, 0x38c37108, 0x38c37200, 0x39200000)
    rw space 12288K,  52% used [0x39200000, 0x39841738, 0x39841800, 0x39e00000)
Event: 53.382 GC heap after
Heap after GC invocations=85 (full 0):
 def new generation   total 4928K, used 18K [0x24800000, 0x24d50000, 0x29d50000)
  eden space 4416K,   0% used [0x24800000, 0x24800000, 0x24c50000)
  from space 512K,   3% used [0x24cd0000, 0x24cd48f8, 0x24d50000)
  to   space 512K,   0% used [0x24c50000, 0x24c50000, 0x24cd0000)
 tenured generation   total 10944K, used 292K [0x29d50000, 0x2a800000, 0x34800000)
   the space 10944K,   2% used [0x29d50000, 0x29d99060, 0x29d99200, 0x2a800000)
 compacting perm gen  total 12288K, used 660K [0x34800000, 0x35400000, 0x38800000)
   the space 12288K,   5% used [0x34800000, 0x348a51a8, 0x348a5200, 0x35400000)
    ro space 10240K,  42% used [0x38800000, 0x38c37108, 0x38c37200, 0x39200000)
    rw space 12288K,  52% used [0x39200000, 0x39841738, 0x39841800, 0x39e00000)
}
Event: 53.787 GC heap before
{Heap before GC invocations=85 (full 0):
 def new generation   total 4928K, used 4434K [0x24800000, 0x24d50000, 0x29d50000)
  eden space 4416K, 100% used [0x24800000, 0x24c50000, 0x24c50000)
  from space 512K,   3% used [0x24cd0000, 0x24cd48f8, 0x24d50000)
  to   space 512K,   0% used [0x24c50000, 0x24c50000, 0x24cd0000)
 tenured generation   total 10944K, used 292K [0x29d50000, 0x2a800000, 0x34800000)
   the space 10944K,   2% used [0x29d50000, 0x29d99060, 0x29d99200, 0x2a800000)
 compacting perm gen  total 12288K, used 660K [0x34800000, 0x35400000, 0x38800000)
   the space 12288K,   5% used [0x34800000, 0x348a51a8, 0x348a5200, 0x35400000)
    ro space 10240K,  42% used [0x38800000, 0x38c37108, 0x38c37200, 0x39200000)
    rw space 12288K,  52% used [0x39200000, 0x39841738, 0x39841800, 0x39e00000)
Event: 53.787 GC heap after
Heap after GC invocations=86 (full 0):
 def new generation   total 4928K, used 14K [0x24800000, 0x24d50000, 0x29d50000)
  eden space 4416K,   0% used [0x24800000, 0x24800000, 0x24c50000)
  from space 512K,   2% used [0x24c50000, 0x24c53bb0, 0x24cd0000)
  to   space 512K,   0% used [0x24cd0000, 0x24cd0000, 0x24d50000)
 tenured generation   total 10944K, used 293K [0x29d50000, 0x2a800000, 0x34800000)
   the space 10944K,   2% used [0x29d50000, 0x29d996f0, 0x29d99800, 0x2a800000)
 compacting perm gen  total 12288K, used 660K [0x34800000, 0x35400000, 0x38800000)
   the space 12288K,   5% used [0x34800000, 0x348a51a8, 0x348a5200, 0x35400000)
    ro space 10240K,  42% used [0x38800000, 0x38c37108, 0x38c37200, 0x39200000)
    rw space 12288K,  52% used [0x39200000, 0x39841738, 0x39841800, 0x39e00000)
}
Event: 54.237 GC heap before
{Heap before GC invocations=86 (full 0):
 def new generation   total 4928K, used 4430K [0x24800000, 0x24d50000, 0x29d50000)
  eden space 4416K, 100% used [0x24800000, 0x24c50000, 0x24c50000)
  from space 512K,   2% used [0x24c50000, 0x24c53bb0, 0x24cd0000)
  to   space 512K,   0% used [0x24cd0000, 0x24cd0000, 0x24d50000)
 tenured generation   total 10944K, used 293K [0x29d50000, 0x2a800000, 0x34800000)
   the space 10944K,   2% used [0x29d50000, 0x29d996f0, 0x29d99800, 0x2a800000)
 compacting perm gen  total 12288K, used 660K [0x34800000, 0x35400000, 0x38800000)
   the space 12288K,   5% used [0x34800000, 0x348a51a8, 0x348a5200, 0x35400000)
    ro space 10240K,  42% used [0x38800000, 0x38c37108, 0x38c37200, 0x39200000)
    rw space 12288K,  52% used [0x39200000, 0x39841738, 0x39841800, 0x39e00000)
Event: 54.238 GC heap after
Heap after GC invocations=87 (full 0):
 def new generation   total 4928K, used 14K [0x24800000, 0x24d50000, 0x29d50000)
  eden space 4416K,   0% used [0x24800000, 0x24800000, 0x24c50000)
  from space 512K,   2% used [0x24cd0000, 0x24cd3ad0, 0x24d50000)
  to   space 512K,   0% used [0x24c50000, 0x24c50000, 0x24cd0000)
 tenured generation   total 10944K, used 294K [0x29d50000, 0x2a800000, 0x34800000)
   the space 10944K,   2% used [0x29d50000, 0x29d99920, 0x29d99a00, 0x2a800000)
 compacting perm gen  total 12288K, used 660K [0x34800000, 0x35400000, 0x38800000)
   the space 12288K,   5% used [0x34800000, 0x348a51a8, 0x348a5200, 0x35400000)
    ro space 10240K,  42% used [0x38800000, 0x38c37108, 0x38c37200, 0x39200000)
    rw space 12288K,  52% used [0x39200000, 0x39841738, 0x39841800, 0x39e00000)
}
Event: 54.709 GC heap before
{Heap before GC invocations=87 (full 0):
 def new generation   total 4928K, used 4430K [0x24800000, 0x24d50000, 0x29d50000)
  eden space 4416K, 100% used [0x24800000, 0x24c50000, 0x24c50000)
  from space 512K,   2% used [0x24cd0000, 0x24cd3ad0, 0x24d50000)
  to   space 512K,   0% used [0x24c50000, 0x24c50000, 0x24cd0000)
 tenured generation   total 10944K, used 294K [0x29d50000, 0x2a800000, 0x34800000)
   the space 10944K,   2% used [0x29d50000, 0x29d99920, 0x29d99a00, 0x2a800000)
 compacting perm gen  total 12288K, used 660K [0x34800000, 0x35400000, 0x38800000)
   the space 12288K,   5% used [0x34800000, 0x348a51a8, 0x348a5200, 0x35400000)
    ro space 10240K,  42% used [0x38800000, 0x38c37108, 0x38c37200, 0x39200000)
    rw space 12288K,  52% used [0x39200000, 0x39841738, 0x39841800, 0x39e00000)
Event: 54.709 GC heap after
Heap after GC invocations=88 (full 0):
 def new generation   total 4928K, used 16K [0x24800000, 0x24d50000, 0x29d50000)
  eden space 4416K,   0% used [0x24800000, 0x24800000, 0x24c50000)
  from space 512K,   3% used [0x24c50000, 0x24c541a0, 0x24cd0000)
  to   space 512K,   0% used [0x24cd0000, 0x24cd0000, 0x24d50000)
 tenured generation   total 10944K, used 294K [0x29d50000, 0x2a800000, 0x34800000)
   the space 10944K,   2% used [0x29d50000, 0x29d99bc0, 0x29d99c00, 0x2a800000)
 compacting perm gen  total 12288K, used 660K [0x34800000, 0x35400000, 0x38800000)
   the space 12288K,   5% used [0x34800000, 0x348a51a8, 0x348a5200, 0x35400000)
    ro space 10240K,  42% used [0x38800000, 0x38c37108, 0x38c37200, 0x39200000)
    rw space 12288K,  52% used [0x39200000, 0x39841738, 0x39841800, 0x39e00000)
}

Deoptimization events (0 events):
No events

Internal exceptions (10 events):
Event: 46.895 Thread 0x0288c000 Implicit null exception at 0x02932ca8 to 0x02932d45
Event: 46.895 Thread 0x0288c000 Threw 0x248cbab0 at C:\re\jdk7u80\2329\hotspot\src\share\vm\runtime\sharedRuntime.cpp:591
Event: 46.896 Thread 0x0288c000 Implicit null exception at 0x02932ca8 to 0x02932d45
Event: 46.896 Thread 0x0288c000 Threw 0x248cd958 at C:\re\jdk7u80\2329\hotspot\src\share\vm\runtime\sharedRuntime.cpp:591
Event: 46.909 Thread 0x0288c000 Implicit null exception at 0x02932ca8 to 0x02932d45
Event: 46.909 Thread 0x0288c000 Threw 0x248cf800 at C:\re\jdk7u80\2329\hotspot\src\share\vm\runtime\sharedRuntime.cpp:591
Event: 46.910 Thread 0x0288c000 Implicit null exception at 0x02932ca8 to 0x02932d45
Event: 46.910 Thread 0x0288c000 Threw 0x248d16b8 at C:\re\jdk7u80\2329\hotspot\src\share\vm\runtime\sharedRuntime.cpp:591
Event: 46.911 Thread 0x0288c000 Implicit null exception at 0x02932ca8 to 0x02932d45
Event: 46.911 Thread 0x0288c000 Threw 0x248d3560 at C:\re\jdk7u80\2329\hotspot\src\share\vm\runtime\sharedRuntime.cpp:591

Events (10 events):
Event: 53.035 Executing VM operation: GenCollectForAllocation
Event: 53.035 Executing VM operation: GenCollectForAllocation done
Event: 53.382 Executing VM operation: GenCollectForAllocation
Event: 53.382 Executing VM operation: GenCollectForAllocation done
Event: 53.787 Executing VM operation: GenCollectForAllocation
Event: 53.787 Executing VM operation: GenCollectForAllocation done
Event: 54.237 Executing VM operation: GenCollectForAllocation
Event: 54.238 Executing VM operation: GenCollectForAllocation done
Event: 54.709 Executing VM operation: GenCollectForAllocation
Event: 54.709 Executing VM operation: GenCollectForAllocation done


Dynamic libraries:
0x00d10000 - 0x00d3f000 	C:\Program Files (x86)\Java\jre7\bin\javaw.exe
0x76e90000 - 0x7700f000 	C:\WINDOWS\SYSTEM32\ntdll.dll
0x73cb0000 - 0x73d90000 	C:\WINDOWS\System32\KERNEL32.DLL
0x75870000 - 0x75a1e000 	C:\WINDOWS\System32\KERNELBASE.dll
0x73d90000 - 0x73e06000 	C:\WINDOWS\System32\ADVAPI32.dll
0x76590000 - 0x7664d000 	C:\WINDOWS\System32\msvcrt.dll
0x75420000 - 0x75461000 	C:\WINDOWS\System32\sechost.dll
0x76710000 - 0x767cc000 	C:\WINDOWS\System32\RPCRT4.dll
0x73a80000 - 0x73a9e000 	C:\WINDOWS\System32\SspiCli.dll
0x73a70000 - 0x73a7a000 	C:\WINDOWS\System32\CRYPTBASE.dll
0x73ef0000 - 0x73f48000 	C:\WINDOWS\System32\bcryptPrimitives.dll
0x75d50000 - 0x75e9d000 	C:\WINDOWS\System32\USER32.dll
0x76650000 - 0x76666000 	C:\WINDOWS\System32\win32u.dll
0x75300000 - 0x7532a000 	C:\WINDOWS\System32\GDI32.dll
0x75470000 - 0x755c7000 	C:\WINDOWS\System32\gdi32full.dll
0x73420000 - 0x73620000 	C:\WINDOWS\WinSxS\x86_microsoft.windows.common-controls_6595b64144ccf1df_6.0.14946.1000_none_d33ee90ed06d81a5\COMCTL32.dll
0x73aa0000 - 0x73caf000 	C:\WINDOWS\System32\combase.dll
0x75340000 - 0x7541a000 	C:\WINDOWS\System32\ucrtbase.dll
0x755d0000 - 0x755f5000 	C:\WINDOWS\System32\IMM32.DLL
0x77b70000 - 0x77c2f000 	C:\Program Files (x86)\Java\jre7\bin\msvcr100.dll
0x6e460000 - 0x6e7eb000 	C:\Program Files (x86)\Java\jre7\bin\client\jvm.dll
0x75780000 - 0x75786000 	C:\WINDOWS\System32\PSAPI.DLL
0x73040000 - 0x73064000 	C:\WINDOWS\SYSTEM32\WINMM.dll
0x73a10000 - 0x73a18000 	C:\WINDOWS\SYSTEM32\WSOCK32.dll
0x75790000 - 0x757f2000 	C:\WINDOWS\System32\WS2_32.dll
0x72ff0000 - 0x73013000 	C:\WINDOWS\SYSTEM32\winmmbase.dll
0x76db0000 - 0x76de5000 	C:\WINDOWS\System32\cfgmgr32.dll
0x57f40000 - 0x57f4c000 	C:\Program Files (x86)\Java\jre7\bin\verify.dll
0x57f10000 - 0x57f31000 	C:\Program Files (x86)\Java\jre7\bin\java.dll
0x57ef0000 - 0x57f03000 	C:\Program Files (x86)\Java\jre7\bin\zip.dll
0x0f450000 - 0x0f6d6000 	D:\FangAI\FangAI\bwapi_bridge2_5.dll
0x71a30000 - 0x71b1e000 	C:\WINDOWS\SYSTEM32\MSVCR120.dll
0x71b20000 - 0x71b91000 	C:\WINDOWS\SYSTEM32\MSVCP120.dll
0x6acc0000 - 0x6ad27000 	D:\FangAI\FangAI\libgmp-10.dll
0x6f540000 - 0x6f59e000 	D:\FangAI\FangAI\libmpfr-4.dll
0x6f100000 - 0x6f24b000 	C:\WINDOWS\SYSTEM32\dbghelp.dll

VM Arguments:
jvm_args: -Dfile.encoding=Cp1252 
java_command: FangBot
Launcher Type: SUN_STANDARD

Environment Variables:
PATH=C:/Program Files (x86)/Java/jre1.8.0_111/bin/client;C:/Program Files (x86)/Java/jre1.8.0_111/bin;C:/Program Files (x86)/Java/jre1.8.0_111/lib/i386;C:\ProgramData\Oracle\Java\javapath;C:\Program Files\Haskell\bin;C:\Program Files\Haskell Platform\8.0.1\lib\extralibs\bin;C:\Program Files\Haskell Platform\8.0.1\bin;C:\Windows\system32;C:\Windows;C:\Windows\System32\Wbem;C:\Windows\System32\WindowsPowerShell\v1.0\;C:\Program Files (x86)\NVIDIA Corporation\PhysX\Common;C:\Program Files\Haskell Platform\8.0.1\mingw\bin;C:\Program Files (x86)\Brackets\command;C:\Program Files (x86)\GtkSharp\2.12\bin;C:\WINDOWS\system32;C:\WINDOWS;C:\WINDOWS\System32\Wbem;C:\WINDOWS\System32\WindowsPowerShell\v1.0\;C:\Program Files (x86)\Windows Live\Shared;C:\Program Files (x86)\Windows Kits\8.1\Windows Performance Toolkit\;C:\Program Files (x86)\Skype\Phone\;C:\Users\dkfan\AppData\Roaming\cabal\bin;C:\Users\dkfan\AppData\Roaming\local\bin;C:\Users\dkfan\AppData\Local\Microsoft\WindowsApps;
USERNAME=dkfan
OS=Windows_NT
PROCESSOR_IDENTIFIER=Intel64 Family 6 Model 94 Stepping 3, GenuineIntel



---------------  S Y S T E M  ---------------

OS: Windows 8.1 , 64 bit Build 9600 

CPU:total 8 (4 cores per cpu, 2 threads per core) family 6 model 94 stepping 3, cmov, cx8, fxsr, mmx, sse, sse2, sse3, ssse3, sse4.1, sse4.2, popcnt, avx, avx2, aes, erms, ht, tsc, tscinvbit

Memory: 4k page, physical 16694876k(11136484k free), swap 19185244k(10682736k free)

vm_info: Java HotSpot(TM) Client VM (24.80-b11) for windows-x86 JRE (1.7.0_80-b15), built on Apr 10 2015 13:33:35 by "java_re" with unknown MS VC++:1600

time: Wed Dec 14 17:21:19 2016
elapsed time: 54 seconds

