#
# A fatal error has been detected by the Java Runtime Environment:
#
#  EXCEPTION_ACCESS_VIOLATION (0xc0000005) at pc=0x0f74cca3, pid=18436, tid=9888
#
# JRE version: Java(TM) SE Runtime Environment (7.0_80-b15) (build 1.7.0_80-b15)
# Java VM: Java HotSpot(TM) Client VM (24.80-b11 mixed mode, sharing windows-x86 )
# Problematic frame:
# C  [bwapi_bridge2_5.dll+0x1cca3]
#
# Failed to write core dump. Minidumps are not enabled by default on client versions of Windows
#
# If you would like to submit a bug report, please visit:
#   http://bugreport.java.com/bugreport/crash.jsp
# The crash happened outside the Java Virtual Machine in native code.
# See problematic frame for where to report the bug.
#

---------------  T H R E A D  ---------------

Current thread (0x0245c000):  JavaThread "main" [_thread_in_native, id=9888, stack(0x02390000,0x023e0000)]

siginfo: ExceptionCode=0xc0000005, reading address 0x07625cb4

Registers:
EAX=0x0245c000, EBX=0x0245c000, ECX=0x07625cb4, EDX=0x023ddd68
ESP=0x023ddd5c, EBP=0x023ddd78, ESI=0x07625cb4, EDI=0x0245c000
EIP=0x0f74cca3, EFLAGS=0x00010202

Top of Stack: (sp=0x023ddd5c)
0x023ddd5c:   07625cb4 00000000 0000000c 00000120
0x023ddd6c:   0245c000 0000000c 07739361 023ddda8
0x023ddd7c:   025fe1e1 0245c130 023ddd90 07625cb4
0x023ddd8c:   0245c000 24927848 0f74b2ad 04ba1c98
0x023ddd9c:   0247f514 0247ad04 023dddc0 023ddfb8
0x023dddac:   0260201c 07625cb4 0245c000 0247f514
0x023dddbc:   0247ad04 0f939bd8 00000000 00746500
0x023dddcc:   0f939bd8 023dde18 0f7651ef 00000000 

Instructions: (pc=0x0f74cca3)
0x0f74cc83:   83 e4 f8 83 ec 18 a1 08 40 93 0f 33 c4 89 44 24
0x0f74cc93:   14 8b 4d 10 8d 54 24 08 8b 45 14 56 89 44 24 10
0x0f74cca3:   8b 01 57 8b 7d 08 52 ff 50 18 83 ec 18 8b cc 6a
0x0f74ccb3:   0e c7 41 14 0f 00 00 00 c7 41 10 00 00 00 00 68 


Register to memory mapping:

EAX=0x0245c000 is a thread
EBX=0x0245c000 is a thread
ECX=0x07625cb4 is an unknown value
EDX=0x023ddd68 is pointing into the stack for thread: 0x0245c000
ESP=0x023ddd5c is pointing into the stack for thread: 0x0245c000
EBP=0x023ddd78 is pointing into the stack for thread: 0x0245c000
ESI=0x07625cb4 is an unknown value
EDI=0x0245c000 is a thread


Stack: [0x02390000,0x023e0000],  sp=0x023ddd5c,  free space=311k
Native frames: (J=compiled Java code, j=interpreted, Vv=VM code, C=native code)
C  [bwapi_bridge2_5.dll+0x1cca3]
J 53  bwapi.Unit.getPosition_native(J)Lbwapi/Position; (0 bytes) @ 0x025fe1e1 [0x025fe150+0x91]
J 69 C1 FangSM.mineClosest(Lbwapi/Unit;Lbwapi/Game;)V (145 bytes) @ 0x0260201c [0x02601f40+0xdc]
J 132 C1 FangSM.Action(Lbwapi/Unit;Lbwapi/Game;)Z (102 bytes) @ 0x0261a540 [0x0261a340+0x200]
J 120 C1 FangBot.onFrame()V (295 bytes) @ 0x02613f9c [0x026137f0+0x7ac]
j  bwapi.AIModule.onFrame()V+11
v  ~StubRoutines::call_stub
V  [jvm.dll+0x1429aa]
V  [jvm.dll+0x20743e]
V  [jvm.dll+0x142a2d]
V  [jvm.dll+0xcb7b2]
V  [jvm.dll+0xcf403]
C  [bwapi_bridge2_5.dll+0x1b20d]
C  [bwapi_bridge2_5.dll+0x75101]
j  bwapi.Mirror.startGame()V+0
j  FangBot.run()V+15
j  FangBot.main([Ljava/lang/String;)V+7
v  ~StubRoutines::call_stub
V  [jvm.dll+0x1429aa]
V  [jvm.dll+0x20743e]
V  [jvm.dll+0x142a2d]
V  [jvm.dll+0xcb535]
V  [jvm.dll+0xd61d7]
C  [javaw.exe+0x2070]
C  [javaw.exe+0xa6d1]
C  [javaw.exe+0xa75b]
C  [KERNEL32.DLL+0x16394]
C  [ntdll.dll+0x604bb]
C  [ntdll.dll+0x6048b]

Java frames: (J=compiled Java code, j=interpreted, Vv=VM code)
J 53  bwapi.Unit.getPosition_native(J)Lbwapi/Position; (0 bytes) @ 0x025fe19d [0x025fe150+0x4d]
J 69 C1 FangSM.mineClosest(Lbwapi/Unit;Lbwapi/Game;)V (145 bytes) @ 0x0260201c [0x02601f40+0xdc]
J 132 C1 FangSM.Action(Lbwapi/Unit;Lbwapi/Game;)Z (102 bytes) @ 0x0261a540 [0x0261a340+0x200]
J 120 C1 FangBot.onFrame()V (295 bytes) @ 0x02613f9c [0x026137f0+0x7ac]
j  bwapi.AIModule.onFrame()V+11
v  ~StubRoutines::call_stub
j  bwapi.Mirror.startGame()V+0
j  FangBot.run()V+15
j  FangBot.main([Ljava/lang/String;)V+7
v  ~StubRoutines::call_stub

---------------  P R O C E S S  ---------------

Java Threads: ( => current thread )
  0x024fd400 JavaThread "Service Thread" daemon [_thread_blocked, id=9268, stack(0x04ab0000,0x04b00000)]
  0x024f2400 JavaThread "C1 CompilerThread0" daemon [_thread_blocked, id=14808, stack(0x04a20000,0x04a70000)]
  0x024f1000 JavaThread "Attach Listener" daemon [_thread_blocked, id=10972, stack(0x04990000,0x049e0000)]
  0x024ef000 JavaThread "Signal Dispatcher" daemon [_thread_blocked, id=2060, stack(0x04900000,0x04950000)]
  0x02481000 JavaThread "Finalizer" daemon [_thread_blocked, id=8932, stack(0x04870000,0x048c0000)]
  0x0247f800 JavaThread "Reference Handler" daemon [_thread_blocked, id=1432, stack(0x047e0000,0x04830000)]
=>0x0245c000 JavaThread "main" [_thread_in_native, id=9888, stack(0x02390000,0x023e0000)]

Other Threads:
  0x0247d800 VMThread [stack: 0x04750000,0x047a0000] [id=3304]
  0x024ff400 WatcherThread [stack: 0x04b40000,0x04b90000] [id=13932]

VM state:not at safepoint (normal execution)

VM Mutex/Monitor currently owned by a thread: None

Heap
 def new generation   total 4928K, used 3864K [0x24800000, 0x24d50000, 0x29d50000)
  eden space 4416K,  87% used [0x24800000, 0x24bc6148, 0x24c50000)
  from space 512K,   0% used [0x24c50000, 0x24c50000, 0x24cd0000)
  to   space 512K,   0% used [0x24cd0000, 0x24cd0000, 0x24d50000)
 tenured generation   total 10944K, used 0K [0x29d50000, 0x2a800000, 0x34800000)
   the space 10944K,   0% used [0x29d50000, 0x29d50000, 0x29d50200, 0x2a800000)
 compacting perm gen  total 12288K, used 598K [0x34800000, 0x35400000, 0x38800000)
   the space 12288K,   4% used [0x34800000, 0x34895a98, 0x34895c00, 0x35400000)
    ro space 10240K,  42% used [0x38800000, 0x38c37108, 0x38c37200, 0x39200000)
    rw space 12288K,  52% used [0x39200000, 0x39841738, 0x39841800, 0x39e00000)

Card table byte_map: [0x045e0000,0x04690000] byte_map_base: 0x044bc000

Polling page: 0x02370000

Code Cache  [0x02560000, 0x02620000, 0x04560000)
 total_blobs=275 nmethods=137 adapters=75 free_code_cache=32013Kb largest_free_block=32781760

Compilation events (10 events):
Event: 7.643 Thread 0x024f2400  132             FangSM::Action (102 bytes)
Event: 7.644 Thread 0x024f2400 nmethod 132 0x0261a188 code [0x0261a340, 0x0261aa34]
Event: 7.644 Thread 0x024f2400  133             FangSM::determineState (42 bytes)
Event: 7.644 Thread 0x024f2400 nmethod 133 0x0261af88 code [0x0261b0a0, 0x0261b19c]
Event: 7.644 Thread 0x024f2400  134   !         FangSM::$SWITCH_TABLE$FangSM$Role (87 bytes)
Event: 7.644 Thread 0x024f2400 nmethod 134 0x0261b288 code [0x0261b3c0, 0x0261b78c]
Event: 7.644 Thread 0x024f2400  135             java.lang.Integer::toString (48 bytes)
Event: 7.644 Thread 0x024f2400 nmethod 135 0x0261bcc8 code [0x0261bdf0, 0x0261c00c]
Event: 11.690 Thread 0x024f2400  137             java.util.HashMap::put (142 bytes)
Event: 11.690 Thread 0x024f2400 nmethod 137 0x0261c4c8 code [0x0261c620, 0x0261c848]

GC Heap History (0 events):
No events

Deoptimization events (0 events):
No events

Internal exceptions (10 events):
Event: 0.032 Thread 0x0245c000 Threw 0x248d7b70 at C:\re\jdk7u80\2329\hotspot\src\share\vm\prims\jvm.cpp:1319
Event: 0.034 Thread 0x0245c000 Threw 0x248f0178 at C:\re\jdk7u80\2329\hotspot\src\share\vm\prims\jvm.cpp:1319
Event: 0.034 Thread 0x0245c000 Threw 0x248f6d98 at C:\re\jdk7u80\2329\hotspot\src\share\vm\prims\jvm.cpp:1319
Event: 2.205 Thread 0x0245c000 Threw 0x249029b0 at C:\re\jdk7u80\2329\hotspot\src\share\vm\prims\jvm.cpp:1319
Event: 2.206 Thread 0x0245c000 Threw 0x249054c8 at C:\re\jdk7u80\2329\hotspot\src\share\vm\prims\jvm.cpp:1319
Event: 2.207 Thread 0x0245c000 Threw 0x2491bec0 at C:\re\jdk7u80\2329\hotspot\src\share\vm\prims\jvm.cpp:1319
Event: 2.674 Thread 0x0245c000 Threw 0x24924520 at C:\re\jdk7u80\2329\hotspot\src\share\vm\prims\jvm.cpp:1319
Event: 3.049 Thread 0x0245c000 Threw 0x24928010 at C:\re\jdk7u80\2329\hotspot\src\share\vm\prims\jvm.cpp:1319
Event: 3.050 Thread 0x0245c000 Threw 0x2492e560 at C:\re\jdk7u80\2329\hotspot\src\share\vm\prims\jvm.cpp:1319
Event: 3.051 Thread 0x0245c000 Threw 0x24947938 at C:\re\jdk7u80\2329\hotspot\src\share\vm\prims\jvm.cpp:1319

Events (10 events):
Event: 3.049 loading class 0x0251ab50
Event: 3.049 loading class 0x0251ab50 done
Event: 3.050 loading class 0x02524cc0
Event: 3.050 loading class 0x02524cc0 done
Event: 3.051 loading class 0x0254a438
Event: 3.051 loading class 0x0254a438 done
Event: 3.158 loading class 0x39e21db0
Event: 3.158 loading class 0x39e21db0 done
Event: 4.028 Executing VM operation: EnableBiasedLocking
Event: 4.028 Executing VM operation: EnableBiasedLocking done


Dynamic libraries:
0x00200000 - 0x0022f000 	C:\Program Files (x86)\Java\jre7\bin\javaw.exe
0x77e60000 - 0x77fdf000 	C:\WINDOWS\SYSTEM32\ntdll.dll
0x77b70000 - 0x77c50000 	C:\WINDOWS\System32\KERNEL32.DLL
0x74a70000 - 0x74c1e000 	C:\WINDOWS\System32\KERNELBASE.dll
0x76f70000 - 0x76fe6000 	C:\WINDOWS\System32\ADVAPI32.dll
0x76540000 - 0x765fd000 	C:\WINDOWS\System32\msvcrt.dll
0x76360000 - 0x763a1000 	C:\WINDOWS\System32\sechost.dll
0x77140000 - 0x771fc000 	C:\WINDOWS\System32\RPCRT4.dll
0x74a50000 - 0x74a6e000 	C:\WINDOWS\System32\SspiCli.dll
0x74a40000 - 0x74a4a000 	C:\WINDOWS\System32\CRYPTBASE.dll
0x76830000 - 0x76888000 	C:\WINDOWS\System32\bcryptPrimitives.dll
0x779c0000 - 0x77b0d000 	C:\WINDOWS\System32\USER32.dll
0x77850000 - 0x77866000 	C:\WINDOWS\System32\win32u.dll
0x77b40000 - 0x77b6a000 	C:\WINDOWS\System32\GDI32.dll
0x76890000 - 0x769e7000 	C:\WINDOWS\System32\gdi32full.dll
0x74650000 - 0x74850000 	C:\WINDOWS\WinSxS\x86_microsoft.windows.common-controls_6595b64144ccf1df_6.0.14946.1000_none_d33ee90ed06d81a5\COMCTL32.dll
0x77c50000 - 0x77e5f000 	C:\WINDOWS\System32\combase.dll
0x77000000 - 0x770da000 	C:\WINDOWS\System32\ucrtbase.dll
0x77870000 - 0x77895000 	C:\WINDOWS\System32\IMM32.DLL
0x78090000 - 0x7814f000 	C:\Program Files (x86)\Java\jre7\bin\msvcr100.dll
0x6e3c0000 - 0x6e74b000 	C:\Program Files (x86)\Java\jre7\bin\client\jvm.dll
0x766e0000 - 0x766e6000 	C:\WINDOWS\System32\PSAPI.DLL
0x74320000 - 0x74344000 	C:\WINDOWS\SYSTEM32\WINMM.dll
0x743a0000 - 0x743a8000 	C:\WINDOWS\SYSTEM32\WSOCK32.dll
0x74e00000 - 0x74e62000 	C:\WINDOWS\System32\WS2_32.dll
0x742f0000 - 0x74313000 	C:\WINDOWS\SYSTEM32\WINMMBASE.dll
0x778a0000 - 0x778d5000 	C:\WINDOWS\System32\cfgmgr32.dll
0x6dbe0000 - 0x6dbec000 	C:\Program Files (x86)\Java\jre7\bin\verify.dll
0x6c8b0000 - 0x6c8d1000 	C:\Program Files (x86)\Java\jre7\bin\java.dll
0x6e020000 - 0x6e033000 	C:\Program Files (x86)\Java\jre7\bin\zip.dll
0x0f730000 - 0x0f9b6000 	C:\Users\dkfan\Desktop\ExampleBot\bwapi_bridge2_5.dll
0x703a0000 - 0x7048e000 	C:\WINDOWS\SYSTEM32\MSVCR120.dll
0x70320000 - 0x70391000 	C:\WINDOWS\SYSTEM32\MSVCP120.dll
0x6acc0000 - 0x6ad27000 	C:\Users\dkfan\Desktop\ExampleBot\libgmp-10.dll
0x6f540000 - 0x6f59e000 	C:\Users\dkfan\Desktop\ExampleBot\libmpfr-4.dll
0x70db0000 - 0x70efb000 	C:\WINDOWS\SYSTEM32\dbghelp.dll

VM Arguments:
jvm_args: -Dfile.encoding=Cp1252 
java_command: FangBot
Launcher Type: SUN_STANDARD

Environment Variables:
PATH=C:/Program Files (x86)/Java/jre1.8.0_111/bin/client;C:/Program Files (x86)/Java/jre1.8.0_111/bin;C:/Program Files (x86)/Java/jre1.8.0_111/lib/i386;C:\ProgramData\Oracle\Java\javapath;C:\Program Files\Haskell\bin;C:\Program Files\Haskell Platform\8.0.1\lib\extralibs\bin;C:\Program Files\Haskell Platform\8.0.1\bin;C:\Windows\system32;C:\Windows;C:\Windows\System32\Wbem;C:\Windows\System32\WindowsPowerShell\v1.0\;C:\Program Files (x86)\NVIDIA Corporation\PhysX\Common;C:\Program Files\Haskell Platform\8.0.1\mingw\bin;C:\Program Files (x86)\Brackets\command;C:\Program Files (x86)\GtkSharp\2.12\bin;C:\WINDOWS\system32;C:\WINDOWS;C:\WINDOWS\System32\Wbem;C:\WINDOWS\System32\WindowsPowerShell\v1.0\;C:\Program Files (x86)\Windows Live\Shared;C:\Program Files (x86)\Windows Kits\8.1\Windows Performance Toolkit\;C:\Users\dkfan\AppData\Roaming\cabal\bin;C:\Users\dkfan\AppData\Roaming\local\bin;C:\Users\dkfan\AppData\Local\Microsoft\WindowsApps;
USERNAME=dkfan
OS=Windows_NT
PROCESSOR_IDENTIFIER=Intel64 Family 6 Model 94 Stepping 3, GenuineIntel



---------------  S Y S T E M  ---------------

OS: Windows 8.1 , 64 bit Build 9600 

CPU:total 8 (4 cores per cpu, 2 threads per core) family 6 model 94 stepping 3, cmov, cx8, fxsr, mmx, sse, sse2, sse3, ssse3, sse4.1, sse4.2, popcnt, avx, avx2, aes, erms, ht, tsc, tscinvbit

Memory: 4k page, physical 16694876k(8556156k free), swap 20495964k(7744152k free)

vm_info: Java HotSpot(TM) Client VM (24.80-b11) for windows-x86 JRE (1.7.0_80-b15), built on Apr 10 2015 13:33:35 by "java_re" with unknown MS VC++:1600

time: Mon Nov 14 07:39:35 2016
elapsed time: 11 seconds

