#
# A fatal error has been detected by the Java Runtime Environment:
#
#  EXCEPTION_ACCESS_VIOLATION (0xc0000005) at pc=0x6db6569b, pid=15420, tid=8068
#
# JRE version: Java(TM) SE Runtime Environment (7.0_80-b15) (build 1.7.0_80-b15)
# Java VM: Java HotSpot(TM) Client VM (24.80-b11 mixed mode, sharing windows-x86 )
# Problematic frame:
# V  [jvm.dll+0xc569b]
#
# Failed to write core dump. Minidumps are not enabled by default on client versions of Windows
#
# If you would like to submit a bug report, please visit:
#   http://bugreport.java.com/bugreport/crash.jsp
#

---------------  T H R E A D  ---------------

Current thread (0x011ec000):  JavaThread "main" [_thread_in_vm, id=8068, stack(0x01400000,0x01450000)]

siginfo: ExceptionCode=0xc0000005, reading address 0x00000000

Registers:
EAX=0x00000000, EBX=0x011ec130, ECX=0x011ec000, EDX=0x00000546
ESP=0x0144d90c, EBP=0x0144d928, ESI=0x011ec130, EDI=0x011ec000
EIP=0x6db6569b, EFLAGS=0x00010246

Top of Stack: (sp=0x0144d90c)
0x0144d90c:   00000000 05536914 011ec130 011ec000
0x0144d91c:   011ec790 00000546 6dd5a360 0144d994
0x0144d92c:   0fc2c375 011ec130 00000000 05530079
0x0144d93c:   011ec130 0144d994 0fc2c33c 00000001
0x0144d94c:   0000000f 079c0049 011ec378 02fbc390
0x0144d95c:   0144d98c 00000001 0000000f c9b945a5
0x0144d96c:   011ec000 08018110 34849778 00000000
0x0144d97c:   0144d950 0144d938 0144d9d0 0144dc98 

Instructions: (pc=0x6db6569b)
0x6db6567b:   f3 ff 83 c4 08 83 7f 04 00 89 7d f0 c7 45 f4 00
0x6db6568b:   00 00 00 74 08 8d 4d f0 e8 78 aa 0c 00 8b 45 0c
0x6db6569b:   8b 08 8b 51 04 8b 42 40 50 56 e8 a6 e3 07 00 83
0x6db656ab:   c4 08 83 7d f4 00 89 45 08 74 08 8d 4d f0 e8 92 


Register to memory mapping:

EAX=0x00000000 is an unknown value
EBX=0x011ec130 is an unknown value
ECX=0x011ec000 is a thread
EDX=0x00000546 is an unknown value
ESP=0x0144d90c is pointing into the stack for thread: 0x011ec000
EBP=0x0144d928 is pointing into the stack for thread: 0x011ec000
ESI=0x011ec130 is an unknown value
EDI=0x011ec000 is a thread


Stack: [0x01400000,0x01450000],  sp=0x0144d90c,  free space=310k
Native frames: (J=compiled Java code, j=interpreted, Vv=VM code, C=native code)
V  [jvm.dll+0xc569b]
C  [bwapi_bridge2_5.dll+0x1c375]
C  [bwapi_bridge2_5.dll+0x38a9f]
j  bwapi.Unit.attack_native(JLbwapi/PositionOrUnit;)Z+0
j  bwapi.Unit.attack(Lbwapi/PositionOrUnit;)Z+6
j  FangBot.FSM(Lbwapi/Unit;)V+166
J 83 C1 FangBot.onFrame()V (379 bytes) @ 0x03094430 [0x03093b10+0x920]
J 112 C1 bwapi.AIModule.onFrame()V (17 bytes) @ 0x030a0e04 [0x030a0dd0+0x34]
v  ~StubRoutines::call_stub
V  [jvm.dll+0x1429aa]
V  [jvm.dll+0x20743e]
V  [jvm.dll+0x142a2d]
V  [jvm.dll+0xcb7b2]
V  [jvm.dll+0xcf403]
C  [bwapi_bridge2_5.dll+0x1b20d]
C  [bwapi_bridge2_5.dll+0x75101]
j  bwapi.Mirror.startGame()V+0
j  FangBot.run()V+15
j  FangBot.main([Ljava/lang/String;)V+7
v  ~StubRoutines::call_stub
V  [jvm.dll+0x1429aa]
V  [jvm.dll+0x20743e]
V  [jvm.dll+0x142a2d]
V  [jvm.dll+0xcb535]
V  [jvm.dll+0xd61d7]
C  [javaw.exe+0x2070]
C  [javaw.exe+0xa6d1]
C  [javaw.exe+0xa75b]
C  [KERNEL32.DLL+0x16394]
C  [ntdll.dll+0x604bb]
C  [ntdll.dll+0x6048b]

Java frames: (J=compiled Java code, j=interpreted, Vv=VM code)
j  bwapi.Unit.attack_native(JLbwapi/PositionOrUnit;)Z+0
j  bwapi.Unit.attack(Lbwapi/PositionOrUnit;)Z+6
j  FangBot.FSM(Lbwapi/Unit;)V+166
J 83 C1 FangBot.onFrame()V (379 bytes) @ 0x03094430 [0x03093b10+0x920]
J 112 C1 bwapi.AIModule.onFrame()V (17 bytes) @ 0x030a0e04 [0x030a0dd0+0x34]
v  ~StubRoutines::call_stub
j  bwapi.Mirror.startGame()V+0
j  FangBot.run()V+15
j  FangBot.main([Ljava/lang/String;)V+7
v  ~StubRoutines::call_stub

---------------  P R O C E S S  ---------------

Java Threads: ( => current thread )
  0x02f87c00 JavaThread "Service Thread" daemon [_thread_blocked, id=7824, stack(0x05440000,0x05490000)]
  0x02f82800 JavaThread "C1 CompilerThread0" daemon [_thread_blocked, id=3448, stack(0x053b0000,0x05400000)]
  0x02f7fc00 JavaThread "Attach Listener" daemon [_thread_blocked, id=11444, stack(0x05320000,0x05370000)]
  0x02f7f000 JavaThread "Signal Dispatcher" daemon [_thread_blocked, id=7952, stack(0x05290000,0x052e0000)]
  0x02f10800 JavaThread "Finalizer" daemon [_thread_blocked, id=14328, stack(0x05200000,0x05250000)]
  0x02f0f000 JavaThread "Reference Handler" daemon [_thread_blocked, id=6008, stack(0x05170000,0x051c0000)]
=>0x011ec000 JavaThread "main" [_thread_in_vm, id=8068, stack(0x01400000,0x01450000)]

Other Threads:
  0x02f0dc00 VMThread [stack: 0x050e0000,0x05130000] [id=1088]
  0x02fa2c00 WatcherThread [stack: 0x054d0000,0x05520000] [id=11448]

VM state:not at safepoint (normal execution)

VM Mutex/Monitor currently owned by a thread: None

Heap
 def new generation   total 4928K, used 2678K [0x24800000, 0x24d50000, 0x29d50000)
  eden space 4416K,  60% used [0x24800000, 0x24a9c830, 0x24c50000)
  from space 512K,   0% used [0x24c50000, 0x24c51298, 0x24cd0000)
  to   space 512K,   0% used [0x24cd0000, 0x24cd0000, 0x24d50000)
 tenured generation   total 10944K, used 258K [0x29d50000, 0x2a800000, 0x34800000)
   the space 10944K,   2% used [0x29d50000, 0x29d90870, 0x29d90a00, 0x2a800000)
 compacting perm gen  total 12288K, used 632K [0x34800000, 0x35400000, 0x38800000)
   the space 12288K,   5% used [0x34800000, 0x3489e0f8, 0x3489e200, 0x35400000)
    ro space 10240K,  42% used [0x38800000, 0x38c37108, 0x38c37200, 0x39200000)
    rw space 12288K,  52% used [0x39200000, 0x39841738, 0x39841800, 0x39e00000)

Card table byte_map: [0x04ff0000,0x050a0000] byte_map_base: 0x04ecc000

Polling page: 0x011d0000

Code Cache  [0x02ff0000, 0x030a8000, 0x04ff0000)
 total_blobs=275 nmethods=137 adapters=75 free_code_cache=32035Kb largest_free_block=32803904

Compilation events (10 events):
Event: 19.270 Thread 0x02f82800  133             BuildingUtil::getBuildTile (416 bytes)
Event: 19.271 Thread 0x02f82800 nmethod 133 0x030a4d88 code [0x030a5040, 0x030a59d0]
Event: 19.271 Thread 0x02f82800  134             java.lang.Math::abs (11 bytes)
Event: 19.271 Thread 0x02f82800 nmethod 134 0x030a6988 code [0x030a6a80, 0x030a6b00]
Event: 19.271 Thread 0x02f82800  135             bwapi.TilePosition::getX (5 bytes)
Event: 19.271 Thread 0x02f82800 nmethod 135 0x030a6b48 code [0x030a6c40, 0x030a6cc0]
Event: 19.707 Thread 0x02f82800  136             java.util.HashMap$HashIterator::nextEntry (99 bytes)
Event: 19.707 Thread 0x02f82800 nmethod 136 0x030a6d08 code [0x030a6e30, 0x030a7048]
Event: 20.300 Thread 0x02f82800  137             bwapi.Position::hashCode (17 bytes)
Event: 20.300 Thread 0x02f82800 nmethod 137 0x030a7208 code [0x030a7300, 0x030a7390]

GC Heap History (10 events):
Event: 13.691 GC heap before
{Heap before GC invocations=3 (full 0):
 def new generation   total 4928K, used 4417K [0x24800000, 0x24d50000, 0x29d50000)
  eden space 4416K, 100% used [0x24800000, 0x24c50000, 0x24c50000)
  from space 512K,   0% used [0x24cd0000, 0x24cd0688, 0x24d50000)
  to   space 512K,   0% used [0x24c50000, 0x24c50000, 0x24cd0000)
 tenured generation   total 10944K, used 258K [0x29d50000, 0x2a800000, 0x34800000)
   the space 10944K,   2% used [0x29d50000, 0x29d90870, 0x29d90a00, 0x2a800000)
 compacting perm gen  total 12288K, used 630K [0x34800000, 0x35400000, 0x38800000)
   the space 12288K,   5% used [0x34800000, 0x3489d8d0, 0x3489da00, 0x35400000)
    ro space 10240K,  42% used [0x38800000, 0x38c37108, 0x38c37200, 0x39200000)
    rw space 12288K,  52% used [0x39200000, 0x39841738, 0x39841800, 0x39e00000)
Event: 13.691 GC heap after
Heap after GC invocations=4 (full 0):
 def new generation   total 4928K, used 2K [0x24800000, 0x24d50000, 0x29d50000)
  eden space 4416K,   0% used [0x24800000, 0x24800000, 0x24c50000)
  from space 512K,   0% used [0x24c50000, 0x24c50a78, 0x24cd0000)
  to   space 512K,   0% used [0x24cd0000, 0x24cd0000, 0x24d50000)
 tenured generation   total 10944K, used 258K [0x29d50000, 0x2a800000, 0x34800000)
   the space 10944K,   2% used [0x29d50000, 0x29d90870, 0x29d90a00, 0x2a800000)
 compacting perm gen  total 12288K, used 630K [0x34800000, 0x35400000, 0x38800000)
   the space 12288K,   5% used [0x34800000, 0x3489d8d0, 0x3489da00, 0x35400000)
    ro space 10240K,  42% used [0x38800000, 0x38c37108, 0x38c37200, 0x39200000)
    rw space 12288K,  52% used [0x39200000, 0x39841738, 0x39841800, 0x39e00000)
}
Event: 15.753 GC heap before
{Heap before GC invocations=4 (full 0):
 def new generation   total 4928K, used 4418K [0x24800000, 0x24d50000, 0x29d50000)
  eden space 4416K, 100% used [0x24800000, 0x24c50000, 0x24c50000)
  from space 512K,   0% used [0x24c50000, 0x24c50a78, 0x24cd0000)
  to   space 512K,   0% used [0x24cd0000, 0x24cd0000, 0x24d50000)
 tenured generation   total 10944K, used 258K [0x29d50000, 0x2a800000, 0x34800000)
   the space 10944K,   2% used [0x29d50000, 0x29d90870, 0x29d90a00, 0x2a800000)
 compacting perm gen  total 12288K, used 630K [0x34800000, 0x35400000, 0x38800000)
   the space 12288K,   5% used [0x34800000, 0x3489d8d0, 0x3489da00, 0x35400000)
    ro space 10240K,  42% used [0x38800000, 0x38c37108, 0x38c37200, 0x39200000)
    rw space 12288K,  52% used [0x39200000, 0x39841738, 0x39841800, 0x39e00000)
Event: 15.753 GC heap after
Heap after GC invocations=5 (full 0):
 def new generation   total 4928K, used 2K [0x24800000, 0x24d50000, 0x29d50000)
  eden space 4416K,   0% used [0x24800000, 0x24800000, 0x24c50000)
  from space 512K,   0% used [0x24cd0000, 0x24cd0908, 0x24d50000)
  to   space 512K,   0% used [0x24c50000, 0x24c50000, 0x24cd0000)
 tenured generation   total 10944K, used 258K [0x29d50000, 0x2a800000, 0x34800000)
   the space 10944K,   2% used [0x29d50000, 0x29d90870, 0x29d90a00, 0x2a800000)
 compacting perm gen  total 12288K, used 630K [0x34800000, 0x35400000, 0x38800000)
   the space 12288K,   5% used [0x34800000, 0x3489d8d0, 0x3489da00, 0x35400000)
    ro space 10240K,  42% used [0x38800000, 0x38c37108, 0x38c37200, 0x39200000)
    rw space 12288K,  52% used [0x39200000, 0x39841738, 0x39841800, 0x39e00000)
}
Event: 17.174 GC heap before
{Heap before GC invocations=5 (full 0):
 def new generation   total 4928K, used 4418K [0x24800000, 0x24d50000, 0x29d50000)
  eden space 4416K, 100% used [0x24800000, 0x24c50000, 0x24c50000)
  from space 512K,   0% used [0x24cd0000, 0x24cd0908, 0x24d50000)
  to   space 512K,   0% used [0x24c50000, 0x24c50000, 0x24cd0000)
 tenured generation   total 10944K, used 258K [0x29d50000, 0x2a800000, 0x34800000)
   the space 10944K,   2% used [0x29d50000, 0x29d90870, 0x29d90a00, 0x2a800000)
 compacting perm gen  total 12288K, used 630K [0x34800000, 0x35400000, 0x38800000)
   the space 12288K,   5% used [0x34800000, 0x3489d8d0, 0x3489da00, 0x35400000)
    ro space 10240K,  42% used [0x38800000, 0x38c37108, 0x38c37200, 0x39200000)
    rw space 12288K,  52% used [0x39200000, 0x39841738, 0x39841800, 0x39e00000)
Event: 17.175 GC heap after
Heap after GC invocations=6 (full 0):
 def new generation   total 4928K, used 2K [0x24800000, 0x24d50000, 0x29d50000)
  eden space 4416K,   0% used [0x24800000, 0x24800000, 0x24c50000)
  from space 512K,   0% used [0x24c50000, 0x24c50ad8, 0x24cd0000)
  to   space 512K,   0% used [0x24cd0000, 0x24cd0000, 0x24d50000)
 tenured generation   total 10944K, used 258K [0x29d50000, 0x2a800000, 0x34800000)
   the space 10944K,   2% used [0x29d50000, 0x29d90870, 0x29d90a00, 0x2a800000)
 compacting perm gen  total 12288K, used 630K [0x34800000, 0x35400000, 0x38800000)
   the space 12288K,   5% used [0x34800000, 0x3489d8d0, 0x3489da00, 0x35400000)
    ro space 10240K,  42% used [0x38800000, 0x38c37108, 0x38c37200, 0x39200000)
    rw space 12288K,  52% used [0x39200000, 0x39841738, 0x39841800, 0x39e00000)
}
Event: 18.459 GC heap before
{Heap before GC invocations=6 (full 0):
 def new generation   total 4928K, used 4418K [0x24800000, 0x24d50000, 0x29d50000)
  eden space 4416K, 100% used [0x24800000, 0x24c50000, 0x24c50000)
  from space 512K,   0% used [0x24c50000, 0x24c50ad8, 0x24cd0000)
  to   space 512K,   0% used [0x24cd0000, 0x24cd0000, 0x24d50000)
 tenured generation   total 10944K, used 258K [0x29d50000, 0x2a800000, 0x34800000)
   the space 10944K,   2% used [0x29d50000, 0x29d90870, 0x29d90a00, 0x2a800000)
 compacting perm gen  total 12288K, used 630K [0x34800000, 0x35400000, 0x38800000)
   the space 12288K,   5% used [0x34800000, 0x3489d8d0, 0x3489da00, 0x35400000)
    ro space 10240K,  42% used [0x38800000, 0x38c37108, 0x38c37200, 0x39200000)
    rw space 12288K,  52% used [0x39200000, 0x39841738, 0x39841800, 0x39e00000)
Event: 18.459 GC heap after
Heap after GC invocations=7 (full 0):
 def new generation   total 4928K, used 2K [0x24800000, 0x24d50000, 0x29d50000)
  eden space 4416K,   0% used [0x24800000, 0x24800000, 0x24c50000)
  from space 512K,   0% used [0x24cd0000, 0x24cd0a20, 0x24d50000)
  to   space 512K,   0% used [0x24c50000, 0x24c50000, 0x24cd0000)
 tenured generation   total 10944K, used 258K [0x29d50000, 0x2a800000, 0x34800000)
   the space 10944K,   2% used [0x29d50000, 0x29d90870, 0x29d90a00, 0x2a800000)
 compacting perm gen  total 12288K, used 630K [0x34800000, 0x35400000, 0x38800000)
   the space 12288K,   5% used [0x34800000, 0x3489d8d0, 0x3489da00, 0x35400000)
    ro space 10240K,  42% used [0x38800000, 0x38c37108, 0x38c37200, 0x39200000)
    rw space 12288K,  52% used [0x39200000, 0x39841738, 0x39841800, 0x39e00000)
}
Event: 20.425 GC heap before
{Heap before GC invocations=7 (full 0):
 def new generation   total 4928K, used 4418K [0x24800000, 0x24d50000, 0x29d50000)
  eden space 4416K, 100% used [0x24800000, 0x24c50000, 0x24c50000)
  from space 512K,   0% used [0x24cd0000, 0x24cd0a20, 0x24d50000)
  to   space 512K,   0% used [0x24c50000, 0x24c50000, 0x24cd0000)
 tenured generation   total 10944K, used 258K [0x29d50000, 0x2a800000, 0x34800000)
   the space 10944K,   2% used [0x29d50000, 0x29d90870, 0x29d90a00, 0x2a800000)
 compacting perm gen  total 12288K, used 630K [0x34800000, 0x35400000, 0x38800000)
   the space 12288K,   5% used [0x34800000, 0x3489d8e0, 0x3489da00, 0x35400000)
    ro space 10240K,  42% used [0x38800000, 0x38c37108, 0x38c37200, 0x39200000)
    rw space 12288K,  52% used [0x39200000, 0x39841738, 0x39841800, 0x39e00000)
Event: 20.425 GC heap after
Heap after GC invocations=8 (full 0):
 def new generation   total 4928K, used 4K [0x24800000, 0x24d50000, 0x29d50000)
  eden space 4416K,   0% used [0x24800000, 0x24800000, 0x24c50000)
  from space 512K,   0% used [0x24c50000, 0x24c51298, 0x24cd0000)
  to   space 512K,   0% used [0x24cd0000, 0x24cd0000, 0x24d50000)
 tenured generation   total 10944K, used 258K [0x29d50000, 0x2a800000, 0x34800000)
   the space 10944K,   2% used [0x29d50000, 0x29d90870, 0x29d90a00, 0x2a800000)
 compacting perm gen  total 12288K, used 630K [0x34800000, 0x35400000, 0x38800000)
   the space 12288K,   5% used [0x34800000, 0x3489d8e0, 0x3489da00, 0x35400000)
    ro space 10240K,  42% used [0x38800000, 0x38c37108, 0x38c37200, 0x39200000)
    rw space 12288K,  52% used [0x39200000, 0x39841738, 0x39841800, 0x39e00000)
}

Deoptimization events (0 events):
No events

Internal exceptions (10 events):
Event: 21.442 Thread 0x011ec000 Threw 0x248b0bb8 at C:\re\jdk7u80\2329\hotspot\src\share\vm\runtime\sharedRuntime.cpp:591
Event: 21.442 Thread 0x011ec000 Implicit null exception at 0x03090368 to 0x03090405
Event: 21.442 Thread 0x011ec000 Threw 0x248b1970 at C:\re\jdk7u80\2329\hotspot\src\share\vm\runtime\sharedRuntime.cpp:591
Event: 21.456 Thread 0x011ec000 Implicit null exception at 0x03090368 to 0x03090405
Event: 21.456 Thread 0x011ec000 Threw 0x248b2728 at C:\re\jdk7u80\2329\hotspot\src\share\vm\runtime\sharedRuntime.cpp:591
Event: 21.456 Thread 0x011ec000 Implicit null exception at 0x03090368 to 0x03090405
Event: 21.456 Thread 0x011ec000 Threw 0x248b34e0 at C:\re\jdk7u80\2329\hotspot\src\share\vm\runtime\sharedRuntime.cpp:591
Event: 21.850 Thread 0x011ec000 Threw 0x24a97c50 at C:\re\jdk7u80\2329\hotspot\src\share\vm\prims\jvm.cpp:1319
Event: 21.850 Thread 0x011ec000 Threw 0x24a9a1d8 at C:\re\jdk7u80\2329\hotspot\src\share\vm\prims\jni.cpp:1350
Event: 21.850 Thread 0x011ec000 Threw 0x24a9a2f0 at C:\re\jdk7u80\2329\hotspot\src\share\vm\prims\jni.cpp:1350

Events (10 events):
Event: 15.753 Executing VM operation: GenCollectForAllocation
Event: 15.753 Executing VM operation: GenCollectForAllocation done
Event: 17.174 Executing VM operation: GenCollectForAllocation
Event: 17.175 Executing VM operation: GenCollectForAllocation done
Event: 18.459 Executing VM operation: GenCollectForAllocation
Event: 18.459 Executing VM operation: GenCollectForAllocation done
Event: 20.425 Executing VM operation: GenCollectForAllocation
Event: 20.425 Executing VM operation: GenCollectForAllocation done
Event: 21.850 loading class 0x02fb9f88
Event: 21.850 loading class 0x02fb9f88 done


Dynamic libraries:
0x01060000 - 0x0108f000 	C:\Program Files (x86)\Java\jre7\bin\javaw.exe
0x77d50000 - 0x77ecf000 	C:\WINDOWS\SYSTEM32\ntdll.dll
0x75f30000 - 0x76010000 	C:\WINDOWS\System32\KERNEL32.DLL
0x75cf0000 - 0x75e9e000 	C:\WINDOWS\System32\KERNELBASE.dll
0x77990000 - 0x77a06000 	C:\WINDOWS\System32\ADVAPI32.dll
0x77450000 - 0x7750d000 	C:\WINDOWS\System32\msvcrt.dll
0x75c40000 - 0x75c81000 	C:\WINDOWS\System32\sechost.dll
0x778d0000 - 0x7798c000 	C:\WINDOWS\System32\RPCRT4.dll
0x74940000 - 0x7495e000 	C:\WINDOWS\System32\SspiCli.dll
0x74930000 - 0x7493a000 	C:\WINDOWS\System32\CRYPTBASE.dll
0x76070000 - 0x760c8000 	C:\WINDOWS\System32\bcryptPrimitives.dll
0x74b00000 - 0x74c4d000 	C:\WINDOWS\System32\USER32.dll
0x753e0000 - 0x753f6000 	C:\WINDOWS\System32\win32u.dll
0x760d0000 - 0x760fa000 	C:\WINDOWS\System32\GDI32.dll
0x74c50000 - 0x74da7000 	C:\WINDOWS\System32\gdi32full.dll
0x74700000 - 0x74900000 	C:\WINDOWS\WinSxS\x86_microsoft.windows.common-controls_6595b64144ccf1df_6.0.14946.1000_none_d33ee90ed06d81a5\COMCTL32.dll
0x75820000 - 0x75a2f000 	C:\WINDOWS\System32\combase.dll
0x75300000 - 0x753da000 	C:\WINDOWS\System32\ucrtbase.dll
0x77410000 - 0x77435000 	C:\WINDOWS\System32\IMM32.DLL
0x71d60000 - 0x71e1f000 	C:\Program Files (x86)\Java\jre7\bin\msvcr100.dll
0x6daa0000 - 0x6de2b000 	C:\Program Files (x86)\Java\jre7\bin\client\jvm.dll
0x75c30000 - 0x75c36000 	C:\WINDOWS\System32\PSAPI.DLL
0x73ea0000 - 0x73ea8000 	C:\WINDOWS\SYSTEM32\WSOCK32.dll
0x77ce0000 - 0x77d42000 	C:\WINDOWS\System32\WS2_32.dll
0x73f00000 - 0x73f24000 	C:\WINDOWS\SYSTEM32\WINMM.dll
0x73eb0000 - 0x73ed3000 	C:\WINDOWS\SYSTEM32\WINMMBASE.dll
0x75ef0000 - 0x75f25000 	C:\WINDOWS\System32\cfgmgr32.dll
0x71d50000 - 0x71d5c000 	C:\Program Files (x86)\Java\jre7\bin\verify.dll
0x71d20000 - 0x71d41000 	C:\Program Files (x86)\Java\jre7\bin\java.dll
0x71d00000 - 0x71d13000 	C:\Program Files (x86)\Java\jre7\bin\zip.dll
0x0fc10000 - 0x0fe96000 	D:\FangAI\FangAI\bwapi_bridge2_5.dll
0x72760000 - 0x727d1000 	C:\WINDOWS\SYSTEM32\MSVCP120.dll
0x6f540000 - 0x6f59e000 	D:\FangAI\FangAI\libmpfr-4.dll
0x727e0000 - 0x728ce000 	C:\WINDOWS\SYSTEM32\MSVCR120.dll
0x6acc0000 - 0x6ad27000 	D:\FangAI\FangAI\libgmp-10.dll
0x6fd10000 - 0x6fe5b000 	C:\WINDOWS\SYSTEM32\dbghelp.dll

VM Arguments:
jvm_args: -Dfile.encoding=Cp1252 
java_command: FangBot
Launcher Type: SUN_STANDARD

Environment Variables:
PATH=C:/Program Files (x86)/Java/jre1.8.0_111/bin/client;C:/Program Files (x86)/Java/jre1.8.0_111/bin;C:/Program Files (x86)/Java/jre1.8.0_111/lib/i386;C:\ProgramData\Oracle\Java\javapath;C:\Program Files\Haskell\bin;C:\Program Files\Haskell Platform\8.0.1\lib\extralibs\bin;C:\Program Files\Haskell Platform\8.0.1\bin;C:\Windows\system32;C:\Windows;C:\Windows\System32\Wbem;C:\Windows\System32\WindowsPowerShell\v1.0\;C:\Program Files (x86)\NVIDIA Corporation\PhysX\Common;C:\Program Files\Haskell Platform\8.0.1\mingw\bin;C:\Program Files (x86)\Brackets\command;C:\Program Files (x86)\GtkSharp\2.12\bin;C:\WINDOWS\system32;C:\WINDOWS;C:\WINDOWS\System32\Wbem;C:\WINDOWS\System32\WindowsPowerShell\v1.0\;C:\Program Files (x86)\Windows Live\Shared;C:\Program Files (x86)\Windows Kits\8.1\Windows Performance Toolkit\;C:\Program Files (x86)\Skype\Phone\;C:\Users\dkfan\AppData\Roaming\cabal\bin;C:\Users\dkfan\AppData\Roaming\local\bin;C:\Users\dkfan\AppData\Local\Microsoft\WindowsApps;
USERNAME=dkfan
OS=Windows_NT
PROCESSOR_IDENTIFIER=Intel64 Family 6 Model 94 Stepping 3, GenuineIntel



---------------  S Y S T E M  ---------------

OS: Windows 8.1 , 64 bit Build 9600 

CPU:total 8 (4 cores per cpu, 2 threads per core) family 6 model 94 stepping 3, cmov, cx8, fxsr, mmx, sse, sse2, sse3, ssse3, sse4.1, sse4.2, popcnt, avx, avx2, aes, erms, ht, tsc, tscinvbit

Memory: 4k page, physical 16694876k(11196484k free), swap 19185244k(12280024k free)

vm_info: Java HotSpot(TM) Client VM (24.80-b11) for windows-x86 JRE (1.7.0_80-b15), built on Apr 10 2015 13:33:35 by "java_re" with unknown MS VC++:1600

time: Wed Dec 07 23:25:50 2016
elapsed time: 21 seconds

