#
# A fatal error has been detected by the Java Runtime Environment:
#
#  EXCEPTION_ACCESS_VIOLATION (0xc0000005) at pc=0x6dca569b, pid=5700, tid=6048
#
# JRE version: Java(TM) SE Runtime Environment (7.0_80-b15) (build 1.7.0_80-b15)
# Java VM: Java HotSpot(TM) Client VM (24.80-b11 mixed mode, sharing windows-x86 )
# Problematic frame:
# V  [jvm.dll+0xc569b]
#
# Failed to write core dump. Minidumps are not enabled by default on client versions of Windows
#
# If you would like to submit a bug report, please visit:
#   http://bugreport.java.com/bugreport/crash.jsp
#

---------------  T H R E A D  ---------------

Current thread (0x0134c000):  JavaThread "main" [_thread_in_vm, id=6048, stack(0x010d0000,0x01120000)]

siginfo: ExceptionCode=0xc0000005, reading address 0x00000000

Registers:
EAX=0x00000000, EBX=0x05160300, ECX=0x00000000, EDX=0x00000007
ESP=0x0111d994, EBP=0x0111d9b0, ESI=0x0134c130, EDI=0x0134c000
EIP=0x6dca569b, EFLAGS=0x00010246

Top of Stack: (sp=0x0111d994)
0x0111d994:   0111daa8 00000000 05160300 0134c000
0x0111d9a4:   00000000 00000000 05160300 0111da34
0x0111d9b4:   0fd2c65a 0134c130 00000000 6e696f70
0x0111d9c4:   00726574 0111da34 0fd2c61e 00000007
0x0111d9d4:   0000000f 624c004a 69706177 696e552f
0x0111d9e4:   01003b74 00000001 0000000f 146945e7
0x0111d9f4:   0134c000 07be4754 0134c000 0134c000
0x0111da04:   0fd59212 0134c130 013c9da8 0111d9d8 

Instructions: (pc=0x6dca569b)
0x6dca567b:   f3 ff 83 c4 08 83 7f 04 00 89 7d f0 c7 45 f4 00
0x6dca568b:   00 00 00 74 08 8d 4d f0 e8 78 aa 0c 00 8b 45 0c
0x6dca569b:   8b 08 8b 51 04 8b 42 40 50 56 e8 a6 e3 07 00 83
0x6dca56ab:   c4 08 83 7d f4 00 89 45 08 74 08 8d 4d f0 e8 92 


Register to memory mapping:

EAX=0x00000000 is an unknown value
EBX=0x05160300 is a global jni handle
ECX=0x00000000 is an unknown value
EDX=0x00000007 is an unknown value
ESP=0x0111d994 is pointing into the stack for thread: 0x0134c000
EBP=0x0111d9b0 is pointing into the stack for thread: 0x0134c000
ESI=0x0134c130 is an unknown value
EDI=0x0134c000 is a thread


Stack: [0x010d0000,0x01120000],  sp=0x0111d994,  free space=310k
Native frames: (J=compiled Java code, j=interpreted, Vv=VM code, C=native code)
V  [jvm.dll+0xc569b]
C  [bwapi_bridge2_5.dll+0x1c65a]
C  [bwapi_bridge2_5.dll+0x387be]
J 171  bwapi.Unit.issueCommand_native(JLbwapi/UnitCommand;)Z (0 bytes) @ 0x02c54bb8 [0x02c54b10+0xa8]
J 202 C1 FangSM.Kite(Lbwapi/Unit;Lbwapi/Unit;)V (163 bytes) @ 0x02c5c6f4 [0x02c5c3f0+0x304]
J 201 C1 FangSM.Action(Lbwapi/Unit;Lbwapi/Game;LFangSM$Role;Lbwapi/Unit;)Z (75 bytes) @ 0x02c5bd0c [0x02c5bc50+0xbc]
J 161 C1 Formation.FSM(Lbwapi/Unit;LFormation;LFormation$State;LFangSM;LFangAi;Lbwapi/Game;Ljava/util/HashSet;)V (510 bytes) @ 0x02c50ec8 [0x02c50770+0x758]
J 89 C1 FangBot.onFrame()V (729 bytes) @ 0x02c36afc [0x02c35830+0x12cc]
J 123 C1 bwapi.AIModule.onFrame()V (17 bytes) @ 0x02c46104 [0x02c460d0+0x34]
v  ~StubRoutines::call_stub
V  [jvm.dll+0x1429aa]
V  [jvm.dll+0x20743e]
V  [jvm.dll+0x142a2d]
V  [jvm.dll+0xcb7b2]
V  [jvm.dll+0xcf403]
C  [bwapi_bridge2_5.dll+0x1b20d]
C  [bwapi_bridge2_5.dll+0x75101]
j  bwapi.Mirror.startGame()V+0
j  FangBot.run()V+15
j  FangBot.main([Ljava/lang/String;)V+7
v  ~StubRoutines::call_stub
V  [jvm.dll+0x1429aa]
V  [jvm.dll+0x20743e]
V  [jvm.dll+0x142a2d]
V  [jvm.dll+0xcb535]
V  [jvm.dll+0xd61d7]
C  [javaw.exe+0x2070]
C  [javaw.exe+0xa6d1]
C  [javaw.exe+0xa75b]
C  [KERNEL32.DLL+0x16394]
C  [ntdll.dll+0x604bb]
C  [ntdll.dll+0x6048b]

Java frames: (J=compiled Java code, j=interpreted, Vv=VM code)
J 171  bwapi.Unit.issueCommand_native(JLbwapi/UnitCommand;)Z (0 bytes) @ 0x02c54b74 [0x02c54b10+0x64]
J 202 C1 FangSM.Kite(Lbwapi/Unit;Lbwapi/Unit;)V (163 bytes) @ 0x02c5c6f4 [0x02c5c3f0+0x304]
J 201 C1 FangSM.Action(Lbwapi/Unit;Lbwapi/Game;LFangSM$Role;Lbwapi/Unit;)Z (75 bytes) @ 0x02c5bd0c [0x02c5bc50+0xbc]
J 161 C1 Formation.FSM(Lbwapi/Unit;LFormation;LFormation$State;LFangSM;LFangAi;Lbwapi/Game;Ljava/util/HashSet;)V (510 bytes) @ 0x02c50ec8 [0x02c50770+0x758]
J 89 C1 FangBot.onFrame()V (729 bytes) @ 0x02c36afc [0x02c35830+0x12cc]
J 123 C1 bwapi.AIModule.onFrame()V (17 bytes) @ 0x02c46104 [0x02c460d0+0x34]
v  ~StubRoutines::call_stub
j  bwapi.Mirror.startGame()V+0
j  FangBot.run()V+15
j  FangBot.main([Ljava/lang/String;)V+7
v  ~StubRoutines::call_stub

---------------  P R O C E S S  ---------------

Java Threads: ( => current thread )
  0x01299400 JavaThread "Service Thread" daemon [_thread_blocked, id=2820, stack(0x05080000,0x050d0000)]
  0x01292c00 JavaThread "C1 CompilerThread0" daemon [_thread_blocked, id=11172, stack(0x04ff0000,0x05040000)]
  0x0128fc00 JavaThread "Attach Listener" daemon [_thread_blocked, id=3568, stack(0x04f60000,0x04fb0000)]
  0x0128dc00 JavaThread "Signal Dispatcher" daemon [_thread_blocked, id=11660, stack(0x04ed0000,0x04f20000)]
  0x01220800 JavaThread "Finalizer" daemon [_thread_blocked, id=13896, stack(0x04e40000,0x04e90000)]
  0x0121f000 JavaThread "Reference Handler" daemon [_thread_blocked, id=6528, stack(0x04db0000,0x04e00000)]
=>0x0134c000 JavaThread "main" [_thread_in_vm, id=6048, stack(0x010d0000,0x01120000)]

Other Threads:
  0x0121dc00 VMThread [stack: 0x04d20000,0x04d70000] [id=15692]
  0x012a7c00 WatcherThread [stack: 0x05110000,0x05160000] [id=16900]

VM state:not at safepoint (normal execution)

VM Mutex/Monitor currently owned by a thread: None

Heap
 def new generation   total 4928K, used 1395K [0x24800000, 0x24d50000, 0x29d50000)
  eden space 4416K,  31% used [0x24800000, 0x2495b4e8, 0x24c50000)
  from space 512K,   1% used [0x24cd0000, 0x24cd18b0, 0x24d50000)
  to   space 512K,   0% used [0x24c50000, 0x24c50000, 0x24cd0000)
 tenured generation   total 10944K, used 434K [0x29d50000, 0x2a800000, 0x34800000)
   the space 10944K,   3% used [0x29d50000, 0x29dbc898, 0x29dbca00, 0x2a800000)
 compacting perm gen  total 12288K, used 656K [0x34800000, 0x35400000, 0x38800000)
   the space 12288K,   5% used [0x34800000, 0x348a4078, 0x348a4200, 0x35400000)
    ro space 10240K,  42% used [0x38800000, 0x38c37108, 0x38c37200, 0x39200000)
    rw space 12288K,  52% used [0x39200000, 0x39841738, 0x39841800, 0x39e00000)

Card table byte_map: [0x04c10000,0x04cc0000] byte_map_base: 0x04aec000

Polling page: 0x01140000

Code Cache  [0x02b90000, 0x02c68000, 0x04b90000)
 total_blobs=362 nmethods=224 adapters=75 free_code_cache=31933Kb largest_free_block=32699456

Compilation events (10 events):
Event: 95.224 Thread 0x01292c00  219             sun.misc.FpUtils::getExponent (17 bytes)
Event: 95.224 Thread 0x01292c00 nmethod 219 0x02c5fa08 code [0x02c5fb00, 0x02c5fbb0]
Event: 98.341 Thread 0x01292c00  220             java.lang.StrictMath::floor (12 bytes)
Event: 98.341 Thread 0x01292c00 nmethod 220 0x02c5fc08 code [0x02c5fd20, 0x02c5fdcc]
Event: 98.341 Thread 0x01292c00  221             java.lang.StrictMath::floorOrCeil (128 bytes)
Event: 98.342 Thread 0x01292c00 nmethod 221 0x02c5fe48 code [0x02c5ff40, 0x02c60100]
Event: 102.851 Thread 0x01292c00  223             java.util.HashMap::removeEntryForKey (159 bytes)
Event: 102.851 Thread 0x01292c00 nmethod 223 0x02c603c8 code [0x02c60500, 0x02c60784]
Event: 103.532 Thread 0x01292c00  224             java.util.HashMap$Entry::recordRemoval (1 bytes)
Event: 103.532 Thread 0x01292c00 nmethod 224 0x02c60a08 code [0x02c60b00, 0x02c60b80]

GC Heap History (10 events):
Event: 114.755 GC heap before
{Heap before GC invocations=740 (full 0):
 def new generation   total 4928K, used 4427K [0x24800000, 0x24d50000, 0x29d50000)
  eden space 4416K, 100% used [0x24800000, 0x24c50000, 0x24c50000)
  from space 512K,   2% used [0x24c50000, 0x24c52f28, 0x24cd0000)
  to   space 512K,   0% used [0x24cd0000, 0x24cd0000, 0x24d50000)
 tenured generation   total 10944K, used 433K [0x29d50000, 0x2a800000, 0x34800000)
   the space 10944K,   3% used [0x29d50000, 0x29dbc6a0, 0x29dbc800, 0x2a800000)
 compacting perm gen  total 12288K, used 656K [0x34800000, 0x35400000, 0x38800000)
   the space 12288K,   5% used [0x34800000, 0x348a4078, 0x348a4200, 0x35400000)
    ro space 10240K,  42% used [0x38800000, 0x38c37108, 0x38c37200, 0x39200000)
    rw space 12288K,  52% used [0x39200000, 0x39841738, 0x39841800, 0x39e00000)
Event: 114.755 GC heap after
Heap after GC invocations=741 (full 0):
 def new generation   total 4928K, used 8K [0x24800000, 0x24d50000, 0x29d50000)
  eden space 4416K,   0% used [0x24800000, 0x24800000, 0x24c50000)
  from space 512K,   1% used [0x24cd0000, 0x24cd2258, 0x24d50000)
  to   space 512K,   0% used [0x24c50000, 0x24c50000, 0x24cd0000)
 tenured generation   total 10944K, used 433K [0x29d50000, 0x2a800000, 0x34800000)
   the space 10944K,   3% used [0x29d50000, 0x29dbc710, 0x29dbc800, 0x2a800000)
 compacting perm gen  total 12288K, used 656K [0x34800000, 0x35400000, 0x38800000)
   the space 12288K,   5% used [0x34800000, 0x348a4078, 0x348a4200, 0x35400000)
    ro space 10240K,  42% used [0x38800000, 0x38c37108, 0x38c37200, 0x39200000)
    rw space 12288K,  52% used [0x39200000, 0x39841738, 0x39841800, 0x39e00000)
}
Event: 114.834 GC heap before
{Heap before GC invocations=741 (full 0):
 def new generation   total 4928K, used 4424K [0x24800000, 0x24d50000, 0x29d50000)
  eden space 4416K, 100% used [0x24800000, 0x24c50000, 0x24c50000)
  from space 512K,   1% used [0x24cd0000, 0x24cd2258, 0x24d50000)
  to   space 512K,   0% used [0x24c50000, 0x24c50000, 0x24cd0000)
 tenured generation   total 10944K, used 433K [0x29d50000, 0x2a800000, 0x34800000)
   the space 10944K,   3% used [0x29d50000, 0x29dbc710, 0x29dbc800, 0x2a800000)
 compacting perm gen  total 12288K, used 656K [0x34800000, 0x35400000, 0x38800000)
   the space 12288K,   5% used [0x34800000, 0x348a4078, 0x348a4200, 0x35400000)
    ro space 10240K,  42% used [0x38800000, 0x38c37108, 0x38c37200, 0x39200000)
    rw space 12288K,  52% used [0x39200000, 0x39841738, 0x39841800, 0x39e00000)
Event: 114.834 GC heap after
Heap after GC invocations=742 (full 0):
 def new generation   total 4928K, used 5K [0x24800000, 0x24d50000, 0x29d50000)
  eden space 4416K,   0% used [0x24800000, 0x24800000, 0x24c50000)
  from space 512K,   1% used [0x24c50000, 0x24c51750, 0x24cd0000)
  to   space 512K,   0% used [0x24cd0000, 0x24cd0000, 0x24d50000)
 tenured generation   total 10944K, used 433K [0x29d50000, 0x2a800000, 0x34800000)
   the space 10944K,   3% used [0x29d50000, 0x29dbc710, 0x29dbc800, 0x2a800000)
 compacting perm gen  total 12288K, used 656K [0x34800000, 0x35400000, 0x38800000)
   the space 12288K,   5% used [0x34800000, 0x348a4078, 0x348a4200, 0x35400000)
    ro space 10240K,  42% used [0x38800000, 0x38c37108, 0x38c37200, 0x39200000)
    rw space 12288K,  52% used [0x39200000, 0x39841738, 0x39841800, 0x39e00000)
}
Event: 114.910 GC heap before
{Heap before GC invocations=742 (full 0):
 def new generation   total 4928K, used 4421K [0x24800000, 0x24d50000, 0x29d50000)
  eden space 4416K, 100% used [0x24800000, 0x24c50000, 0x24c50000)
  from space 512K,   1% used [0x24c50000, 0x24c51750, 0x24cd0000)
  to   space 512K,   0% used [0x24cd0000, 0x24cd0000, 0x24d50000)
 tenured generation   total 10944K, used 433K [0x29d50000, 0x2a800000, 0x34800000)
   the space 10944K,   3% used [0x29d50000, 0x29dbc710, 0x29dbc800, 0x2a800000)
 compacting perm gen  total 12288K, used 656K [0x34800000, 0x35400000, 0x38800000)
   the space 12288K,   5% used [0x34800000, 0x348a4078, 0x348a4200, 0x35400000)
    ro space 10240K,  42% used [0x38800000, 0x38c37108, 0x38c37200, 0x39200000)
    rw space 12288K,  52% used [0x39200000, 0x39841738, 0x39841800, 0x39e00000)
Event: 114.910 GC heap after
Heap after GC invocations=743 (full 0):
 def new generation   total 4928K, used 12K [0x24800000, 0x24d50000, 0x29d50000)
  eden space 4416K,   0% used [0x24800000, 0x24800000, 0x24c50000)
  from space 512K,   2% used [0x24cd0000, 0x24cd3238, 0x24d50000)
  to   space 512K,   0% used [0x24c50000, 0x24c50000, 0x24cd0000)
 tenured generation   total 10944K, used 433K [0x29d50000, 0x2a800000, 0x34800000)
   the space 10944K,   3% used [0x29d50000, 0x29dbc780, 0x29dbc800, 0x2a800000)
 compacting perm gen  total 12288K, used 656K [0x34800000, 0x35400000, 0x38800000)
   the space 12288K,   5% used [0x34800000, 0x348a4078, 0x348a4200, 0x35400000)
    ro space 10240K,  42% used [0x38800000, 0x38c37108, 0x38c37200, 0x39200000)
    rw space 12288K,  52% used [0x39200000, 0x39841738, 0x39841800, 0x39e00000)
}
Event: 114.990 GC heap before
{Heap before GC invocations=743 (full 0):
 def new generation   total 4928K, used 4428K [0x24800000, 0x24d50000, 0x29d50000)
  eden space 4416K, 100% used [0x24800000, 0x24c50000, 0x24c50000)
  from space 512K,   2% used [0x24cd0000, 0x24cd3238, 0x24d50000)
  to   space 512K,   0% used [0x24c50000, 0x24c50000, 0x24cd0000)
 tenured generation   total 10944K, used 433K [0x29d50000, 0x2a800000, 0x34800000)
   the space 10944K,   3% used [0x29d50000, 0x29dbc780, 0x29dbc800, 0x2a800000)
 compacting perm gen  total 12288K, used 656K [0x34800000, 0x35400000, 0x38800000)
   the space 12288K,   5% used [0x34800000, 0x348a4078, 0x348a4200, 0x35400000)
    ro space 10240K,  42% used [0x38800000, 0x38c37108, 0x38c37200, 0x39200000)
    rw space 12288K,  52% used [0x39200000, 0x39841738, 0x39841800, 0x39e00000)
Event: 114.990 GC heap after
Heap after GC invocations=744 (full 0):
 def new generation   total 4928K, used 9K [0x24800000, 0x24d50000, 0x29d50000)
  eden space 4416K,   0% used [0x24800000, 0x24800000, 0x24c50000)
  from space 512K,   1% used [0x24c50000, 0x24c526b0, 0x24cd0000)
  to   space 512K,   0% used [0x24cd0000, 0x24cd0000, 0x24d50000)
 tenured generation   total 10944K, used 433K [0x29d50000, 0x2a800000, 0x34800000)
   the space 10944K,   3% used [0x29d50000, 0x29dbc7b8, 0x29dbc800, 0x2a800000)
 compacting perm gen  total 12288K, used 656K [0x34800000, 0x35400000, 0x38800000)
   the space 12288K,   5% used [0x34800000, 0x348a4078, 0x348a4200, 0x35400000)
    ro space 10240K,  42% used [0x38800000, 0x38c37108, 0x38c37200, 0x39200000)
    rw space 12288K,  52% used [0x39200000, 0x39841738, 0x39841800, 0x39e00000)
}
Event: 115.071 GC heap before
{Heap before GC invocations=744 (full 0):
 def new generation   total 4928K, used 4425K [0x24800000, 0x24d50000, 0x29d50000)
  eden space 4416K, 100% used [0x24800000, 0x24c50000, 0x24c50000)
  from space 512K,   1% used [0x24c50000, 0x24c526b0, 0x24cd0000)
  to   space 512K,   0% used [0x24cd0000, 0x24cd0000, 0x24d50000)
 tenured generation   total 10944K, used 433K [0x29d50000, 0x2a800000, 0x34800000)
   the space 10944K,   3% used [0x29d50000, 0x29dbc7b8, 0x29dbc800, 0x2a800000)
 compacting perm gen  total 12288K, used 656K [0x34800000, 0x35400000, 0x38800000)
   the space 12288K,   5% used [0x34800000, 0x348a4078, 0x348a4200, 0x35400000)
    ro space 10240K,  42% used [0x38800000, 0x38c37108, 0x38c37200, 0x39200000)
    rw space 12288K,  52% used [0x39200000, 0x39841738, 0x39841800, 0x39e00000)
Event: 115.071 GC heap after
Heap after GC invocations=745 (full 0):
 def new generation   total 4928K, used 6K [0x24800000, 0x24d50000, 0x29d50000)
  eden space 4416K,   0% used [0x24800000, 0x24800000, 0x24c50000)
  from space 512K,   1% used [0x24cd0000, 0x24cd18b0, 0x24d50000)
  to   space 512K,   0% used [0x24c50000, 0x24c50000, 0x24cd0000)
 tenured generation   total 10944K, used 434K [0x29d50000, 0x2a800000, 0x34800000)
   the space 10944K,   3% used [0x29d50000, 0x29dbc898, 0x29dbca00, 0x2a800000)
 compacting perm gen  total 12288K, used 656K [0x34800000, 0x35400000, 0x38800000)
   the space 12288K,   5% used [0x34800000, 0x348a4078, 0x348a4200, 0x35400000)
    ro space 10240K,  42% used [0x38800000, 0x38c37108, 0x38c37200, 0x39200000)
    rw space 12288K,  52% used [0x39200000, 0x39841738, 0x39841800, 0x39e00000)
}

Deoptimization events (0 events):
No events

Internal exceptions (10 events):
Event: 107.965 Thread 0x0134c000 Implicit null exception at 0x02c32568 to 0x02c32605
Event: 107.965 Thread 0x0134c000 Threw 0x24943a30 at C:\re\jdk7u80\2329\hotspot\src\share\vm\runtime\sharedRuntime.cpp:591
Event: 107.979 Thread 0x0134c000 Implicit null exception at 0x02c32568 to 0x02c32605
Event: 107.979 Thread 0x0134c000 Threw 0x24946290 at C:\re\jdk7u80\2329\hotspot\src\share\vm\runtime\sharedRuntime.cpp:591
Event: 107.980 Thread 0x0134c000 Implicit null exception at 0x02c32568 to 0x02c32605
Event: 107.980 Thread 0x0134c000 Threw 0x24948af0 at C:\re\jdk7u80\2329\hotspot\src\share\vm\runtime\sharedRuntime.cpp:591
Event: 107.981 Thread 0x0134c000 Implicit null exception at 0x02c32568 to 0x02c32605
Event: 107.981 Thread 0x0134c000 Threw 0x2494b350 at C:\re\jdk7u80\2329\hotspot\src\share\vm\runtime\sharedRuntime.cpp:591
Event: 107.995 Thread 0x0134c000 Implicit null exception at 0x02c32568 to 0x02c32605
Event: 107.995 Thread 0x0134c000 Threw 0x2494dcc8 at C:\re\jdk7u80\2329\hotspot\src\share\vm\runtime\sharedRuntime.cpp:591

Events (10 events):
Event: 114.755 Executing VM operation: GenCollectForAllocation
Event: 114.755 Executing VM operation: GenCollectForAllocation done
Event: 114.834 Executing VM operation: GenCollectForAllocation
Event: 114.834 Executing VM operation: GenCollectForAllocation done
Event: 114.910 Executing VM operation: GenCollectForAllocation
Event: 114.910 Executing VM operation: GenCollectForAllocation done
Event: 114.990 Executing VM operation: GenCollectForAllocation
Event: 114.990 Executing VM operation: GenCollectForAllocation done
Event: 115.071 Executing VM operation: GenCollectForAllocation
Event: 115.071 Executing VM operation: GenCollectForAllocation done


Dynamic libraries:
0x00d10000 - 0x00d3f000 	C:\Program Files (x86)\Java\jre7\bin\javaw.exe
0x76e90000 - 0x7700f000 	C:\WINDOWS\SYSTEM32\ntdll.dll
0x73cb0000 - 0x73d90000 	C:\WINDOWS\System32\KERNEL32.DLL
0x75870000 - 0x75a1e000 	C:\WINDOWS\System32\KERNELBASE.dll
0x73d90000 - 0x73e06000 	C:\WINDOWS\System32\ADVAPI32.dll
0x76590000 - 0x7664d000 	C:\WINDOWS\System32\msvcrt.dll
0x75420000 - 0x75461000 	C:\WINDOWS\System32\sechost.dll
0x76710000 - 0x767cc000 	C:\WINDOWS\System32\RPCRT4.dll
0x73a80000 - 0x73a9e000 	C:\WINDOWS\System32\SspiCli.dll
0x73a70000 - 0x73a7a000 	C:\WINDOWS\System32\CRYPTBASE.dll
0x73ef0000 - 0x73f48000 	C:\WINDOWS\System32\bcryptPrimitives.dll
0x75d50000 - 0x75e9d000 	C:\WINDOWS\System32\USER32.dll
0x76650000 - 0x76666000 	C:\WINDOWS\System32\win32u.dll
0x75300000 - 0x7532a000 	C:\WINDOWS\System32\GDI32.dll
0x75470000 - 0x755c7000 	C:\WINDOWS\System32\gdi32full.dll
0x73420000 - 0x73620000 	C:\WINDOWS\WinSxS\x86_microsoft.windows.common-controls_6595b64144ccf1df_6.0.14946.1000_none_d33ee90ed06d81a5\COMCTL32.dll
0x73aa0000 - 0x73caf000 	C:\WINDOWS\System32\combase.dll
0x75340000 - 0x7541a000 	C:\WINDOWS\System32\ucrtbase.dll
0x755d0000 - 0x755f5000 	C:\WINDOWS\System32\IMM32.DLL
0x77c20000 - 0x77cdf000 	C:\Program Files (x86)\Java\jre7\bin\msvcr100.dll
0x6dbe0000 - 0x6df6b000 	C:\Program Files (x86)\Java\jre7\bin\client\jvm.dll
0x75780000 - 0x75786000 	C:\WINDOWS\System32\PSAPI.DLL
0x73a10000 - 0x73a18000 	C:\WINDOWS\SYSTEM32\WSOCK32.dll
0x73040000 - 0x73064000 	C:\WINDOWS\SYSTEM32\WINMM.dll
0x75790000 - 0x757f2000 	C:\WINDOWS\System32\WS2_32.dll
0x72ff0000 - 0x73013000 	C:\WINDOWS\SYSTEM32\winmmbase.dll
0x76db0000 - 0x76de5000 	C:\WINDOWS\System32\cfgmgr32.dll
0x57f40000 - 0x57f4c000 	C:\Program Files (x86)\Java\jre7\bin\verify.dll
0x57f10000 - 0x57f31000 	C:\Program Files (x86)\Java\jre7\bin\java.dll
0x57ef0000 - 0x57f03000 	C:\Program Files (x86)\Java\jre7\bin\zip.dll
0x0fd10000 - 0x0ff96000 	D:\FangAI\FangAI\bwapi_bridge2_5.dll
0x71a30000 - 0x71b1e000 	C:\WINDOWS\SYSTEM32\MSVCR120.dll
0x71b20000 - 0x71b91000 	C:\WINDOWS\SYSTEM32\MSVCP120.dll
0x6acc0000 - 0x6ad27000 	D:\FangAI\FangAI\libgmp-10.dll
0x6f540000 - 0x6f59e000 	D:\FangAI\FangAI\libmpfr-4.dll
0x6f100000 - 0x6f24b000 	C:\WINDOWS\SYSTEM32\dbghelp.dll

VM Arguments:
jvm_args: -Dfile.encoding=Cp1252 
java_command: FangBot
Launcher Type: SUN_STANDARD

Environment Variables:
PATH=C:/Program Files (x86)/Java/jre1.8.0_111/bin/client;C:/Program Files (x86)/Java/jre1.8.0_111/bin;C:/Program Files (x86)/Java/jre1.8.0_111/lib/i386;C:\ProgramData\Oracle\Java\javapath;C:\Program Files\Haskell\bin;C:\Program Files\Haskell Platform\8.0.1\lib\extralibs\bin;C:\Program Files\Haskell Platform\8.0.1\bin;C:\Windows\system32;C:\Windows;C:\Windows\System32\Wbem;C:\Windows\System32\WindowsPowerShell\v1.0\;C:\Program Files (x86)\NVIDIA Corporation\PhysX\Common;C:\Program Files\Haskell Platform\8.0.1\mingw\bin;C:\Program Files (x86)\Brackets\command;C:\Program Files (x86)\GtkSharp\2.12\bin;C:\WINDOWS\system32;C:\WINDOWS;C:\WINDOWS\System32\Wbem;C:\WINDOWS\System32\WindowsPowerShell\v1.0\;C:\Program Files (x86)\Windows Live\Shared;C:\Program Files (x86)\Windows Kits\8.1\Windows Performance Toolkit\;C:\Program Files (x86)\Skype\Phone\;C:\Users\dkfan\AppData\Roaming\cabal\bin;C:\Users\dkfan\AppData\Roaming\local\bin;C:\Users\dkfan\AppData\Local\Microsoft\WindowsApps;
USERNAME=dkfan
OS=Windows_NT
PROCESSOR_IDENTIFIER=Intel64 Family 6 Model 94 Stepping 3, GenuineIntel



---------------  S Y S T E M  ---------------

OS: Windows 8.1 , 64 bit Build 9600 

CPU:total 8 (4 cores per cpu, 2 threads per core) family 6 model 94 stepping 3, cmov, cx8, fxsr, mmx, sse, sse2, sse3, ssse3, sse4.1, sse4.2, popcnt, avx, avx2, aes, erms, ht, tsc, tscinvbit

Memory: 4k page, physical 16694876k(10461148k free), swap 19185244k(9966232k free)

vm_info: Java HotSpot(TM) Client VM (24.80-b11) for windows-x86 JRE (1.7.0_80-b15), built on Apr 10 2015 13:33:35 by "java_re" with unknown MS VC++:1600

time: Wed Dec 14 19:40:14 2016
elapsed time: 115 seconds

