#
# A fatal error has been detected by the Java Runtime Environment:
#
#  EXCEPTION_ACCESS_VIOLATION (0xc0000005) at pc=0x6d93569b, pid=16020, tid=4280
#
# JRE version: Java(TM) SE Runtime Environment (7.0_80-b15) (build 1.7.0_80-b15)
# Java VM: Java HotSpot(TM) Client VM (24.80-b11 mixed mode, sharing windows-x86 )
# Problematic frame:
# V  [jvm.dll+0xc569b]
#
# Failed to write core dump. Minidumps are not enabled by default on client versions of Windows
#
# If you would like to submit a bug report, please visit:
#   http://bugreport.java.com/bugreport/crash.jsp
#

---------------  T H R E A D  ---------------

Current thread (0x0230c000):  JavaThread "main" [_thread_in_vm, id=4280, stack(0x00650000,0x006a0000)]

siginfo: ExceptionCode=0xc0000005, reading address 0x00000000

Registers:
EAX=0x00000000, EBX=0x04710348, ECX=0x00000000, EDX=0x00000007
ESP=0x0069dcf4, EBP=0x0069dd10, ESI=0x0230c130, EDI=0x0230c000
EIP=0x6d93569b, EFLAGS=0x00010246

Top of Stack: (sp=0x0069dcf4)
0x0069dcf4:   0069de08 00000000 04710348 0230c000
0x0069dd04:   00000000 00000000 04710348 0069dd94
0x0069dd14:   0f43c65a 0230c130 00000000 6e696f70
0x0069dd24:   00726574 0069dd94 0f43c61e 00000007
0x0069dd34:   0000000f 624c004a 69706177 696e552f
0x0069dd44:   02003b74 00000001 0000000f 7374eef4
0x0069dd54:   0230c000 06d83988 0230c000 0230c000
0x0069dd64:   0f469212 0230c130 007c94e0 0069dd38 

Instructions: (pc=0x6d93569b)
0x6d93567b:   f3 ff 83 c4 08 83 7f 04 00 89 7d f0 c7 45 f4 00
0x6d93568b:   00 00 00 74 08 8d 4d f0 e8 78 aa 0c 00 8b 45 0c
0x6d93569b:   8b 08 8b 51 04 8b 42 40 50 56 e8 a6 e3 07 00 83
0x6d9356ab:   c4 08 83 7d f4 00 89 45 08 74 08 8d 4d f0 e8 92 


Register to memory mapping:

EAX=0x00000000 is an unknown value
EBX=0x04710348 is a global jni handle
ECX=0x00000000 is an unknown value
EDX=0x00000007 is an unknown value
ESP=0x0069dcf4 is pointing into the stack for thread: 0x0230c000
EBP=0x0069dd10 is pointing into the stack for thread: 0x0230c000
ESI=0x0230c130 is an unknown value
EDI=0x0230c000 is a thread


Stack: [0x00650000,0x006a0000],  sp=0x0069dcf4,  free space=311k
Native frames: (J=compiled Java code, j=interpreted, Vv=VM code, C=native code)
V  [jvm.dll+0xc569b]
C  [bwapi_bridge2_5.dll+0x1c65a]
C  [bwapi_bridge2_5.dll+0x387be]
J 171  bwapi.Unit.issueCommand_native(JLbwapi/UnitCommand;)Z (0 bytes) @ 0x023d2578 [0x023d24d0+0xa8]
J 201 C1 FangSM.Kite(Lbwapi/Unit;Lbwapi/Unit;)V (163 bytes) @ 0x023db374 [0x023db070+0x304]
J 200 C1 FangSM.Action(Lbwapi/Unit;Lbwapi/Game;LFangSM$Role;Lbwapi/Unit;)Z (75 bytes) @ 0x023da98c [0x023da8d0+0xbc]
J 178 C1 Formation.FSM(Lbwapi/Unit;LFormation;LFormation$State;LFangSM;LFangAi;Lbwapi/Game;Ljava/util/HashSet;)V (521 bytes) @ 0x023d44a8 [0x023d3db0+0x6f8]
J 88 C1 FangBot.onFrame()V (753 bytes) @ 0x023b6934 [0x023b5680+0x12b4]
J 125 C1 bwapi.AIModule.onFrame()V (17 bytes) @ 0x023c6c44 [0x023c6c10+0x34]
v  ~StubRoutines::call_stub
V  [jvm.dll+0x1429aa]
V  [jvm.dll+0x20743e]
V  [jvm.dll+0x142a2d]
V  [jvm.dll+0xcb7b2]
V  [jvm.dll+0xcf403]
C  [bwapi_bridge2_5.dll+0x1b20d]
C  [bwapi_bridge2_5.dll+0x75101]
j  bwapi.Mirror.startGame()V+0
j  FangBot.run()V+15
j  FangBot.main([Ljava/lang/String;)V+7
v  ~StubRoutines::call_stub
V  [jvm.dll+0x1429aa]
V  [jvm.dll+0x20743e]
V  [jvm.dll+0x142a2d]
V  [jvm.dll+0xcb535]
V  [jvm.dll+0xd61d7]
C  [javaw.exe+0x2070]
C  [javaw.exe+0xa6d1]
C  [javaw.exe+0xa75b]
C  [KERNEL32.DLL+0x16394]
C  [ntdll.dll+0x604bb]
C  [ntdll.dll+0x6048b]

Java frames: (J=compiled Java code, j=interpreted, Vv=VM code)
J 171  bwapi.Unit.issueCommand_native(JLbwapi/UnitCommand;)Z (0 bytes) @ 0x023d2534 [0x023d24d0+0x64]
J 201 C1 FangSM.Kite(Lbwapi/Unit;Lbwapi/Unit;)V (163 bytes) @ 0x023db374 [0x023db070+0x304]
J 200 C1 FangSM.Action(Lbwapi/Unit;Lbwapi/Game;LFangSM$Role;Lbwapi/Unit;)Z (75 bytes) @ 0x023da98c [0x023da8d0+0xbc]
J 178 C1 Formation.FSM(Lbwapi/Unit;LFormation;LFormation$State;LFangSM;LFangAi;Lbwapi/Game;Ljava/util/HashSet;)V (521 bytes) @ 0x023d44a8 [0x023d3db0+0x6f8]
J 88 C1 FangBot.onFrame()V (753 bytes) @ 0x023b6934 [0x023b5680+0x12b4]
J 125 C1 bwapi.AIModule.onFrame()V (17 bytes) @ 0x023c6c44 [0x023c6c10+0x34]
v  ~StubRoutines::call_stub
j  bwapi.Mirror.startGame()V+0
j  FangBot.run()V+15
j  FangBot.main([Ljava/lang/String;)V+7
v  ~StubRoutines::call_stub

---------------  P R O C E S S  ---------------

Java Threads: ( => current thread )
  0x00c24000 JavaThread "Service Thread" daemon [_thread_blocked, id=16448, stack(0x04620000,0x04670000)]
  0x00c22c00 JavaThread "C1 CompilerThread0" daemon [_thread_blocked, id=14904, stack(0x04590000,0x045e0000)]
  0x00c20000 JavaThread "Attach Listener" daemon [_thread_blocked, id=3584, stack(0x04500000,0x04550000)]
  0x00c1dc00 JavaThread "Signal Dispatcher" daemon [_thread_blocked, id=4720, stack(0x04470000,0x044c0000)]
  0x00bb0800 JavaThread "Finalizer" daemon [_thread_blocked, id=10344, stack(0x043e0000,0x04430000)]
  0x00baf000 JavaThread "Reference Handler" daemon [_thread_blocked, id=3444, stack(0x04350000,0x043a0000)]
=>0x0230c000 JavaThread "main" [_thread_in_vm, id=4280, stack(0x00650000,0x006a0000)]

Other Threads:
  0x00badc00 VMThread [stack: 0x02290000,0x022e0000] [id=10124]
  0x00c36000 WatcherThread [stack: 0x046b0000,0x04700000] [id=17060]

VM state:not at safepoint (normal execution)

VM Mutex/Monitor currently owned by a thread: None

Heap
 def new generation   total 4928K, used 380K [0x24800000, 0x24d50000, 0x29d50000)
  eden space 4416K,   8% used [0x24800000, 0x2485c5b0, 0x24c50000)
  from space 512K,   2% used [0x24c50000, 0x24c52d18, 0x24cd0000)
  to   space 512K,   0% used [0x24cd0000, 0x24cd0000, 0x24d50000)
 tenured generation   total 10944K, used 287K [0x29d50000, 0x2a800000, 0x34800000)
   the space 10944K,   2% used [0x29d50000, 0x29d97cc8, 0x29d97e00, 0x2a800000)
 compacting perm gen  total 12288K, used 656K [0x34800000, 0x35400000, 0x38800000)
   the space 12288K,   5% used [0x34800000, 0x348a40e0, 0x348a4200, 0x35400000)
    ro space 10240K,  42% used [0x38800000, 0x38c37108, 0x38c37200, 0x39200000)
    rw space 12288K,  52% used [0x39200000, 0x39841738, 0x39841800, 0x39e00000)

Card table byte_map: [0x02140000,0x021f0000] byte_map_base: 0x0201c000

Polling page: 0x006a0000

Code Cache  [0x02310000, 0x023e0000, 0x04310000)
 total_blobs=344 nmethods=206 adapters=75 free_code_cache=31950Kb largest_free_block=32717440

Compilation events (10 events):
Event: 49.340 Thread 0x00c22c00  199             bwapi.Unit::issueCommand (10 bytes)
Event: 49.340 Thread 0x00c22c00 nmethod 199 0x023da308 code [0x023da400, 0x023da49c]
Event: 49.543 Thread 0x00c22c00  200             FangSM::Action (75 bytes)
Event: 49.543 Thread 0x00c22c00 nmethod 200 0x023da788 code [0x023da8d0, 0x023dabec]
Event: 49.543 Thread 0x00c22c00  201             FangSM::Kite (163 bytes)
Event: 49.543 Thread 0x00c22c00 nmethod 201 0x023dae88 code [0x023db070, 0x023db5ac]
Event: 49.543 Thread 0x00c22c00  202             bwapi.Unit::getGroundWeaponCooldown (9 bytes)
Event: 49.543 Thread 0x00c22c00 nmethod 202 0x023dbc88 code [0x023dbd80, 0x023dbe1c]
Event: 49.570 Thread 0x00c22c00  204             bwapi.PositionOrUnit::getUnit (5 bytes)
Event: 49.570 Thread 0x00c22c00 nmethod 204 0x023dbe88 code [0x023dbf80, 0x023dc000]

GC Heap History (10 events):
Event: 50.167 GC heap before
{Heap before GC invocations=75 (full 0):
 def new generation   total 4928K, used 4425K [0x24800000, 0x24d50000, 0x29d50000)
  eden space 4416K, 100% used [0x24800000, 0x24c50000, 0x24c50000)
  from space 512K,   1% used [0x24cd0000, 0x24cd26e0, 0x24d50000)
  to   space 512K,   0% used [0x24c50000, 0x24c50000, 0x24cd0000)
 tenured generation   total 10944K, used 286K [0x29d50000, 0x2a800000, 0x34800000)
   the space 10944K,   2% used [0x29d50000, 0x29d97b78, 0x29d97c00, 0x2a800000)
 compacting perm gen  total 12288K, used 656K [0x34800000, 0x35400000, 0x38800000)
   the space 12288K,   5% used [0x34800000, 0x348a40e0, 0x348a4200, 0x35400000)
    ro space 10240K,  42% used [0x38800000, 0x38c37108, 0x38c37200, 0x39200000)
    rw space 12288K,  52% used [0x39200000, 0x39841738, 0x39841800, 0x39e00000)
Event: 50.167 GC heap after
Heap after GC invocations=76 (full 0):
 def new generation   total 4928K, used 9K [0x24800000, 0x24d50000, 0x29d50000)
  eden space 4416K,   0% used [0x24800000, 0x24800000, 0x24c50000)
  from space 512K,   1% used [0x24c50000, 0x24c527f8, 0x24cd0000)
  to   space 512K,   0% used [0x24cd0000, 0x24cd0000, 0x24d50000)
 tenured generation   total 10944K, used 286K [0x29d50000, 0x2a800000, 0x34800000)
   the space 10944K,   2% used [0x29d50000, 0x29d97b78, 0x29d97c00, 0x2a800000)
 compacting perm gen  total 12288K, used 656K [0x34800000, 0x35400000, 0x38800000)
   the space 12288K,   5% used [0x34800000, 0x348a40e0, 0x348a4200, 0x35400000)
    ro space 10240K,  42% used [0x38800000, 0x38c37108, 0x38c37200, 0x39200000)
    rw space 12288K,  52% used [0x39200000, 0x39841738, 0x39841800, 0x39e00000)
}
Event: 50.354 GC heap before
{Heap before GC invocations=76 (full 0):
 def new generation   total 4928K, used 4425K [0x24800000, 0x24d50000, 0x29d50000)
  eden space 4416K, 100% used [0x24800000, 0x24c50000, 0x24c50000)
  from space 512K,   1% used [0x24c50000, 0x24c527f8, 0x24cd0000)
  to   space 512K,   0% used [0x24cd0000, 0x24cd0000, 0x24d50000)
 tenured generation   total 10944K, used 286K [0x29d50000, 0x2a800000, 0x34800000)
   the space 10944K,   2% used [0x29d50000, 0x29d97b78, 0x29d97c00, 0x2a800000)
 compacting perm gen  total 12288K, used 656K [0x34800000, 0x35400000, 0x38800000)
   the space 12288K,   5% used [0x34800000, 0x348a40e0, 0x348a4200, 0x35400000)
    ro space 10240K,  42% used [0x38800000, 0x38c37108, 0x38c37200, 0x39200000)
    rw space 12288K,  52% used [0x39200000, 0x39841738, 0x39841800, 0x39e00000)
Event: 50.354 GC heap after
Heap after GC invocations=77 (full 0):
 def new generation   total 4928K, used 9K [0x24800000, 0x24d50000, 0x29d50000)
  eden space 4416K,   0% used [0x24800000, 0x24800000, 0x24c50000)
  from space 512K,   1% used [0x24cd0000, 0x24cd26f8, 0x24d50000)
  to   space 512K,   0% used [0x24c50000, 0x24c50000, 0x24cd0000)
 tenured generation   total 10944K, used 287K [0x29d50000, 0x2a800000, 0x34800000)
   the space 10944K,   2% used [0x29d50000, 0x29d97c58, 0x29d97e00, 0x2a800000)
 compacting perm gen  total 12288K, used 656K [0x34800000, 0x35400000, 0x38800000)
   the space 12288K,   5% used [0x34800000, 0x348a40e0, 0x348a4200, 0x35400000)
    ro space 10240K,  42% used [0x38800000, 0x38c37108, 0x38c37200, 0x39200000)
    rw space 12288K,  52% used [0x39200000, 0x39841738, 0x39841800, 0x39e00000)
}
Event: 50.554 GC heap before
{Heap before GC invocations=77 (full 0):
 def new generation   total 4928K, used 4425K [0x24800000, 0x24d50000, 0x29d50000)
  eden space 4416K, 100% used [0x24800000, 0x24c50000, 0x24c50000)
  from space 512K,   1% used [0x24cd0000, 0x24cd26f8, 0x24d50000)
  to   space 512K,   0% used [0x24c50000, 0x24c50000, 0x24cd0000)
 tenured generation   total 10944K, used 287K [0x29d50000, 0x2a800000, 0x34800000)
   the space 10944K,   2% used [0x29d50000, 0x29d97c58, 0x29d97e00, 0x2a800000)
 compacting perm gen  total 12288K, used 656K [0x34800000, 0x35400000, 0x38800000)
   the space 12288K,   5% used [0x34800000, 0x348a40e0, 0x348a4200, 0x35400000)
    ro space 10240K,  42% used [0x38800000, 0x38c37108, 0x38c37200, 0x39200000)
    rw space 12288K,  52% used [0x39200000, 0x39841738, 0x39841800, 0x39e00000)
Event: 50.554 GC heap after
Heap after GC invocations=78 (full 0):
 def new generation   total 4928K, used 10K [0x24800000, 0x24d50000, 0x29d50000)
  eden space 4416K,   0% used [0x24800000, 0x24800000, 0x24c50000)
  from space 512K,   2% used [0x24c50000, 0x24c52a40, 0x24cd0000)
  to   space 512K,   0% used [0x24cd0000, 0x24cd0000, 0x24d50000)
 tenured generation   total 10944K, used 287K [0x29d50000, 0x2a800000, 0x34800000)
   the space 10944K,   2% used [0x29d50000, 0x29d97c58, 0x29d97e00, 0x2a800000)
 compacting perm gen  total 12288K, used 656K [0x34800000, 0x35400000, 0x38800000)
   the space 12288K,   5% used [0x34800000, 0x348a40e0, 0x348a4200, 0x35400000)
    ro space 10240K,  42% used [0x38800000, 0x38c37108, 0x38c37200, 0x39200000)
    rw space 12288K,  52% used [0x39200000, 0x39841738, 0x39841800, 0x39e00000)
}
Event: 50.762 GC heap before
{Heap before GC invocations=78 (full 0):
 def new generation   total 4928K, used 4426K [0x24800000, 0x24d50000, 0x29d50000)
  eden space 4416K, 100% used [0x24800000, 0x24c50000, 0x24c50000)
  from space 512K,   2% used [0x24c50000, 0x24c52a40, 0x24cd0000)
  to   space 512K,   0% used [0x24cd0000, 0x24cd0000, 0x24d50000)
 tenured generation   total 10944K, used 287K [0x29d50000, 0x2a800000, 0x34800000)
   the space 10944K,   2% used [0x29d50000, 0x29d97c58, 0x29d97e00, 0x2a800000)
 compacting perm gen  total 12288K, used 656K [0x34800000, 0x35400000, 0x38800000)
   the space 12288K,   5% used [0x34800000, 0x348a40e0, 0x348a4200, 0x35400000)
    ro space 10240K,  42% used [0x38800000, 0x38c37108, 0x38c37200, 0x39200000)
    rw space 12288K,  52% used [0x39200000, 0x39841738, 0x39841800, 0x39e00000)
Event: 50.762 GC heap after
Heap after GC invocations=79 (full 0):
 def new generation   total 4928K, used 10K [0x24800000, 0x24d50000, 0x29d50000)
  eden space 4416K,   0% used [0x24800000, 0x24800000, 0x24c50000)
  from space 512K,   2% used [0x24cd0000, 0x24cd2ae8, 0x24d50000)
  to   space 512K,   0% used [0x24c50000, 0x24c50000, 0x24cd0000)
 tenured generation   total 10944K, used 287K [0x29d50000, 0x2a800000, 0x34800000)
   the space 10944K,   2% used [0x29d50000, 0x29d97cc8, 0x29d97e00, 0x2a800000)
 compacting perm gen  total 12288K, used 656K [0x34800000, 0x35400000, 0x38800000)
   the space 12288K,   5% used [0x34800000, 0x348a40e0, 0x348a4200, 0x35400000)
    ro space 10240K,  42% used [0x38800000, 0x38c37108, 0x38c37200, 0x39200000)
    rw space 12288K,  52% used [0x39200000, 0x39841738, 0x39841800, 0x39e00000)
}
Event: 50.995 GC heap before
{Heap before GC invocations=79 (full 0):
 def new generation   total 4928K, used 4426K [0x24800000, 0x24d50000, 0x29d50000)
  eden space 4416K, 100% used [0x24800000, 0x24c50000, 0x24c50000)
  from space 512K,   2% used [0x24cd0000, 0x24cd2ae8, 0x24d50000)
  to   space 512K,   0% used [0x24c50000, 0x24c50000, 0x24cd0000)
 tenured generation   total 10944K, used 287K [0x29d50000, 0x2a800000, 0x34800000)
   the space 10944K,   2% used [0x29d50000, 0x29d97cc8, 0x29d97e00, 0x2a800000)
 compacting perm gen  total 12288K, used 656K [0x34800000, 0x35400000, 0x38800000)
   the space 12288K,   5% used [0x34800000, 0x348a40e0, 0x348a4200, 0x35400000)
    ro space 10240K,  42% used [0x38800000, 0x38c37108, 0x38c37200, 0x39200000)
    rw space 12288K,  52% used [0x39200000, 0x39841738, 0x39841800, 0x39e00000)
Event: 50.995 GC heap after
Heap after GC invocations=80 (full 0):
 def new generation   total 4928K, used 11K [0x24800000, 0x24d50000, 0x29d50000)
  eden space 4416K,   0% used [0x24800000, 0x24800000, 0x24c50000)
  from space 512K,   2% used [0x24c50000, 0x24c52d18, 0x24cd0000)
  to   space 512K,   0% used [0x24cd0000, 0x24cd0000, 0x24d50000)
 tenured generation   total 10944K, used 287K [0x29d50000, 0x2a800000, 0x34800000)
   the space 10944K,   2% used [0x29d50000, 0x29d97cc8, 0x29d97e00, 0x2a800000)
 compacting perm gen  total 12288K, used 656K [0x34800000, 0x35400000, 0x38800000)
   the space 12288K,   5% used [0x34800000, 0x348a40e0, 0x348a4200, 0x35400000)
    ro space 10240K,  42% used [0x38800000, 0x38c37108, 0x38c37200, 0x39200000)
    rw space 12288K,  52% used [0x39200000, 0x39841738, 0x39841800, 0x39e00000)
}

Deoptimization events (0 events):
No events

Internal exceptions (10 events):
Event: 49.007 Thread 0x0230c000 Implicit null exception at 0x023b27e8 to 0x023b2885
Event: 49.007 Thread 0x0230c000 Threw 0x24ac7ff8 at C:\re\jdk7u80\2329\hotspot\src\share\vm\runtime\sharedRuntime.cpp:591
Event: 49.021 Thread 0x0230c000 Implicit null exception at 0x023b27e8 to 0x023b2885
Event: 49.021 Thread 0x0230c000 Threw 0x24ac9f78 at C:\re\jdk7u80\2329\hotspot\src\share\vm\runtime\sharedRuntime.cpp:591
Event: 49.022 Thread 0x0230c000 Implicit null exception at 0x023b27e8 to 0x023b2885
Event: 49.022 Thread 0x0230c000 Threw 0x24acbf88 at C:\re\jdk7u80\2329\hotspot\src\share\vm\runtime\sharedRuntime.cpp:591
Event: 49.023 Thread 0x0230c000 Implicit null exception at 0x023b27e8 to 0x023b2885
Event: 49.023 Thread 0x0230c000 Threw 0x24acdf08 at C:\re\jdk7u80\2329\hotspot\src\share\vm\runtime\sharedRuntime.cpp:591
Event: 49.037 Thread 0x0230c000 Implicit null exception at 0x023b27e8 to 0x023b2885
Event: 49.037 Thread 0x0230c000 Threw 0x24acfe88 at C:\re\jdk7u80\2329\hotspot\src\share\vm\runtime\sharedRuntime.cpp:591

Events (10 events):
Event: 50.167 Executing VM operation: GenCollectForAllocation
Event: 50.167 Executing VM operation: GenCollectForAllocation done
Event: 50.354 Executing VM operation: GenCollectForAllocation
Event: 50.354 Executing VM operation: GenCollectForAllocation done
Event: 50.554 Executing VM operation: GenCollectForAllocation
Event: 50.554 Executing VM operation: GenCollectForAllocation done
Event: 50.762 Executing VM operation: GenCollectForAllocation
Event: 50.762 Executing VM operation: GenCollectForAllocation done
Event: 50.995 Executing VM operation: GenCollectForAllocation
Event: 50.995 Executing VM operation: GenCollectForAllocation done


Dynamic libraries:
0x00d10000 - 0x00d3f000 	C:\Program Files (x86)\Java\jre7\bin\javaw.exe
0x76e90000 - 0x7700f000 	C:\WINDOWS\SYSTEM32\ntdll.dll
0x73cb0000 - 0x73d90000 	C:\WINDOWS\System32\KERNEL32.DLL
0x75870000 - 0x75a1e000 	C:\WINDOWS\System32\KERNELBASE.dll
0x73d90000 - 0x73e06000 	C:\WINDOWS\System32\ADVAPI32.dll
0x76590000 - 0x7664d000 	C:\WINDOWS\System32\msvcrt.dll
0x75420000 - 0x75461000 	C:\WINDOWS\System32\sechost.dll
0x76710000 - 0x767cc000 	C:\WINDOWS\System32\RPCRT4.dll
0x73a80000 - 0x73a9e000 	C:\WINDOWS\System32\SspiCli.dll
0x73a70000 - 0x73a7a000 	C:\WINDOWS\System32\CRYPTBASE.dll
0x73ef0000 - 0x73f48000 	C:\WINDOWS\System32\bcryptPrimitives.dll
0x75d50000 - 0x75e9d000 	C:\WINDOWS\System32\USER32.dll
0x76650000 - 0x76666000 	C:\WINDOWS\System32\win32u.dll
0x75300000 - 0x7532a000 	C:\WINDOWS\System32\GDI32.dll
0x75470000 - 0x755c7000 	C:\WINDOWS\System32\gdi32full.dll
0x73420000 - 0x73620000 	C:\WINDOWS\WinSxS\x86_microsoft.windows.common-controls_6595b64144ccf1df_6.0.14946.1000_none_d33ee90ed06d81a5\COMCTL32.dll
0x73aa0000 - 0x73caf000 	C:\WINDOWS\System32\combase.dll
0x75340000 - 0x7541a000 	C:\WINDOWS\System32\ucrtbase.dll
0x755d0000 - 0x755f5000 	C:\WINDOWS\System32\IMM32.DLL
0x77f10000 - 0x77fcf000 	C:\Program Files (x86)\Java\jre7\bin\msvcr100.dll
0x6d870000 - 0x6dbfb000 	C:\Program Files (x86)\Java\jre7\bin\client\jvm.dll
0x75780000 - 0x75786000 	C:\WINDOWS\System32\PSAPI.DLL
0x73a10000 - 0x73a18000 	C:\WINDOWS\SYSTEM32\WSOCK32.dll
0x73040000 - 0x73064000 	C:\WINDOWS\SYSTEM32\WINMM.dll
0x75790000 - 0x757f2000 	C:\WINDOWS\System32\WS2_32.dll
0x72ff0000 - 0x73013000 	C:\WINDOWS\SYSTEM32\WINMMBASE.dll
0x76db0000 - 0x76de5000 	C:\WINDOWS\System32\cfgmgr32.dll
0x57f40000 - 0x57f4c000 	C:\Program Files (x86)\Java\jre7\bin\verify.dll
0x57f10000 - 0x57f31000 	C:\Program Files (x86)\Java\jre7\bin\java.dll
0x57ef0000 - 0x57f03000 	C:\Program Files (x86)\Java\jre7\bin\zip.dll
0x0f420000 - 0x0f6a6000 	D:\FangAI\FangAI\bwapi_bridge2_5.dll
0x71a30000 - 0x71b1e000 	C:\WINDOWS\SYSTEM32\MSVCR120.dll
0x71b20000 - 0x71b91000 	C:\WINDOWS\SYSTEM32\MSVCP120.dll
0x6acc0000 - 0x6ad27000 	D:\FangAI\FangAI\libgmp-10.dll
0x6f540000 - 0x6f59e000 	D:\FangAI\FangAI\libmpfr-4.dll
0x6f100000 - 0x6f24b000 	C:\WINDOWS\SYSTEM32\dbghelp.dll

VM Arguments:
jvm_args: -Dfile.encoding=Cp1252 
java_command: FangBot
Launcher Type: SUN_STANDARD

Environment Variables:
PATH=C:/Program Files (x86)/Java/jre1.8.0_111/bin/client;C:/Program Files (x86)/Java/jre1.8.0_111/bin;C:/Program Files (x86)/Java/jre1.8.0_111/lib/i386;C:\ProgramData\Oracle\Java\javapath;C:\Program Files\Haskell\bin;C:\Program Files\Haskell Platform\8.0.1\lib\extralibs\bin;C:\Program Files\Haskell Platform\8.0.1\bin;C:\Windows\system32;C:\Windows;C:\Windows\System32\Wbem;C:\Windows\System32\WindowsPowerShell\v1.0\;C:\Program Files (x86)\NVIDIA Corporation\PhysX\Common;C:\Program Files\Haskell Platform\8.0.1\mingw\bin;C:\Program Files (x86)\Brackets\command;C:\Program Files (x86)\GtkSharp\2.12\bin;C:\WINDOWS\system32;C:\WINDOWS;C:\WINDOWS\System32\Wbem;C:\WINDOWS\System32\WindowsPowerShell\v1.0\;C:\Program Files (x86)\Windows Live\Shared;C:\Program Files (x86)\Windows Kits\8.1\Windows Performance Toolkit\;C:\Program Files (x86)\Skype\Phone\;C:\Users\dkfan\AppData\Roaming\cabal\bin;C:\Users\dkfan\AppData\Roaming\local\bin;C:\Users\dkfan\AppData\Local\Microsoft\WindowsApps;
USERNAME=dkfan
OS=Windows_NT
PROCESSOR_IDENTIFIER=Intel64 Family 6 Model 94 Stepping 3, GenuineIntel



---------------  S Y S T E M  ---------------

OS: Windows 8.1 , 64 bit Build 9600 

CPU:total 8 (4 cores per cpu, 2 threads per core) family 6 model 94 stepping 3, cmov, cx8, fxsr, mmx, sse, sse2, sse3, ssse3, sse4.1, sse4.2, popcnt, avx, avx2, aes, erms, ht, tsc, tscinvbit

Memory: 4k page, physical 16694876k(11251180k free), swap 19185244k(10731576k free)

vm_info: Java HotSpot(TM) Client VM (24.80-b11) for windows-x86 JRE (1.7.0_80-b15), built on Apr 10 2015 13:33:35 by "java_re" with unknown MS VC++:1600

time: Wed Dec 14 16:05:54 2016
elapsed time: 51 seconds

