#
# A fatal error has been detected by the Java Runtime Environment:
#
#  EXCEPTION_ACCESS_VIOLATION (0xc0000005) at pc=0x6df8569b, pid=7992, tid=3904
#
# JRE version: Java(TM) SE Runtime Environment (7.0_80-b15) (build 1.7.0_80-b15)
# Java VM: Java HotSpot(TM) Client VM (24.80-b11 mixed mode, sharing windows-x86 )
# Problematic frame:
# V  [jvm.dll+0xc569b]
#
# Failed to write core dump. Minidumps are not enabled by default on client versions of Windows
#
# If you would like to submit a bug report, please visit:
#   http://bugreport.java.com/bugreport/crash.jsp
#

---------------  T H R E A D  ---------------

Current thread (0x016ec000):  JavaThread "main" [_thread_in_vm, id=3904, stack(0x01730000,0x01780000)]

siginfo: ExceptionCode=0xc0000005, reading address 0x00000000

Registers:
EAX=0x00000000, EBX=0x0000006d, ECX=0x00000000, EDX=0x00000007
ESP=0x0177d8f4, EBP=0x0177d910, ESI=0x016ec130, EDI=0x016ec000
EIP=0x6df8569b, EFLAGS=0x00010246

Top of Stack: (sp=0x0177d8f4)
0x0177d8f4:   0fa69aa4 00000000 0000006d 016ec000
0x0177d904:   00000000 0177d9d0 0000006d 0177d968
0x0177d914:   0f882cf2 016ec130 00000000 6e696f70
0x0177d924:   00726574 0177d968 0f882cc1 00000007
0x0177d934:   0000000f ffff004a 0177d968 0f882c9d
0x0177d944:   016ec130 00000001 0000000f 016ec000
0x0177d954:   34884070 34884070 0177dcf8 00000005
0x0177d964:   3cd91d35 0177d9b8 030faabd 016ec130 

Instructions: (pc=0x6df8569b)
0x6df8567b:   f3 ff 83 c4 08 83 7f 04 00 89 7d f0 c7 45 f4 00
0x6df8568b:   00 00 00 74 08 8d 4d f0 e8 78 aa 0c 00 8b 45 0c
0x6df8569b:   8b 08 8b 51 04 8b 42 40 50 56 e8 a6 e3 07 00 83
0x6df856ab:   c4 08 83 7d f4 00 89 45 08 74 08 8d 4d f0 e8 92 


Register to memory mapping:

EAX=0x00000000 is an unknown value
EBX=0x0000006d is an unknown value
ECX=0x00000000 is an unknown value
EDX=0x00000007 is an unknown value
ESP=0x0177d8f4 is pointing into the stack for thread: 0x016ec000
EBP=0x0177d910 is pointing into the stack for thread: 0x016ec000
ESI=0x016ec130 is an unknown value
EDI=0x016ec000 is a thread


Stack: [0x01730000,0x01780000],  sp=0x0177d8f4,  free space=310k
Native frames: (J=compiled Java code, j=interpreted, Vv=VM code, C=native code)
V  [jvm.dll+0xc569b]
C  [bwapi_bridge2_5.dll+0x22cf2]
j  bwapi.Game.canBuildHere_native(JLbwapi/TilePosition;Lbwapi/UnitType;Lbwapi/Unit;Z)Z+0
j  bwapi.Game.canBuildHere(Lbwapi/TilePosition;Lbwapi/UnitType;Lbwapi/Unit;Z)Z+10
j  BuildingUtil.getBuildTile(Lbwapi/Unit;Lbwapi/UnitType;Lbwapi/TilePosition;Lbwapi/Game;)Lbwapi/TilePosition;+159
J 75 C1 FangBot.onFrame()V (750 bytes) @ 0x03194f00 [0x031948e0+0x620]
j  bwapi.AIModule.onFrame()V+11
v  ~StubRoutines::call_stub
V  [jvm.dll+0x1429aa]
V  [jvm.dll+0x20743e]
V  [jvm.dll+0x142a2d]
V  [jvm.dll+0xcb7b2]
V  [jvm.dll+0xcf403]
C  [bwapi_bridge2_5.dll+0x1b20d]
C  [bwapi_bridge2_5.dll+0x75101]
j  bwapi.Mirror.startGame()V+0
j  FangBot.run()V+15
j  FangBot.main([Ljava/lang/String;)V+7
v  ~StubRoutines::call_stub
V  [jvm.dll+0x1429aa]
V  [jvm.dll+0x20743e]
V  [jvm.dll+0x142a2d]
V  [jvm.dll+0xcb535]
V  [jvm.dll+0xd61d7]
C  [javaw.exe+0x2070]
C  [javaw.exe+0xa6d1]
C  [javaw.exe+0xa75b]
C  [KERNEL32.DLL+0x16394]
C  [ntdll.dll+0x604bb]
C  [ntdll.dll+0x6048b]

Java frames: (J=compiled Java code, j=interpreted, Vv=VM code)
j  bwapi.Game.canBuildHere_native(JLbwapi/TilePosition;Lbwapi/UnitType;Lbwapi/Unit;Z)Z+0
j  bwapi.Game.canBuildHere(Lbwapi/TilePosition;Lbwapi/UnitType;Lbwapi/Unit;Z)Z+10
j  BuildingUtil.getBuildTile(Lbwapi/Unit;Lbwapi/UnitType;Lbwapi/TilePosition;Lbwapi/Game;)Lbwapi/TilePosition;+159
J 75 C1 FangBot.onFrame()V (750 bytes) @ 0x03194f00 [0x031948e0+0x620]
j  bwapi.AIModule.onFrame()V+11
v  ~StubRoutines::call_stub
j  bwapi.Mirror.startGame()V+0
j  FangBot.run()V+15
j  FangBot.main([Ljava/lang/String;)V+7
v  ~StubRoutines::call_stub

---------------  P R O C E S S  ---------------

Java Threads: ( => current thread )
  0x02f96800 JavaThread "Service Thread" daemon [_thread_blocked, id=6032, stack(0x05570000,0x055c0000)]
  0x02f92000 JavaThread "C1 CompilerThread0" daemon [_thread_blocked, id=12156, stack(0x054e0000,0x05530000)]
  0x02f90c00 JavaThread "Attach Listener" daemon [_thread_blocked, id=1856, stack(0x05450000,0x054a0000)]
  0x02f8f000 JavaThread "Signal Dispatcher" daemon [_thread_blocked, id=1484, stack(0x053c0000,0x05410000)]
  0x02f21000 JavaThread "Finalizer" daemon [_thread_blocked, id=8152, stack(0x05330000,0x05380000)]
  0x02f1f800 JavaThread "Reference Handler" daemon [_thread_blocked, id=6556, stack(0x052a0000,0x052f0000)]
=>0x016ec000 JavaThread "main" [_thread_in_vm, id=3904, stack(0x01730000,0x01780000)]

Other Threads:
  0x02f1d800 VMThread [stack: 0x05210000,0x05260000] [id=4672]
  0x02faf800 WatcherThread [stack: 0x05600000,0x05650000] [id=8336]

VM state:not at safepoint (normal execution)

VM Mutex/Monitor currently owned by a thread: None

Heap
 def new generation   total 4928K, used 4607K [0x24800000, 0x24d50000, 0x29d50000)
  eden space 4416K,  94% used [0x24800000, 0x24c0f6d8, 0x24c50000)
  from space 512K,  87% used [0x24cd0000, 0x24d406d0, 0x24d50000)
  to   space 512K,   0% used [0x24c50000, 0x24c50000, 0x24cd0000)
 tenured generation   total 10944K, used 0K [0x29d50000, 0x2a800000, 0x34800000)
   the space 10944K,   0% used [0x29d50000, 0x29d50000, 0x29d50200, 0x2a800000)
 compacting perm gen  total 12288K, used 621K [0x34800000, 0x35400000, 0x38800000)
   the space 12288K,   5% used [0x34800000, 0x3489b560, 0x3489b600, 0x35400000)
    ro space 10240K,  42% used [0x38800000, 0x38c37108, 0x38c37200, 0x39200000)
    rw space 12288K,  52% used [0x39200000, 0x39841738, 0x39841800, 0x39e00000)

Card table byte_map: [0x050f0000,0x051a0000] byte_map_base: 0x04fcc000

Polling page: 0x01780000

Code Cache  [0x030f0000, 0x031a8000, 0x050f0000)
 total_blobs=247 nmethods=109 adapters=75 free_code_cache=32061Kb largest_free_block=32831104

Compilation events (10 events):
Event: 14.244 Thread 0x02f92000  102             bwapi.Position::getX (5 bytes)
Event: 14.244 Thread 0x02f92000 nmethod 102 0x0319f408 code [0x0319f500, 0x0319f580]
Event: 14.259 Thread 0x02f92000  103             bwapi.Position::getY (5 bytes)
Event: 14.259 Thread 0x02f92000 nmethod 103 0x0319f5c8 code [0x0319f6c0, 0x0319f740]
Event: 14.384 Thread 0x02f92000  106             bwapi.Game::drawBoxMap (12 bytes)
Event: 14.384 Thread 0x02f92000 nmethod 106 0x0319ff88 code [0x031a0080, 0x031a012c]
Event: 14.806 Thread 0x02f92000  108             BuildingUtil::drawBox (96 bytes)
Event: 14.806 Thread 0x02f92000 nmethod 108 0x031a0188 code [0x031a02b0, 0x031a0504]
Event: 20.041 Thread 0x02f92000  109             bwapi.Game::drawLineMap (12 bytes)
Event: 20.041 Thread 0x02f92000 nmethod 109 0x031a0788 code [0x031a0880, 0x031a092c]

GC Heap History (2 events):
Event: 11.353 GC heap before
{Heap before GC invocations=0 (full 0):
 def new generation   total 4928K, used 4416K [0x24800000, 0x24d50000, 0x29d50000)
  eden space 4416K, 100% used [0x24800000, 0x24c50000, 0x24c50000)
  from space 512K,   0% used [0x24c50000, 0x24c50000, 0x24cd0000)
  to   space 512K,   0% used [0x24cd0000, 0x24cd0000, 0x24d50000)
 tenured generation   total 10944K, used 0K [0x29d50000, 0x2a800000, 0x34800000)
   the space 10944K,   0% used [0x29d50000, 0x29d50000, 0x29d50200, 0x2a800000)
 compacting perm gen  total 12288K, used 621K [0x34800000, 0x35400000, 0x38800000)
   the space 12288K,   5% used [0x34800000, 0x3489b560, 0x3489b600, 0x35400000)
    ro space 10240K,  42% used [0x38800000, 0x38c37108, 0x38c37200, 0x39200000)
    rw space 12288K,  52% used [0x39200000, 0x39841738, 0x39841800, 0x39e00000)
Event: 11.354 GC heap after
Heap after GC invocations=1 (full 0):
 def new generation   total 4928K, used 449K [0x24800000, 0x24d50000, 0x29d50000)
  eden space 4416K,   0% used [0x24800000, 0x24800000, 0x24c50000)
  from space 512K,  87% used [0x24cd0000, 0x24d406d0, 0x24d50000)
  to   space 512K,   0% used [0x24c50000, 0x24c50000, 0x24cd0000)
 tenured generation   total 10944K, used 0K [0x29d50000, 0x2a800000, 0x34800000)
   the space 10944K,   0% used [0x29d50000, 0x29d50000, 0x29d50200, 0x2a800000)
 compacting perm gen  total 12288K, used 621K [0x34800000, 0x35400000, 0x38800000)
   the space 12288K,   5% used [0x34800000, 0x3489b560, 0x3489b600, 0x35400000)
    ro space 10240K,  42% used [0x38800000, 0x38c37108, 0x38c37200, 0x39200000)
    rw space 12288K,  52% used [0x39200000, 0x39841738, 0x39841800, 0x39e00000)
}

Deoptimization events (0 events):
No events

Internal exceptions (10 events):
Event: 2.185 Thread 0x016ec000 Threw 0x24918fe8 at C:\re\jdk7u80\2329\hotspot\src\share\vm\prims\jvm.cpp:1319
Event: 2.186 Thread 0x016ec000 Threw 0x2491bff0 at C:\re\jdk7u80\2329\hotspot\src\share\vm\prims\jvm.cpp:1319
Event: 2.667 Thread 0x016ec000 Threw 0x2492b8a0 at C:\re\jdk7u80\2329\hotspot\src\share\vm\prims\jvm.cpp:1319
Event: 3.032 Thread 0x016ec000 Threw 0x2492ef60 at C:\re\jdk7u80\2329\hotspot\src\share\vm\prims\jvm.cpp:1319
Event: 3.033 Thread 0x016ec000 Threw 0x24931d88 at C:\re\jdk7u80\2329\hotspot\src\share\vm\prims\jvm.cpp:1319
Event: 3.034 Thread 0x016ec000 Threw 0x24935130 at C:\re\jdk7u80\2329\hotspot\src\share\vm\prims\jvm.cpp:1319
Event: 3.034 Thread 0x016ec000 Threw 0x24938048 at C:\re\jdk7u80\2329\hotspot\src\share\vm\prims\jvm.cpp:1319
Event: 3.034 Thread 0x016ec000 Threw 0x2493a1c0 at C:\re\jdk7u80\2329\hotspot\src\share\vm\prims\jvm.cpp:1319
Event: 3.042 Thread 0x016ec000 Threw 0x24992320 at C:\re\jdk7u80\2329\hotspot\src\share\vm\prims\jvm.cpp:1319
Event: 3.151 Thread 0x016ec000 Threw 0x24997180 at C:\re\jdk7u80\2329\hotspot\src\share\vm\prims\jvm.cpp:1319

Events (10 events):
Event: 3.034 loading class 0x02fc3a20
Event: 3.034 loading class 0x02fc3a20 done
Event: 3.042 loading class 0x02fc3a80
Event: 3.042 loading class 0x02fc3a80 done
Event: 3.151 loading class 0x02fc48f0
Event: 3.151 loading class 0x02fc48f0 done
Event: 4.029 Executing VM operation: EnableBiasedLocking
Event: 4.029 Executing VM operation: EnableBiasedLocking done
Event: 11.353 Executing VM operation: GenCollectForAllocation
Event: 11.354 Executing VM operation: GenCollectForAllocation done


Dynamic libraries:
0x003c0000 - 0x003ef000 	C:\Program Files (x86)\Java\jre7\bin\javaw.exe
0x76f30000 - 0x770af000 	C:\WINDOWS\SYSTEM32\ntdll.dll
0x767b0000 - 0x76890000 	C:\WINDOWS\System32\KERNEL32.DLL
0x75820000 - 0x759ce000 	C:\WINDOWS\System32\KERNELBASE.dll
0x740f0000 - 0x74166000 	C:\WINDOWS\System32\ADVAPI32.dll
0x76410000 - 0x764cd000 	C:\WINDOWS\System32\msvcrt.dll
0x757a0000 - 0x757e1000 	C:\WINDOWS\System32\sechost.dll
0x75560000 - 0x7561c000 	C:\WINDOWS\System32\RPCRT4.dll
0x73b20000 - 0x73b3e000 	C:\WINDOWS\System32\SspiCli.dll
0x73b10000 - 0x73b1a000 	C:\WINDOWS\System32\CRYPTBASE.dll
0x73c90000 - 0x73ce8000 	C:\WINDOWS\System32\bcryptPrimitives.dll
0x76de0000 - 0x76f2d000 	C:\WINDOWS\System32\USER32.dll
0x76780000 - 0x76796000 	C:\WINDOWS\System32\win32u.dll
0x757f0000 - 0x7581a000 	C:\WINDOWS\System32\GDI32.dll
0x76040000 - 0x76197000 	C:\WINDOWS\System32\gdi32full.dll
0x73720000 - 0x73920000 	C:\WINDOWS\WinSxS\x86_microsoft.windows.common-controls_6595b64144ccf1df_6.0.14946.1000_none_d33ee90ed06d81a5\COMCTL32.dll
0x761e0000 - 0x763ef000 	C:\WINDOWS\System32\combase.dll
0x73b40000 - 0x73c1a000 	C:\WINDOWS\System32\ucrtbase.dll
0x76750000 - 0x76775000 	C:\WINDOWS\System32\IMM32.DLL
0x781d0000 - 0x7828f000 	C:\Program Files (x86)\Java\jre7\bin\msvcr100.dll
0x6dec0000 - 0x6e24b000 	C:\Program Files (x86)\Java\jre7\bin\client\jvm.dll
0x75a70000 - 0x75a76000 	C:\WINDOWS\System32\PSAPI.DLL
0x73330000 - 0x73354000 	C:\WINDOWS\SYSTEM32\WINMM.dll
0x736c0000 - 0x736c8000 	C:\WINDOWS\SYSTEM32\WSOCK32.dll
0x741e0000 - 0x74242000 	C:\WINDOWS\System32\WS2_32.dll
0x73300000 - 0x73323000 	C:\WINDOWS\SYSTEM32\winmmbase.dll
0x761a0000 - 0x761d5000 	C:\WINDOWS\System32\cfgmgr32.dll
0x59140000 - 0x5914c000 	C:\Program Files (x86)\Java\jre7\bin\verify.dll
0x59110000 - 0x59131000 	C:\Program Files (x86)\Java\jre7\bin\java.dll
0x77120000 - 0x77133000 	C:\Program Files (x86)\Java\jre7\bin\zip.dll
0x0f860000 - 0x0fae6000 	C:\Users\dkfan\Desktop\ExampleBot\bwapi_bridge2_5.dll
0x6f9e0000 - 0x6face000 	C:\WINDOWS\SYSTEM32\MSVCR120.dll
0x6ee70000 - 0x6eee1000 	C:\WINDOWS\SYSTEM32\MSVCP120.dll
0x6f540000 - 0x6f59e000 	C:\Users\dkfan\Desktop\ExampleBot\libmpfr-4.dll
0x6acc0000 - 0x6ad27000 	C:\Users\dkfan\Desktop\ExampleBot\libgmp-10.dll
0x71a30000 - 0x71b7b000 	C:\WINDOWS\SYSTEM32\dbghelp.dll

VM Arguments:
jvm_args: -Dfile.encoding=Cp1252 
java_command: FangBot
Launcher Type: SUN_STANDARD

Environment Variables:
PATH=C:/Program Files (x86)/Java/jre1.8.0_111/bin/client;C:/Program Files (x86)/Java/jre1.8.0_111/bin;C:/Program Files (x86)/Java/jre1.8.0_111/lib/i386;C:\ProgramData\Oracle\Java\javapath;C:\Program Files\Haskell\bin;C:\Program Files\Haskell Platform\8.0.1\lib\extralibs\bin;C:\Program Files\Haskell Platform\8.0.1\bin;C:\Windows\system32;C:\Windows;C:\Windows\System32\Wbem;C:\Windows\System32\WindowsPowerShell\v1.0\;C:\Program Files (x86)\NVIDIA Corporation\PhysX\Common;C:\Program Files\Haskell Platform\8.0.1\mingw\bin;C:\Program Files (x86)\Brackets\command;C:\Program Files (x86)\GtkSharp\2.12\bin;C:\WINDOWS\system32;C:\WINDOWS;C:\WINDOWS\System32\Wbem;C:\WINDOWS\System32\WindowsPowerShell\v1.0\;C:\Program Files (x86)\Windows Live\Shared;C:\Program Files (x86)\Windows Kits\8.1\Windows Performance Toolkit\;C:\Users\dkfan\AppData\Roaming\cabal\bin;C:\Users\dkfan\AppData\Roaming\local\bin;C:\Users\dkfan\AppData\Local\Microsoft\WindowsApps;
USERNAME=dkfan
OS=Windows_NT
PROCESSOR_IDENTIFIER=Intel64 Family 6 Model 94 Stepping 3, GenuineIntel



---------------  S Y S T E M  ---------------

OS: Windows 8.1 , 64 bit Build 9600 

CPU:total 8 (4 cores per cpu, 2 threads per core) family 6 model 94 stepping 3, cmov, cx8, fxsr, mmx, sse, sse2, sse3, ssse3, sse4.1, sse4.2, popcnt, avx, avx2, aes, erms, ht, tsc, tscinvbit

Memory: 4k page, physical 16694876k(9868704k free), swap 19185244k(11321600k free)

vm_info: Java HotSpot(TM) Client VM (24.80-b11) for windows-x86 JRE (1.7.0_80-b15), built on Apr 10 2015 13:33:35 by "java_re" with unknown MS VC++:1600

time: Tue Nov 15 19:07:11 2016
elapsed time: 21 seconds

