#
# A fatal error has been detected by the Java Runtime Environment:
#
#  EXCEPTION_ACCESS_VIOLATION (0xc0000005) at pc=0x6e79569b, pid=3424, tid=1280
#
# JRE version: Java(TM) SE Runtime Environment (7.0_80-b15) (build 1.7.0_80-b15)
# Java VM: Java HotSpot(TM) Client VM (24.80-b11 mixed mode, sharing windows-x86 )
# Problematic frame:
# V  [jvm.dll+0xc569b]
#
# Failed to write core dump. Minidumps are not enabled by default on client versions of Windows
#
# If you would like to submit a bug report, please visit:
#   http://bugreport.java.com/bugreport/crash.jsp
#

---------------  T H R E A D  ---------------

Current thread (0x016fc000):  JavaThread "main" [_thread_in_vm, id=1280, stack(0x01650000,0x016a0000)]

siginfo: ExceptionCode=0xc0000005, reading address 0x00000000

Registers:
EAX=0x00000000, EBX=0x016fc130, ECX=0x00000000, EDX=0x00000001
ESP=0x0169ddbc, EBP=0x0169ddd8, ESI=0x016fc130, EDI=0x016fc000
EIP=0x6e79569b, EFLAGS=0x00010246

Top of Stack: (sp=0x0169ddbc)
0x0169ddbc:   00000000 016fc000 016fc130 016fc000
0x0169ddcc:   00000000 016fc000 016fc000 0169de28
0x0169dddc:   0f1a554d 016fc130 00000000 016f0079
0x0169ddec:   016fc000 0169de28 0f1a551c 00000001
0x0169ddfc:   0000000f 01690049 016fc130 fffffffe
0x0169de0c:   000001c9 00000001 0000000f 016fc000
0x0169de1c:   016fc000 016fc000 24cd00e0 0169de58
0x0169de2c:   0302d878 016fc130 0169de44 07bc582c 

Instructions: (pc=0x6e79569b)
0x6e79567b:   f3 ff 83 c4 08 83 7f 04 00 89 7d f0 c7 45 f4 00
0x6e79568b:   00 00 00 74 08 8d 4d f0 e8 78 aa 0c 00 8b 45 0c
0x6e79569b:   8b 08 8b 51 04 8b 42 40 50 56 e8 a6 e3 07 00 83
0x6e7956ab:   c4 08 83 7d f4 00 89 45 08 74 08 8d 4d f0 e8 92 


Register to memory mapping:

EAX=0x00000000 is an unknown value
EBX=0x016fc130 is an unknown value
ECX=0x00000000 is an unknown value
EDX=0x00000001 is an unknown value
ESP=0x0169ddbc is pointing into the stack for thread: 0x016fc000
EBP=0x0169ddd8 is pointing into the stack for thread: 0x016fc000
ESI=0x016fc130 is an unknown value
EDI=0x016fc000 is a thread


Stack: [0x01650000,0x016a0000],  sp=0x0169ddbc,  free space=311k
Native frames: (J=compiled Java code, j=interpreted, Vv=VM code, C=native code)
V  [jvm.dll+0xc569b]
C  [bwapi_bridge2_5.dll+0x3554d]
J 149  bwapi.Unit.getDistance_native(JLbwapi/Position;)I (0 bytes) @ 0x0302d878 [0x0302d7d0+0xa8]
j  bwapi.Unit.getDistance(Lbwapi/Position;)I+6
j  Formation.FSM(Lbwapi/Unit;LFormation;LFormation$State;LFangSM;LFangAi;Lbwapi/Game;Ljava/util/HashSet;)V+106
J 89 C1 FangBot.onFrame()V (716 bytes) @ 0x03016aa4 [0x030157f0+0x12b4]
J 124 C1 bwapi.AIModule.onFrame()V (17 bytes) @ 0x030263c4 [0x03026390+0x34]
v  ~StubRoutines::call_stub
V  [jvm.dll+0x1429aa]
V  [jvm.dll+0x20743e]
V  [jvm.dll+0x142a2d]
V  [jvm.dll+0xcb7b2]
V  [jvm.dll+0xcf403]
C  [bwapi_bridge2_5.dll+0x1b20d]
C  [bwapi_bridge2_5.dll+0x75101]
j  bwapi.Mirror.startGame()V+0
j  FangBot.run()V+15
j  FangBot.main([Ljava/lang/String;)V+7
v  ~StubRoutines::call_stub
V  [jvm.dll+0x1429aa]
V  [jvm.dll+0x20743e]
V  [jvm.dll+0x142a2d]
V  [jvm.dll+0xcb535]
V  [jvm.dll+0xd61d7]
C  [javaw.exe+0x2070]
C  [javaw.exe+0xa6d1]
C  [javaw.exe+0xa75b]
C  [KERNEL32.DLL+0x16394]
C  [ntdll.dll+0x604bb]
C  [ntdll.dll+0x6048b]

Java frames: (J=compiled Java code, j=interpreted, Vv=VM code)
J 149  bwapi.Unit.getDistance_native(JLbwapi/Position;)I (0 bytes) @ 0x0302d834 [0x0302d7d0+0x64]
j  bwapi.Unit.getDistance(Lbwapi/Position;)I+6
j  Formation.FSM(Lbwapi/Unit;LFormation;LFormation$State;LFangSM;LFangAi;Lbwapi/Game;Ljava/util/HashSet;)V+106
J 89 C1 FangBot.onFrame()V (716 bytes) @ 0x03016aa4 [0x030157f0+0x12b4]
J 124 C1 bwapi.AIModule.onFrame()V (17 bytes) @ 0x030263c4 [0x03026390+0x34]
v  ~StubRoutines::call_stub
j  bwapi.Mirror.startGame()V+0
j  FangBot.run()V+15
j  FangBot.main([Ljava/lang/String;)V+7
v  ~StubRoutines::call_stub

---------------  P R O C E S S  ---------------

Java Threads: ( => current thread )
  0x02f06400 JavaThread "Service Thread" daemon [_thread_blocked, id=1200, stack(0x05460000,0x054b0000)]
  0x02f03000 JavaThread "C1 CompilerThread0" daemon [_thread_blocked, id=13856, stack(0x053d0000,0x05420000)]
  0x02f00400 JavaThread "Attach Listener" daemon [_thread_blocked, id=11192, stack(0x05340000,0x05390000)]
  0x02efe000 JavaThread "Signal Dispatcher" daemon [_thread_blocked, id=4956, stack(0x052b0000,0x05300000)]
  0x02e90800 JavaThread "Finalizer" daemon [_thread_blocked, id=4804, stack(0x05220000,0x05270000)]
  0x02e8f000 JavaThread "Reference Handler" daemon [_thread_blocked, id=10476, stack(0x05190000,0x051e0000)]
=>0x016fc000 JavaThread "main" [_thread_in_vm, id=1280, stack(0x01650000,0x016a0000)]

Other Threads:
  0x02e8dc00 VMThread [stack: 0x05100000,0x05150000] [id=10304]
  0x02f12800 WatcherThread [stack: 0x054f0000,0x05540000] [id=16980]

VM state:not at safepoint (normal execution)

VM Mutex/Monitor currently owned by a thread: None

Heap
 def new generation   total 4928K, used 373K [0x24800000, 0x24d50000, 0x29d50000)
  eden space 4416K,   8% used [0x24800000, 0x2485c280, 0x24c50000)
  from space 512K,   0% used [0x24cd0000, 0x24cd1450, 0x24d50000)
  to   space 512K,   0% used [0x24c50000, 0x24c50000, 0x24cd0000)
 tenured generation   total 10944K, used 260K [0x29d50000, 0x2a800000, 0x34800000)
   the space 10944K,   2% used [0x29d50000, 0x29d91370, 0x29d91400, 0x2a800000)
 compacting perm gen  total 12288K, used 660K [0x34800000, 0x35400000, 0x38800000)
   the space 12288K,   5% used [0x34800000, 0x348a50e0, 0x348a5200, 0x35400000)
    ro space 10240K,  42% used [0x38800000, 0x38c37108, 0x38c37200, 0x39200000)
    rw space 12288K,  52% used [0x39200000, 0x39841738, 0x39841800, 0x39e00000)

Card table byte_map: [0x04ff0000,0x050a0000] byte_map_base: 0x04ecc000

Polling page: 0x014c0000

Code Cache  [0x02f70000, 0x03030000, 0x04f70000)
 total_blobs=297 nmethods=159 adapters=75 free_code_cache=32001Kb largest_free_block=32769728

Compilation events (10 events):
Event: 26.684 Thread 0x02f03000  154  s          java.lang.Throwable::fillInStackTrace (29 bytes)
Event: 26.684 Thread 0x02f03000 nmethod 154 0x0302e588 code [0x0302e690, 0x0302e89c]
Event: 27.812 Thread 0x02f03000  156             java.util.ArrayList::indexOf (67 bytes)
Event: 27.812 Thread 0x02f03000 nmethod 156 0x0302e948 code [0x0302ea60, 0x0302ebcc]
Event: 27.997 Thread 0x02f03000  157             java.lang.Object::equals (11 bytes)
Event: 27.997 Thread 0x02f03000 nmethod 157 0x0302ed48 code [0x0302ee40, 0x0302eed0]
Event: 30.122 Thread 0x02f03000  158             java.util.ArrayList::get (11 bytes)
Event: 30.122 Thread 0x02f03000 nmethod 158 0x0302ef08 code [0x0302f020, 0x0302f158]
Event: 30.122 Thread 0x02f03000  159             java.util.ArrayList::rangeCheck (22 bytes)
Event: 30.122 Thread 0x02f03000 nmethod 159 0x0302f2c8 code [0x0302f410, 0x0302f6c8]

GC Heap History (10 events):
Event: 26.856 GC heap before
{Heap before GC invocations=14 (full 0):
 def new generation   total 4928K, used 4426K [0x24800000, 0x24d50000, 0x29d50000)
  eden space 4416K, 100% used [0x24800000, 0x24c50000, 0x24c50000)
  from space 512K,   1% used [0x24c50000, 0x24c52838, 0x24cd0000)
  to   space 512K,   0% used [0x24cd0000, 0x24cd0000, 0x24d50000)
 tenured generation   total 10944K, used 260K [0x29d50000, 0x2a800000, 0x34800000)
   the space 10944K,   2% used [0x29d50000, 0x29d91050, 0x29d91200, 0x2a800000)
 compacting perm gen  total 12288K, used 654K [0x34800000, 0x35400000, 0x38800000)
   the space 12288K,   5% used [0x34800000, 0x348a39c8, 0x348a3a00, 0x35400000)
    ro space 10240K,  42% used [0x38800000, 0x38c37108, 0x38c37200, 0x39200000)
    rw space 12288K,  52% used [0x39200000, 0x39841738, 0x39841800, 0x39e00000)
Event: 26.856 GC heap after
Heap after GC invocations=15 (full 0):
 def new generation   total 4928K, used 5K [0x24800000, 0x24d50000, 0x29d50000)
  eden space 4416K,   0% used [0x24800000, 0x24800000, 0x24c50000)
  from space 512K,   0% used [0x24cd0000, 0x24cd1428, 0x24d50000)
  to   space 512K,   0% used [0x24c50000, 0x24c50000, 0x24cd0000)
 tenured generation   total 10944K, used 260K [0x29d50000, 0x2a800000, 0x34800000)
   the space 10944K,   2% used [0x29d50000, 0x29d91050, 0x29d91200, 0x2a800000)
 compacting perm gen  total 12288K, used 654K [0x34800000, 0x35400000, 0x38800000)
   the space 12288K,   5% used [0x34800000, 0x348a39c8, 0x348a3a00, 0x35400000)
    ro space 10240K,  42% used [0x38800000, 0x38c37108, 0x38c37200, 0x39200000)
    rw space 12288K,  52% used [0x39200000, 0x39841738, 0x39841800, 0x39e00000)
}
Event: 27.607 GC heap before
{Heap before GC invocations=15 (full 0):
 def new generation   total 4928K, used 4421K [0x24800000, 0x24d50000, 0x29d50000)
  eden space 4416K, 100% used [0x24800000, 0x24c50000, 0x24c50000)
  from space 512K,   0% used [0x24cd0000, 0x24cd1428, 0x24d50000)
  to   space 512K,   0% used [0x24c50000, 0x24c50000, 0x24cd0000)
 tenured generation   total 10944K, used 260K [0x29d50000, 0x2a800000, 0x34800000)
   the space 10944K,   2% used [0x29d50000, 0x29d91050, 0x29d91200, 0x2a800000)
 compacting perm gen  total 12288K, used 654K [0x34800000, 0x35400000, 0x38800000)
   the space 12288K,   5% used [0x34800000, 0x348a39c8, 0x348a3a00, 0x35400000)
    ro space 10240K,  42% used [0x38800000, 0x38c37108, 0x38c37200, 0x39200000)
    rw space 12288K,  52% used [0x39200000, 0x39841738, 0x39841800, 0x39e00000)
Event: 27.607 GC heap after
Heap after GC invocations=16 (full 0):
 def new generation   total 4928K, used 5K [0x24800000, 0x24d50000, 0x29d50000)
  eden space 4416K,   0% used [0x24800000, 0x24800000, 0x24c50000)
  from space 512K,   0% used [0x24c50000, 0x24c51448, 0x24cd0000)
  to   space 512K,   0% used [0x24cd0000, 0x24cd0000, 0x24d50000)
 tenured generation   total 10944K, used 260K [0x29d50000, 0x2a800000, 0x34800000)
   the space 10944K,   2% used [0x29d50000, 0x29d91050, 0x29d91200, 0x2a800000)
 compacting perm gen  total 12288K, used 654K [0x34800000, 0x35400000, 0x38800000)
   the space 12288K,   5% used [0x34800000, 0x348a39c8, 0x348a3a00, 0x35400000)
    ro space 10240K,  42% used [0x38800000, 0x38c37108, 0x38c37200, 0x39200000)
    rw space 12288K,  52% used [0x39200000, 0x39841738, 0x39841800, 0x39e00000)
}
Event: 28.356 GC heap before
{Heap before GC invocations=16 (full 0):
 def new generation   total 4928K, used 4421K [0x24800000, 0x24d50000, 0x29d50000)
  eden space 4416K, 100% used [0x24800000, 0x24c50000, 0x24c50000)
  from space 512K,   0% used [0x24c50000, 0x24c51448, 0x24cd0000)
  to   space 512K,   0% used [0x24cd0000, 0x24cd0000, 0x24d50000)
 tenured generation   total 10944K, used 260K [0x29d50000, 0x2a800000, 0x34800000)
   the space 10944K,   2% used [0x29d50000, 0x29d91050, 0x29d91200, 0x2a800000)
 compacting perm gen  total 12288K, used 654K [0x34800000, 0x35400000, 0x38800000)
   the space 12288K,   5% used [0x34800000, 0x348a39d8, 0x348a3a00, 0x35400000)
    ro space 10240K,  42% used [0x38800000, 0x38c37108, 0x38c37200, 0x39200000)
    rw space 12288K,  52% used [0x39200000, 0x39841738, 0x39841800, 0x39e00000)
Event: 28.356 GC heap after
Heap after GC invocations=17 (full 0):
 def new generation   total 4928K, used 5K [0x24800000, 0x24d50000, 0x29d50000)
  eden space 4416K,   0% used [0x24800000, 0x24800000, 0x24c50000)
  from space 512K,   0% used [0x24cd0000, 0x24cd1468, 0x24d50000)
  to   space 512K,   0% used [0x24c50000, 0x24c50000, 0x24cd0000)
 tenured generation   total 10944K, used 260K [0x29d50000, 0x2a800000, 0x34800000)
   the space 10944K,   2% used [0x29d50000, 0x29d91148, 0x29d91200, 0x2a800000)
 compacting perm gen  total 12288K, used 654K [0x34800000, 0x35400000, 0x38800000)
   the space 12288K,   5% used [0x34800000, 0x348a39d8, 0x348a3a00, 0x35400000)
    ro space 10240K,  42% used [0x38800000, 0x38c37108, 0x38c37200, 0x39200000)
    rw space 12288K,  52% used [0x39200000, 0x39841738, 0x39841800, 0x39e00000)
}
Event: 29.480 GC heap before
{Heap before GC invocations=17 (full 0):
 def new generation   total 4928K, used 4421K [0x24800000, 0x24d50000, 0x29d50000)
  eden space 4416K, 100% used [0x24800000, 0x24c50000, 0x24c50000)
  from space 512K,   0% used [0x24cd0000, 0x24cd1468, 0x24d50000)
  to   space 512K,   0% used [0x24c50000, 0x24c50000, 0x24cd0000)
 tenured generation   total 10944K, used 260K [0x29d50000, 0x2a800000, 0x34800000)
   the space 10944K,   2% used [0x29d50000, 0x29d91148, 0x29d91200, 0x2a800000)
 compacting perm gen  total 12288K, used 654K [0x34800000, 0x35400000, 0x38800000)
   the space 12288K,   5% used [0x34800000, 0x348a39d8, 0x348a3a00, 0x35400000)
    ro space 10240K,  42% used [0x38800000, 0x38c37108, 0x38c37200, 0x39200000)
    rw space 12288K,  52% used [0x39200000, 0x39841738, 0x39841800, 0x39e00000)
Event: 29.480 GC heap after
Heap after GC invocations=18 (full 0):
 def new generation   total 4928K, used 5K [0x24800000, 0x24d50000, 0x29d50000)
  eden space 4416K,   0% used [0x24800000, 0x24800000, 0x24c50000)
  from space 512K,   1% used [0x24c50000, 0x24c51518, 0x24cd0000)
  to   space 512K,   0% used [0x24cd0000, 0x24cd0000, 0x24d50000)
 tenured generation   total 10944K, used 260K [0x29d50000, 0x2a800000, 0x34800000)
   the space 10944K,   2% used [0x29d50000, 0x29d91228, 0x29d91400, 0x2a800000)
 compacting perm gen  total 12288K, used 654K [0x34800000, 0x35400000, 0x38800000)
   the space 12288K,   5% used [0x34800000, 0x348a39d8, 0x348a3a00, 0x35400000)
    ro space 10240K,  42% used [0x38800000, 0x38c37108, 0x38c37200, 0x39200000)
    rw space 12288K,  52% used [0x39200000, 0x39841738, 0x39841800, 0x39e00000)
}
Event: 30.199 GC heap before
{Heap before GC invocations=18 (full 0):
 def new generation   total 4928K, used 4421K [0x24800000, 0x24d50000, 0x29d50000)
  eden space 4416K, 100% used [0x24800000, 0x24c50000, 0x24c50000)
  from space 512K,   1% used [0x24c50000, 0x24c51518, 0x24cd0000)
  to   space 512K,   0% used [0x24cd0000, 0x24cd0000, 0x24d50000)
 tenured generation   total 10944K, used 260K [0x29d50000, 0x2a800000, 0x34800000)
   the space 10944K,   2% used [0x29d50000, 0x29d91228, 0x29d91400, 0x2a800000)
 compacting perm gen  total 12288K, used 654K [0x34800000, 0x35400000, 0x38800000)
   the space 12288K,   5% used [0x34800000, 0x348a39e8, 0x348a3a00, 0x35400000)
    ro space 10240K,  42% used [0x38800000, 0x38c37108, 0x38c37200, 0x39200000)
    rw space 12288K,  52% used [0x39200000, 0x39841738, 0x39841800, 0x39e00000)
Event: 30.199 GC heap after
Heap after GC invocations=19 (full 0):
 def new generation   total 4928K, used 5K [0x24800000, 0x24d50000, 0x29d50000)
  eden space 4416K,   0% used [0x24800000, 0x24800000, 0x24c50000)
  from space 512K,   0% used [0x24cd0000, 0x24cd1450, 0x24d50000)
  to   space 512K,   0% used [0x24c50000, 0x24c50000, 0x24cd0000)
 tenured generation   total 10944K, used 260K [0x29d50000, 0x2a800000, 0x34800000)
   the space 10944K,   2% used [0x29d50000, 0x29d91370, 0x29d91400, 0x2a800000)
 compacting perm gen  total 12288K, used 654K [0x34800000, 0x35400000, 0x38800000)
   the space 12288K,   5% used [0x34800000, 0x348a39e8, 0x348a3a00, 0x35400000)
    ro space 10240K,  42% used [0x38800000, 0x38c37108, 0x38c37200, 0x39200000)
    rw space 12288K,  52% used [0x39200000, 0x39841738, 0x39841800, 0x39e00000)
}

Deoptimization events (0 events):
No events

Internal exceptions (10 events):
Event: 28.762 Thread 0x016fc000 Threw 0x2487ee58 at C:\re\jdk7u80\2329\hotspot\src\share\vm\runtime\sharedRuntime.cpp:591
Event: 28.777 Thread 0x016fc000 Implicit null exception at 0x03012728 to 0x030127c5
Event: 28.777 Thread 0x016fc000 Threw 0x24880078 at C:\re\jdk7u80\2329\hotspot\src\share\vm\runtime\sharedRuntime.cpp:591
Event: 28.778 Thread 0x016fc000 Implicit null exception at 0x03012728 to 0x030127c5
Event: 28.778 Thread 0x016fc000 Threw 0x24881298 at C:\re\jdk7u80\2329\hotspot\src\share\vm\runtime\sharedRuntime.cpp:591
Event: 28.778 Thread 0x016fc000 Implicit null exception at 0x03012728 to 0x030127c5
Event: 28.778 Thread 0x016fc000 Threw 0x248824b8 at C:\re\jdk7u80\2329\hotspot\src\share\vm\runtime\sharedRuntime.cpp:591
Event: 30.199 Thread 0x016fc000 Threw 0x24805908 at C:\re\jdk7u80\2329\hotspot\src\share\vm\prims\jvm.cpp:1319
Event: 30.199 Thread 0x016fc000 Threw 0x248081b8 at C:\re\jdk7u80\2329\hotspot\src\share\vm\prims\jvm.cpp:1319
Event: 30.200 Thread 0x016fc000 Threw 0x2480a228 at C:\re\jdk7u80\2329\hotspot\src\share\vm\prims\jvm.cpp:1319

Events (10 events):
Event: 29.480 Executing VM operation: GenCollectForAllocation
Event: 29.480 Executing VM operation: GenCollectForAllocation done
Event: 30.198 Executing VM operation: GenCollectForAllocation
Event: 30.199 Executing VM operation: GenCollectForAllocation done
Event: 30.199 loading class 0x02f5c980
Event: 30.199 loading class 0x02f5c980 done
Event: 30.199 loading class 0x05554fb8
Event: 30.199 loading class 0x05554fb8 done
Event: 30.200 loading class 0x02f5c5e8
Event: 30.200 loading class 0x02f5c5e8 done


Dynamic libraries:
0x00d10000 - 0x00d3f000 	C:\Program Files (x86)\Java\jre7\bin\javaw.exe
0x76e90000 - 0x7700f000 	C:\WINDOWS\SYSTEM32\ntdll.dll
0x73cb0000 - 0x73d90000 	C:\WINDOWS\System32\KERNEL32.DLL
0x75870000 - 0x75a1e000 	C:\WINDOWS\System32\KERNELBASE.dll
0x73d90000 - 0x73e06000 	C:\WINDOWS\System32\ADVAPI32.dll
0x76590000 - 0x7664d000 	C:\WINDOWS\System32\msvcrt.dll
0x75420000 - 0x75461000 	C:\WINDOWS\System32\sechost.dll
0x76710000 - 0x767cc000 	C:\WINDOWS\System32\RPCRT4.dll
0x73a80000 - 0x73a9e000 	C:\WINDOWS\System32\SspiCli.dll
0x73a70000 - 0x73a7a000 	C:\WINDOWS\System32\CRYPTBASE.dll
0x73ef0000 - 0x73f48000 	C:\WINDOWS\System32\bcryptPrimitives.dll
0x75d50000 - 0x75e9d000 	C:\WINDOWS\System32\USER32.dll
0x76650000 - 0x76666000 	C:\WINDOWS\System32\win32u.dll
0x75300000 - 0x7532a000 	C:\WINDOWS\System32\GDI32.dll
0x75470000 - 0x755c7000 	C:\WINDOWS\System32\gdi32full.dll
0x73420000 - 0x73620000 	C:\WINDOWS\WinSxS\x86_microsoft.windows.common-controls_6595b64144ccf1df_6.0.14946.1000_none_d33ee90ed06d81a5\COMCTL32.dll
0x73aa0000 - 0x73caf000 	C:\WINDOWS\System32\combase.dll
0x75340000 - 0x7541a000 	C:\WINDOWS\System32\ucrtbase.dll
0x755d0000 - 0x755f5000 	C:\WINDOWS\System32\IMM32.DLL
0x77fa0000 - 0x7805f000 	C:\Program Files (x86)\Java\jre7\bin\msvcr100.dll
0x6e6d0000 - 0x6ea5b000 	C:\Program Files (x86)\Java\jre7\bin\client\jvm.dll
0x75780000 - 0x75786000 	C:\WINDOWS\System32\PSAPI.DLL
0x73a10000 - 0x73a18000 	C:\WINDOWS\SYSTEM32\WSOCK32.dll
0x73040000 - 0x73064000 	C:\WINDOWS\SYSTEM32\WINMM.dll
0x75790000 - 0x757f2000 	C:\WINDOWS\System32\WS2_32.dll
0x72ff0000 - 0x73013000 	C:\WINDOWS\SYSTEM32\WINMMBASE.dll
0x76db0000 - 0x76de5000 	C:\WINDOWS\System32\cfgmgr32.dll
0x57f40000 - 0x57f4c000 	C:\Program Files (x86)\Java\jre7\bin\verify.dll
0x57f10000 - 0x57f31000 	C:\Program Files (x86)\Java\jre7\bin\java.dll
0x57ef0000 - 0x57f03000 	C:\Program Files (x86)\Java\jre7\bin\zip.dll
0x0f170000 - 0x0f3f6000 	D:\FangAI\FangAI\bwapi_bridge2_5.dll
0x71a30000 - 0x71b1e000 	C:\WINDOWS\SYSTEM32\MSVCR120.dll
0x71b20000 - 0x71b91000 	C:\WINDOWS\SYSTEM32\MSVCP120.dll
0x6f540000 - 0x6f59e000 	D:\FangAI\FangAI\libmpfr-4.dll
0x6acc0000 - 0x6ad27000 	D:\FangAI\FangAI\libgmp-10.dll
0x6f100000 - 0x6f24b000 	C:\WINDOWS\SYSTEM32\dbghelp.dll

VM Arguments:
jvm_args: -Dfile.encoding=Cp1252 
java_command: FangBot
Launcher Type: SUN_STANDARD

Environment Variables:
PATH=C:/Program Files (x86)/Java/jre1.8.0_111/bin/client;C:/Program Files (x86)/Java/jre1.8.0_111/bin;C:/Program Files (x86)/Java/jre1.8.0_111/lib/i386;C:\ProgramData\Oracle\Java\javapath;C:\Program Files\Haskell\bin;C:\Program Files\Haskell Platform\8.0.1\lib\extralibs\bin;C:\Program Files\Haskell Platform\8.0.1\bin;C:\Windows\system32;C:\Windows;C:\Windows\System32\Wbem;C:\Windows\System32\WindowsPowerShell\v1.0\;C:\Program Files (x86)\NVIDIA Corporation\PhysX\Common;C:\Program Files\Haskell Platform\8.0.1\mingw\bin;C:\Program Files (x86)\Brackets\command;C:\Program Files (x86)\GtkSharp\2.12\bin;C:\WINDOWS\system32;C:\WINDOWS;C:\WINDOWS\System32\Wbem;C:\WINDOWS\System32\WindowsPowerShell\v1.0\;C:\Program Files (x86)\Windows Live\Shared;C:\Program Files (x86)\Windows Kits\8.1\Windows Performance Toolkit\;C:\Program Files (x86)\Skype\Phone\;C:\Users\dkfan\AppData\Roaming\cabal\bin;C:\Users\dkfan\AppData\Roaming\local\bin;C:\Users\dkfan\AppData\Local\Microsoft\WindowsApps;
USERNAME=dkfan
OS=Windows_NT
PROCESSOR_IDENTIFIER=Intel64 Family 6 Model 94 Stepping 3, GenuineIntel



---------------  S Y S T E M  ---------------

OS: Windows 8.1 , 64 bit Build 9600 

CPU:total 8 (4 cores per cpu, 2 threads per core) family 6 model 94 stepping 3, cmov, cx8, fxsr, mmx, sse, sse2, sse3, ssse3, sse4.1, sse4.2, popcnt, avx, avx2, aes, erms, ht, tsc, tscinvbit

Memory: 4k page, physical 16694876k(11093004k free), swap 19185244k(10503620k free)

vm_info: Java HotSpot(TM) Client VM (24.80-b11) for windows-x86 JRE (1.7.0_80-b15), built on Apr 10 2015 13:33:35 by "java_re" with unknown MS VC++:1600

time: Wed Dec 14 17:04:18 2016
elapsed time: 30 seconds

