#
# A fatal error has been detected by the Java Runtime Environment:
#
#  EXCEPTION_ACCESS_VIOLATION (0xc0000005) at pc=0x6e39569b, pid=1232, tid=13700
#
# JRE version: Java(TM) SE Runtime Environment (7.0_80-b15) (build 1.7.0_80-b15)
# Java VM: Java HotSpot(TM) Client VM (24.80-b11 mixed mode, sharing windows-x86 )
# Problematic frame:
# V  [jvm.dll+0xc569b]
#
# Failed to write core dump. Minidumps are not enabled by default on client versions of Windows
#
# If you would like to submit a bug report, please visit:
#   http://bugreport.java.com/bugreport/crash.jsp
#

---------------  T H R E A D  ---------------

Current thread (0x00a2c000):  JavaThread "main" [_thread_in_vm, id=13700, stack(0x00a30000,0x00a80000)]

siginfo: ExceptionCode=0xc0000005, reading address 0x00000000

Registers:
EAX=0x00000000, EBX=0x00a2c130, ECX=0x00000000, EDX=0x00000001
ESP=0x00a7d9ec, EBP=0x00a7da08, ESI=0x00a2c130, EDI=0x00a2c000
EIP=0x6e39569b, EFLAGS=0x00010246

Top of Stack: (sp=0x00a7d9ec)
0x00a7d9ec:   00000000 00a2c000 00a2c130 00a2c000
0x00a7d9fc:   00000000 00a2c000 00a2c000 00a7da58
0x00a7da0c:   0f3c554d 00a2c130 00000000 00a20079
0x00a7da1c:   00a2c000 00a7da58 0f3c551c 00000001
0x00a7da2c:   0000000f 00a70049 00a2c130 fffffffe
0x00a7da3c:   00000dcf 00000001 0000000f 00a2c000
0x00a7da4c:   00a2c000 00a2c000 24cd0b40 00a7da88
0x00a7da5c:   0248dfb8 00a2c130 00a7da74 07015570 

Instructions: (pc=0x6e39569b)
0x6e39567b:   f3 ff 83 c4 08 83 7f 04 00 89 7d f0 c7 45 f4 00
0x6e39568b:   00 00 00 74 08 8d 4d f0 e8 78 aa 0c 00 8b 45 0c
0x6e39569b:   8b 08 8b 51 04 8b 42 40 50 56 e8 a6 e3 07 00 83
0x6e3956ab:   c4 08 83 7d f4 00 89 45 08 74 08 8d 4d f0 e8 92 


Register to memory mapping:

EAX=0x00000000 is an unknown value
EBX=0x00a2c130 is an unknown value
ECX=0x00000000 is an unknown value
EDX=0x00000001 is an unknown value
ESP=0x00a7d9ec is pointing into the stack for thread: 0x00a2c000
EBP=0x00a7da08 is pointing into the stack for thread: 0x00a2c000
ESI=0x00a2c130 is an unknown value
EDI=0x00a2c000 is a thread


Stack: [0x00a30000,0x00a80000],  sp=0x00a7d9ec,  free space=310k
Native frames: (J=compiled Java code, j=interpreted, Vv=VM code, C=native code)
V  [jvm.dll+0xc569b]
C  [bwapi_bridge2_5.dll+0x3554d]
J 151  bwapi.Unit.getDistance_native(JLbwapi/Position;)I (0 bytes) @ 0x0248dfb8 [0x0248df10+0xa8]
j  bwapi.Unit.getDistance(Lbwapi/Position;)I+6
j  Formation.FSM(Lbwapi/Unit;LFormation;LFormation$State;LFangSM;LFangAi;Lbwapi/Game;Ljava/util/HashSet;)V+106
J 89 C1 FangBot.onFrame()V (716 bytes) @ 0x02476aa4 [0x024757f0+0x12b4]
J 125 C1 bwapi.AIModule.onFrame()V (17 bytes) @ 0x02486944 [0x02486910+0x34]
v  ~StubRoutines::call_stub
V  [jvm.dll+0x1429aa]
V  [jvm.dll+0x20743e]
V  [jvm.dll+0x142a2d]
V  [jvm.dll+0xcb7b2]
V  [jvm.dll+0xcf403]
C  [bwapi_bridge2_5.dll+0x1b20d]
C  [bwapi_bridge2_5.dll+0x75101]
j  bwapi.Mirror.startGame()V+0
j  FangBot.run()V+15
j  FangBot.main([Ljava/lang/String;)V+7
v  ~StubRoutines::call_stub
V  [jvm.dll+0x1429aa]
V  [jvm.dll+0x20743e]
V  [jvm.dll+0x142a2d]
V  [jvm.dll+0xcb535]
V  [jvm.dll+0xd61d7]
C  [javaw.exe+0x2070]
C  [javaw.exe+0xa6d1]
C  [javaw.exe+0xa75b]
C  [KERNEL32.DLL+0x16394]
C  [ntdll.dll+0x604bb]
C  [ntdll.dll+0x6048b]

Java frames: (J=compiled Java code, j=interpreted, Vv=VM code)
J 151  bwapi.Unit.getDistance_native(JLbwapi/Position;)I (0 bytes) @ 0x0248df74 [0x0248df10+0x64]
j  bwapi.Unit.getDistance(Lbwapi/Position;)I+6
j  Formation.FSM(Lbwapi/Unit;LFormation;LFormation$State;LFangSM;LFangAi;Lbwapi/Game;Ljava/util/HashSet;)V+106
J 89 C1 FangBot.onFrame()V (716 bytes) @ 0x02476aa4 [0x024757f0+0x12b4]
J 125 C1 bwapi.AIModule.onFrame()V (17 bytes) @ 0x02486944 [0x02486910+0x34]
v  ~StubRoutines::call_stub
j  bwapi.Mirror.startGame()V+0
j  FangBot.run()V+15
j  FangBot.main([Ljava/lang/String;)V+7
v  ~StubRoutines::call_stub

---------------  P R O C E S S  ---------------

Java Threads: ( => current thread )
  0x02364400 JavaThread "Service Thread" daemon [_thread_blocked, id=2344, stack(0x048a0000,0x048f0000)]
  0x02363000 JavaThread "C1 CompilerThread0" daemon [_thread_blocked, id=11372, stack(0x04810000,0x04860000)]
  0x02360400 JavaThread "Attach Listener" daemon [_thread_blocked, id=7548, stack(0x04780000,0x047d0000)]
  0x0235e000 JavaThread "Signal Dispatcher" daemon [_thread_blocked, id=10256, stack(0x046f0000,0x04740000)]
  0x022f0800 JavaThread "Finalizer" daemon [_thread_blocked, id=7984, stack(0x04660000,0x046b0000)]
  0x022ef000 JavaThread "Reference Handler" daemon [_thread_blocked, id=1976, stack(0x045d0000,0x04620000)]
=>0x00a2c000 JavaThread "main" [_thread_in_vm, id=13700, stack(0x00a30000,0x00a80000)]

Other Threads:
  0x022edc00 VMThread [stack: 0x04540000,0x04590000] [id=15664]
  0x02378400 WatcherThread [stack: 0x04930000,0x04980000] [id=7120]

VM state:not at safepoint (normal execution)

VM Mutex/Monitor currently owned by a thread: None

Heap
 def new generation   total 4928K, used 742K [0x24800000, 0x24d50000, 0x29d50000)
  eden space 4416K,  16% used [0x24800000, 0x248b8508, 0x24c50000)
  from space 512K,   0% used [0x24cd0000, 0x24cd1310, 0x24d50000)
  to   space 512K,   0% used [0x24c50000, 0x24c50000, 0x24cd0000)
 tenured generation   total 10944K, used 260K [0x29d50000, 0x2a800000, 0x34800000)
   the space 10944K,   2% used [0x29d50000, 0x29d91148, 0x29d91200, 0x2a800000)
 compacting perm gen  total 12288K, used 660K [0x34800000, 0x35400000, 0x38800000)
   the space 12288K,   5% used [0x34800000, 0x348a50d8, 0x348a5200, 0x35400000)
    ro space 10240K,  42% used [0x38800000, 0x38c37108, 0x38c37200, 0x39200000)
    rw space 12288K,  52% used [0x39200000, 0x39841738, 0x39841800, 0x39e00000)

Card table byte_map: [0x043d0000,0x04480000] byte_map_base: 0x042ac000

Polling page: 0x009c0000

Code Cache  [0x023d0000, 0x02490000, 0x043d0000)
 total_blobs=299 nmethods=161 adapters=75 free_code_cache=32001Kb largest_free_block=32769216

Compilation events (10 events):
Event: 23.588 Thread 0x02363000  153             bwta.BaseLocation::getPosition (9 bytes)
Event: 23.588 Thread 0x02363000 nmethod 153 0x0248e5c8 code [0x0248e6c0, 0x0248e75c]
Event: 26.635 Thread 0x02363000  156  s          java.lang.Throwable::fillInStackTrace (29 bytes)
Event: 26.635 Thread 0x02363000 nmethod 156 0x0248ed48 code [0x0248ee50, 0x0248f05c]
Event: 28.260 Thread 0x02363000  158             java.util.ArrayList::indexOf (67 bytes)
Event: 28.260 Thread 0x02363000 nmethod 158 0x0248f108 code [0x0248f220, 0x0248f38c]
Event: 28.448 Thread 0x02363000  160             java.lang.Object::equals (11 bytes)
Event: 28.448 Thread 0x02363000 nmethod 160 0x0248f788 code [0x0248f880, 0x0248f910]
Event: 29.229 Thread 0x02363000  161             bwapi.Unit::isCompleted (9 bytes)
Event: 29.229 Thread 0x02363000 nmethod 161 0x0248f948 code [0x0248fa40, 0x0248fadc]

GC Heap History (10 events):
Event: 24.872 GC heap before
{Heap before GC invocations=12 (full 0):
 def new generation   total 4928K, used 4420K [0x24800000, 0x24d50000, 0x29d50000)
  eden space 4416K, 100% used [0x24800000, 0x24c50000, 0x24c50000)
  from space 512K,   0% used [0x24c50000, 0x24c51228, 0x24cd0000)
  to   space 512K,   0% used [0x24cd0000, 0x24cd0000, 0x24d50000)
 tenured generation   total 10944K, used 260K [0x29d50000, 0x2a800000, 0x34800000)
   the space 10944K,   2% used [0x29d50000, 0x29d91050, 0x29d91200, 0x2a800000)
 compacting perm gen  total 12288K, used 643K [0x34800000, 0x35400000, 0x38800000)
   the space 12288K,   5% used [0x34800000, 0x348a0e90, 0x348a1000, 0x35400000)
    ro space 10240K,  42% used [0x38800000, 0x38c37108, 0x38c37200, 0x39200000)
    rw space 12288K,  52% used [0x39200000, 0x39841738, 0x39841800, 0x39e00000)
Event: 24.872 GC heap after
Heap after GC invocations=13 (full 0):
 def new generation   total 4928K, used 3K [0x24800000, 0x24d50000, 0x29d50000)
  eden space 4416K,   0% used [0x24800000, 0x24800000, 0x24c50000)
  from space 512K,   0% used [0x24cd0000, 0x24cd0f98, 0x24d50000)
  to   space 512K,   0% used [0x24c50000, 0x24c50000, 0x24cd0000)
 tenured generation   total 10944K, used 260K [0x29d50000, 0x2a800000, 0x34800000)
   the space 10944K,   2% used [0x29d50000, 0x29d91050, 0x29d91200, 0x2a800000)
 compacting perm gen  total 12288K, used 643K [0x34800000, 0x35400000, 0x38800000)
   the space 12288K,   5% used [0x34800000, 0x348a0e90, 0x348a1000, 0x35400000)
    ro space 10240K,  42% used [0x38800000, 0x38c37108, 0x38c37200, 0x39200000)
    rw space 12288K,  52% used [0x39200000, 0x39841738, 0x39841800, 0x39e00000)
}
Event: 25.777 GC heap before
{Heap before GC invocations=13 (full 0):
 def new generation   total 4928K, used 4419K [0x24800000, 0x24d50000, 0x29d50000)
  eden space 4416K, 100% used [0x24800000, 0x24c50000, 0x24c50000)
  from space 512K,   0% used [0x24cd0000, 0x24cd0f98, 0x24d50000)
  to   space 512K,   0% used [0x24c50000, 0x24c50000, 0x24cd0000)
 tenured generation   total 10944K, used 260K [0x29d50000, 0x2a800000, 0x34800000)
   the space 10944K,   2% used [0x29d50000, 0x29d91050, 0x29d91200, 0x2a800000)
 compacting perm gen  total 12288K, used 643K [0x34800000, 0x35400000, 0x38800000)
   the space 12288K,   5% used [0x34800000, 0x348a0e90, 0x348a1000, 0x35400000)
    ro space 10240K,  42% used [0x38800000, 0x38c37108, 0x38c37200, 0x39200000)
    rw space 12288K,  52% used [0x39200000, 0x39841738, 0x39841800, 0x39e00000)
Event: 25.778 GC heap after
Heap after GC invocations=14 (full 0):
 def new generation   total 4928K, used 4K [0x24800000, 0x24d50000, 0x29d50000)
  eden space 4416K,   0% used [0x24800000, 0x24800000, 0x24c50000)
  from space 512K,   0% used [0x24c50000, 0x24c510f8, 0x24cd0000)
  to   space 512K,   0% used [0x24cd0000, 0x24cd0000, 0x24d50000)
 tenured generation   total 10944K, used 260K [0x29d50000, 0x2a800000, 0x34800000)
   the space 10944K,   2% used [0x29d50000, 0x29d91050, 0x29d91200, 0x2a800000)
 compacting perm gen  total 12288K, used 643K [0x34800000, 0x35400000, 0x38800000)
   the space 12288K,   5% used [0x34800000, 0x348a0e90, 0x348a1000, 0x35400000)
    ro space 10240K,  42% used [0x38800000, 0x38c37108, 0x38c37200, 0x39200000)
    rw space 12288K,  52% used [0x39200000, 0x39841738, 0x39841800, 0x39e00000)
}
Event: 27.354 GC heap before
{Heap before GC invocations=14 (full 0):
 def new generation   total 4928K, used 4420K [0x24800000, 0x24d50000, 0x29d50000)
  eden space 4416K, 100% used [0x24800000, 0x24c50000, 0x24c50000)
  from space 512K,   0% used [0x24c50000, 0x24c510f8, 0x24cd0000)
  to   space 512K,   0% used [0x24cd0000, 0x24cd0000, 0x24d50000)
 tenured generation   total 10944K, used 260K [0x29d50000, 0x2a800000, 0x34800000)
   the space 10944K,   2% used [0x29d50000, 0x29d91050, 0x29d91200, 0x2a800000)
 compacting perm gen  total 12288K, used 643K [0x34800000, 0x35400000, 0x38800000)
   the space 12288K,   5% used [0x34800000, 0x348a0e90, 0x348a1000, 0x35400000)
    ro space 10240K,  42% used [0x38800000, 0x38c37108, 0x38c37200, 0x39200000)
    rw space 12288K,  52% used [0x39200000, 0x39841738, 0x39841800, 0x39e00000)
Event: 27.354 GC heap after
Heap after GC invocations=15 (full 0):
 def new generation   total 4928K, used 4K [0x24800000, 0x24d50000, 0x29d50000)
  eden space 4416K,   0% used [0x24800000, 0x24800000, 0x24c50000)
  from space 512K,   0% used [0x24cd0000, 0x24cd1250, 0x24d50000)
  to   space 512K,   0% used [0x24c50000, 0x24c50000, 0x24cd0000)
 tenured generation   total 10944K, used 260K [0x29d50000, 0x2a800000, 0x34800000)
   the space 10944K,   2% used [0x29d50000, 0x29d91050, 0x29d91200, 0x2a800000)
 compacting perm gen  total 12288K, used 643K [0x34800000, 0x35400000, 0x38800000)
   the space 12288K,   5% used [0x34800000, 0x348a0e90, 0x348a1000, 0x35400000)
    ro space 10240K,  42% used [0x38800000, 0x38c37108, 0x38c37200, 0x39200000)
    rw space 12288K,  52% used [0x39200000, 0x39841738, 0x39841800, 0x39e00000)
}
Event: 28.451 GC heap before
{Heap before GC invocations=15 (full 0):
 def new generation   total 4928K, used 4420K [0x24800000, 0x24d50000, 0x29d50000)
  eden space 4416K, 100% used [0x24800000, 0x24c50000, 0x24c50000)
  from space 512K,   0% used [0x24cd0000, 0x24cd1250, 0x24d50000)
  to   space 512K,   0% used [0x24c50000, 0x24c50000, 0x24cd0000)
 tenured generation   total 10944K, used 260K [0x29d50000, 0x2a800000, 0x34800000)
   the space 10944K,   2% used [0x29d50000, 0x29d91050, 0x29d91200, 0x2a800000)
 compacting perm gen  total 12288K, used 654K [0x34800000, 0x35400000, 0x38800000)
   the space 12288K,   5% used [0x34800000, 0x348a39d0, 0x348a3a00, 0x35400000)
    ro space 10240K,  42% used [0x38800000, 0x38c37108, 0x38c37200, 0x39200000)
    rw space 12288K,  52% used [0x39200000, 0x39841738, 0x39841800, 0x39e00000)
Event: 28.451 GC heap after
Heap after GC invocations=16 (full 0):
 def new generation   total 4928K, used 10K [0x24800000, 0x24d50000, 0x29d50000)
  eden space 4416K,   0% used [0x24800000, 0x24800000, 0x24c50000)
  from space 512K,   2% used [0x24c50000, 0x24c52a30, 0x24cd0000)
  to   space 512K,   0% used [0x24cd0000, 0x24cd0000, 0x24d50000)
 tenured generation   total 10944K, used 260K [0x29d50000, 0x2a800000, 0x34800000)
   the space 10944K,   2% used [0x29d50000, 0x29d91050, 0x29d91200, 0x2a800000)
 compacting perm gen  total 12288K, used 654K [0x34800000, 0x35400000, 0x38800000)
   the space 12288K,   5% used [0x34800000, 0x348a39d0, 0x348a3a00, 0x35400000)
    ro space 10240K,  42% used [0x38800000, 0x38c37108, 0x38c37200, 0x39200000)
    rw space 12288K,  52% used [0x39200000, 0x39841738, 0x39841800, 0x39e00000)
}
Event: 29.166 GC heap before
{Heap before GC invocations=16 (full 0):
 def new generation   total 4928K, used 4426K [0x24800000, 0x24d50000, 0x29d50000)
  eden space 4416K, 100% used [0x24800000, 0x24c50000, 0x24c50000)
  from space 512K,   2% used [0x24c50000, 0x24c52a30, 0x24cd0000)
  to   space 512K,   0% used [0x24cd0000, 0x24cd0000, 0x24d50000)
 tenured generation   total 10944K, used 260K [0x29d50000, 0x2a800000, 0x34800000)
   the space 10944K,   2% used [0x29d50000, 0x29d91050, 0x29d91200, 0x2a800000)
 compacting perm gen  total 12288K, used 654K [0x34800000, 0x35400000, 0x38800000)
   the space 12288K,   5% used [0x34800000, 0x348a39d0, 0x348a3a00, 0x35400000)
    ro space 10240K,  42% used [0x38800000, 0x38c37108, 0x38c37200, 0x39200000)
    rw space 12288K,  52% used [0x39200000, 0x39841738, 0x39841800, 0x39e00000)
Event: 29.166 GC heap after
Heap after GC invocations=17 (full 0):
 def new generation   total 4928K, used 4K [0x24800000, 0x24d50000, 0x29d50000)
  eden space 4416K,   0% used [0x24800000, 0x24800000, 0x24c50000)
  from space 512K,   0% used [0x24cd0000, 0x24cd1310, 0x24d50000)
  to   space 512K,   0% used [0x24c50000, 0x24c50000, 0x24cd0000)
 tenured generation   total 10944K, used 260K [0x29d50000, 0x2a800000, 0x34800000)
   the space 10944K,   2% used [0x29d50000, 0x29d91148, 0x29d91200, 0x2a800000)
 compacting perm gen  total 12288K, used 654K [0x34800000, 0x35400000, 0x38800000)
   the space 12288K,   5% used [0x34800000, 0x348a39d0, 0x348a3a00, 0x35400000)
    ro space 10240K,  42% used [0x38800000, 0x38c37108, 0x38c37200, 0x39200000)
    rw space 12288K,  52% used [0x39200000, 0x39841738, 0x39841800, 0x39e00000)
}

Deoptimization events (0 events):
No events

Internal exceptions (10 events):
Event: 28.041 Thread 0x00a2c000 Implicit null exception at 0x02472728 to 0x024727c5
Event: 28.041 Thread 0x00a2c000 Threw 0x249d8cf8 at C:\re\jdk7u80\2329\hotspot\src\share\vm\runtime\sharedRuntime.cpp:591
Event: 28.042 Thread 0x00a2c000 Implicit null exception at 0x02472728 to 0x024727c5
Event: 28.042 Thread 0x00a2c000 Threw 0x249d9b38 at C:\re\jdk7u80\2329\hotspot\src\share\vm\runtime\sharedRuntime.cpp:591
Event: 28.057 Thread 0x00a2c000 Implicit null exception at 0x02472728 to 0x024727c5
Event: 28.057 Thread 0x00a2c000 Threw 0x249da978 at C:\re\jdk7u80\2329\hotspot\src\share\vm\runtime\sharedRuntime.cpp:591
Event: 28.214 Thread 0x00a2c000 Threw 0x24ac9f70 at C:\re\jdk7u80\2329\hotspot\src\share\vm\prims\jvm.cpp:1319
Event: 29.168 Thread 0x00a2c000 Threw 0x24810110 at C:\re\jdk7u80\2329\hotspot\src\share\vm\prims\jvm.cpp:1319
Event: 29.168 Thread 0x00a2c000 Threw 0x248129c0 at C:\re\jdk7u80\2329\hotspot\src\share\vm\prims\jvm.cpp:1319
Event: 29.169 Thread 0x00a2c000 Threw 0x24814a20 at C:\re\jdk7u80\2329\hotspot\src\share\vm\prims\jvm.cpp:1319

Events (10 events):
Event: 28.451 Executing VM operation: RevokeBias
Event: 28.451 Executing VM operation: RevokeBias done
Event: 29.166 Executing VM operation: GenCollectForAllocation
Event: 29.166 Executing VM operation: GenCollectForAllocation done
Event: 29.168 loading class 0x023b9760
Event: 29.168 loading class 0x023b9760 done
Event: 29.168 loading class 0x04997118
Event: 29.168 loading class 0x04997118 done
Event: 29.169 loading class 0x023b9288
Event: 29.169 loading class 0x023b9288 done


Dynamic libraries:
0x00d10000 - 0x00d3f000 	C:\Program Files (x86)\Java\jre7\bin\javaw.exe
0x76e90000 - 0x7700f000 	C:\WINDOWS\SYSTEM32\ntdll.dll
0x73cb0000 - 0x73d90000 	C:\WINDOWS\System32\KERNEL32.DLL
0x75870000 - 0x75a1e000 	C:\WINDOWS\System32\KERNELBASE.dll
0x73d90000 - 0x73e06000 	C:\WINDOWS\System32\ADVAPI32.dll
0x76590000 - 0x7664d000 	C:\WINDOWS\System32\msvcrt.dll
0x75420000 - 0x75461000 	C:\WINDOWS\System32\sechost.dll
0x76710000 - 0x767cc000 	C:\WINDOWS\System32\RPCRT4.dll
0x73a80000 - 0x73a9e000 	C:\WINDOWS\System32\SspiCli.dll
0x73a70000 - 0x73a7a000 	C:\WINDOWS\System32\CRYPTBASE.dll
0x73ef0000 - 0x73f48000 	C:\WINDOWS\System32\bcryptPrimitives.dll
0x75d50000 - 0x75e9d000 	C:\WINDOWS\System32\USER32.dll
0x76650000 - 0x76666000 	C:\WINDOWS\System32\win32u.dll
0x75300000 - 0x7532a000 	C:\WINDOWS\System32\GDI32.dll
0x75470000 - 0x755c7000 	C:\WINDOWS\System32\gdi32full.dll
0x73420000 - 0x73620000 	C:\WINDOWS\WinSxS\x86_microsoft.windows.common-controls_6595b64144ccf1df_6.0.14946.1000_none_d33ee90ed06d81a5\COMCTL32.dll
0x73aa0000 - 0x73caf000 	C:\WINDOWS\System32\combase.dll
0x75340000 - 0x7541a000 	C:\WINDOWS\System32\ucrtbase.dll
0x755d0000 - 0x755f5000 	C:\WINDOWS\System32\IMM32.DLL
0x780c0000 - 0x7817f000 	C:\Program Files (x86)\Java\jre7\bin\msvcr100.dll
0x6e2d0000 - 0x6e65b000 	C:\Program Files (x86)\Java\jre7\bin\client\jvm.dll
0x75780000 - 0x75786000 	C:\WINDOWS\System32\PSAPI.DLL
0x73040000 - 0x73064000 	C:\WINDOWS\SYSTEM32\WINMM.dll
0x73a10000 - 0x73a18000 	C:\WINDOWS\SYSTEM32\WSOCK32.dll
0x75790000 - 0x757f2000 	C:\WINDOWS\System32\WS2_32.dll
0x72ff0000 - 0x73013000 	C:\WINDOWS\SYSTEM32\WINMMBASE.dll
0x76db0000 - 0x76de5000 	C:\WINDOWS\System32\cfgmgr32.dll
0x57f40000 - 0x57f4c000 	C:\Program Files (x86)\Java\jre7\bin\verify.dll
0x57f10000 - 0x57f31000 	C:\Program Files (x86)\Java\jre7\bin\java.dll
0x57ef0000 - 0x57f03000 	C:\Program Files (x86)\Java\jre7\bin\zip.dll
0x0f390000 - 0x0f616000 	D:\FangAI\FangAI\bwapi_bridge2_5.dll
0x71b20000 - 0x71b91000 	C:\WINDOWS\SYSTEM32\MSVCP120.dll
0x71a30000 - 0x71b1e000 	C:\WINDOWS\SYSTEM32\MSVCR120.dll
0x6f540000 - 0x6f59e000 	D:\FangAI\FangAI\libmpfr-4.dll
0x6acc0000 - 0x6ad27000 	D:\FangAI\FangAI\libgmp-10.dll
0x6f100000 - 0x6f24b000 	C:\WINDOWS\SYSTEM32\dbghelp.dll

VM Arguments:
jvm_args: -Dfile.encoding=Cp1252 
java_command: FangBot
Launcher Type: SUN_STANDARD

Environment Variables:
PATH=C:/Program Files (x86)/Java/jre1.8.0_111/bin/client;C:/Program Files (x86)/Java/jre1.8.0_111/bin;C:/Program Files (x86)/Java/jre1.8.0_111/lib/i386;C:\ProgramData\Oracle\Java\javapath;C:\Program Files\Haskell\bin;C:\Program Files\Haskell Platform\8.0.1\lib\extralibs\bin;C:\Program Files\Haskell Platform\8.0.1\bin;C:\Windows\system32;C:\Windows;C:\Windows\System32\Wbem;C:\Windows\System32\WindowsPowerShell\v1.0\;C:\Program Files (x86)\NVIDIA Corporation\PhysX\Common;C:\Program Files\Haskell Platform\8.0.1\mingw\bin;C:\Program Files (x86)\Brackets\command;C:\Program Files (x86)\GtkSharp\2.12\bin;C:\WINDOWS\system32;C:\WINDOWS;C:\WINDOWS\System32\Wbem;C:\WINDOWS\System32\WindowsPowerShell\v1.0\;C:\Program Files (x86)\Windows Live\Shared;C:\Program Files (x86)\Windows Kits\8.1\Windows Performance Toolkit\;C:\Program Files (x86)\Skype\Phone\;C:\Users\dkfan\AppData\Roaming\cabal\bin;C:\Users\dkfan\AppData\Roaming\local\bin;C:\Users\dkfan\AppData\Local\Microsoft\WindowsApps;
USERNAME=dkfan
OS=Windows_NT
PROCESSOR_IDENTIFIER=Intel64 Family 6 Model 94 Stepping 3, GenuineIntel



---------------  S Y S T E M  ---------------

OS: Windows 8.1 , 64 bit Build 9600 

CPU:total 8 (4 cores per cpu, 2 threads per core) family 6 model 94 stepping 3, cmov, cx8, fxsr, mmx, sse, sse2, sse3, ssse3, sse4.1, sse4.2, popcnt, avx, avx2, aes, erms, ht, tsc, tscinvbit

Memory: 4k page, physical 16694876k(11098272k free), swap 19185244k(10527832k free)

vm_info: Java HotSpot(TM) Client VM (24.80-b11) for windows-x86 JRE (1.7.0_80-b15), built on Apr 10 2015 13:33:35 by "java_re" with unknown MS VC++:1600

time: Wed Dec 14 17:11:26 2016
elapsed time: 29 seconds

