#
# A fatal error has been detected by the Java Runtime Environment:
#
#  EXCEPTION_ACCESS_VIOLATION (0xc0000005) at pc=0x6dc7569b, pid=13132, tid=4240
#
# JRE version: Java(TM) SE Runtime Environment (7.0_80-b15) (build 1.7.0_80-b15)
# Java VM: Java HotSpot(TM) Client VM (24.80-b11 mixed mode, sharing windows-x86 )
# Problematic frame:
# V  [jvm.dll+0xc569b]
#
# Failed to write core dump. Minidumps are not enabled by default on client versions of Windows
#
# If you would like to submit a bug report, please visit:
#   http://bugreport.java.com/bugreport/crash.jsp
#

---------------  T H R E A D  ---------------

Current thread (0x00c4c000):  JavaThread "main" [_thread_in_vm, id=4240, stack(0x00c50000,0x00ca0000)]

siginfo: ExceptionCode=0xc0000005, reading address 0x00000000

Registers:
EAX=0x00000000, EBX=0x04bc2618, ECX=0x00000000, EDX=0x00000007
ESP=0x00c9dde4, EBP=0x00c9de00, ESI=0x00c4c130, EDI=0x00c4c000
EIP=0x6dc7569b, EFLAGS=0x00010246

Top of Stack: (sp=0x00c9dde4)
0x00c9dde4:   00c9def8 00000000 04bc2618 00c4c000
0x00c9ddf4:   00000000 00000000 04bc2618 00c9de84
0x00c9de04:   0fc6c65a 00c4c130 00000000 6e696f70
0x00c9de14:   00726574 00c9de84 0fc6c61e 00000007
0x00c9de24:   0000000f 624c004a 69706177 696e552f
0x00c9de34:   00003b74 00000001 0000000f 0082d083
0x00c9de44:   00c4c000 0763dc84 00c4c000 00c4c000
0x00c9de54:   0fc99212 00c4c130 008889f0 00c9de28 

Instructions: (pc=0x6dc7569b)
0x6dc7567b:   f3 ff 83 c4 08 83 7f 04 00 89 7d f0 c7 45 f4 00
0x6dc7568b:   00 00 00 74 08 8d 4d f0 e8 78 aa 0c 00 8b 45 0c
0x6dc7569b:   8b 08 8b 51 04 8b 42 40 50 56 e8 a6 e3 07 00 83
0x6dc756ab:   c4 08 83 7d f4 00 89 45 08 74 08 8d 4d f0 e8 92 


Register to memory mapping:

EAX=0x00000000 is an unknown value
EBX=0x04bc2618 is a global jni handle
ECX=0x00000000 is an unknown value
EDX=0x00000007 is an unknown value
ESP=0x00c9dde4 is pointing into the stack for thread: 0x00c4c000
EBP=0x00c9de00 is pointing into the stack for thread: 0x00c4c000
ESI=0x00c4c130 is an unknown value
EDI=0x00c4c000 is a thread


Stack: [0x00c50000,0x00ca0000],  sp=0x00c9dde4,  free space=311k
Native frames: (J=compiled Java code, j=interpreted, Vv=VM code, C=native code)
V  [jvm.dll+0xc569b]
C  [bwapi_bridge2_5.dll+0x1c65a]
C  [bwapi_bridge2_5.dll+0x387be]
J 170  bwapi.Unit.issueCommand_native(JLbwapi/UnitCommand;)Z (0 bytes) @ 0x026d1b78 [0x026d1ad0+0xa8]
J 204 C1 FangSM.Kite(Lbwapi/Unit;Lbwapi/Unit;)V (163 bytes) @ 0x026db1f4 [0x026daef0+0x304]
J 203 C1 FangSM.Action(Lbwapi/Unit;Lbwapi/Game;LFangSM$Role;Lbwapi/Unit;)Z (75 bytes) @ 0x026da80c [0x026da750+0xbc]
J 180 C1 Formation.FSM(Lbwapi/Unit;LFormation;LFormation$State;LFangSM;LFangAi;Lbwapi/Game;Ljava/util/HashSet;)V (522 bytes) @ 0x026d4118 [0x026d3a20+0x6f8]
J 88 C1 FangBot.onFrame()V (716 bytes) @ 0x026b68e4 [0x026b5630+0x12b4]
J 122 C1 bwapi.AIModule.onFrame()V (17 bytes) @ 0x026c6304 [0x026c62d0+0x34]
v  ~StubRoutines::call_stub
V  [jvm.dll+0x1429aa]
V  [jvm.dll+0x20743e]
V  [jvm.dll+0x142a2d]
V  [jvm.dll+0xcb7b2]
V  [jvm.dll+0xcf403]
C  [bwapi_bridge2_5.dll+0x1b20d]
C  [bwapi_bridge2_5.dll+0x75101]
j  bwapi.Mirror.startGame()V+0
j  FangBot.run()V+15
j  FangBot.main([Ljava/lang/String;)V+7
v  ~StubRoutines::call_stub
V  [jvm.dll+0x1429aa]
V  [jvm.dll+0x20743e]
V  [jvm.dll+0x142a2d]
V  [jvm.dll+0xcb535]
V  [jvm.dll+0xd61d7]
C  [javaw.exe+0x2070]
C  [javaw.exe+0xa6d1]
C  [javaw.exe+0xa75b]
C  [KERNEL32.DLL+0x16394]
C  [ntdll.dll+0x604bb]
C  [ntdll.dll+0x6048b]

Java frames: (J=compiled Java code, j=interpreted, Vv=VM code)
J 170  bwapi.Unit.issueCommand_native(JLbwapi/UnitCommand;)Z (0 bytes) @ 0x026d1b34 [0x026d1ad0+0x64]
J 204 C1 FangSM.Kite(Lbwapi/Unit;Lbwapi/Unit;)V (163 bytes) @ 0x026db1f4 [0x026daef0+0x304]
J 203 C1 FangSM.Action(Lbwapi/Unit;Lbwapi/Game;LFangSM$Role;Lbwapi/Unit;)Z (75 bytes) @ 0x026da80c [0x026da750+0xbc]
J 180 C1 Formation.FSM(Lbwapi/Unit;LFormation;LFormation$State;LFangSM;LFangAi;Lbwapi/Game;Ljava/util/HashSet;)V (522 bytes) @ 0x026d4118 [0x026d3a20+0x6f8]
J 88 C1 FangBot.onFrame()V (716 bytes) @ 0x026b68e4 [0x026b5630+0x12b4]
J 122 C1 bwapi.AIModule.onFrame()V (17 bytes) @ 0x026c6304 [0x026c62d0+0x34]
v  ~StubRoutines::call_stub
j  bwapi.Mirror.startGame()V+0
j  FangBot.run()V+15
j  FangBot.main([Ljava/lang/String;)V+7
v  ~StubRoutines::call_stub

---------------  P R O C E S S  ---------------

Java Threads: ( => current thread )
  0x0256d000 JavaThread "Service Thread" daemon [_thread_blocked, id=11340, stack(0x04ae0000,0x04b30000)]
  0x02562800 JavaThread "C1 CompilerThread0" daemon [_thread_blocked, id=10296, stack(0x04a50000,0x04aa0000)]
  0x02560000 JavaThread "Attach Listener" daemon [_thread_blocked, id=4552, stack(0x049c0000,0x04a10000)]
  0x0255f000 JavaThread "Signal Dispatcher" daemon [_thread_blocked, id=7056, stack(0x04930000,0x04980000)]
  0x024f0800 JavaThread "Finalizer" daemon [_thread_blocked, id=2016, stack(0x048a0000,0x048f0000)]
  0x024ef000 JavaThread "Reference Handler" daemon [_thread_blocked, id=10428, stack(0x04810000,0x04860000)]
=>0x00c4c000 JavaThread "main" [_thread_in_vm, id=4240, stack(0x00c50000,0x00ca0000)]

Other Threads:
  0x024edc00 VMThread [stack: 0x04780000,0x047d0000] [id=3932]
  0x0257ec00 WatcherThread [stack: 0x04b70000,0x04bc0000] [id=17340]

VM state:not at safepoint (normal execution)

VM Mutex/Monitor currently owned by a thread: None

Heap
 def new generation   total 4928K, used 1954K [0x24800000, 0x24d50000, 0x29d50000)
  eden space 4416K,  43% used [0x24800000, 0x249e4e30, 0x24c50000)
  from space 512K,   2% used [0x24c50000, 0x24c53b10, 0x24cd0000)
  to   space 512K,   0% used [0x24cd0000, 0x24cd0000, 0x24d50000)
 tenured generation   total 10944K, used 417K [0x29d50000, 0x2a800000, 0x34800000)
   the space 10944K,   3% used [0x29d50000, 0x29db84d0, 0x29db8600, 0x2a800000)
 compacting perm gen  total 12288K, used 656K [0x34800000, 0x35400000, 0x38800000)
   the space 12288K,   5% used [0x34800000, 0x348a4120, 0x348a4200, 0x35400000)
    ro space 10240K,  42% used [0x38800000, 0x38c37108, 0x38c37200, 0x39200000)
    rw space 12288K,  52% used [0x39200000, 0x39841738, 0x39841800, 0x39e00000)

Card table byte_map: [0x04690000,0x04740000] byte_map_base: 0x0456c000

Polling page: 0x00c30000

Code Cache  [0x02610000, 0x026e8000, 0x04610000)
 total_blobs=369 nmethods=231 adapters=75 free_code_cache=31930Kb largest_free_block=32696576

Compilation events (10 events):
Event: 88.863 Thread 0x02562800  223             java.util.HashMap::createEntry (39 bytes)
Event: 88.863 Thread 0x02562800 nmethod 223 0x026dfe88 code [0x026dff90, 0x026e0150]
Event: 116.126 Thread 0x02562800  227             bwapi.Position::equals (49 bytes)
Event: 116.126 Thread 0x02562800 nmethod 227 0x026e0a88 code [0x026e0b90, 0x026e0cd0]
Event: 116.376 Thread 0x02562800  229             java.lang.StrictMath::floor (12 bytes)
Event: 116.376 Thread 0x02562800 nmethod 229 0x026e1008 code [0x026e1120, 0x026e11cc]
Event: 116.376 Thread 0x02562800  230             java.lang.StrictMath::floorOrCeil (128 bytes)
Event: 116.376 Thread 0x02562800 nmethod 230 0x026e1248 code [0x026e1340, 0x026e1500]
Event: 119.371 Thread 0x02562800  231             java.util.HashMap$Entry::recordRemoval (1 bytes)
Event: 119.371 Thread 0x02562800 nmethod 231 0x026e1548 code [0x026e1640, 0x026e16c0]

GC Heap History (10 events):
Event: 124.981 GC heap before
{Heap before GC invocations=517 (full 0):
 def new generation   total 4928K, used 4421K [0x24800000, 0x24d50000, 0x29d50000)
  eden space 4416K, 100% used [0x24800000, 0x24c50000, 0x24c50000)
  from space 512K,   1% used [0x24cd0000, 0x24cd1768, 0x24d50000)
  to   space 512K,   0% used [0x24c50000, 0x24c50000, 0x24cd0000)
 tenured generation   total 10944K, used 417K [0x29d50000, 0x2a800000, 0x34800000)
   the space 10944K,   3% used [0x29d50000, 0x29db8428, 0x29db8600, 0x2a800000)
 compacting perm gen  total 12288K, used 656K [0x34800000, 0x35400000, 0x38800000)
   the space 12288K,   5% used [0x34800000, 0x348a4120, 0x348a4200, 0x35400000)
    ro space 10240K,  42% used [0x38800000, 0x38c37108, 0x38c37200, 0x39200000)
    rw space 12288K,  52% used [0x39200000, 0x39841738, 0x39841800, 0x39e00000)
Event: 124.982 GC heap after
Heap after GC invocations=518 (full 0):
 def new generation   total 4928K, used 8K [0x24800000, 0x24d50000, 0x29d50000)
  eden space 4416K,   0% used [0x24800000, 0x24800000, 0x24c50000)
  from space 512K,   1% used [0x24c50000, 0x24c523a8, 0x24cd0000)
  to   space 512K,   0% used [0x24cd0000, 0x24cd0000, 0x24d50000)
 tenured generation   total 10944K, used 417K [0x29d50000, 0x2a800000, 0x34800000)
   the space 10944K,   3% used [0x29d50000, 0x29db8460, 0x29db8600, 0x2a800000)
 compacting perm gen  total 12288K, used 656K [0x34800000, 0x35400000, 0x38800000)
   the space 12288K,   5% used [0x34800000, 0x348a4120, 0x348a4200, 0x35400000)
    ro space 10240K,  42% used [0x38800000, 0x38c37108, 0x38c37200, 0x39200000)
    rw space 12288K,  52% used [0x39200000, 0x39841738, 0x39841800, 0x39e00000)
}
Event: 125.103 GC heap before
{Heap before GC invocations=518 (full 0):
 def new generation   total 4928K, used 4424K [0x24800000, 0x24d50000, 0x29d50000)
  eden space 4416K, 100% used [0x24800000, 0x24c50000, 0x24c50000)
  from space 512K,   1% used [0x24c50000, 0x24c523a8, 0x24cd0000)
  to   space 512K,   0% used [0x24cd0000, 0x24cd0000, 0x24d50000)
 tenured generation   total 10944K, used 417K [0x29d50000, 0x2a800000, 0x34800000)
   the space 10944K,   3% used [0x29d50000, 0x29db8460, 0x29db8600, 0x2a800000)
 compacting perm gen  total 12288K, used 656K [0x34800000, 0x35400000, 0x38800000)
   the space 12288K,   5% used [0x34800000, 0x348a4120, 0x348a4200, 0x35400000)
    ro space 10240K,  42% used [0x38800000, 0x38c37108, 0x38c37200, 0x39200000)
    rw space 12288K,  52% used [0x39200000, 0x39841738, 0x39841800, 0x39e00000)
Event: 125.103 GC heap after
Heap after GC invocations=519 (full 0):
 def new generation   total 4928K, used 9K [0x24800000, 0x24d50000, 0x29d50000)
  eden space 4416K,   0% used [0x24800000, 0x24800000, 0x24c50000)
  from space 512K,   1% used [0x24cd0000, 0x24cd2510, 0x24d50000)
  to   space 512K,   0% used [0x24c50000, 0x24c50000, 0x24cd0000)
 tenured generation   total 10944K, used 417K [0x29d50000, 0x2a800000, 0x34800000)
   the space 10944K,   3% used [0x29d50000, 0x29db8460, 0x29db8600, 0x2a800000)
 compacting perm gen  total 12288K, used 656K [0x34800000, 0x35400000, 0x38800000)
   the space 12288K,   5% used [0x34800000, 0x348a4120, 0x348a4200, 0x35400000)
    ro space 10240K,  42% used [0x38800000, 0x38c37108, 0x38c37200, 0x39200000)
    rw space 12288K,  52% used [0x39200000, 0x39841738, 0x39841800, 0x39e00000)
}
Event: 125.218 GC heap before
{Heap before GC invocations=519 (full 0):
 def new generation   total 4928K, used 4425K [0x24800000, 0x24d50000, 0x29d50000)
  eden space 4416K, 100% used [0x24800000, 0x24c50000, 0x24c50000)
  from space 512K,   1% used [0x24cd0000, 0x24cd2510, 0x24d50000)
  to   space 512K,   0% used [0x24c50000, 0x24c50000, 0x24cd0000)
 tenured generation   total 10944K, used 417K [0x29d50000, 0x2a800000, 0x34800000)
   the space 10944K,   3% used [0x29d50000, 0x29db8460, 0x29db8600, 0x2a800000)
 compacting perm gen  total 12288K, used 656K [0x34800000, 0x35400000, 0x38800000)
   the space 12288K,   5% used [0x34800000, 0x348a4120, 0x348a4200, 0x35400000)
    ro space 10240K,  42% used [0x38800000, 0x38c37108, 0x38c37200, 0x39200000)
    rw space 12288K,  52% used [0x39200000, 0x39841738, 0x39841800, 0x39e00000)
Event: 125.219 GC heap after
Heap after GC invocations=520 (full 0):
 def new generation   total 4928K, used 14K [0x24800000, 0x24d50000, 0x29d50000)
  eden space 4416K,   0% used [0x24800000, 0x24800000, 0x24c50000)
  from space 512K,   2% used [0x24c50000, 0x24c538a8, 0x24cd0000)
  to   space 512K,   0% used [0x24cd0000, 0x24cd0000, 0x24d50000)
 tenured generation   total 10944K, used 417K [0x29d50000, 0x2a800000, 0x34800000)
   the space 10944K,   3% used [0x29d50000, 0x29db8460, 0x29db8600, 0x2a800000)
 compacting perm gen  total 12288K, used 656K [0x34800000, 0x35400000, 0x38800000)
   the space 12288K,   5% used [0x34800000, 0x348a4120, 0x348a4200, 0x35400000)
    ro space 10240K,  42% used [0x38800000, 0x38c37108, 0x38c37200, 0x39200000)
    rw space 12288K,  52% used [0x39200000, 0x39841738, 0x39841800, 0x39e00000)
}
Event: 125.341 GC heap before
{Heap before GC invocations=520 (full 0):
 def new generation   total 4928K, used 4430K [0x24800000, 0x24d50000, 0x29d50000)
  eden space 4416K, 100% used [0x24800000, 0x24c50000, 0x24c50000)
  from space 512K,   2% used [0x24c50000, 0x24c538a8, 0x24cd0000)
  to   space 512K,   0% used [0x24cd0000, 0x24cd0000, 0x24d50000)
 tenured generation   total 10944K, used 417K [0x29d50000, 0x2a800000, 0x34800000)
   the space 10944K,   3% used [0x29d50000, 0x29db8460, 0x29db8600, 0x2a800000)
 compacting perm gen  total 12288K, used 656K [0x34800000, 0x35400000, 0x38800000)
   the space 12288K,   5% used [0x34800000, 0x348a4120, 0x348a4200, 0x35400000)
    ro space 10240K,  42% used [0x38800000, 0x38c37108, 0x38c37200, 0x39200000)
    rw space 12288K,  52% used [0x39200000, 0x39841738, 0x39841800, 0x39e00000)
Event: 125.341 GC heap after
Heap after GC invocations=521 (full 0):
 def new generation   total 4928K, used 11K [0x24800000, 0x24d50000, 0x29d50000)
  eden space 4416K,   0% used [0x24800000, 0x24800000, 0x24c50000)
  from space 512K,   2% used [0x24cd0000, 0x24cd2d78, 0x24d50000)
  to   space 512K,   0% used [0x24c50000, 0x24c50000, 0x24cd0000)
 tenured generation   total 10944K, used 417K [0x29d50000, 0x2a800000, 0x34800000)
   the space 10944K,   3% used [0x29d50000, 0x29db8460, 0x29db8600, 0x2a800000)
 compacting perm gen  total 12288K, used 656K [0x34800000, 0x35400000, 0x38800000)
   the space 12288K,   5% used [0x34800000, 0x348a4120, 0x348a4200, 0x35400000)
    ro space 10240K,  42% used [0x38800000, 0x38c37108, 0x38c37200, 0x39200000)
    rw space 12288K,  52% used [0x39200000, 0x39841738, 0x39841800, 0x39e00000)
}
Event: 125.456 GC heap before
{Heap before GC invocations=521 (full 0):
 def new generation   total 4928K, used 4427K [0x24800000, 0x24d50000, 0x29d50000)
  eden space 4416K, 100% used [0x24800000, 0x24c50000, 0x24c50000)
  from space 512K,   2% used [0x24cd0000, 0x24cd2d78, 0x24d50000)
  to   space 512K,   0% used [0x24c50000, 0x24c50000, 0x24cd0000)
 tenured generation   total 10944K, used 417K [0x29d50000, 0x2a800000, 0x34800000)
   the space 10944K,   3% used [0x29d50000, 0x29db8460, 0x29db8600, 0x2a800000)
 compacting perm gen  total 12288K, used 656K [0x34800000, 0x35400000, 0x38800000)
   the space 12288K,   5% used [0x34800000, 0x348a4120, 0x348a4200, 0x35400000)
    ro space 10240K,  42% used [0x38800000, 0x38c37108, 0x38c37200, 0x39200000)
    rw space 12288K,  52% used [0x39200000, 0x39841738, 0x39841800, 0x39e00000)
Event: 125.456 GC heap after
Heap after GC invocations=522 (full 0):
 def new generation   total 4928K, used 14K [0x24800000, 0x24d50000, 0x29d50000)
  eden space 4416K,   0% used [0x24800000, 0x24800000, 0x24c50000)
  from space 512K,   2% used [0x24c50000, 0x24c53b10, 0x24cd0000)
  to   space 512K,   0% used [0x24cd0000, 0x24cd0000, 0x24d50000)
 tenured generation   total 10944K, used 417K [0x29d50000, 0x2a800000, 0x34800000)
   the space 10944K,   3% used [0x29d50000, 0x29db84d0, 0x29db8600, 0x2a800000)
 compacting perm gen  total 12288K, used 656K [0x34800000, 0x35400000, 0x38800000)
   the space 12288K,   5% used [0x34800000, 0x348a4120, 0x348a4200, 0x35400000)
    ro space 10240K,  42% used [0x38800000, 0x38c37108, 0x38c37200, 0x39200000)
    rw space 12288K,  52% used [0x39200000, 0x39841738, 0x39841800, 0x39e00000)
}

Deoptimization events (0 events):
No events

Internal exceptions (10 events):
Event: 121.167 Thread 0x00c4c000 Implicit null exception at 0x026b2568 to 0x026b2605
Event: 121.168 Thread 0x00c4c000 Threw 0x24c15f08 at C:\re\jdk7u80\2329\hotspot\src\share\vm\runtime\sharedRuntime.cpp:591
Event: 121.168 Thread 0x00c4c000 Implicit null exception at 0x026b2568 to 0x026b2605
Event: 121.168 Thread 0x00c4c000 Threw 0x24c18388 at C:\re\jdk7u80\2329\hotspot\src\share\vm\runtime\sharedRuntime.cpp:591
Event: 121.169 Thread 0x00c4c000 Implicit null exception at 0x026b2568 to 0x026b2605
Event: 121.169 Thread 0x00c4c000 Threw 0x24c1a808 at C:\re\jdk7u80\2329\hotspot\src\share\vm\runtime\sharedRuntime.cpp:591
Event: 121.183 Thread 0x00c4c000 Implicit null exception at 0x026b2568 to 0x026b2605
Event: 121.183 Thread 0x00c4c000 Threw 0x24c1cc88 at C:\re\jdk7u80\2329\hotspot\src\share\vm\runtime\sharedRuntime.cpp:591
Event: 121.184 Thread 0x00c4c000 Implicit null exception at 0x026b2568 to 0x026b2605
Event: 121.184 Thread 0x00c4c000 Threw 0x24c1f120 at C:\re\jdk7u80\2329\hotspot\src\share\vm\runtime\sharedRuntime.cpp:591

Events (10 events):
Event: 124.981 Executing VM operation: GenCollectForAllocation
Event: 124.982 Executing VM operation: GenCollectForAllocation done
Event: 125.103 Executing VM operation: GenCollectForAllocation
Event: 125.103 Executing VM operation: GenCollectForAllocation done
Event: 125.218 Executing VM operation: GenCollectForAllocation
Event: 125.219 Executing VM operation: GenCollectForAllocation done
Event: 125.341 Executing VM operation: GenCollectForAllocation
Event: 125.341 Executing VM operation: GenCollectForAllocation done
Event: 125.456 Executing VM operation: GenCollectForAllocation
Event: 125.457 Executing VM operation: GenCollectForAllocation done


Dynamic libraries:
0x00d10000 - 0x00d3f000 	C:\Program Files (x86)\Java\jre7\bin\javaw.exe
0x76e90000 - 0x7700f000 	C:\WINDOWS\SYSTEM32\ntdll.dll
0x73cb0000 - 0x73d90000 	C:\WINDOWS\System32\KERNEL32.DLL
0x75870000 - 0x75a1e000 	C:\WINDOWS\System32\KERNELBASE.dll
0x73d90000 - 0x73e06000 	C:\WINDOWS\System32\ADVAPI32.dll
0x76590000 - 0x7664d000 	C:\WINDOWS\System32\msvcrt.dll
0x75420000 - 0x75461000 	C:\WINDOWS\System32\sechost.dll
0x76710000 - 0x767cc000 	C:\WINDOWS\System32\RPCRT4.dll
0x73a80000 - 0x73a9e000 	C:\WINDOWS\System32\SspiCli.dll
0x73a70000 - 0x73a7a000 	C:\WINDOWS\System32\CRYPTBASE.dll
0x73ef0000 - 0x73f48000 	C:\WINDOWS\System32\bcryptPrimitives.dll
0x75d50000 - 0x75e9d000 	C:\WINDOWS\System32\USER32.dll
0x76650000 - 0x76666000 	C:\WINDOWS\System32\win32u.dll
0x75300000 - 0x7532a000 	C:\WINDOWS\System32\GDI32.dll
0x75470000 - 0x755c7000 	C:\WINDOWS\System32\gdi32full.dll
0x73420000 - 0x73620000 	C:\WINDOWS\WinSxS\x86_microsoft.windows.common-controls_6595b64144ccf1df_6.0.14946.1000_none_d33ee90ed06d81a5\COMCTL32.dll
0x73aa0000 - 0x73caf000 	C:\WINDOWS\System32\combase.dll
0x75340000 - 0x7541a000 	C:\WINDOWS\System32\ucrtbase.dll
0x755d0000 - 0x755f5000 	C:\WINDOWS\System32\IMM32.DLL
0x78480000 - 0x7853f000 	C:\Program Files (x86)\Java\jre7\bin\msvcr100.dll
0x6dbb0000 - 0x6df3b000 	C:\Program Files (x86)\Java\jre7\bin\client\jvm.dll
0x75780000 - 0x75786000 	C:\WINDOWS\System32\PSAPI.DLL
0x73a10000 - 0x73a18000 	C:\WINDOWS\SYSTEM32\WSOCK32.dll
0x75790000 - 0x757f2000 	C:\WINDOWS\System32\WS2_32.dll
0x73040000 - 0x73064000 	C:\WINDOWS\SYSTEM32\WINMM.dll
0x72ff0000 - 0x73013000 	C:\WINDOWS\SYSTEM32\WINMMBASE.dll
0x76db0000 - 0x76de5000 	C:\WINDOWS\System32\cfgmgr32.dll
0x57f40000 - 0x57f4c000 	C:\Program Files (x86)\Java\jre7\bin\verify.dll
0x57f10000 - 0x57f31000 	C:\Program Files (x86)\Java\jre7\bin\java.dll
0x57ef0000 - 0x57f03000 	C:\Program Files (x86)\Java\jre7\bin\zip.dll
0x0fc50000 - 0x0fed6000 	D:\FangAI\FangAI\bwapi_bridge2_5.dll
0x71b20000 - 0x71b91000 	C:\WINDOWS\SYSTEM32\MSVCP120.dll
0x71a30000 - 0x71b1e000 	C:\WINDOWS\SYSTEM32\MSVCR120.dll
0x6acc0000 - 0x6ad27000 	D:\FangAI\FangAI\libgmp-10.dll
0x6f540000 - 0x6f59e000 	D:\FangAI\FangAI\libmpfr-4.dll
0x6f100000 - 0x6f24b000 	C:\WINDOWS\SYSTEM32\dbghelp.dll

VM Arguments:
jvm_args: -Dfile.encoding=Cp1252 
java_command: FangBot
Launcher Type: SUN_STANDARD

Environment Variables:
PATH=C:/Program Files (x86)/Java/jre1.8.0_111/bin/client;C:/Program Files (x86)/Java/jre1.8.0_111/bin;C:/Program Files (x86)/Java/jre1.8.0_111/lib/i386;C:\ProgramData\Oracle\Java\javapath;C:\Program Files\Haskell\bin;C:\Program Files\Haskell Platform\8.0.1\lib\extralibs\bin;C:\Program Files\Haskell Platform\8.0.1\bin;C:\Windows\system32;C:\Windows;C:\Windows\System32\Wbem;C:\Windows\System32\WindowsPowerShell\v1.0\;C:\Program Files (x86)\NVIDIA Corporation\PhysX\Common;C:\Program Files\Haskell Platform\8.0.1\mingw\bin;C:\Program Files (x86)\Brackets\command;C:\Program Files (x86)\GtkSharp\2.12\bin;C:\WINDOWS\system32;C:\WINDOWS;C:\WINDOWS\System32\Wbem;C:\WINDOWS\System32\WindowsPowerShell\v1.0\;C:\Program Files (x86)\Windows Live\Shared;C:\Program Files (x86)\Windows Kits\8.1\Windows Performance Toolkit\;C:\Program Files (x86)\Skype\Phone\;C:\Users\dkfan\AppData\Roaming\cabal\bin;C:\Users\dkfan\AppData\Roaming\local\bin;C:\Users\dkfan\AppData\Local\Microsoft\WindowsApps;
USERNAME=dkfan
OS=Windows_NT
PROCESSOR_IDENTIFIER=Intel64 Family 6 Model 94 Stepping 3, GenuineIntel



---------------  S Y S T E M  ---------------

OS: Windows 8.1 , 64 bit Build 9600 

CPU:total 8 (4 cores per cpu, 2 threads per core) family 6 model 94 stepping 3, cmov, cx8, fxsr, mmx, sse, sse2, sse3, ssse3, sse4.1, sse4.2, popcnt, avx, avx2, aes, erms, ht, tsc, tscinvbit

Memory: 4k page, physical 16694876k(11105864k free), swap 19185244k(10564668k free)

vm_info: Java HotSpot(TM) Client VM (24.80-b11) for windows-x86 JRE (1.7.0_80-b15), built on Apr 10 2015 13:33:35 by "java_re" with unknown MS VC++:1600

time: Wed Dec 14 16:50:30 2016
elapsed time: 125 seconds

