#
# A fatal error has been detected by the Java Runtime Environment:
#
#  EXCEPTION_ACCESS_VIOLATION (0xc0000005) at pc=0x6dff569b, pid=6396, tid=10752
#
# JRE version: Java(TM) SE Runtime Environment (7.0_80-b15) (build 1.7.0_80-b15)
# Java VM: Java HotSpot(TM) Client VM (24.80-b11 mixed mode, sharing windows-x86 )
# Problematic frame:
# V  [jvm.dll+0xc569b]
#
# Failed to write core dump. Minidumps are not enabled by default on client versions of Windows
#
# If you would like to submit a bug report, please visit:
#   http://bugreport.java.com/bugreport/crash.jsp
#

---------------  T H R E A D  ---------------

Current thread (0x02b2c000):  JavaThread "main" [_thread_in_vm, id=10752, stack(0x02b70000,0x02bc0000)]

siginfo: ExceptionCode=0xc0000005, reading address 0x00000000

Registers:
EAX=0x00000000, EBX=0x053445a8, ECX=0x00000000, EDX=0x00000007
ESP=0x02bbd9b4, EBP=0x02bbd9d0, ESI=0x02b2c130, EDI=0x02b2c000
EIP=0x6dff569b, EFLAGS=0x00010246

Top of Stack: (sp=0x02bbd9b4)
0x02bbd9b4:   02bbdac8 00000000 053445a8 02b2c000
0x02bbd9c4:   00000000 00000000 053445a8 02bbda54
0x02bbd9d4:   0f6fc65a 02b2c130 00000000 6e696f70
0x02bbd9e4:   00726574 02bbda54 0f6fc61e 00000007
0x02bbd9f4:   0000000f 624c004a 69706177 696e552f
0x02bbda04:   02003b74 00000001 0000000f f47d3438
0x02bbda14:   02b2c000 07ddefe8 02b2c000 02b2c000
0x02bbda24:   0f729212 02b2c130 012bbcf0 02bbd9f8 

Instructions: (pc=0x6dff569b)
0x6dff567b:   f3 ff 83 c4 08 83 7f 04 00 89 7d f0 c7 45 f4 00
0x6dff568b:   00 00 00 74 08 8d 4d f0 e8 78 aa 0c 00 8b 45 0c
0x6dff569b:   8b 08 8b 51 04 8b 42 40 50 56 e8 a6 e3 07 00 83
0x6dff56ab:   c4 08 83 7d f4 00 89 45 08 74 08 8d 4d f0 e8 92 


Register to memory mapping:

EAX=0x00000000 is an unknown value
EBX=0x053445a8 is a global jni handle
ECX=0x00000000 is an unknown value
EDX=0x00000007 is an unknown value
ESP=0x02bbd9b4 is pointing into the stack for thread: 0x02b2c000
EBP=0x02bbd9d0 is pointing into the stack for thread: 0x02b2c000
ESI=0x02b2c130 is an unknown value
EDI=0x02b2c000 is a thread


Stack: [0x02b70000,0x02bc0000],  sp=0x02bbd9b4,  free space=310k
Native frames: (J=compiled Java code, j=interpreted, Vv=VM code, C=native code)
V  [jvm.dll+0xc569b]
C  [bwapi_bridge2_5.dll+0x1c65a]
C  [bwapi_bridge2_5.dll+0x387be]
J 173  bwapi.Unit.issueCommand_native(JLbwapi/UnitCommand;)Z (0 bytes) @ 0x02df4ab8 [0x02df4a10+0xa8]
J 200 C1 FangSM.Kite(Lbwapi/Unit;Lbwapi/Unit;)V (163 bytes) @ 0x02dfaef4 [0x02dfabf0+0x304]
J 199 C1 FangSM.Action(Lbwapi/Unit;Lbwapi/Game;LFangSM$Role;Lbwapi/Unit;)Z (75 bytes) @ 0x02dfa50c [0x02dfa450+0xbc]
J 168 C1 Formation.FSM(Lbwapi/Unit;LFormation;LFormation$State;LFangSM;LFangAi;Lbwapi/Game;Ljava/util/HashSet;)V (538 bytes) @ 0x02df22c4 [0x02df1b80+0x744]
J 90 C1 FangBot.onFrame()V (729 bytes) @ 0x02dd6cbc [0x02dd59f0+0x12cc]
J 127 C1 bwapi.AIModule.onFrame()V (17 bytes) @ 0x02de6bc4 [0x02de6b90+0x34]
v  ~StubRoutines::call_stub
V  [jvm.dll+0x1429aa]
V  [jvm.dll+0x20743e]
V  [jvm.dll+0x142a2d]
V  [jvm.dll+0xcb7b2]
V  [jvm.dll+0xcf403]
C  [bwapi_bridge2_5.dll+0x1b20d]
C  [bwapi_bridge2_5.dll+0x75101]
j  bwapi.Mirror.startGame()V+0
j  FangBot.run()V+15
j  FangBot.main([Ljava/lang/String;)V+7
v  ~StubRoutines::call_stub
V  [jvm.dll+0x1429aa]
V  [jvm.dll+0x20743e]
V  [jvm.dll+0x142a2d]
V  [jvm.dll+0xcb535]
V  [jvm.dll+0xd61d7]
C  [javaw.exe+0x2070]
C  [javaw.exe+0xa6d1]
C  [javaw.exe+0xa75b]
C  [KERNEL32.DLL+0x16394]
C  [ntdll.dll+0x604bb]
C  [ntdll.dll+0x6048b]

Java frames: (J=compiled Java code, j=interpreted, Vv=VM code)
J 173  bwapi.Unit.issueCommand_native(JLbwapi/UnitCommand;)Z (0 bytes) @ 0x02df4a74 [0x02df4a10+0x64]
J 200 C1 FangSM.Kite(Lbwapi/Unit;Lbwapi/Unit;)V (163 bytes) @ 0x02dfaef4 [0x02dfabf0+0x304]
J 199 C1 FangSM.Action(Lbwapi/Unit;Lbwapi/Game;LFangSM$Role;Lbwapi/Unit;)Z (75 bytes) @ 0x02dfa50c [0x02dfa450+0xbc]
J 168 C1 Formation.FSM(Lbwapi/Unit;LFormation;LFormation$State;LFangSM;LFangAi;Lbwapi/Game;Ljava/util/HashSet;)V (538 bytes) @ 0x02df22c4 [0x02df1b80+0x744]
J 90 C1 FangBot.onFrame()V (729 bytes) @ 0x02dd6cbc [0x02dd59f0+0x12cc]
J 127 C1 bwapi.AIModule.onFrame()V (17 bytes) @ 0x02de6bc4 [0x02de6b90+0x34]
v  ~StubRoutines::call_stub
j  bwapi.Mirror.startGame()V+0
j  FangBot.run()V+15
j  FangBot.main([Ljava/lang/String;)V+7
v  ~StubRoutines::call_stub

---------------  P R O C E S S  ---------------

Java Threads: ( => current thread )
  0x02cc9c00 JavaThread "Service Thread" daemon [_thread_blocked, id=1732, stack(0x05250000,0x052a0000)]
  0x02cc5c00 JavaThread "C1 CompilerThread0" daemon [_thread_blocked, id=11588, stack(0x051c0000,0x05210000)]
  0x02cc3800 JavaThread "Attach Listener" daemon [_thread_blocked, id=4924, stack(0x05130000,0x05180000)]
  0x02cbdc00 JavaThread "Signal Dispatcher" daemon [_thread_blocked, id=14628, stack(0x050a0000,0x050f0000)]
  0x02c50800 JavaThread "Finalizer" daemon [_thread_blocked, id=7860, stack(0x05010000,0x05060000)]
  0x02c4f000 JavaThread "Reference Handler" daemon [_thread_blocked, id=12276, stack(0x04f80000,0x04fd0000)]
=>0x02b2c000 JavaThread "main" [_thread_in_vm, id=10752, stack(0x02b70000,0x02bc0000)]

Other Threads:
  0x02c4dc00 VMThread [stack: 0x04ef0000,0x04f40000] [id=16048]
  0x02cce000 WatcherThread [stack: 0x052e0000,0x05330000] [id=4484]

VM state:not at safepoint (normal execution)

VM Mutex/Monitor currently owned by a thread: None

Heap
 def new generation   total 4928K, used 2897K [0x24800000, 0x24d50000, 0x29d50000)
  eden space 4416K,  65% used [0x24800000, 0x24ad3088, 0x24c50000)
  from space 512K,   1% used [0x24cd0000, 0x24cd1668, 0x24d50000)
  to   space 512K,   0% used [0x24c50000, 0x24c50000, 0x24cd0000)
 tenured generation   total 10944K, used 789K [0x29d50000, 0x2a800000, 0x34800000)
   the space 10944K,   7% used [0x29d50000, 0x29e15758, 0x29e15800, 0x2a800000)
 compacting perm gen  total 12288K, used 656K [0x34800000, 0x35400000, 0x38800000)
   the space 12288K,   5% used [0x34800000, 0x348a4030, 0x348a4200, 0x35400000)
    ro space 10240K,  42% used [0x38800000, 0x38c37108, 0x38c37200, 0x39200000)
    rw space 12288K,  52% used [0x39200000, 0x39841738, 0x39841800, 0x39e00000)

Card table byte_map: [0x04db0000,0x04e60000] byte_map_base: 0x04c8c000

Polling page: 0x01250000

Code Cache  [0x02d30000, 0x02e08000, 0x04d30000)
 total_blobs=369 nmethods=231 adapters=75 free_code_cache=31928Kb largest_free_block=32694528

Compilation events (10 events):
Event: 215.149 Thread 0x02cc5c00  227             java.util.HashMap$Entry::recordRemoval (1 bytes)
Event: 215.149 Thread 0x02cc5c00 nmethod 227 0x02e00fc8 code [0x02e010c0, 0x02e01140]
Event: 247.940 Thread 0x02cc5c00  228             sun.misc.FpUtils::getExponent (17 bytes)
Event: 247.940 Thread 0x02cc5c00 nmethod 228 0x02e01188 code [0x02e01280, 0x02e01330]
Event: 257.377 Thread 0x02cc5c00  229             java.lang.StrictMath::floor (12 bytes)
Event: 257.377 Thread 0x02cc5c00 nmethod 229 0x02e01388 code [0x02e014a0, 0x02e0154c]
Event: 257.377 Thread 0x02cc5c00  230             java.lang.StrictMath::floorOrCeil (128 bytes)
Event: 257.377 Thread 0x02cc5c00 nmethod 230 0x02e015c8 code [0x02e016c0, 0x02e01880]
Event: 319.006 Thread 0x02cc5c00  231             java.util.HashMap::removeEntryForKey (159 bytes)
Event: 319.006 Thread 0x02cc5c00 nmethod 231 0x02e018c8 code [0x02e01a00, 0x02e01c84]

GC Heap History (10 events):
Event: 322.015 GC heap before
{Heap before GC invocations=2984 (full 0):
 def new generation   total 4928K, used 4425K [0x24800000, 0x24d50000, 0x29d50000)
  eden space 4416K, 100% used [0x24800000, 0x24c50000, 0x24c50000)
  from space 512K,   1% used [0x24c50000, 0x24c52708, 0x24cd0000)
  to   space 512K,   0% used [0x24cd0000, 0x24cd0000, 0x24d50000)
 tenured generation   total 10944K, used 789K [0x29d50000, 0x2a800000, 0x34800000)
   the space 10944K,   7% used [0x29d50000, 0x29e15720, 0x29e15800, 0x2a800000)
 compacting perm gen  total 12288K, used 656K [0x34800000, 0x35400000, 0x38800000)
   the space 12288K,   5% used [0x34800000, 0x348a4030, 0x348a4200, 0x35400000)
    ro space 10240K,  42% used [0x38800000, 0x38c37108, 0x38c37200, 0x39200000)
    rw space 12288K,  52% used [0x39200000, 0x39841738, 0x39841800, 0x39e00000)
Event: 322.015 GC heap after
Heap after GC invocations=2985 (full 0):
 def new generation   total 4928K, used 9K [0x24800000, 0x24d50000, 0x29d50000)
  eden space 4416K,   0% used [0x24800000, 0x24800000, 0x24c50000)
  from space 512K,   1% used [0x24cd0000, 0x24cd2470, 0x24d50000)
  to   space 512K,   0% used [0x24c50000, 0x24c50000, 0x24cd0000)
 tenured generation   total 10944K, used 789K [0x29d50000, 0x2a800000, 0x34800000)
   the space 10944K,   7% used [0x29d50000, 0x29e15720, 0x29e15800, 0x2a800000)
 compacting perm gen  total 12288K, used 656K [0x34800000, 0x35400000, 0x38800000)
   the space 12288K,   5% used [0x34800000, 0x348a4030, 0x348a4200, 0x35400000)
    ro space 10240K,  42% used [0x38800000, 0x38c37108, 0x38c37200, 0x39200000)
    rw space 12288K,  52% used [0x39200000, 0x39841738, 0x39841800, 0x39e00000)
}
Event: 322.103 GC heap before
{Heap before GC invocations=2985 (full 0):
 def new generation   total 4928K, used 4425K [0x24800000, 0x24d50000, 0x29d50000)
  eden space 4416K, 100% used [0x24800000, 0x24c50000, 0x24c50000)
  from space 512K,   1% used [0x24cd0000, 0x24cd2470, 0x24d50000)
  to   space 512K,   0% used [0x24c50000, 0x24c50000, 0x24cd0000)
 tenured generation   total 10944K, used 789K [0x29d50000, 0x2a800000, 0x34800000)
   the space 10944K,   7% used [0x29d50000, 0x29e15720, 0x29e15800, 0x2a800000)
 compacting perm gen  total 12288K, used 656K [0x34800000, 0x35400000, 0x38800000)
   the space 12288K,   5% used [0x34800000, 0x348a4030, 0x348a4200, 0x35400000)
    ro space 10240K,  42% used [0x38800000, 0x38c37108, 0x38c37200, 0x39200000)
    rw space 12288K,  52% used [0x39200000, 0x39841738, 0x39841800, 0x39e00000)
Event: 322.103 GC heap after
Heap after GC invocations=2986 (full 0):
 def new generation   total 4928K, used 3K [0x24800000, 0x24d50000, 0x29d50000)
  eden space 4416K,   0% used [0x24800000, 0x24800000, 0x24c50000)
  from space 512K,   0% used [0x24c50000, 0x24c50f90, 0x24cd0000)
  to   space 512K,   0% used [0x24cd0000, 0x24cd0000, 0x24d50000)
 tenured generation   total 10944K, used 789K [0x29d50000, 0x2a800000, 0x34800000)
   the space 10944K,   7% used [0x29d50000, 0x29e15720, 0x29e15800, 0x2a800000)
 compacting perm gen  total 12288K, used 656K [0x34800000, 0x35400000, 0x38800000)
   the space 12288K,   5% used [0x34800000, 0x348a4030, 0x348a4200, 0x35400000)
    ro space 10240K,  42% used [0x38800000, 0x38c37108, 0x38c37200, 0x39200000)
    rw space 12288K,  52% used [0x39200000, 0x39841738, 0x39841800, 0x39e00000)
}
Event: 322.185 GC heap before
{Heap before GC invocations=2986 (full 0):
 def new generation   total 4928K, used 4419K [0x24800000, 0x24d50000, 0x29d50000)
  eden space 4416K, 100% used [0x24800000, 0x24c50000, 0x24c50000)
  from space 512K,   0% used [0x24c50000, 0x24c50f90, 0x24cd0000)
  to   space 512K,   0% used [0x24cd0000, 0x24cd0000, 0x24d50000)
 tenured generation   total 10944K, used 789K [0x29d50000, 0x2a800000, 0x34800000)
   the space 10944K,   7% used [0x29d50000, 0x29e15720, 0x29e15800, 0x2a800000)
 compacting perm gen  total 12288K, used 656K [0x34800000, 0x35400000, 0x38800000)
   the space 12288K,   5% used [0x34800000, 0x348a4030, 0x348a4200, 0x35400000)
    ro space 10240K,  42% used [0x38800000, 0x38c37108, 0x38c37200, 0x39200000)
    rw space 12288K,  52% used [0x39200000, 0x39841738, 0x39841800, 0x39e00000)
Event: 322.186 GC heap after
Heap after GC invocations=2987 (full 0):
 def new generation   total 4928K, used 9K [0x24800000, 0x24d50000, 0x29d50000)
  eden space 4416K,   0% used [0x24800000, 0x24800000, 0x24c50000)
  from space 512K,   1% used [0x24cd0000, 0x24cd25a0, 0x24d50000)
  to   space 512K,   0% used [0x24c50000, 0x24c50000, 0x24cd0000)
 tenured generation   total 10944K, used 789K [0x29d50000, 0x2a800000, 0x34800000)
   the space 10944K,   7% used [0x29d50000, 0x29e15720, 0x29e15800, 0x2a800000)
 compacting perm gen  total 12288K, used 656K [0x34800000, 0x35400000, 0x38800000)
   the space 12288K,   5% used [0x34800000, 0x348a4030, 0x348a4200, 0x35400000)
    ro space 10240K,  42% used [0x38800000, 0x38c37108, 0x38c37200, 0x39200000)
    rw space 12288K,  52% used [0x39200000, 0x39841738, 0x39841800, 0x39e00000)
}
Event: 322.266 GC heap before
{Heap before GC invocations=2987 (full 0):
 def new generation   total 4928K, used 4425K [0x24800000, 0x24d50000, 0x29d50000)
  eden space 4416K, 100% used [0x24800000, 0x24c50000, 0x24c50000)
  from space 512K,   1% used [0x24cd0000, 0x24cd25a0, 0x24d50000)
  to   space 512K,   0% used [0x24c50000, 0x24c50000, 0x24cd0000)
 tenured generation   total 10944K, used 789K [0x29d50000, 0x2a800000, 0x34800000)
   the space 10944K,   7% used [0x29d50000, 0x29e15720, 0x29e15800, 0x2a800000)
 compacting perm gen  total 12288K, used 656K [0x34800000, 0x35400000, 0x38800000)
   the space 12288K,   5% used [0x34800000, 0x348a4030, 0x348a4200, 0x35400000)
    ro space 10240K,  42% used [0x38800000, 0x38c37108, 0x38c37200, 0x39200000)
    rw space 12288K,  52% used [0x39200000, 0x39841738, 0x39841800, 0x39e00000)
Event: 322.267 GC heap after
Heap after GC invocations=2988 (full 0):
 def new generation   total 4928K, used 9K [0x24800000, 0x24d50000, 0x29d50000)
  eden space 4416K,   0% used [0x24800000, 0x24800000, 0x24c50000)
  from space 512K,   1% used [0x24c50000, 0x24c524a0, 0x24cd0000)
  to   space 512K,   0% used [0x24cd0000, 0x24cd0000, 0x24d50000)
 tenured generation   total 10944K, used 789K [0x29d50000, 0x2a800000, 0x34800000)
   the space 10944K,   7% used [0x29d50000, 0x29e15758, 0x29e15800, 0x2a800000)
 compacting perm gen  total 12288K, used 656K [0x34800000, 0x35400000, 0x38800000)
   the space 12288K,   5% used [0x34800000, 0x348a4030, 0x348a4200, 0x35400000)
    ro space 10240K,  42% used [0x38800000, 0x38c37108, 0x38c37200, 0x39200000)
    rw space 12288K,  52% used [0x39200000, 0x39841738, 0x39841800, 0x39e00000)
}
Event: 322.350 GC heap before
{Heap before GC invocations=2988 (full 0):
 def new generation   total 4928K, used 4425K [0x24800000, 0x24d50000, 0x29d50000)
  eden space 4416K, 100% used [0x24800000, 0x24c50000, 0x24c50000)
  from space 512K,   1% used [0x24c50000, 0x24c524a0, 0x24cd0000)
  to   space 512K,   0% used [0x24cd0000, 0x24cd0000, 0x24d50000)
 tenured generation   total 10944K, used 789K [0x29d50000, 0x2a800000, 0x34800000)
   the space 10944K,   7% used [0x29d50000, 0x29e15758, 0x29e15800, 0x2a800000)
 compacting perm gen  total 12288K, used 656K [0x34800000, 0x35400000, 0x38800000)
   the space 12288K,   5% used [0x34800000, 0x348a4030, 0x348a4200, 0x35400000)
    ro space 10240K,  42% used [0x38800000, 0x38c37108, 0x38c37200, 0x39200000)
    rw space 12288K,  52% used [0x39200000, 0x39841738, 0x39841800, 0x39e00000)
Event: 322.351 GC heap after
Heap after GC invocations=2989 (full 0):
 def new generation   total 4928K, used 5K [0x24800000, 0x24d50000, 0x29d50000)
  eden space 4416K,   0% used [0x24800000, 0x24800000, 0x24c50000)
  from space 512K,   1% used [0x24cd0000, 0x24cd1668, 0x24d50000)
  to   space 512K,   0% used [0x24c50000, 0x24c50000, 0x24cd0000)
 tenured generation   total 10944K, used 789K [0x29d50000, 0x2a800000, 0x34800000)
   the space 10944K,   7% used [0x29d50000, 0x29e15758, 0x29e15800, 0x2a800000)
 compacting perm gen  total 12288K, used 656K [0x34800000, 0x35400000, 0x38800000)
   the space 12288K,   5% used [0x34800000, 0x348a4030, 0x348a4200, 0x35400000)
    ro space 10240K,  42% used [0x38800000, 0x38c37108, 0x38c37200, 0x39200000)
    rw space 12288K,  52% used [0x39200000, 0x39841738, 0x39841800, 0x39e00000)
}

Deoptimization events (0 events):
No events

Internal exceptions (10 events):
Event: 319.022 Thread 0x02b2c000 Implicit null exception at 0x02dd2728 to 0x02dd27c5
Event: 319.022 Thread 0x02b2c000 Threw 0x24ad58d0 at C:\re\jdk7u80\2329\hotspot\src\share\vm\runtime\sharedRuntime.cpp:591
Event: 319.035 Thread 0x02b2c000 Implicit null exception at 0x02dd2728 to 0x02dd27c5
Event: 319.035 Thread 0x02b2c000 Threw 0x24adb6b0 at C:\re\jdk7u80\2329\hotspot\src\share\vm\runtime\sharedRuntime.cpp:591
Event: 319.037 Thread 0x02b2c000 Implicit null exception at 0x02dd2728 to 0x02dd27c5
Event: 319.037 Thread 0x02b2c000 Threw 0x24ae1490 at C:\re\jdk7u80\2329\hotspot\src\share\vm\runtime\sharedRuntime.cpp:591
Event: 319.038 Thread 0x02b2c000 Implicit null exception at 0x02dd2728 to 0x02dd27c5
Event: 319.038 Thread 0x02b2c000 Threw 0x24ae7280 at C:\re\jdk7u80\2329\hotspot\src\share\vm\runtime\sharedRuntime.cpp:591
Event: 319.051 Thread 0x02b2c000 Implicit null exception at 0x02dd2728 to 0x02dd27c5
Event: 319.051 Thread 0x02b2c000 Threw 0x24aed060 at C:\re\jdk7u80\2329\hotspot\src\share\vm\runtime\sharedRuntime.cpp:591

Events (10 events):
Event: 322.015 Executing VM operation: GenCollectForAllocation
Event: 322.016 Executing VM operation: GenCollectForAllocation done
Event: 322.103 Executing VM operation: GenCollectForAllocation
Event: 322.103 Executing VM operation: GenCollectForAllocation done
Event: 322.185 Executing VM operation: GenCollectForAllocation
Event: 322.186 Executing VM operation: GenCollectForAllocation done
Event: 322.266 Executing VM operation: GenCollectForAllocation
Event: 322.267 Executing VM operation: GenCollectForAllocation done
Event: 322.350 Executing VM operation: GenCollectForAllocation
Event: 322.351 Executing VM operation: GenCollectForAllocation done


Dynamic libraries:
0x00d10000 - 0x00d3f000 	C:\Program Files (x86)\Java\jre7\bin\javaw.exe
0x76e90000 - 0x7700f000 	C:\WINDOWS\SYSTEM32\ntdll.dll
0x73cb0000 - 0x73d90000 	C:\WINDOWS\System32\KERNEL32.DLL
0x75870000 - 0x75a1e000 	C:\WINDOWS\System32\KERNELBASE.dll
0x73d90000 - 0x73e06000 	C:\WINDOWS\System32\ADVAPI32.dll
0x76590000 - 0x7664d000 	C:\WINDOWS\System32\msvcrt.dll
0x75420000 - 0x75461000 	C:\WINDOWS\System32\sechost.dll
0x76710000 - 0x767cc000 	C:\WINDOWS\System32\RPCRT4.dll
0x73a80000 - 0x73a9e000 	C:\WINDOWS\System32\SspiCli.dll
0x73a70000 - 0x73a7a000 	C:\WINDOWS\System32\CRYPTBASE.dll
0x73ef0000 - 0x73f48000 	C:\WINDOWS\System32\bcryptPrimitives.dll
0x75d50000 - 0x75e9d000 	C:\WINDOWS\System32\USER32.dll
0x76650000 - 0x76666000 	C:\WINDOWS\System32\win32u.dll
0x75300000 - 0x7532a000 	C:\WINDOWS\System32\GDI32.dll
0x75470000 - 0x755c7000 	C:\WINDOWS\System32\gdi32full.dll
0x73420000 - 0x73620000 	C:\WINDOWS\WinSxS\x86_microsoft.windows.common-controls_6595b64144ccf1df_6.0.14946.1000_none_d33ee90ed06d81a5\COMCTL32.dll
0x73aa0000 - 0x73caf000 	C:\WINDOWS\System32\combase.dll
0x75340000 - 0x7541a000 	C:\WINDOWS\System32\ucrtbase.dll
0x755d0000 - 0x755f5000 	C:\WINDOWS\System32\IMM32.DLL
0x78910000 - 0x789cf000 	C:\Program Files (x86)\Java\jre7\bin\msvcr100.dll
0x6df30000 - 0x6e2bb000 	C:\Program Files (x86)\Java\jre7\bin\client\jvm.dll
0x75780000 - 0x75786000 	C:\WINDOWS\System32\PSAPI.DLL
0x73a10000 - 0x73a18000 	C:\WINDOWS\SYSTEM32\WSOCK32.dll
0x73040000 - 0x73064000 	C:\WINDOWS\SYSTEM32\WINMM.dll
0x75790000 - 0x757f2000 	C:\WINDOWS\System32\WS2_32.dll
0x72ff0000 - 0x73013000 	C:\WINDOWS\SYSTEM32\WINMMBASE.dll
0x76db0000 - 0x76de5000 	C:\WINDOWS\System32\cfgmgr32.dll
0x57f00000 - 0x57f0c000 	C:\Program Files (x86)\Java\jre7\bin\verify.dll
0x50fe0000 - 0x51001000 	C:\Program Files (x86)\Java\jre7\bin\java.dll
0x50fc0000 - 0x50fd3000 	C:\Program Files (x86)\Java\jre7\bin\zip.dll
0x0f6e0000 - 0x0f966000 	D:\FangAI\FangAI\bwapi_bridge2_5.dll
0x71a30000 - 0x71b1e000 	C:\WINDOWS\SYSTEM32\MSVCR120.dll
0x71b20000 - 0x71b91000 	C:\WINDOWS\SYSTEM32\MSVCP120.dll
0x6f540000 - 0x6f59e000 	D:\FangAI\FangAI\libmpfr-4.dll
0x6acc0000 - 0x6ad27000 	D:\FangAI\FangAI\libgmp-10.dll
0x6f100000 - 0x6f24b000 	C:\WINDOWS\SYSTEM32\dbghelp.dll

VM Arguments:
jvm_args: -Dfile.encoding=Cp1252 
java_command: FangBot
Launcher Type: SUN_STANDARD

Environment Variables:
PATH=C:/Program Files (x86)/Java/jre1.8.0_111/bin/client;C:/Program Files (x86)/Java/jre1.8.0_111/bin;C:/Program Files (x86)/Java/jre1.8.0_111/lib/i386;C:\ProgramData\Oracle\Java\javapath;C:\Program Files\Haskell\bin;C:\Program Files\Haskell Platform\8.0.1\lib\extralibs\bin;C:\Program Files\Haskell Platform\8.0.1\bin;C:\Windows\system32;C:\Windows;C:\Windows\System32\Wbem;C:\Windows\System32\WindowsPowerShell\v1.0\;C:\Program Files (x86)\NVIDIA Corporation\PhysX\Common;C:\Program Files\Haskell Platform\8.0.1\mingw\bin;C:\Program Files (x86)\Brackets\command;C:\Program Files (x86)\GtkSharp\2.12\bin;C:\WINDOWS\system32;C:\WINDOWS;C:\WINDOWS\System32\Wbem;C:\WINDOWS\System32\WindowsPowerShell\v1.0\;C:\Program Files (x86)\Windows Live\Shared;C:\Program Files (x86)\Windows Kits\8.1\Windows Performance Toolkit\;C:\Program Files (x86)\Skype\Phone\;C:\Users\dkfan\AppData\Roaming\cabal\bin;C:\Users\dkfan\AppData\Roaming\local\bin;C:\Users\dkfan\AppData\Local\Microsoft\WindowsApps;
USERNAME=dkfan
OS=Windows_NT
PROCESSOR_IDENTIFIER=Intel64 Family 6 Model 94 Stepping 3, GenuineIntel



---------------  S Y S T E M  ---------------

OS: Windows 8.1 , 64 bit Build 9600 

CPU:total 8 (4 cores per cpu, 2 threads per core) family 6 model 94 stepping 3, cmov, cx8, fxsr, mmx, sse, sse2, sse3, ssse3, sse4.1, sse4.2, popcnt, avx, avx2, aes, erms, ht, tsc, tscinvbit

Memory: 4k page, physical 16694876k(11018444k free), swap 19185244k(10503824k free)

vm_info: Java HotSpot(TM) Client VM (24.80-b11) for windows-x86 JRE (1.7.0_80-b15), built on Apr 10 2015 13:33:35 by "java_re" with unknown MS VC++:1600

time: Wed Dec 14 18:22:00 2016
elapsed time: 322 seconds

