#
# A fatal error has been detected by the Java Runtime Environment:
#
#  EXCEPTION_ACCESS_VIOLATION (0xc0000005) at pc=0x6d89569b, pid=15192, tid=984
#
# JRE version: Java(TM) SE Runtime Environment (7.0_80-b15) (build 1.7.0_80-b15)
# Java VM: Java HotSpot(TM) Client VM (24.80-b11 mixed mode, sharing windows-x86 )
# Problematic frame:
# V  [jvm.dll+0xc569b]
#
# Failed to write core dump. Minidumps are not enabled by default on client versions of Windows
#
# If you would like to submit a bug report, please visit:
#   http://bugreport.java.com/bugreport/crash.jsp
#

---------------  T H R E A D  ---------------

Current thread (0x02eec000):  JavaThread "main" [_thread_in_vm, id=984, stack(0x02e10000,0x02e60000)]

siginfo: ExceptionCode=0xc0000005, reading address 0x00000000

Registers:
EAX=0x00000000, EBX=0x0563e2cc, ECX=0x00000000, EDX=0x00000007
ESP=0x02e5db14, EBP=0x02e5db30, ESI=0x02eec130, EDI=0x02eec000
EIP=0x6d89569b, EFLAGS=0x00010246

Top of Stack: (sp=0x02e5db14)
0x02e5db14:   02e5dc28 00000000 0563e2cc 02eec000
0x02e5db24:   00000000 00000000 0563e2cc 02e5dbb4
0x02e5db34:   0f16c65a 02eec130 00000000 6e696f70
0x02e5db44:   00726574 02e5dbb4 0f16c61e 00000007
0x02e5db54:   0000000f 624c004a 69706177 696e552f
0x02e5db64:   02003b74 00000001 0000000f 58cffb79
0x02e5db74:   02eec000 07ceb8b0 02eec000 0563e2cc
0x02e5db84:   0563fcc4 08e1b598 08e1b594 02e5db58 

Instructions: (pc=0x6d89569b)
0x6d89567b:   f3 ff 83 c4 08 83 7f 04 00 89 7d f0 c7 45 f4 00
0x6d89568b:   00 00 00 74 08 8d 4d f0 e8 78 aa 0c 00 8b 45 0c
0x6d89569b:   8b 08 8b 51 04 8b 42 40 50 56 e8 a6 e3 07 00 83
0x6d8956ab:   c4 08 83 7d f4 00 89 45 08 74 08 8d 4d f0 e8 92 


Register to memory mapping:

EAX=0x00000000 is an unknown value
EBX=0x0563e2cc is a global jni handle
ECX=0x00000000 is an unknown value
EDX=0x00000007 is an unknown value
ESP=0x02e5db14 is pointing into the stack for thread: 0x02eec000
EBP=0x02e5db30 is pointing into the stack for thread: 0x02eec000
ESI=0x02eec130 is an unknown value
EDI=0x02eec000 is a thread


Stack: [0x02e10000,0x02e60000],  sp=0x02e5db14,  free space=310k
Native frames: (J=compiled Java code, j=interpreted, Vv=VM code, C=native code)
V  [jvm.dll+0xc569b]
C  [bwapi_bridge2_5.dll+0x1c65a]
C  [bwapi_bridge2_5.dll+0x387be]
J 171  bwapi.Unit.issueCommand_native(JLbwapi/UnitCommand;)Z (0 bytes) @ 0x03125278 [0x031251d0+0xa8]
J 197 C1 FangSM.Kite(Lbwapi/Unit;Lbwapi/Unit;)V (163 bytes) @ 0x0312aeb4 [0x0312abb0+0x304]
J 196 C1 FangSM.Action(Lbwapi/Unit;Lbwapi/Game;LFangSM$Role;Lbwapi/Unit;)Z (75 bytes) @ 0x0312a4cc [0x0312a410+0xbc]
J 165 C1 Formation.FSM(Lbwapi/Unit;LFormation;LFormation$State;LFangSM;LFangAi;Lbwapi/Game;Ljava/util/HashSet;)V (538 bytes) @ 0x03122904 [0x031221c0+0x744]
J 90 C1 FangBot.onFrame()V (784 bytes) @ 0x0310736c [0x03105e40+0x152c]
J 126 C1 bwapi.AIModule.onFrame()V (17 bytes) @ 0x03117604 [0x031175d0+0x34]
v  ~StubRoutines::call_stub
V  [jvm.dll+0x1429aa]
V  [jvm.dll+0x20743e]
V  [jvm.dll+0x142a2d]
V  [jvm.dll+0xcb7b2]
V  [jvm.dll+0xcf403]
C  [bwapi_bridge2_5.dll+0x1b20d]
C  [bwapi_bridge2_5.dll+0x75101]
j  bwapi.Mirror.startGame()V+0
j  FangBot.run()V+15
j  FangBot.main([Ljava/lang/String;)V+7
v  ~StubRoutines::call_stub
V  [jvm.dll+0x1429aa]
V  [jvm.dll+0x20743e]
V  [jvm.dll+0x142a2d]
V  [jvm.dll+0xcb535]
V  [jvm.dll+0xd61d7]
C  [javaw.exe+0x2070]
C  [javaw.exe+0xa6d1]
C  [javaw.exe+0xa75b]
C  [KERNEL32.DLL+0x16394]
C  [ntdll.dll+0x604bb]
C  [ntdll.dll+0x6048b]

Java frames: (J=compiled Java code, j=interpreted, Vv=VM code)
J 171  bwapi.Unit.issueCommand_native(JLbwapi/UnitCommand;)Z (0 bytes) @ 0x03125234 [0x031251d0+0x64]
J 197 C1 FangSM.Kite(Lbwapi/Unit;Lbwapi/Unit;)V (163 bytes) @ 0x0312aeb4 [0x0312abb0+0x304]
J 196 C1 FangSM.Action(Lbwapi/Unit;Lbwapi/Game;LFangSM$Role;Lbwapi/Unit;)Z (75 bytes) @ 0x0312a4cc [0x0312a410+0xbc]
J 165 C1 Formation.FSM(Lbwapi/Unit;LFormation;LFormation$State;LFangSM;LFangAi;Lbwapi/Game;Ljava/util/HashSet;)V (538 bytes) @ 0x03122904 [0x031221c0+0x744]
J 90 C1 FangBot.onFrame()V (784 bytes) @ 0x0310736c [0x03105e40+0x152c]
J 126 C1 bwapi.AIModule.onFrame()V (17 bytes) @ 0x03117604 [0x031175d0+0x34]
v  ~StubRoutines::call_stub
j  bwapi.Mirror.startGame()V+0
j  FangBot.run()V+15
j  FangBot.main([Ljava/lang/String;)V+7
v  ~StubRoutines::call_stub

---------------  P R O C E S S  ---------------

Java Threads: ( => current thread )
  0x02ff4400 JavaThread "Service Thread" daemon [_thread_blocked, id=9060, stack(0x05550000,0x055a0000)]
  0x02ff3000 JavaThread "C1 CompilerThread0" daemon [_thread_blocked, id=12440, stack(0x054c0000,0x05510000)]
  0x02ff0400 JavaThread "Attach Listener" daemon [_thread_blocked, id=6396, stack(0x05430000,0x05480000)]
  0x02fee000 JavaThread "Signal Dispatcher" daemon [_thread_blocked, id=6736, stack(0x053a0000,0x053f0000)]
  0x02f80800 JavaThread "Finalizer" daemon [_thread_blocked, id=9652, stack(0x05310000,0x05360000)]
  0x02f7f000 JavaThread "Reference Handler" daemon [_thread_blocked, id=7084, stack(0x05280000,0x052d0000)]
=>0x02eec000 JavaThread "main" [_thread_in_vm, id=984, stack(0x02e10000,0x02e60000)]

Other Threads:
  0x02f7dc00 VMThread [stack: 0x051f0000,0x05240000] [id=10244]
  0x0300dc00 WatcherThread [stack: 0x055e0000,0x05630000] [id=1876]

VM state:not at safepoint (normal execution)

VM Mutex/Monitor currently owned by a thread: None

Heap
 def new generation   total 4928K, used 1277K [0x24800000, 0x24d50000, 0x29d50000)
  eden space 4416K,  28% used [0x24800000, 0x2493c488, 0x24c50000)
  from space 512K,   2% used [0x24c50000, 0x24c530e0, 0x24cd0000)
  to   space 512K,   0% used [0x24cd0000, 0x24cd0000, 0x24d50000)
 tenured generation   total 10944K, used 580K [0x29d50000, 0x2a800000, 0x34800000)
   the space 10944K,   5% used [0x29d50000, 0x29de1138, 0x29de1200, 0x2a800000)
 compacting perm gen  total 12288K, used 656K [0x34800000, 0x35400000, 0x38800000)
   the space 12288K,   5% used [0x34800000, 0x348a4238, 0x348a4400, 0x35400000)
    ro space 10240K,  42% used [0x38800000, 0x38c37108, 0x38c37200, 0x39200000)
    rw space 12288K,  52% used [0x39200000, 0x39841738, 0x39841800, 0x39e00000)

Card table byte_map: [0x050e0000,0x05190000] byte_map_base: 0x04fbc000

Polling page: 0x02e80000

Code Cache  [0x03060000, 0x03138000, 0x05060000)
 total_blobs=374 nmethods=236 adapters=75 free_code_cache=31921Kb largest_free_block=32687936

Compilation events (10 events):
Event: 78.987 Thread 0x02ff3000  226             java.util.HashMap::createEntry (39 bytes)
Event: 78.987 Thread 0x02ff3000 nmethod 226 0x03131188 code [0x03131290, 0x03131450]
Event: 85.726 Thread 0x02ff3000  229             java.util.HashMap::removeEntryForKey (159 bytes)
Event: 85.727 Thread 0x02ff3000 nmethod 229 0x03131ac8 code [0x03131c00, 0x03131e84]
Event: 85.727 Thread 0x02ff3000  230             java.util.HashMap$Entry::recordRemoval (1 bytes)
Event: 85.727 Thread 0x02ff3000 nmethod 230 0x03132108 code [0x03132200, 0x03132280]
Event: 86.086 Thread 0x02ff3000  231             bwapi.Position::equals (49 bytes)
Event: 86.086 Thread 0x02ff3000 nmethod 231 0x031322c8 code [0x031323d0, 0x03132510]
Event: 92.853 Thread 0x02ff3000  232             BuildingUtil::normalize (57 bytes)
Event: 92.854 Thread 0x02ff3000 nmethod 232 0x031325c8 code [0x03132750, 0x03132cf8]

GC Heap History (10 events):
Event: 187.470 GC heap before
{Heap before GC invocations=1081 (full 0):
 def new generation   total 4928K, used 4431K [0x24800000, 0x24d50000, 0x29d50000)
  eden space 4416K, 100% used [0x24800000, 0x24c50000, 0x24c50000)
  from space 512K,   3% used [0x24cd0000, 0x24cd3ff8, 0x24d50000)
  to   space 512K,   0% used [0x24c50000, 0x24c50000, 0x24cd0000)
 tenured generation   total 10944K, used 580K [0x29d50000, 0x2a800000, 0x34800000)
   the space 10944K,   5% used [0x29d50000, 0x29de1020, 0x29de1200, 0x2a800000)
 compacting perm gen  total 12288K, used 656K [0x34800000, 0x35400000, 0x38800000)
   the space 12288K,   5% used [0x34800000, 0x348a4238, 0x348a4400, 0x35400000)
    ro space 10240K,  42% used [0x38800000, 0x38c37108, 0x38c37200, 0x39200000)
    rw space 12288K,  52% used [0x39200000, 0x39841738, 0x39841800, 0x39e00000)
Event: 187.470 GC heap after
Heap after GC invocations=1082 (full 0):
 def new generation   total 4928K, used 11K [0x24800000, 0x24d50000, 0x29d50000)
  eden space 4416K,   0% used [0x24800000, 0x24800000, 0x24c50000)
  from space 512K,   2% used [0x24c50000, 0x24c52fc8, 0x24cd0000)
  to   space 512K,   0% used [0x24cd0000, 0x24cd0000, 0x24d50000)
 tenured generation   total 10944K, used 580K [0x29d50000, 0x2a800000, 0x34800000)
   the space 10944K,   5% used [0x29d50000, 0x29de1020, 0x29de1200, 0x2a800000)
 compacting perm gen  total 12288K, used 656K [0x34800000, 0x35400000, 0x38800000)
   the space 12288K,   5% used [0x34800000, 0x348a4238, 0x348a4400, 0x35400000)
    ro space 10240K,  42% used [0x38800000, 0x38c37108, 0x38c37200, 0x39200000)
    rw space 12288K,  52% used [0x39200000, 0x39841738, 0x39841800, 0x39e00000)
}
Event: 187.572 GC heap before
{Heap before GC invocations=1082 (full 0):
 def new generation   total 4928K, used 4427K [0x24800000, 0x24d50000, 0x29d50000)
  eden space 4416K, 100% used [0x24800000, 0x24c50000, 0x24c50000)
  from space 512K,   2% used [0x24c50000, 0x24c52fc8, 0x24cd0000)
  to   space 512K,   0% used [0x24cd0000, 0x24cd0000, 0x24d50000)
 tenured generation   total 10944K, used 580K [0x29d50000, 0x2a800000, 0x34800000)
   the space 10944K,   5% used [0x29d50000, 0x29de1020, 0x29de1200, 0x2a800000)
 compacting perm gen  total 12288K, used 656K [0x34800000, 0x35400000, 0x38800000)
   the space 12288K,   5% used [0x34800000, 0x348a4238, 0x348a4400, 0x35400000)
    ro space 10240K,  42% used [0x38800000, 0x38c37108, 0x38c37200, 0x39200000)
    rw space 12288K,  52% used [0x39200000, 0x39841738, 0x39841800, 0x39e00000)
Event: 187.572 GC heap after
Heap after GC invocations=1083 (full 0):
 def new generation   total 4928K, used 12K [0x24800000, 0x24d50000, 0x29d50000)
  eden space 4416K,   0% used [0x24800000, 0x24800000, 0x24c50000)
  from space 512K,   2% used [0x24cd0000, 0x24cd3070, 0x24d50000)
  to   space 512K,   0% used [0x24c50000, 0x24c50000, 0x24cd0000)
 tenured generation   total 10944K, used 580K [0x29d50000, 0x2a800000, 0x34800000)
   the space 10944K,   5% used [0x29d50000, 0x29de1090, 0x29de1200, 0x2a800000)
 compacting perm gen  total 12288K, used 656K [0x34800000, 0x35400000, 0x38800000)
   the space 12288K,   5% used [0x34800000, 0x348a4238, 0x348a4400, 0x35400000)
    ro space 10240K,  42% used [0x38800000, 0x38c37108, 0x38c37200, 0x39200000)
    rw space 12288K,  52% used [0x39200000, 0x39841738, 0x39841800, 0x39e00000)
}
Event: 187.668 GC heap before
{Heap before GC invocations=1083 (full 0):
 def new generation   total 4928K, used 4428K [0x24800000, 0x24d50000, 0x29d50000)
  eden space 4416K, 100% used [0x24800000, 0x24c50000, 0x24c50000)
  from space 512K,   2% used [0x24cd0000, 0x24cd3070, 0x24d50000)
  to   space 512K,   0% used [0x24c50000, 0x24c50000, 0x24cd0000)
 tenured generation   total 10944K, used 580K [0x29d50000, 0x2a800000, 0x34800000)
   the space 10944K,   5% used [0x29d50000, 0x29de1090, 0x29de1200, 0x2a800000)
 compacting perm gen  total 12288K, used 656K [0x34800000, 0x35400000, 0x38800000)
   the space 12288K,   5% used [0x34800000, 0x348a4238, 0x348a4400, 0x35400000)
    ro space 10240K,  42% used [0x38800000, 0x38c37108, 0x38c37200, 0x39200000)
    rw space 12288K,  52% used [0x39200000, 0x39841738, 0x39841800, 0x39e00000)
Event: 187.669 GC heap after
Heap after GC invocations=1084 (full 0):
 def new generation   total 4928K, used 12K [0x24800000, 0x24d50000, 0x29d50000)
  eden space 4416K,   0% used [0x24800000, 0x24800000, 0x24c50000)
  from space 512K,   2% used [0x24c50000, 0x24c53170, 0x24cd0000)
  to   space 512K,   0% used [0x24cd0000, 0x24cd0000, 0x24d50000)
 tenured generation   total 10944K, used 580K [0x29d50000, 0x2a800000, 0x34800000)
   the space 10944K,   5% used [0x29d50000, 0x29de10c8, 0x29de1200, 0x2a800000)
 compacting perm gen  total 12288K, used 656K [0x34800000, 0x35400000, 0x38800000)
   the space 12288K,   5% used [0x34800000, 0x348a4238, 0x348a4400, 0x35400000)
    ro space 10240K,  42% used [0x38800000, 0x38c37108, 0x38c37200, 0x39200000)
    rw space 12288K,  52% used [0x39200000, 0x39841738, 0x39841800, 0x39e00000)
}
Event: 187.764 GC heap before
{Heap before GC invocations=1084 (full 0):
 def new generation   total 4928K, used 4428K [0x24800000, 0x24d50000, 0x29d50000)
  eden space 4416K, 100% used [0x24800000, 0x24c50000, 0x24c50000)
  from space 512K,   2% used [0x24c50000, 0x24c53170, 0x24cd0000)
  to   space 512K,   0% used [0x24cd0000, 0x24cd0000, 0x24d50000)
 tenured generation   total 10944K, used 580K [0x29d50000, 0x2a800000, 0x34800000)
   the space 10944K,   5% used [0x29d50000, 0x29de10c8, 0x29de1200, 0x2a800000)
 compacting perm gen  total 12288K, used 656K [0x34800000, 0x35400000, 0x38800000)
   the space 12288K,   5% used [0x34800000, 0x348a4238, 0x348a4400, 0x35400000)
    ro space 10240K,  42% used [0x38800000, 0x38c37108, 0x38c37200, 0x39200000)
    rw space 12288K,  52% used [0x39200000, 0x39841738, 0x39841800, 0x39e00000)
Event: 187.764 GC heap after
Heap after GC invocations=1085 (full 0):
 def new generation   total 4928K, used 12K [0x24800000, 0x24d50000, 0x29d50000)
  eden space 4416K,   0% used [0x24800000, 0x24800000, 0x24c50000)
  from space 512K,   2% used [0x24cd0000, 0x24cd30a8, 0x24d50000)
  to   space 512K,   0% used [0x24c50000, 0x24c50000, 0x24cd0000)
 tenured generation   total 10944K, used 580K [0x29d50000, 0x2a800000, 0x34800000)
   the space 10944K,   5% used [0x29d50000, 0x29de1100, 0x29de1200, 0x2a800000)
 compacting perm gen  total 12288K, used 656K [0x34800000, 0x35400000, 0x38800000)
   the space 12288K,   5% used [0x34800000, 0x348a4238, 0x348a4400, 0x35400000)
    ro space 10240K,  42% used [0x38800000, 0x38c37108, 0x38c37200, 0x39200000)
    rw space 12288K,  52% used [0x39200000, 0x39841738, 0x39841800, 0x39e00000)
}
Event: 187.864 GC heap before
{Heap before GC invocations=1085 (full 0):
 def new generation   total 4928K, used 4428K [0x24800000, 0x24d50000, 0x29d50000)
  eden space 4416K, 100% used [0x24800000, 0x24c50000, 0x24c50000)
  from space 512K,   2% used [0x24cd0000, 0x24cd30a8, 0x24d50000)
  to   space 512K,   0% used [0x24c50000, 0x24c50000, 0x24cd0000)
 tenured generation   total 10944K, used 580K [0x29d50000, 0x2a800000, 0x34800000)
   the space 10944K,   5% used [0x29d50000, 0x29de1100, 0x29de1200, 0x2a800000)
 compacting perm gen  total 12288K, used 656K [0x34800000, 0x35400000, 0x38800000)
   the space 12288K,   5% used [0x34800000, 0x348a4238, 0x348a4400, 0x35400000)
    ro space 10240K,  42% used [0x38800000, 0x38c37108, 0x38c37200, 0x39200000)
    rw space 12288K,  52% used [0x39200000, 0x39841738, 0x39841800, 0x39e00000)
Event: 187.864 GC heap after
Heap after GC invocations=1086 (full 0):
 def new generation   total 4928K, used 12K [0x24800000, 0x24d50000, 0x29d50000)
  eden space 4416K,   0% used [0x24800000, 0x24800000, 0x24c50000)
  from space 512K,   2% used [0x24c50000, 0x24c530e0, 0x24cd0000)
  to   space 512K,   0% used [0x24cd0000, 0x24cd0000, 0x24d50000)
 tenured generation   total 10944K, used 580K [0x29d50000, 0x2a800000, 0x34800000)
   the space 10944K,   5% used [0x29d50000, 0x29de1138, 0x29de1200, 0x2a800000)
 compacting perm gen  total 12288K, used 656K [0x34800000, 0x35400000, 0x38800000)
   the space 12288K,   5% used [0x34800000, 0x348a4238, 0x348a4400, 0x35400000)
    ro space 10240K,  42% used [0x38800000, 0x38c37108, 0x38c37200, 0x39200000)
    rw space 12288K,  52% used [0x39200000, 0x39841738, 0x39841800, 0x39e00000)
}

Deoptimization events (0 events):
No events

Internal exceptions (10 events):
Event: 177.836 Thread 0x02eec000 Implicit null exception at 0x03102ae8 to 0x03102b85
Event: 177.836 Thread 0x02eec000 Threw 0x249af468 at C:\re\jdk7u80\2329\hotspot\src\share\vm\runtime\sharedRuntime.cpp:591
Event: 177.849 Thread 0x02eec000 Implicit null exception at 0x03102ae8 to 0x03102b85
Event: 177.849 Thread 0x02eec000 Threw 0x249b3840 at C:\re\jdk7u80\2329\hotspot\src\share\vm\runtime\sharedRuntime.cpp:591
Event: 177.851 Thread 0x02eec000 Implicit null exception at 0x03102ae8 to 0x03102b85
Event: 177.851 Thread 0x02eec000 Threw 0x249b7b98 at C:\re\jdk7u80\2329\hotspot\src\share\vm\runtime\sharedRuntime.cpp:591
Event: 177.852 Thread 0x02eec000 Implicit null exception at 0x03102ae8 to 0x03102b85
Event: 177.852 Thread 0x02eec000 Threw 0x249bbef0 at C:\re\jdk7u80\2329\hotspot\src\share\vm\runtime\sharedRuntime.cpp:591
Event: 177.865 Thread 0x02eec000 Implicit null exception at 0x03102ae8 to 0x03102b85
Event: 177.865 Thread 0x02eec000 Threw 0x249c0248 at C:\re\jdk7u80\2329\hotspot\src\share\vm\runtime\sharedRuntime.cpp:591

Events (10 events):
Event: 187.470 Executing VM operation: GenCollectForAllocation
Event: 187.470 Executing VM operation: GenCollectForAllocation done
Event: 187.572 Executing VM operation: GenCollectForAllocation
Event: 187.573 Executing VM operation: GenCollectForAllocation done
Event: 187.668 Executing VM operation: GenCollectForAllocation
Event: 187.669 Executing VM operation: GenCollectForAllocation done
Event: 187.764 Executing VM operation: GenCollectForAllocation
Event: 187.764 Executing VM operation: GenCollectForAllocation done
Event: 187.864 Executing VM operation: GenCollectForAllocation
Event: 187.864 Executing VM operation: GenCollectForAllocation done


Dynamic libraries:
0x00d10000 - 0x00d3f000 	C:\Program Files (x86)\Java\jre7\bin\javaw.exe
0x76e90000 - 0x7700f000 	C:\WINDOWS\SYSTEM32\ntdll.dll
0x73cb0000 - 0x73d90000 	C:\WINDOWS\System32\KERNEL32.DLL
0x75870000 - 0x75a1e000 	C:\WINDOWS\System32\KERNELBASE.dll
0x73d90000 - 0x73e06000 	C:\WINDOWS\System32\ADVAPI32.dll
0x76590000 - 0x7664d000 	C:\WINDOWS\System32\msvcrt.dll
0x75420000 - 0x75461000 	C:\WINDOWS\System32\sechost.dll
0x76710000 - 0x767cc000 	C:\WINDOWS\System32\RPCRT4.dll
0x73a80000 - 0x73a9e000 	C:\WINDOWS\System32\SspiCli.dll
0x73a70000 - 0x73a7a000 	C:\WINDOWS\System32\CRYPTBASE.dll
0x73ef0000 - 0x73f48000 	C:\WINDOWS\System32\bcryptPrimitives.dll
0x75d50000 - 0x75e9d000 	C:\WINDOWS\System32\USER32.dll
0x76650000 - 0x76666000 	C:\WINDOWS\System32\win32u.dll
0x75300000 - 0x7532a000 	C:\WINDOWS\System32\GDI32.dll
0x75470000 - 0x755c7000 	C:\WINDOWS\System32\gdi32full.dll
0x73420000 - 0x73620000 	C:\WINDOWS\WinSxS\x86_microsoft.windows.common-controls_6595b64144ccf1df_6.0.14946.1000_none_d33ee90ed06d81a5\COMCTL32.dll
0x73aa0000 - 0x73caf000 	C:\WINDOWS\System32\combase.dll
0x75340000 - 0x7541a000 	C:\WINDOWS\System32\ucrtbase.dll
0x755d0000 - 0x755f5000 	C:\WINDOWS\System32\IMM32.DLL
0x78370000 - 0x7842f000 	C:\Program Files (x86)\Java\jre7\bin\msvcr100.dll
0x6d7d0000 - 0x6db5b000 	C:\Program Files (x86)\Java\jre7\bin\client\jvm.dll
0x75780000 - 0x75786000 	C:\WINDOWS\System32\PSAPI.DLL
0x73a10000 - 0x73a18000 	C:\WINDOWS\SYSTEM32\WSOCK32.dll
0x75790000 - 0x757f2000 	C:\WINDOWS\System32\WS2_32.dll
0x73040000 - 0x73064000 	C:\WINDOWS\SYSTEM32\WINMM.dll
0x72ff0000 - 0x73013000 	C:\WINDOWS\SYSTEM32\WINMMBASE.dll
0x76db0000 - 0x76de5000 	C:\WINDOWS\System32\cfgmgr32.dll
0x57f00000 - 0x57f0c000 	C:\Program Files (x86)\Java\jre7\bin\verify.dll
0x50fe0000 - 0x51001000 	C:\Program Files (x86)\Java\jre7\bin\java.dll
0x50fc0000 - 0x50fd3000 	C:\Program Files (x86)\Java\jre7\bin\zip.dll
0x0f150000 - 0x0f3d6000 	D:\FangAI\FangAI\bwapi_bridge2_5.dll
0x71a30000 - 0x71b1e000 	C:\WINDOWS\SYSTEM32\MSVCR120.dll
0x71b20000 - 0x71b91000 	C:\WINDOWS\SYSTEM32\MSVCP120.dll
0x6f540000 - 0x6f59e000 	D:\FangAI\FangAI\libmpfr-4.dll
0x6acc0000 - 0x6ad27000 	D:\FangAI\FangAI\libgmp-10.dll
0x6f100000 - 0x6f24b000 	C:\WINDOWS\SYSTEM32\dbghelp.dll

VM Arguments:
jvm_args: -Dfile.encoding=Cp1252 
java_command: FangBot
Launcher Type: SUN_STANDARD

Environment Variables:
PATH=C:/Program Files (x86)/Java/jre1.8.0_111/bin/client;C:/Program Files (x86)/Java/jre1.8.0_111/bin;C:/Program Files (x86)/Java/jre1.8.0_111/lib/i386;C:\ProgramData\Oracle\Java\javapath;C:\Program Files\Haskell\bin;C:\Program Files\Haskell Platform\8.0.1\lib\extralibs\bin;C:\Program Files\Haskell Platform\8.0.1\bin;C:\Windows\system32;C:\Windows;C:\Windows\System32\Wbem;C:\Windows\System32\WindowsPowerShell\v1.0\;C:\Program Files (x86)\NVIDIA Corporation\PhysX\Common;C:\Program Files\Haskell Platform\8.0.1\mingw\bin;C:\Program Files (x86)\Brackets\command;C:\Program Files (x86)\GtkSharp\2.12\bin;C:\WINDOWS\system32;C:\WINDOWS;C:\WINDOWS\System32\Wbem;C:\WINDOWS\System32\WindowsPowerShell\v1.0\;C:\Program Files (x86)\Windows Live\Shared;C:\Program Files (x86)\Windows Kits\8.1\Windows Performance Toolkit\;C:\Program Files (x86)\Skype\Phone\;C:\Users\dkfan\AppData\Roaming\cabal\bin;C:\Users\dkfan\AppData\Roaming\local\bin;C:\Users\dkfan\AppData\Local\Microsoft\WindowsApps;
USERNAME=dkfan
OS=Windows_NT
PROCESSOR_IDENTIFIER=Intel64 Family 6 Model 94 Stepping 3, GenuineIntel



---------------  S Y S T E M  ---------------

OS: Windows 8.1 , 64 bit Build 9600 

CPU:total 8 (4 cores per cpu, 2 threads per core) family 6 model 94 stepping 3, cmov, cx8, fxsr, mmx, sse, sse2, sse3, ssse3, sse4.1, sse4.2, popcnt, avx, avx2, aes, erms, ht, tsc, tscinvbit

Memory: 4k page, physical 16694876k(11035248k free), swap 19185244k(10555412k free)

vm_info: Java HotSpot(TM) Client VM (24.80-b11) for windows-x86 JRE (1.7.0_80-b15), built on Apr 10 2015 13:33:35 by "java_re" with unknown MS VC++:1600

time: Wed Dec 14 17:56:30 2016
elapsed time: 187 seconds

