#
# A fatal error has been detected by the Java Runtime Environment:
#
#  EXCEPTION_ACCESS_VIOLATION (0xc0000005) at pc=0x6dcd569b, pid=1676, tid=4160
#
# JRE version: Java(TM) SE Runtime Environment (7.0_80-b15) (build 1.7.0_80-b15)
# Java VM: Java HotSpot(TM) Client VM (24.80-b11 mixed mode, sharing windows-x86 )
# Problematic frame:
# V  [jvm.dll+0xc569b]
#
# Failed to write core dump. Minidumps are not enabled by default on client versions of Windows
#
# If you would like to submit a bug report, please visit:
#   http://bugreport.java.com/bugreport/crash.jsp
#

---------------  T H R E A D  ---------------

Current thread (0x0305c000):  JavaThread "main" [_thread_in_vm, id=4160, stack(0x01730000,0x01780000)]

siginfo: ExceptionCode=0xc0000005, reading address 0x00000000

Registers:
EAX=0x00000000, EBX=0x05679ff0, ECX=0x00000000, EDX=0x00000007
ESP=0x0177d974, EBP=0x0177d990, ESI=0x0305c130, EDI=0x0305c000
EIP=0x6dcd569b, EFLAGS=0x00010246

Top of Stack: (sp=0x0177d974)
0x0177d974:   0177da88 00000000 05679ff0 0305c000
0x0177d984:   00000000 00000000 05679ff0 0177da14
0x0177d994:   0f42c65a 0305c130 00000000 6e696f70
0x0177d9a4:   00726574 0177da14 0f42c61e 00000007
0x0177d9b4:   0000000f 624c004a 69706177 696e552f
0x0177d9c4:   03003b74 00000001 0000000f eaa8c9d0
0x0177d9d4:   0305c000 07ceacd0 0305c000 0305c000
0x0177d9e4:   0f459212 0305c130 014590c0 0177d9b8 

Instructions: (pc=0x6dcd569b)
0x6dcd567b:   f3 ff 83 c4 08 83 7f 04 00 89 7d f0 c7 45 f4 00
0x6dcd568b:   00 00 00 74 08 8d 4d f0 e8 78 aa 0c 00 8b 45 0c
0x6dcd569b:   8b 08 8b 51 04 8b 42 40 50 56 e8 a6 e3 07 00 83
0x6dcd56ab:   c4 08 83 7d f4 00 89 45 08 74 08 8d 4d f0 e8 92 


Register to memory mapping:

EAX=0x00000000 is an unknown value
EBX=0x05679ff0 is a global jni handle
ECX=0x00000000 is an unknown value
EDX=0x00000007 is an unknown value
ESP=0x0177d974 is pointing into the stack for thread: 0x0305c000
EBP=0x0177d990 is pointing into the stack for thread: 0x0305c000
ESI=0x0305c130 is an unknown value
EDI=0x0305c000 is a thread


Stack: [0x01730000,0x01780000],  sp=0x0177d974,  free space=310k
Native frames: (J=compiled Java code, j=interpreted, Vv=VM code, C=native code)
V  [jvm.dll+0xc569b]
C  [bwapi_bridge2_5.dll+0x1c65a]
C  [bwapi_bridge2_5.dll+0x387be]
J 173  bwapi.Unit.issueCommand_native(JLbwapi/UnitCommand;)Z (0 bytes) @ 0x03122578 [0x031224d0+0xa8]
J 215 C1 FangSM.Kite(Lbwapi/Unit;Lbwapi/Unit;)V (163 bytes) @ 0x0312d0f4 [0x0312cdf0+0x304]
J 214 C1 FangSM.Action(Lbwapi/Unit;Lbwapi/Game;LFangSM$Role;Lbwapi/Unit;)Z (75 bytes) @ 0x0312c70c [0x0312c650+0xbc]
J 185 C1 Formation.FSM(Lbwapi/Unit;LFormation;LFormation$State;LFangSM;LFangAi;Lbwapi/Game;Ljava/util/HashSet;)V (538 bytes) @ 0x03125204 [0x03124ac0+0x744]
J 90 C1 FangBot.onFrame()V (748 bytes) @ 0x03106d78 [0x03105a30+0x1348]
J 126 C1 bwapi.AIModule.onFrame()V (17 bytes) @ 0x03116c84 [0x03116c50+0x34]
v  ~StubRoutines::call_stub
V  [jvm.dll+0x1429aa]
V  [jvm.dll+0x20743e]
V  [jvm.dll+0x142a2d]
V  [jvm.dll+0xcb7b2]
V  [jvm.dll+0xcf403]
C  [bwapi_bridge2_5.dll+0x1b20d]
C  [bwapi_bridge2_5.dll+0x75101]
j  bwapi.Mirror.startGame()V+0
j  FangBot.run()V+15
j  FangBot.main([Ljava/lang/String;)V+7
v  ~StubRoutines::call_stub
V  [jvm.dll+0x1429aa]
V  [jvm.dll+0x20743e]
V  [jvm.dll+0x142a2d]
V  [jvm.dll+0xcb535]
V  [jvm.dll+0xd61d7]
C  [javaw.exe+0x2070]
C  [javaw.exe+0xa6d1]
C  [javaw.exe+0xa75b]
C  [KERNEL32.DLL+0x16394]
C  [ntdll.dll+0x604bb]
C  [ntdll.dll+0x6048b]

Java frames: (J=compiled Java code, j=interpreted, Vv=VM code)
J 173  bwapi.Unit.issueCommand_native(JLbwapi/UnitCommand;)Z (0 bytes) @ 0x03122534 [0x031224d0+0x64]
J 215 C1 FangSM.Kite(Lbwapi/Unit;Lbwapi/Unit;)V (163 bytes) @ 0x0312d0f4 [0x0312cdf0+0x304]
J 214 C1 FangSM.Action(Lbwapi/Unit;Lbwapi/Game;LFangSM$Role;Lbwapi/Unit;)Z (75 bytes) @ 0x0312c70c [0x0312c650+0xbc]
J 185 C1 Formation.FSM(Lbwapi/Unit;LFormation;LFormation$State;LFangSM;LFangAi;Lbwapi/Game;Ljava/util/HashSet;)V (538 bytes) @ 0x03125204 [0x03124ac0+0x744]
J 90 C1 FangBot.onFrame()V (748 bytes) @ 0x03106d78 [0x03105a30+0x1348]
J 126 C1 bwapi.AIModule.onFrame()V (17 bytes) @ 0x03116c84 [0x03116c50+0x34]
v  ~StubRoutines::call_stub
j  bwapi.Mirror.startGame()V+0
j  FangBot.run()V+15
j  FangBot.main([Ljava/lang/String;)V+7
v  ~StubRoutines::call_stub

---------------  P R O C E S S  ---------------

Java Threads: ( => current thread )
  0x02fb5400 JavaThread "Service Thread" daemon [_thread_blocked, id=11576, stack(0x05590000,0x055e0000)]
  0x02fb3000 JavaThread "C1 CompilerThread0" daemon [_thread_blocked, id=9040, stack(0x05500000,0x05550000)]
  0x02fb0400 JavaThread "Attach Listener" daemon [_thread_blocked, id=15640, stack(0x05470000,0x054c0000)]
  0x02fae000 JavaThread "Signal Dispatcher" daemon [_thread_blocked, id=10676, stack(0x053e0000,0x05430000)]
  0x02f40800 JavaThread "Finalizer" daemon [_thread_blocked, id=14136, stack(0x05350000,0x053a0000)]
  0x02f3f000 JavaThread "Reference Handler" daemon [_thread_blocked, id=10756, stack(0x052c0000,0x05310000)]
=>0x0305c000 JavaThread "main" [_thread_in_vm, id=4160, stack(0x01730000,0x01780000)]

Other Threads:
  0x02f3dc00 VMThread [stack: 0x05230000,0x05280000] [id=9156]
  0x02fcf000 WatcherThread [stack: 0x05620000,0x05670000] [id=1196]

VM state:not at safepoint (normal execution)

VM Mutex/Monitor currently owned by a thread: None

Heap
 def new generation   total 4928K, used 3522K [0x24800000, 0x24d50000, 0x29d50000)
  eden space 4416K,  79% used [0x24800000, 0x24b6b5e0, 0x24c50000)
  from space 512K,   4% used [0x24c50000, 0x24c554c0, 0x24cd0000)
  to   space 512K,   0% used [0x24cd0000, 0x24cd0000, 0x24d50000)
 tenured generation   total 10944K, used 289K [0x29d50000, 0x2a800000, 0x34800000)
   the space 10944K,   2% used [0x29d50000, 0x29d984f0, 0x29d98600, 0x2a800000)
 compacting perm gen  total 12288K, used 656K [0x34800000, 0x35400000, 0x38800000)
   the space 12288K,   5% used [0x34800000, 0x348a41c8, 0x348a4200, 0x35400000)
    ro space 10240K,  42% used [0x38800000, 0x38c37108, 0x38c37200, 0x39200000)
    rw space 12288K,  52% used [0x39200000, 0x39841738, 0x39841800, 0x39e00000)

Card table byte_map: [0x050e0000,0x05190000] byte_map_base: 0x04fbc000

Polling page: 0x01780000

Code Cache  [0x03060000, 0x03130000, 0x05060000)
 total_blobs=355 nmethods=217 adapters=75 free_code_cache=31944Kb largest_free_block=32710912

Compilation events (10 events):
Event: 51.257 Thread 0x02fb3000  211             bwapi.PositionOrUnit::getUnit (5 bytes)
Event: 51.257 Thread 0x02fb3000 nmethod 211 0x0312bec8 code [0x0312bfc0, 0x0312c040]
Event: 51.333 Thread 0x02fb3000  212             bwapi.Unit::getGroundWeaponCooldown (9 bytes)
Event: 51.333 Thread 0x02fb3000 nmethod 212 0x0312c308 code [0x0312c400, 0x0312c49c]
Event: 51.345 Thread 0x02fb3000  214             FangSM::Action (75 bytes)
Event: 51.345 Thread 0x02fb3000 nmethod 214 0x0312c508 code [0x0312c650, 0x0312c96c]
Event: 51.345 Thread 0x02fb3000  215             FangSM::Kite (163 bytes)
Event: 51.345 Thread 0x02fb3000 nmethod 215 0x0312cc08 code [0x0312cdf0, 0x0312d32c]
Event: 51.345 Thread 0x02fb3000  216             bwapi.PositionOrUnit::<init> (24 bytes)
Event: 51.345 Thread 0x02fb3000 nmethod 216 0x0312da08 code [0x0312db10, 0x0312dc0c]

GC Heap History (10 events):
Event: 52.153 GC heap before
{Heap before GC invocations=81 (full 0):
 def new generation   total 4928K, used 4434K [0x24800000, 0x24d50000, 0x29d50000)
  eden space 4416K, 100% used [0x24800000, 0x24c50000, 0x24c50000)
  from space 512K,   3% used [0x24cd0000, 0x24cd48f0, 0x24d50000)
  to   space 512K,   0% used [0x24c50000, 0x24c50000, 0x24cd0000)
 tenured generation   total 10944K, used 288K [0x29d50000, 0x2a800000, 0x34800000)
   the space 10944K,   2% used [0x29d50000, 0x29d982f8, 0x29d98400, 0x2a800000)
 compacting perm gen  total 12288K, used 656K [0x34800000, 0x35400000, 0x38800000)
   the space 12288K,   5% used [0x34800000, 0x348a41c8, 0x348a4200, 0x35400000)
    ro space 10240K,  42% used [0x38800000, 0x38c37108, 0x38c37200, 0x39200000)
    rw space 12288K,  52% used [0x39200000, 0x39841738, 0x39841800, 0x39e00000)
Event: 52.153 GC heap after
Heap after GC invocations=82 (full 0):
 def new generation   total 4928K, used 18K [0x24800000, 0x24d50000, 0x29d50000)
  eden space 4416K,   0% used [0x24800000, 0x24800000, 0x24c50000)
  from space 512K,   3% used [0x24c50000, 0x24c54a70, 0x24cd0000)
  to   space 512K,   0% used [0x24cd0000, 0x24cd0000, 0x24d50000)
 tenured generation   total 10944K, used 288K [0x29d50000, 0x2a800000, 0x34800000)
   the space 10944K,   2% used [0x29d50000, 0x29d982f8, 0x29d98400, 0x2a800000)
 compacting perm gen  total 12288K, used 656K [0x34800000, 0x35400000, 0x38800000)
   the space 12288K,   5% used [0x34800000, 0x348a41c8, 0x348a4200, 0x35400000)
    ro space 10240K,  42% used [0x38800000, 0x38c37108, 0x38c37200, 0x39200000)
    rw space 12288K,  52% used [0x39200000, 0x39841738, 0x39841800, 0x39e00000)
}
Event: 52.344 GC heap before
{Heap before GC invocations=82 (full 0):
 def new generation   total 4928K, used 4434K [0x24800000, 0x24d50000, 0x29d50000)
  eden space 4416K, 100% used [0x24800000, 0x24c50000, 0x24c50000)
  from space 512K,   3% used [0x24c50000, 0x24c54a70, 0x24cd0000)
  to   space 512K,   0% used [0x24cd0000, 0x24cd0000, 0x24d50000)
 tenured generation   total 10944K, used 288K [0x29d50000, 0x2a800000, 0x34800000)
   the space 10944K,   2% used [0x29d50000, 0x29d982f8, 0x29d98400, 0x2a800000)
 compacting perm gen  total 12288K, used 656K [0x34800000, 0x35400000, 0x38800000)
   the space 12288K,   5% used [0x34800000, 0x348a41c8, 0x348a4200, 0x35400000)
    ro space 10240K,  42% used [0x38800000, 0x38c37108, 0x38c37200, 0x39200000)
    rw space 12288K,  52% used [0x39200000, 0x39841738, 0x39841800, 0x39e00000)
Event: 52.345 GC heap after
Heap after GC invocations=83 (full 0):
 def new generation   total 4928K, used 23K [0x24800000, 0x24d50000, 0x29d50000)
  eden space 4416K,   0% used [0x24800000, 0x24800000, 0x24c50000)
  from space 512K,   4% used [0x24cd0000, 0x24cd5c08, 0x24d50000)
  to   space 512K,   0% used [0x24c50000, 0x24c50000, 0x24cd0000)
 tenured generation   total 10944K, used 288K [0x29d50000, 0x2a800000, 0x34800000)
   the space 10944K,   2% used [0x29d50000, 0x29d98368, 0x29d98400, 0x2a800000)
 compacting perm gen  total 12288K, used 656K [0x34800000, 0x35400000, 0x38800000)
   the space 12288K,   5% used [0x34800000, 0x348a41c8, 0x348a4200, 0x35400000)
    ro space 10240K,  42% used [0x38800000, 0x38c37108, 0x38c37200, 0x39200000)
    rw space 12288K,  52% used [0x39200000, 0x39841738, 0x39841800, 0x39e00000)
}
Event: 52.550 GC heap before
{Heap before GC invocations=83 (full 0):
 def new generation   total 4928K, used 4439K [0x24800000, 0x24d50000, 0x29d50000)
  eden space 4416K, 100% used [0x24800000, 0x24c50000, 0x24c50000)
  from space 512K,   4% used [0x24cd0000, 0x24cd5c08, 0x24d50000)
  to   space 512K,   0% used [0x24c50000, 0x24c50000, 0x24cd0000)
 tenured generation   total 10944K, used 288K [0x29d50000, 0x2a800000, 0x34800000)
   the space 10944K,   2% used [0x29d50000, 0x29d98368, 0x29d98400, 0x2a800000)
 compacting perm gen  total 12288K, used 656K [0x34800000, 0x35400000, 0x38800000)
   the space 12288K,   5% used [0x34800000, 0x348a41c8, 0x348a4200, 0x35400000)
    ro space 10240K,  42% used [0x38800000, 0x38c37108, 0x38c37200, 0x39200000)
    rw space 12288K,  52% used [0x39200000, 0x39841738, 0x39841800, 0x39e00000)
Event: 52.550 GC heap after
Heap after GC invocations=84 (full 0):
 def new generation   total 4928K, used 23K [0x24800000, 0x24d50000, 0x29d50000)
  eden space 4416K,   0% used [0x24800000, 0x24800000, 0x24c50000)
  from space 512K,   4% used [0x24c50000, 0x24c55ce8, 0x24cd0000)
  to   space 512K,   0% used [0x24cd0000, 0x24cd0000, 0x24d50000)
 tenured generation   total 10944K, used 288K [0x29d50000, 0x2a800000, 0x34800000)
   the space 10944K,   2% used [0x29d50000, 0x29d983d8, 0x29d98400, 0x2a800000)
 compacting perm gen  total 12288K, used 656K [0x34800000, 0x35400000, 0x38800000)
   the space 12288K,   5% used [0x34800000, 0x348a41c8, 0x348a4200, 0x35400000)
    ro space 10240K,  42% used [0x38800000, 0x38c37108, 0x38c37200, 0x39200000)
    rw space 12288K,  52% used [0x39200000, 0x39841738, 0x39841800, 0x39e00000)
}
Event: 52.794 GC heap before
{Heap before GC invocations=84 (full 0):
 def new generation   total 4928K, used 4439K [0x24800000, 0x24d50000, 0x29d50000)
  eden space 4416K, 100% used [0x24800000, 0x24c50000, 0x24c50000)
  from space 512K,   4% used [0x24c50000, 0x24c55ce8, 0x24cd0000)
  to   space 512K,   0% used [0x24cd0000, 0x24cd0000, 0x24d50000)
 tenured generation   total 10944K, used 288K [0x29d50000, 0x2a800000, 0x34800000)
   the space 10944K,   2% used [0x29d50000, 0x29d983d8, 0x29d98400, 0x2a800000)
 compacting perm gen  total 12288K, used 656K [0x34800000, 0x35400000, 0x38800000)
   the space 12288K,   5% used [0x34800000, 0x348a41c8, 0x348a4200, 0x35400000)
    ro space 10240K,  42% used [0x38800000, 0x38c37108, 0x38c37200, 0x39200000)
    rw space 12288K,  52% used [0x39200000, 0x39841738, 0x39841800, 0x39e00000)
Event: 52.794 GC heap after
Heap after GC invocations=85 (full 0):
 def new generation   total 4928K, used 22K [0x24800000, 0x24d50000, 0x29d50000)
  eden space 4416K,   0% used [0x24800000, 0x24800000, 0x24c50000)
  from space 512K,   4% used [0x24cd0000, 0x24cd5978, 0x24d50000)
  to   space 512K,   0% used [0x24c50000, 0x24c50000, 0x24cd0000)
 tenured generation   total 10944K, used 288K [0x29d50000, 0x2a800000, 0x34800000)
   the space 10944K,   2% used [0x29d50000, 0x29d983d8, 0x29d98400, 0x2a800000)
 compacting perm gen  total 12288K, used 656K [0x34800000, 0x35400000, 0x38800000)
   the space 12288K,   5% used [0x34800000, 0x348a41c8, 0x348a4200, 0x35400000)
    ro space 10240K,  42% used [0x38800000, 0x38c37108, 0x38c37200, 0x39200000)
    rw space 12288K,  52% used [0x39200000, 0x39841738, 0x39841800, 0x39e00000)
}
Event: 53.074 GC heap before
{Heap before GC invocations=85 (full 0):
 def new generation   total 4928K, used 4438K [0x24800000, 0x24d50000, 0x29d50000)
  eden space 4416K, 100% used [0x24800000, 0x24c50000, 0x24c50000)
  from space 512K,   4% used [0x24cd0000, 0x24cd5978, 0x24d50000)
  to   space 512K,   0% used [0x24c50000, 0x24c50000, 0x24cd0000)
 tenured generation   total 10944K, used 288K [0x29d50000, 0x2a800000, 0x34800000)
   the space 10944K,   2% used [0x29d50000, 0x29d983d8, 0x29d98400, 0x2a800000)
 compacting perm gen  total 12288K, used 656K [0x34800000, 0x35400000, 0x38800000)
   the space 12288K,   5% used [0x34800000, 0x348a41c8, 0x348a4200, 0x35400000)
    ro space 10240K,  42% used [0x38800000, 0x38c37108, 0x38c37200, 0x39200000)
    rw space 12288K,  52% used [0x39200000, 0x39841738, 0x39841800, 0x39e00000)
Event: 53.075 GC heap after
Heap after GC invocations=86 (full 0):
 def new generation   total 4928K, used 21K [0x24800000, 0x24d50000, 0x29d50000)
  eden space 4416K,   0% used [0x24800000, 0x24800000, 0x24c50000)
  from space 512K,   4% used [0x24c50000, 0x24c554c0, 0x24cd0000)
  to   space 512K,   0% used [0x24cd0000, 0x24cd0000, 0x24d50000)
 tenured generation   total 10944K, used 289K [0x29d50000, 0x2a800000, 0x34800000)
   the space 10944K,   2% used [0x29d50000, 0x29d984f0, 0x29d98600, 0x2a800000)
 compacting perm gen  total 12288K, used 656K [0x34800000, 0x35400000, 0x38800000)
   the space 12288K,   5% used [0x34800000, 0x348a41c8, 0x348a4200, 0x35400000)
    ro space 10240K,  42% used [0x38800000, 0x38c37108, 0x38c37200, 0x39200000)
    rw space 12288K,  52% used [0x39200000, 0x39841738, 0x39841800, 0x39e00000)
}

Deoptimization events (0 events):
No events

Internal exceptions (10 events):
Event: 48.324 Thread 0x0305c000 Implicit null exception at 0x03102728 to 0x031027c5
Event: 48.324 Thread 0x0305c000 Threw 0x24a16d48 at C:\re\jdk7u80\2329\hotspot\src\share\vm\runtime\sharedRuntime.cpp:591
Event: 48.326 Thread 0x0305c000 Implicit null exception at 0x03102728 to 0x031027c5
Event: 48.326 Thread 0x0305c000 Threw 0x24a196f8 at C:\re\jdk7u80\2329\hotspot\src\share\vm\runtime\sharedRuntime.cpp:591
Event: 48.327 Thread 0x0305c000 Implicit null exception at 0x03102728 to 0x031027c5
Event: 48.327 Thread 0x0305c000 Threw 0x24a1c0a8 at C:\re\jdk7u80\2329\hotspot\src\share\vm\runtime\sharedRuntime.cpp:591
Event: 48.340 Thread 0x0305c000 Implicit null exception at 0x03102728 to 0x031027c5
Event: 48.340 Thread 0x0305c000 Threw 0x24a1ea58 at C:\re\jdk7u80\2329\hotspot\src\share\vm\runtime\sharedRuntime.cpp:591
Event: 48.341 Thread 0x0305c000 Implicit null exception at 0x03102728 to 0x031027c5
Event: 48.341 Thread 0x0305c000 Threw 0x24a21418 at C:\re\jdk7u80\2329\hotspot\src\share\vm\runtime\sharedRuntime.cpp:591

Events (10 events):
Event: 52.153 Executing VM operation: GenCollectForAllocation
Event: 52.153 Executing VM operation: GenCollectForAllocation done
Event: 52.344 Executing VM operation: GenCollectForAllocation
Event: 52.345 Executing VM operation: GenCollectForAllocation done
Event: 52.550 Executing VM operation: GenCollectForAllocation
Event: 52.550 Executing VM operation: GenCollectForAllocation done
Event: 52.794 Executing VM operation: GenCollectForAllocation
Event: 52.794 Executing VM operation: GenCollectForAllocation done
Event: 53.074 Executing VM operation: GenCollectForAllocation
Event: 53.075 Executing VM operation: GenCollectForAllocation done


Dynamic libraries:
0x00d10000 - 0x00d3f000 	C:\Program Files (x86)\Java\jre7\bin\javaw.exe
0x76e90000 - 0x7700f000 	C:\WINDOWS\SYSTEM32\ntdll.dll
0x73cb0000 - 0x73d90000 	C:\WINDOWS\System32\KERNEL32.DLL
0x75870000 - 0x75a1e000 	C:\WINDOWS\System32\KERNELBASE.dll
0x73d90000 - 0x73e06000 	C:\WINDOWS\System32\ADVAPI32.dll
0x76590000 - 0x7664d000 	C:\WINDOWS\System32\msvcrt.dll
0x75420000 - 0x75461000 	C:\WINDOWS\System32\sechost.dll
0x76710000 - 0x767cc000 	C:\WINDOWS\System32\RPCRT4.dll
0x73a80000 - 0x73a9e000 	C:\WINDOWS\System32\SspiCli.dll
0x73a70000 - 0x73a7a000 	C:\WINDOWS\System32\CRYPTBASE.dll
0x73ef0000 - 0x73f48000 	C:\WINDOWS\System32\bcryptPrimitives.dll
0x75d50000 - 0x75e9d000 	C:\WINDOWS\System32\USER32.dll
0x76650000 - 0x76666000 	C:\WINDOWS\System32\win32u.dll
0x75300000 - 0x7532a000 	C:\WINDOWS\System32\GDI32.dll
0x75470000 - 0x755c7000 	C:\WINDOWS\System32\gdi32full.dll
0x73420000 - 0x73620000 	C:\WINDOWS\WinSxS\x86_microsoft.windows.common-controls_6595b64144ccf1df_6.0.14946.1000_none_d33ee90ed06d81a5\COMCTL32.dll
0x73aa0000 - 0x73caf000 	C:\WINDOWS\System32\combase.dll
0x75340000 - 0x7541a000 	C:\WINDOWS\System32\ucrtbase.dll
0x755d0000 - 0x755f5000 	C:\WINDOWS\System32\IMM32.DLL
0x77f80000 - 0x7803f000 	C:\Program Files (x86)\Java\jre7\bin\msvcr100.dll
0x6dc10000 - 0x6df9b000 	C:\Program Files (x86)\Java\jre7\bin\client\jvm.dll
0x75780000 - 0x75786000 	C:\WINDOWS\System32\PSAPI.DLL
0x73040000 - 0x73064000 	C:\WINDOWS\SYSTEM32\WINMM.dll
0x73a10000 - 0x73a18000 	C:\WINDOWS\SYSTEM32\WSOCK32.dll
0x75790000 - 0x757f2000 	C:\WINDOWS\System32\WS2_32.dll
0x72ff0000 - 0x73013000 	C:\WINDOWS\SYSTEM32\winmmbase.dll
0x76db0000 - 0x76de5000 	C:\WINDOWS\System32\cfgmgr32.dll
0x57f40000 - 0x57f4c000 	C:\Program Files (x86)\Java\jre7\bin\verify.dll
0x57f10000 - 0x57f31000 	C:\Program Files (x86)\Java\jre7\bin\java.dll
0x57ef0000 - 0x57f03000 	C:\Program Files (x86)\Java\jre7\bin\zip.dll
0x0f410000 - 0x0f696000 	D:\FangAI\FangAI\bwapi_bridge2_5.dll
0x71a30000 - 0x71b1e000 	C:\WINDOWS\SYSTEM32\MSVCR120.dll
0x71b20000 - 0x71b91000 	C:\WINDOWS\SYSTEM32\MSVCP120.dll
0x6f540000 - 0x6f59e000 	D:\FangAI\FangAI\libmpfr-4.dll
0x6acc0000 - 0x6ad27000 	D:\FangAI\FangAI\libgmp-10.dll
0x6f100000 - 0x6f24b000 	C:\WINDOWS\SYSTEM32\dbghelp.dll

VM Arguments:
jvm_args: -Dfile.encoding=Cp1252 
java_command: FangBot
Launcher Type: SUN_STANDARD

Environment Variables:
PATH=C:/Program Files (x86)/Java/jre1.8.0_111/bin/client;C:/Program Files (x86)/Java/jre1.8.0_111/bin;C:/Program Files (x86)/Java/jre1.8.0_111/lib/i386;C:\ProgramData\Oracle\Java\javapath;C:\Program Files\Haskell\bin;C:\Program Files\Haskell Platform\8.0.1\lib\extralibs\bin;C:\Program Files\Haskell Platform\8.0.1\bin;C:\Windows\system32;C:\Windows;C:\Windows\System32\Wbem;C:\Windows\System32\WindowsPowerShell\v1.0\;C:\Program Files (x86)\NVIDIA Corporation\PhysX\Common;C:\Program Files\Haskell Platform\8.0.1\mingw\bin;C:\Program Files (x86)\Brackets\command;C:\Program Files (x86)\GtkSharp\2.12\bin;C:\WINDOWS\system32;C:\WINDOWS;C:\WINDOWS\System32\Wbem;C:\WINDOWS\System32\WindowsPowerShell\v1.0\;C:\Program Files (x86)\Windows Live\Shared;C:\Program Files (x86)\Windows Kits\8.1\Windows Performance Toolkit\;C:\Program Files (x86)\Skype\Phone\;C:\Users\dkfan\AppData\Roaming\cabal\bin;C:\Users\dkfan\AppData\Roaming\local\bin;C:\Users\dkfan\AppData\Local\Microsoft\WindowsApps;
USERNAME=dkfan
OS=Windows_NT
PROCESSOR_IDENTIFIER=Intel64 Family 6 Model 94 Stepping 3, GenuineIntel



---------------  S Y S T E M  ---------------

OS: Windows 8.1 , 64 bit Build 9600 

CPU:total 8 (4 cores per cpu, 2 threads per core) family 6 model 94 stepping 3, cmov, cx8, fxsr, mmx, sse, sse2, sse3, ssse3, sse4.1, sse4.2, popcnt, avx, avx2, aes, erms, ht, tsc, tscinvbit

Memory: 4k page, physical 16694876k(11074520k free), swap 19185244k(10604892k free)

vm_info: Java HotSpot(TM) Client VM (24.80-b11) for windows-x86 JRE (1.7.0_80-b15), built on Apr 10 2015 13:33:35 by "java_re" with unknown MS VC++:1600

time: Wed Dec 14 17:39:48 2016
elapsed time: 53 seconds

